<?xml version="1.0" encoding="utf-8" ?>
<!DOCTYPE html PUBLIC "-//W3C//DTD XHTML 1.0 Strict//EN"
        "http://www.w3.org/TR/xhtml1/DTD/xhtml1-strict.dtd">
<html xmlns="http://www.w3.org/1999/xhtml" xml:lang="" lang="">
<head>
  <title>Test Results Report - BusinessProfileTest</title>
  <meta http-equiv="Content-Type" content="text/html;charset=utf-8" />
  <meta name="description" content="TestNG unit test results." />
  <link href="reportng.css" rel="stylesheet" type="text/css" />
    <script type="text/javascript" src="reportng.js"></script>
</head>
<body>
<h1>BusinessProfileTest</h1>
<p>
  Test duration: 0.021s
</p>

  <table class="resultsTable configTable">
    <tr><th colspan="3" class="header failedConfig">Failed Configuration</th></tr>
              <tr class="group">
        <td colspan="3">com.test.scripts.BusinessProfileTest</td>
      </tr>
            
<tr>
  <td class="method">
                  setUp
      </td>
  <td class="duration">
    0.000s
  </td>
  <td class="result">
        
    
        

        <a href="javascript:toggleElement('exception-0', 'block')" title="Click to expand/collapse"><b>org.openqa.selenium.remote.UnreachableBrowserException: Could not start a new session. Possible causes are invalid address of the remote server or browser start-up failure.<br/>
Build info: version: &apos;2.47.1&apos;, revision: &apos;unknown&apos;, time: &apos;2015-07-30 11:02:44&apos;<br/>
System info: host: &apos;RaghuKirans-MacBook-Pro.local&apos;, ip: &apos;10.10.5.169&apos;, os.name: &apos;Mac OS X&apos;, os.arch: &apos;x86_64&apos;, os.version: &apos;10.11.4&apos;, java.version: &apos;1.8.0_91&apos;<br/>
Driver info: driver.version: IOSDriver</b></a><br />
    <div class="stackTrace" id="exception-0">
              org.openqa.selenium.remote.RemoteWebDriver.execute(RemoteWebDriver.java:589)<br />
              io.appium.java_client.DefaultGenericMobileDriver.execute(DefaultGenericMobileDriver.java:43)<br />
              io.appium.java_client.AppiumDriver.execute(AppiumDriver.java:1)<br />
              io.appium.java_client.ios.IOSDriver.execute(IOSDriver.java:1)<br />
              org.openqa.selenium.remote.RemoteWebDriver.startSession(RemoteWebDriver.java:242)<br />
              org.openqa.selenium.remote.RemoteWebDriver.&lt;init&gt;(RemoteWebDriver.java:128)<br />
              org.openqa.selenium.remote.RemoteWebDriver.&lt;init&gt;(RemoteWebDriver.java:141)<br />
              io.appium.java_client.DefaultGenericMobileDriver.&lt;init&gt;(DefaultGenericMobileDriver.java:39)<br />
              io.appium.java_client.AppiumDriver.&lt;init&gt;(AppiumDriver.java:69)<br />
              io.appium.java_client.AppiumDriver.&lt;init&gt;(AppiumDriver.java:78)<br />
              io.appium.java_client.ios.IOSDriver.&lt;init&gt;(IOSDriver.java:55)<br />
              com.test.baselib.BaseLib.setUp(BaseLib.java:54)<br />
              sun.reflect.NativeMethodAccessorImpl.invoke0(Native Method)<br />
              sun.reflect.NativeMethodAccessorImpl.invoke(NativeMethodAccessorImpl.java:62)<br />
              sun.reflect.DelegatingMethodAccessorImpl.invoke(DelegatingMethodAccessorImpl.java:43)<br />
              java.lang.reflect.Method.invoke(Method.java:498)<br />
              org.testng.internal.MethodInvocationHelper.invokeMethod(MethodInvocationHelper.java:85)<br />
              org.testng.internal.Invoker.invokeConfigurationMethod(Invoker.java:517)<br />
              org.testng.internal.Invoker.invokeConfigurations(Invoker.java:213)<br />
              org.testng.internal.Invoker.invokeMethod(Invoker.java:601)<br />
              org.testng.internal.Invoker.invokeTestMethod(Invoker.java:845)<br />
              org.testng.internal.Invoker.invokeTestMethods(Invoker.java:1153)<br />
              org.testng.internal.TestMethodWorker.invokeTestMethods(TestMethodWorker.java:125)<br />
              org.testng.internal.TestMethodWorker.run(TestMethodWorker.java:108)<br />
              org.testng.TestRunner.privateRun(TestRunner.java:771)<br />
              org.testng.TestRunner.run(TestRunner.java:621)<br />
              org.testng.SuiteRunner.runTest(SuiteRunner.java:357)<br />
              org.testng.SuiteRunner.runSequentially(SuiteRunner.java:352)<br />
              org.testng.SuiteRunner.privateRun(SuiteRunner.java:310)<br />
              org.testng.SuiteRunner.run(SuiteRunner.java:259)<br />
              org.testng.SuiteRunnerWorker.runSuite(SuiteRunnerWorker.java:52)<br />
              org.testng.SuiteRunnerWorker.run(SuiteRunnerWorker.java:86)<br />
              org.testng.TestNG.runSuitesSequentially(TestNG.java:1199)<br />
              org.testng.TestNG.runSuitesLocally(TestNG.java:1124)<br />
              org.testng.TestNG.run(TestNG.java:1032)<br />
              org.testng.remote.AbstractRemoteTestNG.run(AbstractRemoteTestNG.java:126)<br />
              org.testng.remote.RemoteTestNG.initAndRun(RemoteTestNG.java:137)<br />
              org.testng.remote.RemoteTestNG.main(RemoteTestNG.java:58)<br />
                    <b>Caused by: </b> <a href="javascript:toggleElement('exception-1', 'block')" title="Click to expand/collapse">org.openqa.selenium.WebDriverException: org.apache.http.conn.HttpHostConnectException: Connect to 0.0.0.0:4723 [/0.0.0.0] failed: Connection refused<br/>
Build info: version: &apos;2.47.1&apos;, revision: &apos;unknown&apos;, time: &apos;2015-07-30 11:02:44&apos;<br/>
System info: host: &apos;RaghuKirans-MacBook-Pro.local&apos;, ip: &apos;10.10.5.169&apos;, os.name: &apos;Mac OS X&apos;, os.arch: &apos;x86_64&apos;, os.version: &apos;10.11.4&apos;, java.version: &apos;1.8.0_91&apos;<br/>
Driver info: driver.version: IOSDriver</a><br />
        <div class="stackTrace" id="exception-1">
                      io.appium.java_client.remote.AppiumCommandExecutor.execute(AppiumCommandExecutor.java:76)<br />
                      org.openqa.selenium.remote.RemoteWebDriver.execute(RemoteWebDriver.java:568)<br />
                      io.appium.java_client.DefaultGenericMobileDriver.execute(DefaultGenericMobileDriver.java:43)<br />
                      io.appium.java_client.AppiumDriver.execute(AppiumDriver.java:1)<br />
                      io.appium.java_client.ios.IOSDriver.execute(IOSDriver.java:1)<br />
                      org.openqa.selenium.remote.RemoteWebDriver.startSession(RemoteWebDriver.java:242)<br />
                      org.openqa.selenium.remote.RemoteWebDriver.&lt;init&gt;(RemoteWebDriver.java:128)<br />
                      org.openqa.selenium.remote.RemoteWebDriver.&lt;init&gt;(RemoteWebDriver.java:141)<br />
                      io.appium.java_client.DefaultGenericMobileDriver.&lt;init&gt;(DefaultGenericMobileDriver.java:39)<br />
                      io.appium.java_client.AppiumDriver.&lt;init&gt;(AppiumDriver.java:69)<br />
                      io.appium.java_client.AppiumDriver.&lt;init&gt;(AppiumDriver.java:78)<br />
                      io.appium.java_client.ios.IOSDriver.&lt;init&gt;(IOSDriver.java:55)<br />
                      com.test.baselib.BaseLib.setUp(BaseLib.java:54)<br />
                      sun.reflect.NativeMethodAccessorImpl.invoke0(Native Method)<br />
                      sun.reflect.NativeMethodAccessorImpl.invoke(NativeMethodAccessorImpl.java:62)<br />
                      sun.reflect.DelegatingMethodAccessorImpl.invoke(DelegatingMethodAccessorImpl.java:43)<br />
                      java.lang.reflect.Method.invoke(Method.java:498)<br />
                      org.testng.internal.MethodInvocationHelper.invokeMethod(MethodInvocationHelper.java:85)<br />
                      org.testng.internal.Invoker.invokeConfigurationMethod(Invoker.java:517)<br />
                      org.testng.internal.Invoker.invokeConfigurations(Invoker.java:213)<br />
                      org.testng.internal.Invoker.invokeMethod(Invoker.java:601)<br />
                      org.testng.internal.Invoker.invokeTestMethod(Invoker.java:845)<br />
                      org.testng.internal.Invoker.invokeTestMethods(Invoker.java:1153)<br />
                      org.testng.internal.TestMethodWorker.invokeTestMethods(TestMethodWorker.java:125)<br />
                      org.testng.internal.TestMethodWorker.run(TestMethodWorker.java:108)<br />
                      org.testng.TestRunner.privateRun(TestRunner.java:771)<br />
                      org.testng.TestRunner.run(TestRunner.java:621)<br />
                      org.testng.SuiteRunner.runTest(SuiteRunner.java:357)<br />
                      org.testng.SuiteRunner.runSequentially(SuiteRunner.java:352)<br />
                      org.testng.SuiteRunner.privateRun(SuiteRunner.java:310)<br />
                      org.testng.SuiteRunner.run(SuiteRunner.java:259)<br />
                      org.testng.SuiteRunnerWorker.runSuite(SuiteRunnerWorker.java:52)<br />
                      org.testng.SuiteRunnerWorker.run(SuiteRunnerWorker.java:86)<br />
                      org.testng.TestNG.runSuitesSequentially(TestNG.java:1199)<br />
                      org.testng.TestNG.runSuitesLocally(TestNG.java:1124)<br />
                      org.testng.TestNG.run(TestNG.java:1032)<br />
                      org.testng.remote.AbstractRemoteTestNG.run(AbstractRemoteTestNG.java:126)<br />
                      org.testng.remote.RemoteTestNG.initAndRun(RemoteTestNG.java:137)<br />
                      org.testng.remote.RemoteTestNG.main(RemoteTestNG.java:58)<br />
                  </div>
              <b>Caused by: </b> <a href="javascript:toggleElement('exception-2', 'block')" title="Click to expand/collapse">org.apache.http.conn.HttpHostConnectException: Connect to 0.0.0.0:4723 [/0.0.0.0] failed: Connection refused</a><br />
        <div class="stackTrace" id="exception-2">
                      org.apache.http.impl.conn.DefaultHttpClientConnectionOperator.connect(DefaultHttpClientConnectionOperator.java:158)<br />
                      org.apache.http.impl.conn.PoolingHttpClientConnectionManager.connect(PoolingHttpClientConnectionManager.java:353)<br />
                      org.apache.http.impl.execchain.MainClientExec.establishRoute(MainClientExec.java:380)<br />
                      org.apache.http.impl.execchain.MainClientExec.execute(MainClientExec.java:236)<br />
                      org.apache.http.impl.execchain.ProtocolExec.execute(ProtocolExec.java:184)<br />
                      org.apache.http.impl.execchain.RetryExec.execute(RetryExec.java:88)<br />
                      org.apache.http.impl.execchain.RedirectExec.execute(RedirectExec.java:110)<br />
                      org.apache.http.impl.client.InternalHttpClient.doExecute(InternalHttpClient.java:184)<br />
                      org.apache.http.impl.client.CloseableHttpClient.execute(CloseableHttpClient.java:71)<br />
                      org.apache.http.impl.client.CloseableHttpClient.execute(CloseableHttpClient.java:55)<br />
                      org.openqa.selenium.remote.internal.ApacheHttpClient.fallBackExecute(ApacheHttpClient.java:143)<br />
                      org.openqa.selenium.remote.internal.ApacheHttpClient.execute(ApacheHttpClient.java:89)<br />
                      org.openqa.selenium.remote.HttpCommandExecutor.execute(HttpCommandExecutor.java:134)<br />
                      io.appium.java_client.remote.AppiumCommandExecutor.execute(AppiumCommandExecutor.java:64)<br />
                      org.openqa.selenium.remote.RemoteWebDriver.execute(RemoteWebDriver.java:568)<br />
                      io.appium.java_client.DefaultGenericMobileDriver.execute(DefaultGenericMobileDriver.java:43)<br />
                      io.appium.java_client.AppiumDriver.execute(AppiumDriver.java:1)<br />
                      io.appium.java_client.ios.IOSDriver.execute(IOSDriver.java:1)<br />
                      org.openqa.selenium.remote.RemoteWebDriver.startSession(RemoteWebDriver.java:242)<br />
                      org.openqa.selenium.remote.RemoteWebDriver.&lt;init&gt;(RemoteWebDriver.java:128)<br />
                      org.openqa.selenium.remote.RemoteWebDriver.&lt;init&gt;(RemoteWebDriver.java:141)<br />
                      io.appium.java_client.DefaultGenericMobileDriver.&lt;init&gt;(DefaultGenericMobileDriver.java:39)<br />
                      io.appium.java_client.AppiumDriver.&lt;init&gt;(AppiumDriver.java:69)<br />
                      io.appium.java_client.AppiumDriver.&lt;init&gt;(AppiumDriver.java:78)<br />
                      io.appium.java_client.ios.IOSDriver.&lt;init&gt;(IOSDriver.java:55)<br />
                      com.test.baselib.BaseLib.setUp(BaseLib.java:54)<br />
                      sun.reflect.NativeMethodAccessorImpl.invoke0(Native Method)<br />
                      sun.reflect.NativeMethodAccessorImpl.invoke(NativeMethodAccessorImpl.java:62)<br />
                      sun.reflect.DelegatingMethodAccessorImpl.invoke(DelegatingMethodAccessorImpl.java:43)<br />
                      java.lang.reflect.Method.invoke(Method.java:498)<br />
                      org.testng.internal.MethodInvocationHelper.invokeMethod(MethodInvocationHelper.java:85)<br />
                      org.testng.internal.Invoker.invokeConfigurationMethod(Invoker.java:517)<br />
                      org.testng.internal.Invoker.invokeConfigurations(Invoker.java:213)<br />
                      org.testng.internal.Invoker.invokeMethod(Invoker.java:601)<br />
                      org.testng.internal.Invoker.invokeTestMethod(Invoker.java:845)<br />
                      org.testng.internal.Invoker.invokeTestMethods(Invoker.java:1153)<br />
                      org.testng.internal.TestMethodWorker.invokeTestMethods(TestMethodWorker.java:125)<br />
                      org.testng.internal.TestMethodWorker.run(TestMethodWorker.java:108)<br />
                      org.testng.TestRunner.privateRun(TestRunner.java:771)<br />
                      org.testng.TestRunner.run(TestRunner.java:621)<br />
                      org.testng.SuiteRunner.runTest(SuiteRunner.java:357)<br />
                      org.testng.SuiteRunner.runSequentially(SuiteRunner.java:352)<br />
                      org.testng.SuiteRunner.privateRun(SuiteRunner.java:310)<br />
                      org.testng.SuiteRunner.run(SuiteRunner.java:259)<br />
                      org.testng.SuiteRunnerWorker.runSuite(SuiteRunnerWorker.java:52)<br />
                      org.testng.SuiteRunnerWorker.run(SuiteRunnerWorker.java:86)<br />
                      org.testng.TestNG.runSuitesSequentially(TestNG.java:1199)<br />
                      org.testng.TestNG.runSuitesLocally(TestNG.java:1124)<br />
                      org.testng.TestNG.run(TestNG.java:1032)<br />
                      org.testng.remote.AbstractRemoteTestNG.run(AbstractRemoteTestNG.java:126)<br />
                      org.testng.remote.RemoteTestNG.initAndRun(RemoteTestNG.java:137)<br />
                      org.testng.remote.RemoteTestNG.main(RemoteTestNG.java:58)<br />
                  </div>
              <b>Caused by: </b> <a href="javascript:toggleElement('exception-3', 'block')" title="Click to expand/collapse">java.net.ConnectException: Connection refused</a><br />
        <div class="stackTrace" id="exception-3">
                      java.net.PlainSocketImpl.socketConnect(Native Method)<br />
                      java.net.AbstractPlainSocketImpl.doConnect(AbstractPlainSocketImpl.java:350)<br />
                      java.net.AbstractPlainSocketImpl.connectToAddress(AbstractPlainSocketImpl.java:204)<br />
                      java.net.AbstractPlainSocketImpl.connect(AbstractPlainSocketImpl.java:188)<br />
                      java.net.SocksSocketImpl.connect(SocksSocketImpl.java:392)<br />
                      java.net.Socket.connect(Socket.java:589)<br />
                      org.apache.http.conn.socket.PlainConnectionSocketFactory.connectSocket(PlainConnectionSocketFactory.java:74)<br />
                      org.apache.http.impl.conn.DefaultHttpClientConnectionOperator.connect(DefaultHttpClientConnectionOperator.java:141)<br />
                      org.apache.http.impl.conn.PoolingHttpClientConnectionManager.connect(PoolingHttpClientConnectionManager.java:353)<br />
                      org.apache.http.impl.execchain.MainClientExec.establishRoute(MainClientExec.java:380)<br />
                      org.apache.http.impl.execchain.MainClientExec.execute(MainClientExec.java:236)<br />
                      org.apache.http.impl.execchain.ProtocolExec.execute(ProtocolExec.java:184)<br />
                      org.apache.http.impl.execchain.RetryExec.execute(RetryExec.java:88)<br />
                      org.apache.http.impl.execchain.RedirectExec.execute(RedirectExec.java:110)<br />
                      org.apache.http.impl.client.InternalHttpClient.doExecute(InternalHttpClient.java:184)<br />
                      org.apache.http.impl.client.CloseableHttpClient.execute(CloseableHttpClient.java:71)<br />
                      org.apache.http.impl.client.CloseableHttpClient.execute(CloseableHttpClient.java:55)<br />
                      org.openqa.selenium.remote.internal.ApacheHttpClient.fallBackExecute(ApacheHttpClient.java:143)<br />
                      org.openqa.selenium.remote.internal.ApacheHttpClient.execute(ApacheHttpClient.java:89)<br />
                      org.openqa.selenium.remote.HttpCommandExecutor.execute(HttpCommandExecutor.java:134)<br />
                      io.appium.java_client.remote.AppiumCommandExecutor.execute(AppiumCommandExecutor.java:64)<br />
                      org.openqa.selenium.remote.RemoteWebDriver.execute(RemoteWebDriver.java:568)<br />
                      io.appium.java_client.DefaultGenericMobileDriver.execute(DefaultGenericMobileDriver.java:43)<br />
                      io.appium.java_client.AppiumDriver.execute(AppiumDriver.java:1)<br />
                      io.appium.java_client.ios.IOSDriver.execute(IOSDriver.java:1)<br />
                      org.openqa.selenium.remote.RemoteWebDriver.startSession(RemoteWebDriver.java:242)<br />
                      org.openqa.selenium.remote.RemoteWebDriver.&lt;init&gt;(RemoteWebDriver.java:128)<br />
                      org.openqa.selenium.remote.RemoteWebDriver.&lt;init&gt;(RemoteWebDriver.java:141)<br />
                      io.appium.java_client.DefaultGenericMobileDriver.&lt;init&gt;(DefaultGenericMobileDriver.java:39)<br />
                      io.appium.java_client.AppiumDriver.&lt;init&gt;(AppiumDriver.java:69)<br />
                      io.appium.java_client.AppiumDriver.&lt;init&gt;(AppiumDriver.java:78)<br />
                      io.appium.java_client.ios.IOSDriver.&lt;init&gt;(IOSDriver.java:55)<br />
                      com.test.baselib.BaseLib.setUp(BaseLib.java:54)<br />
                      sun.reflect.NativeMethodAccessorImpl.invoke0(Native Method)<br />
                      sun.reflect.NativeMethodAccessorImpl.invoke(NativeMethodAccessorImpl.java:62)<br />
                      sun.reflect.DelegatingMethodAccessorImpl.invoke(DelegatingMethodAccessorImpl.java:43)<br />
                      java.lang.reflect.Method.invoke(Method.java:498)<br />
                      org.testng.internal.MethodInvocationHelper.invokeMethod(MethodInvocationHelper.java:85)<br />
                      org.testng.internal.Invoker.invokeConfigurationMethod(Invoker.java:517)<br />
                      org.testng.internal.Invoker.invokeConfigurations(Invoker.java:213)<br />
                      org.testng.internal.Invoker.invokeMethod(Invoker.java:601)<br />
                      org.testng.internal.Invoker.invokeTestMethod(Invoker.java:845)<br />
                      org.testng.internal.Invoker.invokeTestMethods(Invoker.java:1153)<br />
                      org.testng.internal.TestMethodWorker.invokeTestMethods(TestMethodWorker.java:125)<br />
                      org.testng.internal.TestMethodWorker.run(TestMethodWorker.java:108)<br />
                      org.testng.TestRunner.privateRun(TestRunner.java:771)<br />
                      org.testng.TestRunner.run(TestRunner.java:621)<br />
                      org.testng.SuiteRunner.runTest(SuiteRunner.java:357)<br />
                      org.testng.SuiteRunner.runSequentially(SuiteRunner.java:352)<br />
                      org.testng.SuiteRunner.privateRun(SuiteRunner.java:310)<br />
                      org.testng.SuiteRunner.run(SuiteRunner.java:259)<br />
                      org.testng.SuiteRunnerWorker.runSuite(SuiteRunnerWorker.java:52)<br />
                      org.testng.SuiteRunnerWorker.run(SuiteRunnerWorker.java:86)<br />
                      org.testng.TestNG.runSuitesSequentially(TestNG.java:1199)<br />
                      org.testng.TestNG.runSuitesLocally(TestNG.java:1124)<br />
                      org.testng.TestNG.run(TestNG.java:1032)<br />
                      org.testng.remote.AbstractRemoteTestNG.run(AbstractRemoteTestNG.java:126)<br />
                      org.testng.remote.RemoteTestNG.initAndRun(RemoteTestNG.java:137)<br />
                      org.testng.remote.RemoteTestNG.main(RemoteTestNG.java:58)<br />
                  </div>
          </div>
      </td>
</tr>
    
          <tr><td colspan="3">&nbsp;</td></tr>
      <tr><td colspan="3" class="header skippedConfig">Skipped Configuration</td></tr>
                    <tr>
          <td colspan="3" class="group">com.test.scripts.BusinessProfileTest</td>
        </tr>
                
<tr>
  <td class="method">
                  setUp
      </td>
  <td class="duration">
    0.000s
  </td>
  <td class="result">
                               
    
        

      </td>
</tr>
<tr>
  <td class="method">
                  setUp
      </td>
  <td class="duration">
    0.000s
  </td>
  <td class="result">
                               
    
        

      </td>
</tr>
<tr>
  <td class="method">
                  setUp
      </td>
  <td class="duration">
    0.000s
  </td>
  <td class="result">
                               
    
        

      </td>
</tr>
<tr>
  <td class="method">
                  setUp
      </td>
  <td class="duration">
    0.000s
  </td>
  <td class="result">
                               
    
        

      </td>
</tr>
<tr>
  <td class="method">
                  setUp
      </td>
  <td class="duration">
    0.000s
  </td>
  <td class="result">
                               
    
        

      </td>
</tr>
<tr>
  <td class="method">
                  setUp
      </td>
  <td class="duration">
    0.000s
  </td>
  <td class="result">
                               
    
        

      </td>
</tr>
<tr>
  <td class="method">
                  setUp
      </td>
  <td class="duration">
    0.000s
  </td>
  <td class="result">
                               
    
        

      </td>
</tr>
<tr>
  <td class="method">
                  setUp
      </td>
  <td class="duration">
    0.000s
  </td>
  <td class="result">
                               
    
        

      </td>
</tr>
<tr>
  <td class="method">
                  setUp
      </td>
  <td class="duration">
    0.000s
  </td>
  <td class="result">
                               
    
        

      </td>
</tr>
<tr>
  <td class="method">
                  setUp
      </td>
  <td class="duration">
    0.000s
  </td>
  <td class="result">
                               
    
        

      </td>
</tr>
<tr>
  <td class="method">
                  setUp
      </td>
  <td class="duration">
    0.000s
  </td>
  <td class="result">
                               
    
        

      </td>
</tr>
<tr>
  <td class="method">
                  setUp
      </td>
  <td class="duration">
    0.000s
  </td>
  <td class="result">
                               
    
        

      </td>
</tr>
<tr>
  <td class="method">
                  setUp
      </td>
  <td class="duration">
    0.000s
  </td>
  <td class="result">
                               
    
        

      </td>
</tr>
<tr>
  <td class="method">
                  setUp
      </td>
  <td class="duration">
    0.000s
  </td>
  <td class="result">
                               
    
        

      </td>
</tr>
<tr>
  <td class="method">
                  setUp
      </td>
  <td class="duration">
    0.000s
  </td>
  <td class="result">
                               
    
        

      </td>
</tr>
<tr>
  <td class="method">
                  setUp
      </td>
  <td class="duration">
    0.000s
  </td>
  <td class="result">
                               
    
        

      </td>
</tr>
<tr>
  <td class="method">
                  setUp
      </td>
  <td class="duration">
    0.000s
  </td>
  <td class="result">
                               
    
        

      </td>
</tr>
<tr>
  <td class="method">
                  setUp
      </td>
  <td class="duration">
    0.000s
  </td>
  <td class="result">
                               
    
        

      </td>
</tr>
<tr>
  <td class="method">
                  setUp
      </td>
  <td class="duration">
    0.000s
  </td>
  <td class="result">
                               
    
        

      </td>
</tr>
<tr>
  <td class="method">
                  tearDown
      </td>
  <td class="duration">
    0.000s
  </td>
  <td class="result">
                               
    
        

      </td>
</tr>
<tr>
  <td class="method">
                  tearDown
      </td>
  <td class="duration">
    0.000s
  </td>
  <td class="result">
                               
    
        

      </td>
</tr>
<tr>
  <td class="method">
                  tearDown
      </td>
  <td class="duration">
    0.000s
  </td>
  <td class="result">
                               
    
        

      </td>
</tr>
<tr>
  <td class="method">
                  tearDown
      </td>
  <td class="duration">
    0.000s
  </td>
  <td class="result">
                               
    
        

      </td>
</tr>
<tr>
  <td class="method">
                  tearDown
      </td>
  <td class="duration">
    0.000s
  </td>
  <td class="result">
                               
    
        

      </td>
</tr>
<tr>
  <td class="method">
                  tearDown
      </td>
  <td class="duration">
    0.000s
  </td>
  <td class="result">
                               
    
        

      </td>
</tr>
<tr>
  <td class="method">
                  tearDown
      </td>
  <td class="duration">
    0.000s
  </td>
  <td class="result">
                               
    
        

      </td>
</tr>
<tr>
  <td class="method">
                  tearDown
      </td>
  <td class="duration">
    0.000s
  </td>
  <td class="result">
                               
    
        

      </td>
</tr>
<tr>
  <td class="method">
                  tearDown
      </td>
  <td class="duration">
    0.000s
  </td>
  <td class="result">
                               
    
        

      </td>
</tr>
<tr>
  <td class="method">
                  tearDown
      </td>
  <td class="duration">
    0.000s
  </td>
  <td class="result">
                               
    
        

      </td>
</tr>
<tr>
  <td class="method">
                  tearDown
      </td>
  <td class="duration">
    0.000s
  </td>
  <td class="result">
                               
    
        

      </td>
</tr>
<tr>
  <td class="method">
                  tearDown
      </td>
  <td class="duration">
    0.000s
  </td>
  <td class="result">
                               
    
        

      </td>
</tr>
<tr>
  <td class="method">
                  tearDown
      </td>
  <td class="duration">
    0.000s
  </td>
  <td class="result">
                               
    
        

      </td>
</tr>
<tr>
  <td class="method">
                  tearDown
      </td>
  <td class="duration">
    0.000s
  </td>
  <td class="result">
                               
    
        

      </td>
</tr>
<tr>
  <td class="method">
                  tearDown
      </td>
  <td class="duration">
    0.000s
  </td>
  <td class="result">
                               
    
        

      </td>
</tr>
<tr>
  <td class="method">
                  tearDown
      </td>
  <td class="duration">
    0.000s
  </td>
  <td class="result">
                               
    
        

      </td>
</tr>
<tr>
  <td class="method">
                  tearDown
      </td>
  <td class="duration">
    0.000s
  </td>
  <td class="result">
                               
    
        

      </td>
</tr>
<tr>
  <td class="method">
                  tearDown
      </td>
  <td class="duration">
    0.000s
  </td>
  <td class="result">
                               
    
        

      </td>
</tr>
<tr>
  <td class="method">
                  tearDown
      </td>
  <td class="duration">
    0.000s
  </td>
  <td class="result">
                               
    
        

      </td>
</tr>
<tr>
  <td class="method">
                  tearDown
      </td>
  <td class="duration">
    0.000s
  </td>
  <td class="result">
                               
    
        

      </td>
</tr>
            </table>



  <table class="resultsTable" width="100%">
    <tr><th colspan="3" class="header skipped">Skipped Tests</th></tr>
          <tr>
        <td colspan="3" class="group">com.test.scripts.BusinessProfileTest</td>
      </tr>
            
<tr>
  <td class="method">
                  testAddressTap
      </td>
  <td class="duration">
    0.001s
  </td>
  <td class="result">
                               
    
        

      </td>
</tr>
<tr>
  <td class="method">
                  testAnyReview
      </td>
  <td class="duration">
    0.001s
  </td>
  <td class="result">
                               
    
        

      </td>
</tr>
<tr>
  <td class="method">
                  testBusinessImgDisplay
      </td>
  <td class="duration">
    0.000s
  </td>
  <td class="result">
                               
    
        

      </td>
</tr>
<tr>
  <td class="method">
                  testBusinessProfilePage
      </td>
  <td class="duration">
    0.002s
  </td>
  <td class="result">
                               
    
        

      </td>
</tr>
<tr>
  <td class="method">
                  testBusinessWebsiteLnk
      </td>
  <td class="duration">
    0.001s
  </td>
  <td class="result">
                               
    
        

      </td>
</tr>
<tr>
  <td class="method">
                  testCallIcon
      </td>
  <td class="duration">
    0.002s
  </td>
  <td class="result">
                               
    
        

      </td>
</tr>
<tr>
  <td class="method">
                  testEmailIcon
      </td>
  <td class="duration">
    0.001s
  </td>
  <td class="result">
                               
    
        

      </td>
</tr>
<tr>
  <td class="method">
                  testMoreReview
      </td>
  <td class="duration">
    0.001s
  </td>
  <td class="result">
                               
    
        

      </td>
</tr>
<tr>
  <td class="method">
                  testNotificationIcn
      </td>
  <td class="duration">
    0.001s
  </td>
  <td class="result">
                               
    
        

      </td>
</tr>
<tr>
  <td class="method">
                  testNotificationIcon
      </td>
  <td class="duration">
    0.001s
  </td>
  <td class="result">
                               
    
        

      </td>
</tr>
<tr>
  <td class="method">
                  testRatingBusiness
      </td>
  <td class="duration">
    0.001s
  </td>
  <td class="result">
                               
    
        

      </td>
</tr>
<tr>
  <td class="method">
                  testRemoveShortlistTap
      </td>
  <td class="duration">
    0.001s
  </td>
  <td class="result">
                               
    
        

      </td>
</tr>
<tr>
  <td class="method">
                  testSMStap
      </td>
  <td class="duration">
    0.001s
  </td>
  <td class="result">
                               
    
        

      </td>
</tr>
<tr>
  <td class="method">
                  testServicesOffered
      </td>
  <td class="duration">
    0.001s
  </td>
  <td class="result">
                               
    
        

      </td>
</tr>
<tr>
  <td class="method">
                  testShortlistTap
      </td>
  <td class="duration">
    0.001s
  </td>
  <td class="result">
                               
    
        

      </td>
</tr>
<tr>
  <td class="method">
                  testSubmitReview
      </td>
  <td class="duration">
    0.001s
  </td>
  <td class="result">
                               
    
        

      </td>
</tr>
<tr>
  <td class="method">
                  testValidSubmitReview
      </td>
  <td class="duration">
    0.001s
  </td>
  <td class="result">
                               
    
        

      </td>
</tr>
<tr>
  <td class="method">
                  testWebIcon
      </td>
  <td class="duration">
    0.001s
  </td>
  <td class="result">
                               
    
        

      </td>
</tr>
<tr>
  <td class="method">
                  testWorkPhoneNumber
      </td>
  <td class="duration">
    0.001s
  </td>
  <td class="result">
                               
    
        

      </td>
</tr>
<tr>
  <td class="method">
                  testWriteReview
      </td>
  <td class="duration">
    0.001s
  </td>
  <td class="result">
                               
    
        

      </td>
</tr>
      </table>

  
</body>
</html>
