<html>
<head>
<title>TestNG:  BusinessProfile</title>
<link href="../testng.css" rel="stylesheet" type="text/css" />
<link href="../my-testng.css" rel="stylesheet" type="text/css" />

<style type="text/css">
.log { display: none;} 
.stack-trace { display: none;} 
</style>
<script type="text/javascript">
<!--
function flip(e) {
  current = e.style.display;
  if (current == 'block') {
    e.style.display = 'none';
    return 0;
  }
  else {
    e.style.display = 'block';
    return 1;
  }
}

function toggleBox(szDivId, elem, msg1, msg2)
{
  var res = -1;  if (document.getElementById) {
    res = flip(document.getElementById(szDivId));
  }
  else if (document.all) {
    // this is the way old msie versions work
    res = flip(document.all[szDivId]);
  }
  if(elem) {
    if(res == 0) elem.innerHTML = msg1; else elem.innerHTML = msg2;
  }

}

function toggleAllBoxes() {
  if (document.getElementsByTagName) {
    d = document.getElementsByTagName('div');
    for (i = 0; i < d.length; i++) {
      if (d[i].className == 'log') {
        flip(d[i]);
      }
    }
  }
}

// -->
</script>

</head>
<body>
<h2 align='center'>BusinessProfile</h2><table border='1' align="center">
<tr>
<td>Tests passed/Failed/Skipped:</td><td>15/3/0</td>
</tr><tr>
<td>Started on:</td><td>Fri Jun 17 15:24:55 IST 2016</td>
</tr>
<tr><td>Total time:</td><td>3690 seconds (3690862 ms)</td>
</tr><tr>
<td>Included groups:</td><td></td>
</tr><tr>
<td>Excluded groups:</td><td></td>
</tr>
</table><p/>
<small><i>(Hover the method name to see the test class name)</i></small><p/>
<table width='100%' border='1' class='invocation-failed'>
<tr><td colspan='4' align='center'><b>FAILED TESTS</b></td></tr>
<tr><td><b>Test method</b></td>
<td width="30%"><b>Exception</b></td>
<td width="10%"><b>Time (seconds)</b></td>
<td><b>Instance</b></td>
</tr>
<tr>
<td title='com.test.scripts.BusinessProfile.testAddressTap()'><b>testAddressTap</b><br>Test class: com.test.scripts.BusinessProfile<br>Test method: To tap on the address icon associated with Address<br/>
<a href="#Output-892931811" onClick='toggleBox("Output-892931811", this, "Show output", "Hide output");'>Show output</a>

<a href="#Output-892931811" onClick="toggleAllBoxes();">Show all outputs</a>
<div class='log' id="Output-892931811">
STEP362<br/>
STEP363<br/>
STEP364<br/>
STEP365<br/>
STEP366<br/>
</div>
</td>
<td><div><pre>org.openqa.selenium.NoSuchElementException: An element could not be located on the page using the given search parameters. (WARNING: The server did not provide any stacktrace information)
Command duration or timeout: 21.08 seconds
For documentation on this error, please visit: http://seleniumhq.org/exceptions/no_such_element.html
Build info: version: &apos;2.53.0&apos;, revision: &apos;35ae25b1534ae328c771e0856c93e187490ca824&apos;, time: &apos;2016-03-15 10:43:46&apos;
System info: host: &apos;Prasannas-MacBook-Pro.local&apos;, ip: &apos;10.10.4.140&apos;, os.name: &apos;Mac OS X&apos;, os.arch: &apos;x86_64&apos;, os.version: &apos;10.11.4&apos;, java.version: &apos;1.8.0_65&apos;
Driver info: io.appium.java_client.ios.IOSDriver
Capabilities [{unicodekeyboard=true, app=/Users/automation/Downloads/IndiaSulekha6.3.2.ipa, networkConnectionEnabled=false, bundleId=com.appid.sulekhauserapp, databaseEnabled=false, deviceName=iPhone 5, fullReset=true, platform=MAC, showIOSLog=true, desired={unicodekeyboard=true, app=/Users/automation/Downloads/IndiaSulekha6.3.2.ipa, showIOSLog=true, platformVersion=9.3.2, automationName=Appium, bundleId=com.appid.sulekhauserapp, platformName=iOS, udid=2dde13a2961f5f1c6f5a0f737daf13bcb43457ef, deviceName=iPhone 5, fullReset=true}, platformVersion=9.3.2, webStorageEnabled=false, locationContextEnabled=false, automationName=Appium, browserName=, takesScreenshot=true, javascriptEnabled=true, platformName=iOS, udid=2dde13a2961f5f1c6f5a0f737daf13bcb43457ef}]
Session ID: 9d3852d3-f7bf-4d95-840c-5968a30953a4
*** Element info: {Using=xpath, value=//UIAApplication[1]/UIAWindow[1]/UIAScrollView[1]/UIATableView[1]/UIATableCell[2]}
	at org.openqa.selenium.remote.ErrorHandler.createThrowable(ErrorHandler.java:206)
	at org.openqa.selenium.remote.ErrorHandler.throwIfResponseFailed(ErrorHandler.java:158)
	at org.openqa.selenium.remote.RemoteWebDriver.execute(RemoteWebDriver.java:678)
	at io.appium.java_client.DefaultGenericMobileDriver.execute(DefaultGenericMobileDriver.java:43)
	at io.appium.java_client.AppiumDriver.execute(AppiumDriver.java:1)
	at io.appium.java_client.ios.IOSDriver.execute(IOSDriver.java:1)
	at org.openqa.selenium.remote.RemoteWebDriver.findElement(RemoteWebDriver.java:363)
	at org.openqa.selenium.remote.RemoteWebDriver.findElementByXPath(RemoteWebDriver.java:500)
	at io.appium.java_client.DefaultGenericMobileDriver.findElementByXPath(DefaultGenericMobileDriver.java:129)
	at io.appium.java_client.AppiumDriver.findElementByXPath(AppiumDriver.java:1)
	at io.appium.java_client.ios.IOSDriver.findElementByXPath(IOSDriver.java:1)
	at org.openqa.selenium.By$ByXPath.findElement(By.java:361)
	at org.openqa.selenium.remote.RemoteWebDriver.findElement(RemoteWebDriver.java:355)
	at io.appium.java_client.DefaultGenericMobileDriver.findElement(DefaultGenericMobileDriver.java:51)
	at io.appium.java_client.AppiumDriver.findElement(AppiumDriver.java:1)
	at io.appium.java_client.ios.IOSDriver.findElement(IOSDriver.java:1)
	at org.openqa.selenium.support.pagefactory.DefaultElementLocator.findElement(DefaultElementLocator.java:69)
	at org.openqa.selenium.support.pagefactory.internal.LocatingElementHandler.invoke(LocatingElementHandler.java:38)
	at com.sun.proxy.$Proxy8.click(Unknown Source)
	at com.test.po.BusinessProfilePO.navigateToBusinessProfile(BusinessProfilePO.java:567)
	at com.test.scripts.BusinessProfile.testAddressTap(BusinessProfile.java:387)
... Removed 28 stack frames</pre></div><a href='#' onClick='toggleBox("stack-trace892931811", this, "Click to show all stack frames", "Click to hide stack frames")'>Click to show all stack frames</a>
<div class='stack-trace' id='stack-trace892931811'><pre>org.openqa.selenium.NoSuchElementException: An element could not be located on the page using the given search parameters. (WARNING: The server did not provide any stacktrace information)
Command duration or timeout: 21.08 seconds
For documentation on this error, please visit: http://seleniumhq.org/exceptions/no_such_element.html
Build info: version: &apos;2.53.0&apos;, revision: &apos;35ae25b1534ae328c771e0856c93e187490ca824&apos;, time: &apos;2016-03-15 10:43:46&apos;
System info: host: &apos;Prasannas-MacBook-Pro.local&apos;, ip: &apos;10.10.4.140&apos;, os.name: &apos;Mac OS X&apos;, os.arch: &apos;x86_64&apos;, os.version: &apos;10.11.4&apos;, java.version: &apos;1.8.0_65&apos;
Driver info: io.appium.java_client.ios.IOSDriver
Capabilities [{unicodekeyboard=true, app=/Users/automation/Downloads/IndiaSulekha6.3.2.ipa, networkConnectionEnabled=false, bundleId=com.appid.sulekhauserapp, databaseEnabled=false, deviceName=iPhone 5, fullReset=true, platform=MAC, showIOSLog=true, desired={unicodekeyboard=true, app=/Users/automation/Downloads/IndiaSulekha6.3.2.ipa, showIOSLog=true, platformVersion=9.3.2, automationName=Appium, bundleId=com.appid.sulekhauserapp, platformName=iOS, udid=2dde13a2961f5f1c6f5a0f737daf13bcb43457ef, deviceName=iPhone 5, fullReset=true}, platformVersion=9.3.2, webStorageEnabled=false, locationContextEnabled=false, automationName=Appium, browserName=, takesScreenshot=true, javascriptEnabled=true, platformName=iOS, udid=2dde13a2961f5f1c6f5a0f737daf13bcb43457ef}]
Session ID: 9d3852d3-f7bf-4d95-840c-5968a30953a4
*** Element info: {Using=xpath, value=//UIAApplication[1]/UIAWindow[1]/UIAScrollView[1]/UIATableView[1]/UIATableCell[2]}
	at sun.reflect.NativeConstructorAccessorImpl.newInstance0(Native Method)
	at sun.reflect.NativeConstructorAccessorImpl.newInstance(NativeConstructorAccessorImpl.java:62)
	at sun.reflect.DelegatingConstructorAccessorImpl.newInstance(DelegatingConstructorAccessorImpl.java:45)
	at java.lang.reflect.Constructor.newInstance(Constructor.java:422)
	at org.openqa.selenium.remote.ErrorHandler.createThrowable(ErrorHandler.java:206)
	at org.openqa.selenium.remote.ErrorHandler.throwIfResponseFailed(ErrorHandler.java:158)
	at org.openqa.selenium.remote.RemoteWebDriver.execute(RemoteWebDriver.java:678)
	at io.appium.java_client.DefaultGenericMobileDriver.execute(DefaultGenericMobileDriver.java:43)
	at io.appium.java_client.AppiumDriver.execute(AppiumDriver.java:1)
	at io.appium.java_client.ios.IOSDriver.execute(IOSDriver.java:1)
	at org.openqa.selenium.remote.RemoteWebDriver.findElement(RemoteWebDriver.java:363)
	at org.openqa.selenium.remote.RemoteWebDriver.findElementByXPath(RemoteWebDriver.java:500)
	at io.appium.java_client.DefaultGenericMobileDriver.findElementByXPath(DefaultGenericMobileDriver.java:129)
	at io.appium.java_client.AppiumDriver.findElementByXPath(AppiumDriver.java:1)
	at io.appium.java_client.ios.IOSDriver.findElementByXPath(IOSDriver.java:1)
	at org.openqa.selenium.By$ByXPath.findElement(By.java:361)
	at org.openqa.selenium.remote.RemoteWebDriver.findElement(RemoteWebDriver.java:355)
	at io.appium.java_client.DefaultGenericMobileDriver.findElement(DefaultGenericMobileDriver.java:51)
	at io.appium.java_client.AppiumDriver.findElement(AppiumDriver.java:1)
	at io.appium.java_client.ios.IOSDriver.findElement(IOSDriver.java:1)
	at org.openqa.selenium.support.pagefactory.DefaultElementLocator.findElement(DefaultElementLocator.java:69)
	at org.openqa.selenium.support.pagefactory.internal.LocatingElementHandler.invoke(LocatingElementHandler.java:38)
	at com.sun.proxy.$Proxy8.click(Unknown Source)
	at com.test.po.BusinessProfilePO.navigateToBusinessProfile(BusinessProfilePO.java:567)
	at com.test.scripts.BusinessProfile.testAddressTap(BusinessProfile.java:387)
	at sun.reflect.NativeMethodAccessorImpl.invoke0(Native Method)
	at sun.reflect.NativeMethodAccessorImpl.invoke(NativeMethodAccessorImpl.java:62)
	at sun.reflect.DelegatingMethodAccessorImpl.invoke(DelegatingMethodAccessorImpl.java:43)
	at java.lang.reflect.Method.invoke(Method.java:497)
	at org.testng.internal.MethodInvocationHelper.invokeMethod(MethodInvocationHelper.java:85)
	at org.testng.internal.Invoker.invokeMethod(Invoker.java:659)
	at org.testng.internal.Invoker.invokeTestMethod(Invoker.java:845)
	at org.testng.internal.Invoker.invokeTestMethods(Invoker.java:1153)
	at org.testng.internal.TestMethodWorker.invokeTestMethods(TestMethodWorker.java:125)
	at org.testng.internal.TestMethodWorker.run(TestMethodWorker.java:108)
	at org.testng.TestRunner.privateRun(TestRunner.java:771)
	at org.testng.TestRunner.run(TestRunner.java:621)
	at org.testng.SuiteRunner.runTest(SuiteRunner.java:357)
	at org.testng.SuiteRunner.runSequentially(SuiteRunner.java:352)
	at org.testng.SuiteRunner.privateRun(SuiteRunner.java:310)
	at org.testng.SuiteRunner.run(SuiteRunner.java:259)
	at org.testng.SuiteRunnerWorker.runSuite(SuiteRunnerWorker.java:52)
	at org.testng.SuiteRunnerWorker.run(SuiteRunnerWorker.java:86)
	at org.testng.TestNG.runSuitesSequentially(TestNG.java:1199)
	at org.testng.TestNG.runSuitesLocally(TestNG.java:1124)
	at org.testng.TestNG.run(TestNG.java:1032)
	at org.testng.remote.AbstractRemoteTestNG.run(AbstractRemoteTestNG.java:126)
	at org.testng.remote.RemoteTestNG.initAndRun(RemoteTestNG.java:137)
	at org.testng.remote.RemoteTestNG.main(RemoteTestNG.java:58)
</pre></div></td>
<td>70</td>
<td>com.test.scripts.BusinessProfile@369f73a2</td></tr>
<tr>
<td title='com.test.scripts.BusinessProfile.testRemoveShortlistTap()'><b>testRemoveShortlistTap</b><br>Test class: com.test.scripts.BusinessProfile<br>Test method: To tap on Remove Shortlist icon and verify.<br/>
<a href="#Output-859690270" onClick='toggleBox("Output-859690270", this, "Show output", "Hide output");'>Show output</a>

<a href="#Output-859690270" onClick="toggleAllBoxes();">Show all outputs</a>
<div class='log' id="Output-859690270">
STEP321<br/>
STEP322<br/>
STEP323<br/>
STEP324<br/>
STEP325<br/>
STEP326<br/>
STEP327<br/>
STEP328<br/>
STEP329<br/>
STEP330<br/>
STEP331<br/>
STEP332<br/>
STEP333<br/>
STEP334<br/>
STEP335<br/>
STEP336<br/>
STEP337<br/>
STEP338<br/>
STEP339<br/>
</div>
</td>
<td><div><pre>java.lang.AssertionError: Business Profile page is not displayed expected [true] but found [false]
	at com.test.po.BusinessProfilePO.navigateToBusinessProfile(BusinessProfilePO.java:574)
	at com.test.scripts.BusinessProfile.testRemoveShortlistTap(BusinessProfile.java:302)
... Removed 27 stack frames</pre></div><a href='#' onClick='toggleBox("stack-trace859690270", this, "Click to show all stack frames", "Click to hide stack frames")'>Click to show all stack frames</a>
<div class='stack-trace' id='stack-trace859690270'><pre>java.lang.AssertionError: Business Profile page is not displayed expected [true] but found [false]
	at org.testng.Assert.fail(Assert.java:94)
	at org.testng.Assert.failNotEquals(Assert.java:496)
	at org.testng.Assert.assertTrue(Assert.java:42)
	at com.test.po.BusinessProfilePO.navigateToBusinessProfile(BusinessProfilePO.java:574)
	at com.test.scripts.BusinessProfile.testRemoveShortlistTap(BusinessProfile.java:302)
	at sun.reflect.NativeMethodAccessorImpl.invoke0(Native Method)
	at sun.reflect.NativeMethodAccessorImpl.invoke(NativeMethodAccessorImpl.java:62)
	at sun.reflect.DelegatingMethodAccessorImpl.invoke(DelegatingMethodAccessorImpl.java:43)
	at java.lang.reflect.Method.invoke(Method.java:497)
	at org.testng.internal.MethodInvocationHelper.invokeMethod(MethodInvocationHelper.java:85)
	at org.testng.internal.Invoker.invokeMethod(Invoker.java:659)
	at org.testng.internal.Invoker.invokeTestMethod(Invoker.java:845)
	at org.testng.internal.Invoker.invokeTestMethods(Invoker.java:1153)
	at org.testng.internal.TestMethodWorker.invokeTestMethods(TestMethodWorker.java:125)
	at org.testng.internal.TestMethodWorker.run(TestMethodWorker.java:108)
	at org.testng.TestRunner.privateRun(TestRunner.java:771)
	at org.testng.TestRunner.run(TestRunner.java:621)
	at org.testng.SuiteRunner.runTest(SuiteRunner.java:357)
	at org.testng.SuiteRunner.runSequentially(SuiteRunner.java:352)
	at org.testng.SuiteRunner.privateRun(SuiteRunner.java:310)
	at org.testng.SuiteRunner.run(SuiteRunner.java:259)
	at org.testng.SuiteRunnerWorker.runSuite(SuiteRunnerWorker.java:52)
	at org.testng.SuiteRunnerWorker.run(SuiteRunnerWorker.java:86)
	at org.testng.TestNG.runSuitesSequentially(TestNG.java:1199)
	at org.testng.TestNG.runSuitesLocally(TestNG.java:1124)
	at org.testng.TestNG.run(TestNG.java:1032)
	at org.testng.remote.AbstractRemoteTestNG.run(AbstractRemoteTestNG.java:126)
	at org.testng.remote.RemoteTestNG.initAndRun(RemoteTestNG.java:137)
	at org.testng.remote.RemoteTestNG.main(RemoteTestNG.java:58)
</pre></div></td>
<td>233</td>
<td>com.test.scripts.BusinessProfile@369f73a2</td></tr>
<tr>
<td title='com.test.scripts.BusinessProfile.testSubmitWORateReview()'><b>testSubmitWORateReview</b><br>Test class: com.test.scripts.BusinessProfile<br>Test method: Tap on 'Post Review' without rating/reviewing in Rate & review page<br/>
<a href="#Output-1204088028" onClick='toggleBox("Output-1204088028", this, "Show output", "Hide output");'>Show output</a>

<a href="#Output-1204088028" onClick="toggleAllBoxes();">Show all outputs</a>
<div class='log' id="Output-1204088028">
STEP459<br/>
STEP460<br/>
STEP461<br/>
STEP462<br/>
STEP463<br/>
STEP464<br/>
STEP465<br/>
STEP466<br/>
STEP467<br/>
</div>
</td>
<td><div><pre>java.lang.AssertionError: Business Profile page is not displayed expected [true] but found [false]
	at com.test.po.BusinessProfilePO.navigateToBusinessProfile(BusinessProfilePO.java:574)
	at com.test.scripts.BusinessProfile.testSubmitWORateReview(BusinessProfile.java:674)
... Removed 27 stack frames</pre></div><a href='#' onClick='toggleBox("stack-trace1204088028", this, "Click to show all stack frames", "Click to hide stack frames")'>Click to show all stack frames</a>
<div class='stack-trace' id='stack-trace1204088028'><pre>java.lang.AssertionError: Business Profile page is not displayed expected [true] but found [false]
	at org.testng.Assert.fail(Assert.java:94)
	at org.testng.Assert.failNotEquals(Assert.java:496)
	at org.testng.Assert.assertTrue(Assert.java:42)
	at com.test.po.BusinessProfilePO.navigateToBusinessProfile(BusinessProfilePO.java:574)
	at com.test.scripts.BusinessProfile.testSubmitWORateReview(BusinessProfile.java:674)
	at sun.reflect.NativeMethodAccessorImpl.invoke0(Native Method)
	at sun.reflect.NativeMethodAccessorImpl.invoke(NativeMethodAccessorImpl.java:62)
	at sun.reflect.DelegatingMethodAccessorImpl.invoke(DelegatingMethodAccessorImpl.java:43)
	at java.lang.reflect.Method.invoke(Method.java:497)
	at org.testng.internal.MethodInvocationHelper.invokeMethod(MethodInvocationHelper.java:85)
	at org.testng.internal.Invoker.invokeMethod(Invoker.java:659)
	at org.testng.internal.Invoker.invokeTestMethod(Invoker.java:845)
	at org.testng.internal.Invoker.invokeTestMethods(Invoker.java:1153)
	at org.testng.internal.TestMethodWorker.invokeTestMethods(TestMethodWorker.java:125)
	at org.testng.internal.TestMethodWorker.run(TestMethodWorker.java:108)
	at org.testng.TestRunner.privateRun(TestRunner.java:771)
	at org.testng.TestRunner.run(TestRunner.java:621)
	at org.testng.SuiteRunner.runTest(SuiteRunner.java:357)
	at org.testng.SuiteRunner.runSequentially(SuiteRunner.java:352)
	at org.testng.SuiteRunner.privateRun(SuiteRunner.java:310)
	at org.testng.SuiteRunner.run(SuiteRunner.java:259)
	at org.testng.SuiteRunnerWorker.runSuite(SuiteRunnerWorker.java:52)
	at org.testng.SuiteRunnerWorker.run(SuiteRunnerWorker.java:86)
	at org.testng.TestNG.runSuitesSequentially(TestNG.java:1199)
	at org.testng.TestNG.runSuitesLocally(TestNG.java:1124)
	at org.testng.TestNG.run(TestNG.java:1032)
	at org.testng.remote.AbstractRemoteTestNG.run(AbstractRemoteTestNG.java:126)
	at org.testng.remote.RemoteTestNG.initAndRun(RemoteTestNG.java:137)
	at org.testng.remote.RemoteTestNG.main(RemoteTestNG.java:58)
</pre></div></td>
<td>119</td>
<td>com.test.scripts.BusinessProfile@369f73a2</td></tr>
</table><p>
<table width='100%' border='1' class='invocation-passed'>
<tr><td colspan='4' align='center'><b>PASSED TESTS</b></td></tr>
<tr><td><b>Test method</b></td>
<td width="30%"><b>Exception</b></td>
<td width="10%"><b>Time (seconds)</b></td>
<td><b>Instance</b></td>
</tr>
<tr>
<td title='com.test.scripts.BusinessProfile.testAnyReview()'><b>testAnyReview</b><br>Test class: com.test.scripts.BusinessProfile<br>Test method:  To tap on any review-bug <br/>
<a href="#Output-440736059" onClick='toggleBox("Output-440736059", this, "Show output", "Hide output");'>Show output</a>

<a href="#Output-440736059" onClick="toggleAllBoxes();">Show all outputs</a>
<div class='log' id="Output-440736059">
STEP416<br/>
STEP417<br/>
STEP418<br/>
STEP419<br/>
STEP420<br/>
STEP421<br/>
STEP422<br/>
STEP423<br/>
STEP424<br/>
STEP425<br/>
STEP426<br/>
</div>
</td>
<td></td>
<td>134</td>
<td>com.test.scripts.BusinessProfile@369f73a2</td></tr>
<tr>
<td title='com.test.scripts.BusinessProfile.testBusinessProfilePage()'><b>testBusinessProfilePage</b><br>Test class: com.test.scripts.BusinessProfile<br>Test method: To check the Business Profile page and verify all the elements present in the page.<br/>
<a href="#Output-1620409359" onClick='toggleBox("Output-1620409359", this, "Show output", "Hide output");'>Show output</a>

<a href="#Output-1620409359" onClick="toggleAllBoxes();">Show all outputs</a>
<div class='log' id="Output-1620409359">
STEP249<br/>
STEP250<br/>
STEP251<br/>
STEP252<br/>
STEP253<br/>
STEP254<br/>
STEP255<br/>
STEP256<br/>
STEP257<br/>
STEP258<br/>
STEP259<br/>
STEP260<br/>
STEP261<br/>
STEP262<br/>
STEP263<br/>
STEP264<br/>
STEP265<br/>
STEP266<br/>
STEP267<br/>
STEP268<br/>
STEP269<br/>
STEP270<br/>
STEP271<br/>
STEP272<br/>
STEP273<br/>
STEP274<br/>
STEP275<br/>
STEP276<br/>
STEP277<br/>
STEP278<br/>
STEP279<br/>
STEP280<br/>
STEP281<br/>
STEP282<br/>
STEP283<br/>
STEP284<br/>
</div>
</td>
<td></td>
<td>264</td>
<td>com.test.scripts.BusinessProfile@369f73a2</td></tr>
<tr>
<td title='com.test.scripts.BusinessProfile.testBusinessWebsiteLnk()'><b>testBusinessWebsiteLnk</b><br>Test class: com.test.scripts.BusinessProfile<br>Test method: Tap on Website of the business<br/>
<a href="#Output-2069500590" onClick='toggleBox("Output-2069500590", this, "Show output", "Hide output");'>Show output</a>

<a href="#Output-2069500590" onClick="toggleAllBoxes();">Show all outputs</a>
<div class='log' id="Output-2069500590">
STEP405<br/>
STEP406<br/>
STEP407<br/>
STEP408<br/>
STEP409<br/>
STEP410<br/>
STEP411<br/>
STEP412<br/>
STEP413<br/>
STEP414<br/>
STEP415<br/>
</div>
</td>
<td></td>
<td>154</td>
<td>com.test.scripts.BusinessProfile@369f73a2</td></tr>
<tr>
<td title='com.test.scripts.BusinessProfile.testCallIcon()'><b>testCallIcon</b><br>Test class: com.test.scripts.BusinessProfile<br>Test method: To tap on call icon in the business profile page.<br/>
<a href="#Output-1620529408" onClick='toggleBox("Output-1620529408", this, "Show output", "Hide output");'>Show output</a>

<a href="#Output-1620529408" onClick="toggleAllBoxes();">Show all outputs</a>
<div class='log' id="Output-1620529408">
STEP285<br/>
STEP286<br/>
STEP287<br/>
STEP288<br/>
STEP289<br/>
STEP290<br/>
STEP291<br/>
STEP292<br/>
STEP293<br/>
STEP294<br/>
STEP295<br/>
</div>
</td>
<td></td>
<td>138</td>
<td>com.test.scripts.BusinessProfile@369f73a2</td></tr>
<tr>
<td title='com.test.scripts.BusinessProfile.testEmailIcon()'><b>testEmailIcon</b><br>Test class: com.test.scripts.BusinessProfile<br>Test method: Tap on the Email id displayed under Email section<br/>
<a href="#Output-234740890" onClick='toggleBox("Output-234740890", this, "Show output", "Hide output");'>Show output</a>

<a href="#Output-234740890" onClick="toggleAllBoxes();">Show all outputs</a>
<div class='log' id="Output-234740890">
STEP367<br/>
STEP368<br/>
STEP369<br/>
STEP370<br/>
STEP371<br/>
STEP372<br/>
STEP373<br/>
STEP374<br/>
STEP375<br/>
STEP376<br/>
STEP377<br/>
STEP378<br/>
STEP379<br/>
</div>
</td>
<td></td>
<td>142</td>
<td>com.test.scripts.BusinessProfile@369f73a2</td></tr>
<tr>
<td title='com.test.scripts.BusinessProfile.testMoreReview()'><b>testMoreReview</b><br>Test class: com.test.scripts.BusinessProfile<br>Test method: To tap on More reviews link<br/>
<a href="#Output-1242688388" onClick='toggleBox("Output-1242688388", this, "Show output", "Hide output");'>Show output</a>

<a href="#Output-1242688388" onClick="toggleAllBoxes();">Show all outputs</a>
<div class='log' id="Output-1242688388">
STEP427<br/>
STEP428<br/>
STEP429<br/>
STEP430<br/>
STEP431<br/>
STEP432<br/>
STEP433<br/>
STEP434<br/>
STEP435<br/>
STEP436<br/>
STEP437<br/>
STEP438<br/>
STEP439<br/>
STEP440<br/>
STEP441<br/>
STEP442<br/>
STEP443<br/>
STEP444<br/>
</div>
</td>
<td></td>
<td>186</td>
<td>com.test.scripts.BusinessProfile@369f73a2</td></tr>
<tr>
<td title='com.test.scripts.BusinessProfile.testNotificationIcon()'><b>testNotificationIcon</b><br>Test class: com.test.scripts.BusinessProfile<br>Test method: To tap on Notification icon in the business profile page.<br/>
<a href="#Output-1110698130" onClick='toggleBox("Output-1110698130", this, "Show output", "Hide output");'>Show output</a>

<a href="#Output-1110698130" onClick="toggleAllBoxes();">Show all outputs</a>
<div class='log' id="Output-1110698130">
STEP340<br/>
STEP341<br/>
STEP342<br/>
STEP343<br/>
STEP344<br/>
STEP345<br/>
STEP346<br/>
STEP347<br/>
STEP348<br/>
STEP349<br/>
STEP350<br/>
</div>
</td>
<td></td>
<td>137</td>
<td>com.test.scripts.BusinessProfile@369f73a2</td></tr>
<tr>
<td title='com.test.scripts.BusinessProfile.testRateReview()'><b>testRateReview</b><br>Test class: com.test.scripts.BusinessProfile<br>Test method: Tap on 'Post Review' only rating and without entering review in Rate & review page<br/>
<a href="#Output-1561745898" onClick='toggleBox("Output-1561745898", this, "Show output", "Hide output");'>Show output</a>

<a href="#Output-1561745898" onClick="toggleAllBoxes();">Show all outputs</a>
<div class='log' id="Output-1561745898">
STEP468<br/>
STEP469<br/>
STEP470<br/>
STEP471<br/>
STEP472<br/>
STEP473<br/>
STEP474<br/>
STEP475<br/>
STEP476<br/>
STEP477<br/>
STEP478<br/>
STEP479<br/>
STEP480<br/>
STEP481<br/>
</div>
</td>
<td></td>
<td>163</td>
<td>com.test.scripts.BusinessProfile@369f73a2</td></tr>
<tr>
<td title='com.test.scripts.BusinessProfile.testSMSTap()'><b>testSMSTap</b><br>Test class: com.test.scripts.BusinessProfile<br>Test method: To tap on SMS icon and verify if message popup is displayed.<br/>
<a href="#Output-1555990397" onClick='toggleBox("Output-1555990397", this, "Show output", "Hide output");'>Show output</a>

<a href="#Output-1555990397" onClick="toggleAllBoxes();">Show all outputs</a>
<div class='log' id="Output-1555990397">
STEP296<br/>
STEP297<br/>
STEP298<br/>
STEP299<br/>
STEP300<br/>
STEP301<br/>
STEP302<br/>
STEP303<br/>
STEP304<br/>
STEP305<br/>
</div>
</td>
<td></td>
<td>99</td>
<td>com.test.scripts.BusinessProfile@369f73a2</td></tr>
<tr>
<td title='com.test.scripts.BusinessProfile.testServicesOffered()'><b>testServicesOffered</b><br>Test class: com.test.scripts.BusinessProfile<br>Test method: To check the Services offered section<br/>
<a href="#Output-1214133948" onClick='toggleBox("Output-1214133948", this, "Show output", "Hide output");'>Show output</a>

<a href="#Output-1214133948" onClick="toggleAllBoxes();">Show all outputs</a>
<div class='log' id="Output-1214133948">
STEP391<br/>
STEP392<br/>
STEP393<br/>
STEP394<br/>
STEP395<br/>
STEP396<br/>
STEP397<br/>
STEP398<br/>
STEP399<br/>
STEP400<br/>
STEP401<br/>
STEP402<br/>
STEP403<br/>
STEP404<br/>
</div>
</td>
<td></td>
<td>125</td>
<td>com.test.scripts.BusinessProfile@369f73a2</td></tr>
<tr>
<td title='com.test.scripts.BusinessProfile.testShortlistTap()'><b>testShortlistTap</b><br>Test class: com.test.scripts.BusinessProfile<br>Test method: To tap on Shortlist icon and verify.<br/>
<a href="#Output-1164365897" onClick='toggleBox("Output-1164365897", this, "Show output", "Hide output");'>Show output</a>

<a href="#Output-1164365897" onClick="toggleAllBoxes();">Show all outputs</a>
<div class='log' id="Output-1164365897">
STEP306<br/>
STEP307<br/>
STEP308<br/>
STEP309<br/>
STEP310<br/>
STEP311<br/>
STEP312<br/>
STEP313<br/>
STEP314<br/>
STEP315<br/>
STEP316<br/>
STEP317<br/>
STEP318<br/>
STEP319<br/>
STEP320<br/>
</div>
</td>
<td></td>
<td>175</td>
<td>com.test.scripts.BusinessProfile@369f73a2</td></tr>
<tr>
<td title='com.test.scripts.BusinessProfile.testSubmitReview()'><b>testSubmitReview</b><br>Test class: com.test.scripts.BusinessProfile<br>Test method: Submit the review<br/>
<a href="#Output-837073696" onClick='toggleBox("Output-837073696", this, "Show output", "Hide output");'>Show output</a>

<a href="#Output-837073696" onClick="toggleAllBoxes();">Show all outputs</a>
<div class='log' id="Output-837073696">
STEP482<br/>
STEP483<br/>
STEP484<br/>
STEP485<br/>
STEP486<br/>
STEP487<br/>
STEP488<br/>
STEP489<br/>
STEP490<br/>
STEP491<br/>
STEP492<br/>
STEP493<br/>
STEP494<br/>
STEP495<br/>
STEP496<br/>
STEP497<br/>
</div>
</td>
<td></td>
<td>204</td>
<td>com.test.scripts.BusinessProfile@369f73a2</td></tr>
<tr>
<td title='com.test.scripts.BusinessProfile.testWebIcon()'><b>testWebIcon</b><br>Test class: com.test.scripts.BusinessProfile<br>Test method: To tap on the web icon of the business in the business profile page.<br/>
<a href="#Output-628064884" onClick='toggleBox("Output-628064884", this, "Show output", "Hide output");'>Show output</a>

<a href="#Output-628064884" onClick="toggleAllBoxes();">Show all outputs</a>
<div class='log' id="Output-628064884">
STEP380<br/>
STEP381<br/>
STEP382<br/>
STEP383<br/>
STEP384<br/>
STEP385<br/>
STEP386<br/>
STEP387<br/>
STEP388<br/>
STEP389<br/>
STEP390<br/>
</div>
</td>
<td></td>
<td>148</td>
<td>com.test.scripts.BusinessProfile@369f73a2</td></tr>
<tr>
<td title='com.test.scripts.BusinessProfile.testWorkPhoneNumber()'><b>testWorkPhoneNumber</b><br>Test class: com.test.scripts.BusinessProfile<br>Test method: Tap on the phone number displayed under Work section<br/>
<a href="#Output-1003755748" onClick='toggleBox("Output-1003755748", this, "Show output", "Hide output");'>Show output</a>

<a href="#Output-1003755748" onClick="toggleAllBoxes();">Show all outputs</a>
<div class='log' id="Output-1003755748">
STEP351<br/>
STEP352<br/>
STEP353<br/>
STEP354<br/>
STEP355<br/>
STEP356<br/>
STEP357<br/>
STEP358<br/>
STEP359<br/>
STEP360<br/>
STEP361<br/>
</div>
</td>
<td></td>
<td>131</td>
<td>com.test.scripts.BusinessProfile@369f73a2</td></tr>
<tr>
<td title='com.test.scripts.BusinessProfile.testWriteReview()'><b>testWriteReview</b><br>Test class: com.test.scripts.BusinessProfile<br>Test method: To tap on 'write review' icon and verify the popup.<br/>
<a href="#Output-2075568954" onClick='toggleBox("Output-2075568954", this, "Show output", "Hide output");'>Show output</a>

<a href="#Output-2075568954" onClick="toggleAllBoxes();">Show all outputs</a>
<div class='log' id="Output-2075568954">
STEP445<br/>
STEP446<br/>
STEP447<br/>
STEP448<br/>
STEP449<br/>
STEP450<br/>
STEP451<br/>
STEP452<br/>
STEP453<br/>
STEP454<br/>
STEP455<br/>
STEP456<br/>
STEP457<br/>
STEP458<br/>
</div>
</td>
<td></td>
<td>152</td>
<td>com.test.scripts.BusinessProfile@369f73a2</td></tr>
</table><p>
</body>
</html>