<?xml version="1.0" encoding="UTF-8"?>
<!-- Generated by org.testng.reporters.JUnitXMLReporter -->
<testsuite hostname="Prasannas-MacBook-Pro.local" name="BusinessProfile" tests="18" failures="3" timestamp="17 Jun 2016 10:56:26 GMT" time="3690.862" errors="0">
  <testcase name="testBusinessProfilePage" time="264.087" classname="com.test.scripts.BusinessProfile"/>
  <testcase name="testCallIcon" time="138.456" classname="com.test.scripts.BusinessProfile"/>
  <testcase name="testSMSTap" time="99.719" classname="com.test.scripts.BusinessProfile"/>
  <testcase name="testShortlistTap" time="175.133" classname="com.test.scripts.BusinessProfile"/>
  <testcase name="testRemoveShortlistTap" time="233.233" classname="com.test.scripts.BusinessProfile">
    <failure type="java.lang.AssertionError" message="Business Profile page is not displayed expected [true] but found [false]">
      <![CDATA[java.lang.AssertionError: Business Profile page is not displayed expected [true] but found [false]
	at com.test.po.BusinessProfilePO.navigateToBusinessProfile(BusinessProfilePO.java:574)
	at com.test.scripts.BusinessProfile.testRemoveShortlistTap(BusinessProfile.java:302)
... Removed 27 stack frames]]>
    </failure>
  </testcase> <!-- testRemoveShortlistTap -->
  <testcase name="testNotificationIcon" time="137.902" classname="com.test.scripts.BusinessProfile"/>
  <testcase name="testWorkPhoneNumber" time="131.862" classname="com.test.scripts.BusinessProfile"/>
  <testcase name="testAddressTap" time="70.886" classname="com.test.scripts.BusinessProfile">
    <failure type="org.openqa.selenium.NoSuchElementException" message="An element could not be located on the page using the given search parameters. (WARNING: The server did not provide any stacktrace information)
Command duration or timeout: 21.08 seconds
For documentation on this error, please visit: http://seleniumhq.org/exceptions/no_such_element.html
Build info: version: &amp;apos;2.53.0&amp;apos;, revision: &amp;apos;35ae25b1534ae328c771e0856c93e187490ca824&amp;apos;, time: &amp;apos;2016-03-15 10:43:46&amp;apos;
System info: host: &amp;apos;Prasannas-MacBook-Pro.local&amp;apos;, ip: &amp;apos;10.10.4.140&amp;apos;, os.name: &amp;apos;Mac OS X&amp;apos;, os.arch: &amp;apos;x86_64&amp;apos;, os.version: &amp;apos;10.11.4&amp;apos;, java.version: &amp;apos;1.8.0_65&amp;apos;
Driver info: io.appium.java_client.ios.IOSDriver
Capabilities [{unicodekeyboard=true, app=/Users/automation/Downloads/IndiaSulekha6.3.2.ipa, networkConnectionEnabled=false, bundleId=com.appid.sulekhauserapp, databaseEnabled=false, deviceName=iPhone 5, fullReset=true, platform=MAC, showIOSLog=true, desired={unicodekeyboard=true, app=/Users/automation/Downloads/IndiaSulekha6.3.2.ipa, showIOSLog=true, platformVersion=9.3.2, automationName=Appium, bundleId=com.appid.sulekhauserapp, platformName=iOS, udid=2dde13a2961f5f1c6f5a0f737daf13bcb43457ef, deviceName=iPhone 5, fullReset=true}, platformVersion=9.3.2, webStorageEnabled=false, locationContextEnabled=false, automationName=Appium, browserName=, takesScreenshot=true, javascriptEnabled=true, platformName=iOS, udid=2dde13a2961f5f1c6f5a0f737daf13bcb43457ef}]
Session ID: 9d3852d3-f7bf-4d95-840c-5968a30953a4
*** Element info: {Using=xpath, value=//UIAApplication[1]/UIAWindow[1]/UIAScrollView[1]/UIATableView[1]/UIATableCell[2]}">
      <![CDATA[org.openqa.selenium.NoSuchElementException: An element could not be located on the page using the given search parameters. (WARNING: The server did not provide any stacktrace information)
Command duration or timeout: 21.08 seconds
For documentation on this error, please visit: http://seleniumhq.org/exceptions/no_such_element.html
Build info: version: '2.53.0', revision: '35ae25b1534ae328c771e0856c93e187490ca824', time: '2016-03-15 10:43:46'
System info: host: 'Prasannas-MacBook-Pro.local', ip: '10.10.4.140', os.name: 'Mac OS X', os.arch: 'x86_64', os.version: '10.11.4', java.version: '1.8.0_65'
Driver info: io.appium.java_client.ios.IOSDriver
Capabilities [{unicodekeyboard=true, app=/Users/automation/Downloads/IndiaSulekha6.3.2.ipa, networkConnectionEnabled=false, bundleId=com.appid.sulekhauserapp, databaseEnabled=false, deviceName=iPhone 5, fullReset=true, platform=MAC, showIOSLog=true, desired={unicodekeyboard=true, app=/Users/automation/Downloads/IndiaSulekha6.3.2.ipa, showIOSLog=true, platformVersion=9.3.2, automationName=Appium, bundleId=com.appid.sulekhauserapp, platformName=iOS, udid=2dde13a2961f5f1c6f5a0f737daf13bcb43457ef, deviceName=iPhone 5, fullReset=true}, platformVersion=9.3.2, webStorageEnabled=false, locationContextEnabled=false, automationName=Appium, browserName=, takesScreenshot=true, javascriptEnabled=true, platformName=iOS, udid=2dde13a2961f5f1c6f5a0f737daf13bcb43457ef}]
Session ID: 9d3852d3-f7bf-4d95-840c-5968a30953a4
*** Element info: {Using=xpath, value=//UIAApplication[1]/UIAWindow[1]/UIAScrollView[1]/UIATableView[1]/UIATableCell[2]}
	at org.openqa.selenium.remote.ErrorHandler.createThrowable(ErrorHandler.java:206)
	at org.openqa.selenium.remote.ErrorHandler.throwIfResponseFailed(ErrorHandler.java:158)
	at org.openqa.selenium.remote.RemoteWebDriver.execute(RemoteWebDriver.java:678)
	at io.appium.java_client.DefaultGenericMobileDriver.execute(DefaultGenericMobileDriver.java:43)
	at io.appium.java_client.AppiumDriver.execute(AppiumDriver.java:1)
	at io.appium.java_client.ios.IOSDriver.execute(IOSDriver.java:1)
	at org.openqa.selenium.remote.RemoteWebDriver.findElement(RemoteWebDriver.java:363)
	at org.openqa.selenium.remote.RemoteWebDriver.findElementByXPath(RemoteWebDriver.java:500)
	at io.appium.java_client.DefaultGenericMobileDriver.findElementByXPath(DefaultGenericMobileDriver.java:129)
	at io.appium.java_client.AppiumDriver.findElementByXPath(AppiumDriver.java:1)
	at io.appium.java_client.ios.IOSDriver.findElementByXPath(IOSDriver.java:1)
	at org.openqa.selenium.By$ByXPath.findElement(By.java:361)
	at org.openqa.selenium.remote.RemoteWebDriver.findElement(RemoteWebDriver.java:355)
	at io.appium.java_client.DefaultGenericMobileDriver.findElement(DefaultGenericMobileDriver.java:51)
	at io.appium.java_client.AppiumDriver.findElement(AppiumDriver.java:1)
	at io.appium.java_client.ios.IOSDriver.findElement(IOSDriver.java:1)
	at org.openqa.selenium.support.pagefactory.DefaultElementLocator.findElement(DefaultElementLocator.java:69)
	at org.openqa.selenium.support.pagefactory.internal.LocatingElementHandler.invoke(LocatingElementHandler.java:38)
	at com.sun.proxy.$Proxy8.click(Unknown Source)
	at com.test.po.BusinessProfilePO.navigateToBusinessProfile(BusinessProfilePO.java:567)
	at com.test.scripts.BusinessProfile.testAddressTap(BusinessProfile.java:387)
... Removed 28 stack frames]]>
    </failure>
  </testcase> <!-- testAddressTap -->
  <testcase name="testEmailIcon" time="142.125" classname="com.test.scripts.BusinessProfile"/>
  <testcase name="testWebIcon" time="148.152" classname="com.test.scripts.BusinessProfile"/>
  <testcase name="testServicesOffered" time="125.178" classname="com.test.scripts.BusinessProfile"/>
  <testcase name="testBusinessWebsiteLnk" time="154.268" classname="com.test.scripts.BusinessProfile"/>
  <testcase name="testAnyReview" time="134.494" classname="com.test.scripts.BusinessProfile"/>
  <testcase name="testMoreReview" time="186.226" classname="com.test.scripts.BusinessProfile"/>
  <testcase name="testWriteReview" time="152.466" classname="com.test.scripts.BusinessProfile"/>
  <testcase name="testSubmitWORateReview" time="119.254" classname="com.test.scripts.BusinessProfile">
    <failure type="java.lang.AssertionError" message="Business Profile page is not displayed expected [true] but found [false]">
      <![CDATA[java.lang.AssertionError: Business Profile page is not displayed expected [true] but found [false]
	at com.test.po.BusinessProfilePO.navigateToBusinessProfile(BusinessProfilePO.java:574)
	at com.test.scripts.BusinessProfile.testSubmitWORateReview(BusinessProfile.java:674)
... Removed 27 stack frames]]>
    </failure>
  </testcase> <!-- testSubmitWORateReview -->
  <testcase name="testRateReview" time="163.467" classname="com.test.scripts.BusinessProfile"/>
  <testcase name="testSubmitReview" time="204.907" classname="com.test.scripts.BusinessProfile"/>
</testsuite> <!-- BusinessProfile -->
