<html>
<head>
<title>TestNG:  Join</title>
<link href="../testng.css" rel="stylesheet" type="text/css" />
<link href="../my-testng.css" rel="stylesheet" type="text/css" />

<style type="text/css">
.log { display: none;} 
.stack-trace { display: none;} 
</style>
<script type="text/javascript">
<!--
function flip(e) {
  current = e.style.display;
  if (current == 'block') {
    e.style.display = 'none';
    return 0;
  }
  else {
    e.style.display = 'block';
    return 1;
  }
}

function toggleBox(szDivId, elem, msg1, msg2)
{
  var res = -1;  if (document.getElementById) {
    res = flip(document.getElementById(szDivId));
  }
  else if (document.all) {
    // this is the way old msie versions work
    res = flip(document.all[szDivId]);
  }
  if(elem) {
    if(res == 0) elem.innerHTML = msg1; else elem.innerHTML = msg2;
  }

}

function toggleAllBoxes() {
  if (document.getElementsByTagName) {
    d = document.getElementsByTagName('div');
    for (i = 0; i < d.length; i++) {
      if (d[i].className == 'log') {
        flip(d[i]);
      }
    }
  }
}

// -->
</script>

</head>
<body>
<h2 align='center'>Join</h2><table border='1' align="center">
<tr>
<td>Tests passed/Failed/Skipped:</td><td>13/2/0</td>
</tr><tr>
<td>Started on:</td><td>Fri Jun 17 12:41:07 IST 2016</td>
</tr>
<tr><td>Total time:</td><td>2120 seconds (2120807 ms)</td>
</tr><tr>
<td>Included groups:</td><td></td>
</tr><tr>
<td>Excluded groups:</td><td></td>
</tr>
</table><p/>
<small><i>(Hover the method name to see the test class name)</i></small><p/>
<table width='100%' border='1' class='invocation-failed'>
<tr><td colspan='4' align='center'><b>FAILED TESTS</b></td></tr>
<tr><td><b>Test method</b></td>
<td width="30%"><b>Exception</b></td>
<td width="10%"><b>Time (seconds)</b></td>
<td><b>Instance</b></td>
</tr>
<tr>
<td title='com.test.scripts.Join.testSkipLnk()'><b>testSkipLnk</b><br>Test class: com.test.scripts.Join<br>Test method:  To tap over 'skip' link in join sulekha page and verify if home page is displayed<br/>
<a href="#Output-412788346" onClick='toggleBox("Output-412788346", this, "Show output", "Hide output");'>Show output</a>

<a href="#Output-412788346" onClick="toggleAllBoxes();">Show all outputs</a>
<div class='log' id="Output-412788346">
STEP106<br/>
STEP107<br/>
STEP108<br/>
STEP109<br/>
</div>
</td>
<td><div><pre>org.openqa.selenium.NoSuchElementException: An element could not be located on the page using the given search parameters. (WARNING: The server did not provide any stacktrace information)
Command duration or timeout: 20.50 seconds
For documentation on this error, please visit: http://seleniumhq.org/exceptions/no_such_element.html
Build info: version: &apos;2.53.0&apos;, revision: &apos;35ae25b1534ae328c771e0856c93e187490ca824&apos;, time: &apos;2016-03-15 10:43:46&apos;
System info: host: &apos;Prasannas-MacBook-Pro.local&apos;, ip: &apos;10.10.4.140&apos;, os.name: &apos;Mac OS X&apos;, os.arch: &apos;x86_64&apos;, os.version: &apos;10.11.4&apos;, java.version: &apos;1.8.0_65&apos;
Driver info: io.appium.java_client.ios.IOSDriver
Capabilities [{unicodekeyboard=true, app=/Users/automation/Downloads/IndiaSulekha6.3.2.ipa, networkConnectionEnabled=false, bundleId=com.appid.sulekhauserapp, databaseEnabled=false, deviceName=iPhone 5, fullReset=true, platform=MAC, showIOSLog=true, desired={unicodekeyboard=true, app=/Users/automation/Downloads/IndiaSulekha6.3.2.ipa, showIOSLog=true, platformVersion=9.3.2, automationName=Appium, bundleId=com.appid.sulekhauserapp, platformName=iOS, udid=2dde13a2961f5f1c6f5a0f737daf13bcb43457ef, deviceName=iPhone 5, fullReset=true}, platformVersion=9.3.2, webStorageEnabled=false, locationContextEnabled=false, automationName=Appium, browserName=, takesScreenshot=true, javascriptEnabled=true, platformName=iOS, udid=2dde13a2961f5f1c6f5a0f737daf13bcb43457ef}]
Session ID: cc5132fa-2a6e-4877-a7a3-67b90ce10932
*** Element info: {Using=xpath, value=//UIAStaticText[@name=&apos;Popular Categories&apos;]}
	at org.openqa.selenium.remote.ErrorHandler.createThrowable(ErrorHandler.java:206)
	at org.openqa.selenium.remote.ErrorHandler.throwIfResponseFailed(ErrorHandler.java:158)
	at org.openqa.selenium.remote.RemoteWebDriver.execute(RemoteWebDriver.java:678)
	at io.appium.java_client.DefaultGenericMobileDriver.execute(DefaultGenericMobileDriver.java:43)
	at io.appium.java_client.AppiumDriver.execute(AppiumDriver.java:1)
	at io.appium.java_client.ios.IOSDriver.execute(IOSDriver.java:1)
	at org.openqa.selenium.remote.RemoteWebDriver.findElement(RemoteWebDriver.java:363)
	at org.openqa.selenium.remote.RemoteWebDriver.findElementByXPath(RemoteWebDriver.java:500)
	at io.appium.java_client.DefaultGenericMobileDriver.findElementByXPath(DefaultGenericMobileDriver.java:129)
	at io.appium.java_client.AppiumDriver.findElementByXPath(AppiumDriver.java:1)
	at io.appium.java_client.ios.IOSDriver.findElementByXPath(IOSDriver.java:1)
	at org.openqa.selenium.By$ByXPath.findElement(By.java:361)
	at org.openqa.selenium.remote.RemoteWebDriver.findElement(RemoteWebDriver.java:355)
	at io.appium.java_client.DefaultGenericMobileDriver.findElement(DefaultGenericMobileDriver.java:51)
	at io.appium.java_client.AppiumDriver.findElement(AppiumDriver.java:1)
	at io.appium.java_client.ios.IOSDriver.findElement(IOSDriver.java:1)
	at org.openqa.selenium.support.pagefactory.DefaultElementLocator.findElement(DefaultElementLocator.java:69)
	at org.openqa.selenium.support.pagefactory.internal.LocatingElementHandler.invoke(LocatingElementHandler.java:38)
	at com.sun.proxy.$Proxy8.isDisplayed(Unknown Source)
	at com.test.scripts.Join.testSkipLnk(Join.java:413)
... Removed 28 stack frames</pre></div><a href='#' onClick='toggleBox("stack-trace412788346", this, "Click to show all stack frames", "Click to hide stack frames")'>Click to show all stack frames</a>
<div class='stack-trace' id='stack-trace412788346'><pre>org.openqa.selenium.NoSuchElementException: An element could not be located on the page using the given search parameters. (WARNING: The server did not provide any stacktrace information)
Command duration or timeout: 20.50 seconds
For documentation on this error, please visit: http://seleniumhq.org/exceptions/no_such_element.html
Build info: version: &apos;2.53.0&apos;, revision: &apos;35ae25b1534ae328c771e0856c93e187490ca824&apos;, time: &apos;2016-03-15 10:43:46&apos;
System info: host: &apos;Prasannas-MacBook-Pro.local&apos;, ip: &apos;10.10.4.140&apos;, os.name: &apos;Mac OS X&apos;, os.arch: &apos;x86_64&apos;, os.version: &apos;10.11.4&apos;, java.version: &apos;1.8.0_65&apos;
Driver info: io.appium.java_client.ios.IOSDriver
Capabilities [{unicodekeyboard=true, app=/Users/automation/Downloads/IndiaSulekha6.3.2.ipa, networkConnectionEnabled=false, bundleId=com.appid.sulekhauserapp, databaseEnabled=false, deviceName=iPhone 5, fullReset=true, platform=MAC, showIOSLog=true, desired={unicodekeyboard=true, app=/Users/automation/Downloads/IndiaSulekha6.3.2.ipa, showIOSLog=true, platformVersion=9.3.2, automationName=Appium, bundleId=com.appid.sulekhauserapp, platformName=iOS, udid=2dde13a2961f5f1c6f5a0f737daf13bcb43457ef, deviceName=iPhone 5, fullReset=true}, platformVersion=9.3.2, webStorageEnabled=false, locationContextEnabled=false, automationName=Appium, browserName=, takesScreenshot=true, javascriptEnabled=true, platformName=iOS, udid=2dde13a2961f5f1c6f5a0f737daf13bcb43457ef}]
Session ID: cc5132fa-2a6e-4877-a7a3-67b90ce10932
*** Element info: {Using=xpath, value=//UIAStaticText[@name=&apos;Popular Categories&apos;]}
	at sun.reflect.NativeConstructorAccessorImpl.newInstance0(Native Method)
	at sun.reflect.NativeConstructorAccessorImpl.newInstance(NativeConstructorAccessorImpl.java:62)
	at sun.reflect.DelegatingConstructorAccessorImpl.newInstance(DelegatingConstructorAccessorImpl.java:45)
	at java.lang.reflect.Constructor.newInstance(Constructor.java:422)
	at org.openqa.selenium.remote.ErrorHandler.createThrowable(ErrorHandler.java:206)
	at org.openqa.selenium.remote.ErrorHandler.throwIfResponseFailed(ErrorHandler.java:158)
	at org.openqa.selenium.remote.RemoteWebDriver.execute(RemoteWebDriver.java:678)
	at io.appium.java_client.DefaultGenericMobileDriver.execute(DefaultGenericMobileDriver.java:43)
	at io.appium.java_client.AppiumDriver.execute(AppiumDriver.java:1)
	at io.appium.java_client.ios.IOSDriver.execute(IOSDriver.java:1)
	at org.openqa.selenium.remote.RemoteWebDriver.findElement(RemoteWebDriver.java:363)
	at org.openqa.selenium.remote.RemoteWebDriver.findElementByXPath(RemoteWebDriver.java:500)
	at io.appium.java_client.DefaultGenericMobileDriver.findElementByXPath(DefaultGenericMobileDriver.java:129)
	at io.appium.java_client.AppiumDriver.findElementByXPath(AppiumDriver.java:1)
	at io.appium.java_client.ios.IOSDriver.findElementByXPath(IOSDriver.java:1)
	at org.openqa.selenium.By$ByXPath.findElement(By.java:361)
	at org.openqa.selenium.remote.RemoteWebDriver.findElement(RemoteWebDriver.java:355)
	at io.appium.java_client.DefaultGenericMobileDriver.findElement(DefaultGenericMobileDriver.java:51)
	at io.appium.java_client.AppiumDriver.findElement(AppiumDriver.java:1)
	at io.appium.java_client.ios.IOSDriver.findElement(IOSDriver.java:1)
	at org.openqa.selenium.support.pagefactory.DefaultElementLocator.findElement(DefaultElementLocator.java:69)
	at org.openqa.selenium.support.pagefactory.internal.LocatingElementHandler.invoke(LocatingElementHandler.java:38)
	at com.sun.proxy.$Proxy8.isDisplayed(Unknown Source)
	at com.test.scripts.Join.testSkipLnk(Join.java:413)
	at sun.reflect.NativeMethodAccessorImpl.invoke0(Native Method)
	at sun.reflect.NativeMethodAccessorImpl.invoke(NativeMethodAccessorImpl.java:62)
	at sun.reflect.DelegatingMethodAccessorImpl.invoke(DelegatingMethodAccessorImpl.java:43)
	at java.lang.reflect.Method.invoke(Method.java:497)
	at org.testng.internal.MethodInvocationHelper.invokeMethod(MethodInvocationHelper.java:85)
	at org.testng.internal.Invoker.invokeMethod(Invoker.java:659)
	at org.testng.internal.Invoker.invokeTestMethod(Invoker.java:845)
	at org.testng.internal.Invoker.invokeTestMethods(Invoker.java:1153)
	at org.testng.internal.TestMethodWorker.invokeTestMethods(TestMethodWorker.java:125)
	at org.testng.internal.TestMethodWorker.run(TestMethodWorker.java:108)
	at org.testng.TestRunner.privateRun(TestRunner.java:771)
	at org.testng.TestRunner.run(TestRunner.java:621)
	at org.testng.SuiteRunner.runTest(SuiteRunner.java:357)
	at org.testng.SuiteRunner.runSequentially(SuiteRunner.java:352)
	at org.testng.SuiteRunner.privateRun(SuiteRunner.java:310)
	at org.testng.SuiteRunner.run(SuiteRunner.java:259)
	at org.testng.SuiteRunnerWorker.runSuite(SuiteRunnerWorker.java:52)
	at org.testng.SuiteRunnerWorker.run(SuiteRunnerWorker.java:86)
	at org.testng.TestNG.runSuitesSequentially(TestNG.java:1199)
	at org.testng.TestNG.runSuitesLocally(TestNG.java:1124)
	at org.testng.TestNG.run(TestNG.java:1032)
	at org.testng.remote.AbstractRemoteTestNG.run(AbstractRemoteTestNG.java:126)
	at org.testng.remote.RemoteTestNG.initAndRun(RemoteTestNG.java:137)
	at org.testng.remote.RemoteTestNG.main(RemoteTestNG.java:58)
</pre></div></td>
<td>51</td>
<td>com.test.scripts.Join@5abca1e0</td></tr>
<tr>
<td title='com.test.scripts.Join.testWithoutMobileNum()'><b>testWithoutMobileNum</b><br>Test class: com.test.scripts.Join<br>Test method: Tap over 'join now' without entering mobile number<br/>
<a href="#Output-1988644427" onClick='toggleBox("Output-1988644427", this, "Show output", "Hide output");'>Show output</a>

<a href="#Output-1988644427" onClick="toggleAllBoxes();">Show all outputs</a>
<div class='log' id="Output-1988644427">
STEP44<br/>
STEP45<br/>
</div>
</td>
<td><div><pre>org.openqa.selenium.NoSuchElementException: An element could not be located on the page using the given search parameters. (WARNING: The server did not provide any stacktrace information)
Command duration or timeout: 4.00 seconds
For documentation on this error, please visit: http://seleniumhq.org/exceptions/no_such_element.html
Build info: version: &apos;2.53.0&apos;, revision: &apos;35ae25b1534ae328c771e0856c93e187490ca824&apos;, time: &apos;2016-03-15 10:43:46&apos;
System info: host: &apos;Prasannas-MacBook-Pro.local&apos;, ip: &apos;10.10.4.140&apos;, os.name: &apos;Mac OS X&apos;, os.arch: &apos;x86_64&apos;, os.version: &apos;10.11.4&apos;, java.version: &apos;1.8.0_65&apos;
Driver info: io.appium.java_client.ios.IOSDriver
Capabilities [{unicodekeyboard=true, app=/Users/automation/Downloads/IndiaSulekha6.3.2.ipa, networkConnectionEnabled=false, bundleId=com.appid.sulekhauserapp, databaseEnabled=false, deviceName=iPhone 5, fullReset=true, platform=MAC, showIOSLog=true, desired={unicodekeyboard=true, app=/Users/automation/Downloads/IndiaSulekha6.3.2.ipa, showIOSLog=true, platformVersion=9.3.2, automationName=Appium, bundleId=com.appid.sulekhauserapp, platformName=iOS, udid=2dde13a2961f5f1c6f5a0f737daf13bcb43457ef, deviceName=iPhone 5, fullReset=true}, platformVersion=9.3.2, webStorageEnabled=false, locationContextEnabled=false, automationName=Appium, browserName=, takesScreenshot=true, javascriptEnabled=true, platformName=iOS, udid=2dde13a2961f5f1c6f5a0f737daf13bcb43457ef}]
Session ID: 00047e4f-47e4-43bf-bb87-f7a2dc65858e
*** Element info: {Using=xpath, value=//UIAButton[@name=&apos;OK&apos;]}
	at org.openqa.selenium.remote.ErrorHandler.createThrowable(ErrorHandler.java:206)
	at org.openqa.selenium.remote.ErrorHandler.throwIfResponseFailed(ErrorHandler.java:158)
	at org.openqa.selenium.remote.RemoteWebDriver.execute(RemoteWebDriver.java:678)
	at io.appium.java_client.DefaultGenericMobileDriver.execute(DefaultGenericMobileDriver.java:43)
	at io.appium.java_client.AppiumDriver.execute(AppiumDriver.java:1)
	at io.appium.java_client.ios.IOSDriver.execute(IOSDriver.java:1)
	at org.openqa.selenium.remote.RemoteWebDriver.findElement(RemoteWebDriver.java:363)
	at org.openqa.selenium.remote.RemoteWebDriver.findElementByXPath(RemoteWebDriver.java:500)
	at io.appium.java_client.DefaultGenericMobileDriver.findElementByXPath(DefaultGenericMobileDriver.java:129)
	at io.appium.java_client.AppiumDriver.findElementByXPath(AppiumDriver.java:1)
	at io.appium.java_client.ios.IOSDriver.findElementByXPath(IOSDriver.java:1)
	at org.openqa.selenium.By$ByXPath.findElement(By.java:361)
	at org.openqa.selenium.remote.RemoteWebDriver.findElement(RemoteWebDriver.java:355)
	at io.appium.java_client.DefaultGenericMobileDriver.findElement(DefaultGenericMobileDriver.java:51)
	at io.appium.java_client.AppiumDriver.findElement(AppiumDriver.java:1)
	at io.appium.java_client.ios.IOSDriver.findElement(IOSDriver.java:1)
	at org.openqa.selenium.support.pagefactory.DefaultElementLocator.findElement(DefaultElementLocator.java:69)
	at org.openqa.selenium.support.pagefactory.internal.LocatingElementHandler.invoke(LocatingElementHandler.java:38)
	at com.sun.proxy.$Proxy8.isDisplayed(Unknown Source)
	at com.test.po.WelcomePO.toHandleAlertPopup(WelcomePO.java:274)
	at com.test.scripts.Join.testWithoutMobileNum(Join.java:53)
... Removed 28 stack frames</pre></div><a href='#' onClick='toggleBox("stack-trace1988644427", this, "Click to show all stack frames", "Click to hide stack frames")'>Click to show all stack frames</a>
<div class='stack-trace' id='stack-trace1988644427'><pre>org.openqa.selenium.NoSuchElementException: An element could not be located on the page using the given search parameters. (WARNING: The server did not provide any stacktrace information)
Command duration or timeout: 4.00 seconds
For documentation on this error, please visit: http://seleniumhq.org/exceptions/no_such_element.html
Build info: version: &apos;2.53.0&apos;, revision: &apos;35ae25b1534ae328c771e0856c93e187490ca824&apos;, time: &apos;2016-03-15 10:43:46&apos;
System info: host: &apos;Prasannas-MacBook-Pro.local&apos;, ip: &apos;10.10.4.140&apos;, os.name: &apos;Mac OS X&apos;, os.arch: &apos;x86_64&apos;, os.version: &apos;10.11.4&apos;, java.version: &apos;1.8.0_65&apos;
Driver info: io.appium.java_client.ios.IOSDriver
Capabilities [{unicodekeyboard=true, app=/Users/automation/Downloads/IndiaSulekha6.3.2.ipa, networkConnectionEnabled=false, bundleId=com.appid.sulekhauserapp, databaseEnabled=false, deviceName=iPhone 5, fullReset=true, platform=MAC, showIOSLog=true, desired={unicodekeyboard=true, app=/Users/automation/Downloads/IndiaSulekha6.3.2.ipa, showIOSLog=true, platformVersion=9.3.2, automationName=Appium, bundleId=com.appid.sulekhauserapp, platformName=iOS, udid=2dde13a2961f5f1c6f5a0f737daf13bcb43457ef, deviceName=iPhone 5, fullReset=true}, platformVersion=9.3.2, webStorageEnabled=false, locationContextEnabled=false, automationName=Appium, browserName=, takesScreenshot=true, javascriptEnabled=true, platformName=iOS, udid=2dde13a2961f5f1c6f5a0f737daf13bcb43457ef}]
Session ID: 00047e4f-47e4-43bf-bb87-f7a2dc65858e
*** Element info: {Using=xpath, value=//UIAButton[@name=&apos;OK&apos;]}
	at sun.reflect.NativeConstructorAccessorImpl.newInstance0(Native Method)
	at sun.reflect.NativeConstructorAccessorImpl.newInstance(NativeConstructorAccessorImpl.java:62)
	at sun.reflect.DelegatingConstructorAccessorImpl.newInstance(DelegatingConstructorAccessorImpl.java:45)
	at java.lang.reflect.Constructor.newInstance(Constructor.java:422)
	at org.openqa.selenium.remote.ErrorHandler.createThrowable(ErrorHandler.java:206)
	at org.openqa.selenium.remote.ErrorHandler.throwIfResponseFailed(ErrorHandler.java:158)
	at org.openqa.selenium.remote.RemoteWebDriver.execute(RemoteWebDriver.java:678)
	at io.appium.java_client.DefaultGenericMobileDriver.execute(DefaultGenericMobileDriver.java:43)
	at io.appium.java_client.AppiumDriver.execute(AppiumDriver.java:1)
	at io.appium.java_client.ios.IOSDriver.execute(IOSDriver.java:1)
	at org.openqa.selenium.remote.RemoteWebDriver.findElement(RemoteWebDriver.java:363)
	at org.openqa.selenium.remote.RemoteWebDriver.findElementByXPath(RemoteWebDriver.java:500)
	at io.appium.java_client.DefaultGenericMobileDriver.findElementByXPath(DefaultGenericMobileDriver.java:129)
	at io.appium.java_client.AppiumDriver.findElementByXPath(AppiumDriver.java:1)
	at io.appium.java_client.ios.IOSDriver.findElementByXPath(IOSDriver.java:1)
	at org.openqa.selenium.By$ByXPath.findElement(By.java:361)
	at org.openqa.selenium.remote.RemoteWebDriver.findElement(RemoteWebDriver.java:355)
	at io.appium.java_client.DefaultGenericMobileDriver.findElement(DefaultGenericMobileDriver.java:51)
	at io.appium.java_client.AppiumDriver.findElement(AppiumDriver.java:1)
	at io.appium.java_client.ios.IOSDriver.findElement(IOSDriver.java:1)
	at org.openqa.selenium.support.pagefactory.DefaultElementLocator.findElement(DefaultElementLocator.java:69)
	at org.openqa.selenium.support.pagefactory.internal.LocatingElementHandler.invoke(LocatingElementHandler.java:38)
	at com.sun.proxy.$Proxy8.isDisplayed(Unknown Source)
	at com.test.po.WelcomePO.toHandleAlertPopup(WelcomePO.java:274)
	at com.test.scripts.Join.testWithoutMobileNum(Join.java:53)
	at sun.reflect.NativeMethodAccessorImpl.invoke0(Native Method)
	at sun.reflect.NativeMethodAccessorImpl.invoke(NativeMethodAccessorImpl.java:62)
	at sun.reflect.DelegatingMethodAccessorImpl.invoke(DelegatingMethodAccessorImpl.java:43)
	at java.lang.reflect.Method.invoke(Method.java:497)
	at org.testng.internal.MethodInvocationHelper.invokeMethod(MethodInvocationHelper.java:85)
	at org.testng.internal.Invoker.invokeMethod(Invoker.java:659)
	at org.testng.internal.Invoker.invokeTestMethod(Invoker.java:845)
	at org.testng.internal.Invoker.invokeTestMethods(Invoker.java:1153)
	at org.testng.internal.TestMethodWorker.invokeTestMethods(TestMethodWorker.java:125)
	at org.testng.internal.TestMethodWorker.run(TestMethodWorker.java:108)
	at org.testng.TestRunner.privateRun(TestRunner.java:771)
	at org.testng.TestRunner.run(TestRunner.java:621)
	at org.testng.SuiteRunner.runTest(SuiteRunner.java:357)
	at org.testng.SuiteRunner.runSequentially(SuiteRunner.java:352)
	at org.testng.SuiteRunner.privateRun(SuiteRunner.java:310)
	at org.testng.SuiteRunner.run(SuiteRunner.java:259)
	at org.testng.SuiteRunnerWorker.runSuite(SuiteRunnerWorker.java:52)
	at org.testng.SuiteRunnerWorker.run(SuiteRunnerWorker.java:86)
	at org.testng.TestNG.runSuitesSequentially(TestNG.java:1199)
	at org.testng.TestNG.runSuitesLocally(TestNG.java:1124)
	at org.testng.TestNG.run(TestNG.java:1032)
	at org.testng.remote.AbstractRemoteTestNG.run(AbstractRemoteTestNG.java:126)
	at org.testng.remote.RemoteTestNG.initAndRun(RemoteTestNG.java:137)
	at org.testng.remote.RemoteTestNG.main(RemoteTestNG.java:58)
</pre></div></td>
<td>26</td>
<td>com.test.scripts.Join@5abca1e0</td></tr>
</table><p>
<table width='100%' border='1' class='invocation-passed'>
<tr><td colspan='4' align='center'><b>PASSED TESTS</b></td></tr>
<tr><td><b>Test method</b></td>
<td width="30%"><b>Exception</b></td>
<td width="10%"><b>Time (seconds)</b></td>
<td><b>Instance</b></td>
</tr>
<tr>
<td title='com.test.scripts.Join.test6DigitVerificationCode()'><b>test6DigitVerificationCode</b><br>Test class: com.test.scripts.Join<br>Test method: Check entering less than 6-digit verification code<br/>
<a href="#Output-1082411691" onClick='toggleBox("Output-1082411691", this, "Show output", "Hide output");'>Show output</a>

<a href="#Output-1082411691" onClick="toggleAllBoxes();">Show all outputs</a>
<div class='log' id="Output-1082411691">
STEP87<br/>
STEP88<br/>
STEP89<br/>
STEP90<br/>
STEP91<br/>
</div>
</td>
<td></td>
<td>54</td>
<td>com.test.scripts.Join@5abca1e0</td></tr>
<tr>
<td title='com.test.scripts.Join.testEditIcon()'><b>testEditIcon</b><br>Test class: com.test.scripts.Join<br>Test method: To tap over edit icon in the OTP page and verify if join sulekha page appears.<br/>
<a href="#Output-207471778" onClick='toggleBox("Output-207471778", this, "Show output", "Hide output");'>Show output</a>

<a href="#Output-207471778" onClick="toggleAllBoxes();">Show all outputs</a>
<div class='log' id="Output-207471778">
STEP96<br/>
STEP97<br/>
STEP98<br/>
STEP99<br/>
STEP100<br/>
</div>
</td>
<td></td>
<td>46</td>
<td>com.test.scripts.Join@5abca1e0</td></tr>
<tr>
<td title='com.test.scripts.Join.testInvalidMobileNum()'><b>testInvalidMobileNum</b><br>Test class: com.test.scripts.Join<br>Test method: Tap over 'join now' by entering invalid mobile number<br/>
<a href="#Output-1648232591" onClick='toggleBox("Output-1648232591", this, "Show output", "Hide output");'>Show output</a>

<a href="#Output-1648232591" onClick="toggleAllBoxes();">Show all outputs</a>
<div class='log' id="Output-1648232591">
STEP46<br/>
STEP47<br/>
STEP48<br/>
STEP49<br/>
</div>
</td>
<td></td>
<td>41</td>
<td>com.test.scripts.Join@5abca1e0</td></tr>
<tr>
<td title='com.test.scripts.Join.testInvalidOtp()'><b>testInvalidOtp</b><br>Test class: com.test.scripts.Join<br>Test method: check entering invalid otp<br/>
<a href="#Output-166694583" onClick='toggleBox("Output-166694583", this, "Show output", "Hide output");'>Show output</a>

<a href="#Output-166694583" onClick="toggleAllBoxes();">Show all outputs</a>
<div class='log' id="Output-166694583">
STEP82<br/>
STEP83<br/>
STEP84<br/>
STEP85<br/>
STEP86<br/>
</div>
</td>
<td></td>
<td>54</td>
<td>com.test.scripts.Join@5abca1e0</td></tr>
<tr>
<td title='com.test.scripts.Join.testLoginLnk()'><b>testLoginLnk</b><br>Test class: com.test.scripts.Join<br>Test method: To tap over 'login' link in the join sulekha page and verify if 'login page is displayed<br/>
<a href="#Output-1839168128" onClick='toggleBox("Output-1839168128", this, "Show output", "Hide output");'>Show output</a>

<a href="#Output-1839168128" onClick="toggleAllBoxes();">Show all outputs</a>
<div class='log' id="Output-1839168128">
STEP110<br/>
STEP111<br/>
STEP112<br/>
STEP113<br/>
</div>
</td>
<td></td>
<td>30</td>
<td>com.test.scripts.Join@5abca1e0</td></tr>
<tr>
<td title='com.test.scripts.Join.testOTPTimeLimit()'><b>testOTPTimeLimit</b><br>Test class: com.test.scripts.Join<br>Test method: Checking OTP time limit<br/>
<a href="#Output-151442075" onClick='toggleBox("Output-151442075", this, "Show output", "Hide output");'>Show output</a>

<a href="#Output-151442075" onClick="toggleAllBoxes();">Show all outputs</a>
<div class='log' id="Output-151442075">
STEP59<br/>
STEP60<br/>
STEP61<br/>
STEP62<br/>
STEP63<br/>
</div>
</td>
<td></td>
<td>157</td>
<td>com.test.scripts.Join@5abca1e0</td></tr>
<tr>
<td title='com.test.scripts.Join.testOtpReceivedSms()'><b>testOtpReceivedSms</b><br>Test class: com.test.scripts.Join<br>Test method: Check entering the OTP received through SMS<br/>
<a href="#Output-2008106788" onClick='toggleBox("Output-2008106788", this, "Show output", "Hide output");'>Show output</a>

<a href="#Output-2008106788" onClick="toggleAllBoxes();">Show all outputs</a>
<div class='log' id="Output-2008106788">
STEP71<br/>
STEP72<br/>
STEP73<br/>
STEP74<br/>
STEP75<br/>
STEP76<br/>
</div>
</td>
<td></td>
<td>175</td>
<td>com.test.scripts.Join@5abca1e0</td></tr>
<tr>
<td title='com.test.scripts.Join.testReceivedOTP()'><b>testReceivedOTP</b><br>Test class: com.test.scripts.Join<br>Test method: Check entering the received OTP<br/>
<a href="#Output-1053967012" onClick='toggleBox("Output-1053967012", this, "Show output", "Hide output");'>Show output</a>

<a href="#Output-1053967012" onClick="toggleAllBoxes();">Show all outputs</a>
<div class='log' id="Output-1053967012">
STEP54<br/>
STEP55<br/>
STEP56<br/>
STEP57<br/>
STEP58<br/>
</div>
</td>
<td></td>
<td>49</td>
<td>com.test.scripts.Join@5abca1e0</td></tr>
<tr>
<td title='com.test.scripts.Join.testResendCode()'><b>testResendCode</b><br>Test class: com.test.scripts.Join<br>Test method: Tap on Resend code button displayed in OTP page after 120 seconds time up<br/>
<a href="#Output-1569435561" onClick='toggleBox("Output-1569435561", this, "Show output", "Hide output");'>Show output</a>

<a href="#Output-1569435561" onClick="toggleAllBoxes();">Show all outputs</a>
<div class='log' id="Output-1569435561">
STEP64<br/>
STEP65<br/>
STEP66<br/>
STEP67<br/>
STEP68<br/>
STEP69<br/>
STEP70<br/>
</div>
</td>
<td></td>
<td>167</td>
<td>com.test.scripts.Join@5abca1e0</td></tr>
<tr>
<td title='com.test.scripts.Join.testTermsCondition()'><b>testTermsCondition</b><br>Test class: com.test.scripts.Join<br>Test method: To tap over 'T & C' link in the join sulekha page<br/>
<a href="#Output-686349795" onClick='toggleBox("Output-686349795", this, "Show output", "Hide output");'>Show output</a>

<a href="#Output-686349795" onClick="toggleAllBoxes();">Show all outputs</a>
<div class='log' id="Output-686349795">
STEP92<br/>
STEP93<br/>
STEP94<br/>
STEP95<br/>
</div>
</td>
<td></td>
<td>31</td>
<td>com.test.scripts.Join@5abca1e0</td></tr>
<tr>
<td title='com.test.scripts.Join.testTnCBackIcn()'><b>testTnCBackIcn</b><br>Test class: com.test.scripts.Join<br>Test method: Tap over Back button from Terms and conditions page.<br/>
<a href="#Output-1449772539" onClick='toggleBox("Output-1449772539", this, "Show output", "Hide output");'>Show output</a>

<a href="#Output-1449772539" onClick="toggleAllBoxes();">Show all outputs</a>
<div class='log' id="Output-1449772539">
STEP101<br/>
STEP102<br/>
STEP103<br/>
STEP104<br/>
STEP105<br/>
</div>
</td>
<td></td>
<td>45</td>
<td>com.test.scripts.Join@5abca1e0</td></tr>
<tr>
<td title='com.test.scripts.Join.testValidMobileNum()'><b>testValidMobileNum</b><br>Test class: com.test.scripts.Join<br>Test method: Tap over 'join now' button by entering valid mobile number<br/>
<a href="#Output-473053293" onClick='toggleBox("Output-473053293", this, "Show output", "Hide output");'>Show output</a>

<a href="#Output-473053293" onClick="toggleAllBoxes();">Show all outputs</a>
<div class='log' id="Output-473053293">
STEP50<br/>
STEP51<br/>
STEP52<br/>
STEP53<br/>
</div>
</td>
<td></td>
<td>37</td>
<td>com.test.scripts.Join@5abca1e0</td></tr>
<tr>
<td title='com.test.scripts.Join.testWOVerificationCode()'><b>testWOVerificationCode</b><br>Test class: com.test.scripts.Join<br>Test method:  To tap on 'Done' button without entering verification code<br/>
<a href="#Output-1792384402" onClick='toggleBox("Output-1792384402", this, "Show output", "Hide output");'>Show output</a>

<a href="#Output-1792384402" onClick="toggleAllBoxes();">Show all outputs</a>
<div class='log' id="Output-1792384402">
STEP77<br/>
STEP78<br/>
STEP79<br/>
STEP80<br/>
STEP81<br/>
</div>
</td>
<td></td>
<td>52</td>
<td>com.test.scripts.Join@5abca1e0</td></tr>
</table><p>
</body>
</html>