<?xml version="1.0" encoding="UTF-8"?>
<!-- Generated by org.testng.reporters.JUnitXMLReporter -->
<testsuite hostname="Prasannas-MacBook-Pro.local" name="LoginToSulekha" tests="33" failures="3" timestamp="21 Jun 2016 06:43:46 GMT" time="4537.64" errors="0">
  <testcase name="testLoginWOEmailIDMobileNum" time="61.895" classname="com.test.scripts.LoginToSulekha"/>
  <testcase name="testLoginInvalideMobNum" time="69.746" classname="com.test.scripts.LoginToSulekha"/>
  <testcase name="testLoginInvalideEmail" time="68.546" classname="com.test.scripts.LoginToSulekha"/>
  <testcase name="testLoginUnRegEmail" time="68.916" classname="com.test.scripts.LoginToSulekha"/>
  <testcase name="testLoginUnRegMob" time="65.216" classname="com.test.scripts.LoginToSulekha"/>
  <testcase name="testUnRegMobJoinSulekha" time="70.392" classname="com.test.scripts.LoginToSulekha"/>
  <testcase name="testUnRegEmailJoinSulekha" time="74.696" classname="com.test.scripts.LoginToSulekha"/>
  <testcase name="testUnRegMobileCancel" time="69.021" classname="com.test.scripts.LoginToSulekha"/>
  <testcase name="testUnregisteredEmailPopupCancelBtn" time="74.793" classname="com.test.scripts.LoginToSulekha"/>
  <testcase name="testLoginWithMobileWithoutPwd" time="67.666" classname="com.test.scripts.LoginToSulekha"/>
  <testcase name="testLoginWithEmailWithoutPwd" time="69.631" classname="com.test.scripts.LoginToSulekha"/>
  <testcase name="testShowPwdLnk" time="65.351" classname="com.test.scripts.LoginToSulekha"/>
  <testcase name="testHidePwdLnk" time="69.734" classname="com.test.scripts.LoginToSulekha"/>
  <testcase name="testValidEmailInvalidPwd" time="79.676" classname="com.test.scripts.LoginToSulekha"/>
  <testcase name="testValidMobileInvalidPwd" time="79.585" classname="com.test.scripts.LoginToSulekha"/>
  <testcase name="testValidLoginViaEmailID" time="76.734" classname="com.test.scripts.LoginToSulekha"/>
  <testcase name="testValidLoginViaValidMobileNum" time="80.271" classname="com.test.scripts.LoginToSulekha"/>
  <testcase name="testForgtPwd" time="57.542" classname="com.test.scripts.LoginToSulekha"/>
  <testcase name="testPwdViaSms" time="81.279" classname="com.test.scripts.LoginToSulekha"/>
  <testcase name="testPwdViaEmail" time="85.509" classname="com.test.scripts.LoginToSulekha"/>
  <testcase name="testGoogleLogin" time="156.288" classname="com.test.scripts.LoginToSulekha"/>
  <testcase name="testUnRegGoogleLogin" time="107.613" classname="com.test.scripts.LoginToSulekha"/>
  <testcase name="testValidMobAndName" time="119.32" classname="com.test.scripts.LoginToSulekha"/>
  <testcase name="testWithoutEnteringMobileNumber" time="92.3" classname="com.test.scripts.LoginToSulekha"/>
  <testcase name="testInvalidMobileNumber" time="102.511" classname="com.test.scripts.LoginToSulekha"/>
  <testcase name="testWOEnteringEmail" time="92.326" classname="com.test.scripts.LoginToSulekha">
    <failure type="org.openqa.selenium.NoSuchElementException" message="An element could not be located on the page using the given search parameters. (WARNING: The server did not provide any stacktrace information)
Command duration or timeout: 21.86 seconds
For documentation on this error, please visit: http://seleniumhq.org/exceptions/no_such_element.html
Build info: version: &amp;apos;2.53.0&amp;apos;, revision: &amp;apos;35ae25b1534ae328c771e0856c93e187490ca824&amp;apos;, time: &amp;apos;2016-03-15 10:43:46&amp;apos;
System info: host: &amp;apos;Prasannas-MacBook-Pro.local&amp;apos;, ip: &amp;apos;10.10.4.140&amp;apos;, os.name: &amp;apos;Mac OS X&amp;apos;, os.arch: &amp;apos;x86_64&amp;apos;, os.version: &amp;apos;10.11.4&amp;apos;, java.version: &amp;apos;1.8.0_65&amp;apos;
Driver info: io.appium.java_client.ios.IOSDriver
Capabilities [{unicodekeyboard=true, app=/Users/automation/Downloads/IndiaSulekha6.3.2.ipa, networkConnectionEnabled=false, bundleId=com.appid.sulekhauserapp, databaseEnabled=false, deviceName=iPhone 5, fullReset=true, platform=MAC, showIOSLog=true, desired={unicodekeyboard=true, app=/Users/automation/Downloads/IndiaSulekha6.3.2.ipa, showIOSLog=true, platformVersion=9.3.2, automationName=Appium, bundleId=com.appid.sulekhauserapp, platformName=iOS, udid=2dde13a2961f5f1c6f5a0f737daf13bcb43457ef, deviceName=iPhone 5, fullReset=true}, platformVersion=9.3.2, webStorageEnabled=false, locationContextEnabled=false, automationName=Appium, browserName=, takesScreenshot=true, javascriptEnabled=true, platformName=iOS, udid=2dde13a2961f5f1c6f5a0f737daf13bcb43457ef}]
Session ID: 0a40f490-20c6-43be-aa1b-5d16c921aff1
*** Element info: {Using=id, value=Create account}">
      <![CDATA[org.openqa.selenium.NoSuchElementException: An element could not be located on the page using the given search parameters. (WARNING: The server did not provide any stacktrace information)
Command duration or timeout: 21.86 seconds
For documentation on this error, please visit: http://seleniumhq.org/exceptions/no_such_element.html
Build info: version: '2.53.0', revision: '35ae25b1534ae328c771e0856c93e187490ca824', time: '2016-03-15 10:43:46'
System info: host: 'Prasannas-MacBook-Pro.local', ip: '10.10.4.140', os.name: 'Mac OS X', os.arch: 'x86_64', os.version: '10.11.4', java.version: '1.8.0_65'
Driver info: io.appium.java_client.ios.IOSDriver
Capabilities [{unicodekeyboard=true, app=/Users/automation/Downloads/IndiaSulekha6.3.2.ipa, networkConnectionEnabled=false, bundleId=com.appid.sulekhauserapp, databaseEnabled=false, deviceName=iPhone 5, fullReset=true, platform=MAC, showIOSLog=true, desired={unicodekeyboard=true, app=/Users/automation/Downloads/IndiaSulekha6.3.2.ipa, showIOSLog=true, platformVersion=9.3.2, automationName=Appium, bundleId=com.appid.sulekhauserapp, platformName=iOS, udid=2dde13a2961f5f1c6f5a0f737daf13bcb43457ef, deviceName=iPhone 5, fullReset=true}, platformVersion=9.3.2, webStorageEnabled=false, locationContextEnabled=false, automationName=Appium, browserName=, takesScreenshot=true, javascriptEnabled=true, platformName=iOS, udid=2dde13a2961f5f1c6f5a0f737daf13bcb43457ef}]
Session ID: 0a40f490-20c6-43be-aa1b-5d16c921aff1
*** Element info: {Using=id, value=Create account}
	at org.openqa.selenium.remote.ErrorHandler.createThrowable(ErrorHandler.java:206)
	at org.openqa.selenium.remote.ErrorHandler.throwIfResponseFailed(ErrorHandler.java:158)
	at org.openqa.selenium.remote.RemoteWebDriver.execute(RemoteWebDriver.java:678)
	at io.appium.java_client.DefaultGenericMobileDriver.execute(DefaultGenericMobileDriver.java:43)
	at io.appium.java_client.AppiumDriver.execute(AppiumDriver.java:1)
	at io.appium.java_client.ios.IOSDriver.execute(IOSDriver.java:1)
	at org.openqa.selenium.remote.RemoteWebDriver.findElement(RemoteWebDriver.java:363)
	at org.openqa.selenium.remote.RemoteWebDriver.findElementById(RemoteWebDriver.java:413)
	at io.appium.java_client.DefaultGenericMobileDriver.findElementById(DefaultGenericMobileDriver.java:59)
	at io.appium.java_client.AppiumDriver.findElementById(AppiumDriver.java:1)
	at io.appium.java_client.ios.IOSDriver.findElementById(IOSDriver.java:1)
	at org.openqa.selenium.By$ById.findElement(By.java:218)
	at org.openqa.selenium.remote.RemoteWebDriver.findElement(RemoteWebDriver.java:355)
	at io.appium.java_client.DefaultGenericMobileDriver.findElement(DefaultGenericMobileDriver.java:51)
	at io.appium.java_client.AppiumDriver.findElement(AppiumDriver.java:1)
	at io.appium.java_client.ios.IOSDriver.findElement(IOSDriver.java:1)
	at org.openqa.selenium.support.pagefactory.DefaultElementLocator.findElement(DefaultElementLocator.java:69)
	at org.openqa.selenium.support.pagefactory.internal.LocatingElementHandler.invoke(LocatingElementHandler.java:38)
	at com.sun.proxy.$Proxy8.isDisplayed(Unknown Source)
	at com.test.scripts.LoginToSulekha.testWOEnteringEmail(LoginToSulekha.java:902)
... Removed 28 stack frames]]>
    </failure>
  </testcase> <!-- testWOEnteringEmail -->
  <testcase name="testInvalidEnteringEmail" time="115.947" classname="com.test.scripts.LoginToSulekha"/>
  <testcase name="testWithoutName" time="81.725" classname="com.test.scripts.LoginToSulekha"/>
  <testcase name="testInvalidOtp" time="122.145" classname="com.test.scripts.LoginToSulekha"/>
  <testcase name="test6DigitVerificationCode" time="142.818" classname="com.test.scripts.LoginToSulekha">
    <failure type="org.openqa.selenium.NoSuchElementException" message="An element could not be located on the page using the given search parameters. (WARNING: The server did not provide any stacktrace information)
Command duration or timeout: 20.40 seconds
For documentation on this error, please visit: http://seleniumhq.org/exceptions/no_such_element.html
Build info: version: &amp;apos;2.53.0&amp;apos;, revision: &amp;apos;35ae25b1534ae328c771e0856c93e187490ca824&amp;apos;, time: &amp;apos;2016-03-15 10:43:46&amp;apos;
System info: host: &amp;apos;Prasannas-MacBook-Pro.local&amp;apos;, ip: &amp;apos;10.10.4.140&amp;apos;, os.name: &amp;apos;Mac OS X&amp;apos;, os.arch: &amp;apos;x86_64&amp;apos;, os.version: &amp;apos;10.11.4&amp;apos;, java.version: &amp;apos;1.8.0_65&amp;apos;
Driver info: io.appium.java_client.ios.IOSDriver
Capabilities [{unicodekeyboard=true, app=/Users/automation/Downloads/IndiaSulekha6.3.2.ipa, networkConnectionEnabled=false, bundleId=com.appid.sulekhauserapp, databaseEnabled=false, deviceName=iPhone 5, fullReset=true, platform=MAC, showIOSLog=true, desired={unicodekeyboard=true, app=/Users/automation/Downloads/IndiaSulekha6.3.2.ipa, showIOSLog=true, platformVersion=9.3.2, automationName=Appium, bundleId=com.appid.sulekhauserapp, platformName=iOS, udid=2dde13a2961f5f1c6f5a0f737daf13bcb43457ef, deviceName=iPhone 5, fullReset=true}, platformVersion=9.3.2, webStorageEnabled=false, locationContextEnabled=false, automationName=Appium, browserName=, takesScreenshot=true, javascriptEnabled=true, platformName=iOS, udid=2dde13a2961f5f1c6f5a0f737daf13bcb43457ef}]
Session ID: 5ef6346c-5092-4a4d-85bd-8a641884c74a
*** Element info: {Using=xpath, value=//UIAStaticText[@name=&amp;apos;Enter 6-digit verification code&amp;apos;]}">
      <![CDATA[org.openqa.selenium.NoSuchElementException: An element could not be located on the page using the given search parameters. (WARNING: The server did not provide any stacktrace information)
Command duration or timeout: 20.40 seconds
For documentation on this error, please visit: http://seleniumhq.org/exceptions/no_such_element.html
Build info: version: '2.53.0', revision: '35ae25b1534ae328c771e0856c93e187490ca824', time: '2016-03-15 10:43:46'
System info: host: 'Prasannas-MacBook-Pro.local', ip: '10.10.4.140', os.name: 'Mac OS X', os.arch: 'x86_64', os.version: '10.11.4', java.version: '1.8.0_65'
Driver info: io.appium.java_client.ios.IOSDriver
Capabilities [{unicodekeyboard=true, app=/Users/automation/Downloads/IndiaSulekha6.3.2.ipa, networkConnectionEnabled=false, bundleId=com.appid.sulekhauserapp, databaseEnabled=false, deviceName=iPhone 5, fullReset=true, platform=MAC, showIOSLog=true, desired={unicodekeyboard=true, app=/Users/automation/Downloads/IndiaSulekha6.3.2.ipa, showIOSLog=true, platformVersion=9.3.2, automationName=Appium, bundleId=com.appid.sulekhauserapp, platformName=iOS, udid=2dde13a2961f5f1c6f5a0f737daf13bcb43457ef, deviceName=iPhone 5, fullReset=true}, platformVersion=9.3.2, webStorageEnabled=false, locationContextEnabled=false, automationName=Appium, browserName=, takesScreenshot=true, javascriptEnabled=true, platformName=iOS, udid=2dde13a2961f5f1c6f5a0f737daf13bcb43457ef}]
Session ID: 5ef6346c-5092-4a4d-85bd-8a641884c74a
*** Element info: {Using=xpath, value=//UIAStaticText[@name='Enter 6-digit verification code']}
	at org.openqa.selenium.remote.ErrorHandler.createThrowable(ErrorHandler.java:206)
	at org.openqa.selenium.remote.ErrorHandler.throwIfResponseFailed(ErrorHandler.java:158)
	at org.openqa.selenium.remote.RemoteWebDriver.execute(RemoteWebDriver.java:678)
	at io.appium.java_client.DefaultGenericMobileDriver.execute(DefaultGenericMobileDriver.java:43)
	at io.appium.java_client.AppiumDriver.execute(AppiumDriver.java:1)
	at io.appium.java_client.ios.IOSDriver.execute(IOSDriver.java:1)
	at org.openqa.selenium.remote.RemoteWebDriver.findElement(RemoteWebDriver.java:363)
	at org.openqa.selenium.remote.RemoteWebDriver.findElementByXPath(RemoteWebDriver.java:500)
	at io.appium.java_client.DefaultGenericMobileDriver.findElementByXPath(DefaultGenericMobileDriver.java:129)
	at io.appium.java_client.AppiumDriver.findElementByXPath(AppiumDriver.java:1)
	at io.appium.java_client.ios.IOSDriver.findElementByXPath(IOSDriver.java:1)
	at org.openqa.selenium.By$ByXPath.findElement(By.java:361)
	at org.openqa.selenium.remote.RemoteWebDriver.findElement(RemoteWebDriver.java:355)
	at io.appium.java_client.DefaultGenericMobileDriver.findElement(DefaultGenericMobileDriver.java:51)
	at io.appium.java_client.AppiumDriver.findElement(AppiumDriver.java:1)
	at io.appium.java_client.ios.IOSDriver.findElement(IOSDriver.java:1)
	at org.openqa.selenium.support.pagefactory.DefaultElementLocator.findElement(DefaultElementLocator.java:69)
	at org.openqa.selenium.support.pagefactory.internal.LocatingElementHandler.invoke(LocatingElementHandler.java:38)
	at com.sun.proxy.$Proxy8.isDisplayed(Unknown Source)
	at com.test.scripts.LoginToSulekha.test6DigitVerificationCode(LoginToSulekha.java:1081)
... Removed 28 stack frames]]>
    </failure>
  </testcase> <!-- test6DigitVerificationCode -->
  <testcase name="testValidOtp" time="230.115" classname="com.test.scripts.LoginToSulekha"/>
  <testcase name="testTandCApplyLnk" time="77.523" classname="com.test.scripts.LoginToSulekha">
    <failure type="org.openqa.selenium.NoSuchElementException" message="An element could not be located on the page using the given search parameters. (WARNING: The server did not provide any stacktrace information)
Command duration or timeout: 20.04 seconds
For documentation on this error, please visit: http://seleniumhq.org/exceptions/no_such_element.html
Build info: version: &amp;apos;2.53.0&amp;apos;, revision: &amp;apos;35ae25b1534ae328c771e0856c93e187490ca824&amp;apos;, time: &amp;apos;2016-03-15 10:43:46&amp;apos;
System info: host: &amp;apos;Prasannas-MacBook-Pro.local&amp;apos;, ip: &amp;apos;10.10.4.140&amp;apos;, os.name: &amp;apos;Mac OS X&amp;apos;, os.arch: &amp;apos;x86_64&amp;apos;, os.version: &amp;apos;10.11.4&amp;apos;, java.version: &amp;apos;1.8.0_65&amp;apos;
Driver info: io.appium.java_client.ios.IOSDriver
Capabilities [{unicodekeyboard=true, app=/Users/automation/Downloads/IndiaSulekha6.3.2.ipa, networkConnectionEnabled=false, bundleId=com.appid.sulekhauserapp, databaseEnabled=false, deviceName=iPhone 5, fullReset=true, platform=MAC, showIOSLog=true, desired={unicodekeyboard=true, app=/Users/automation/Downloads/IndiaSulekha6.3.2.ipa, showIOSLog=true, platformVersion=9.3.2, automationName=Appium, bundleId=com.appid.sulekhauserapp, platformName=iOS, udid=2dde13a2961f5f1c6f5a0f737daf13bcb43457ef, deviceName=iPhone 5, fullReset=true}, platformVersion=9.3.2, webStorageEnabled=false, locationContextEnabled=false, automationName=Appium, browserName=, takesScreenshot=true, javascriptEnabled=true, platformName=iOS, udid=2dde13a2961f5f1c6f5a0f737daf13bcb43457ef}]
Session ID: 6d9c18ad-db24-41f9-939b-55aec85b4558
*** Element info: {Using=xpath, value=//UIAStaticText[@name=&amp;apos;Terms &amp;amp; Conditions&amp;apos;]}">
      <![CDATA[org.openqa.selenium.NoSuchElementException: An element could not be located on the page using the given search parameters. (WARNING: The server did not provide any stacktrace information)
Command duration or timeout: 20.04 seconds
For documentation on this error, please visit: http://seleniumhq.org/exceptions/no_such_element.html
Build info: version: '2.53.0', revision: '35ae25b1534ae328c771e0856c93e187490ca824', time: '2016-03-15 10:43:46'
System info: host: 'Prasannas-MacBook-Pro.local', ip: '10.10.4.140', os.name: 'Mac OS X', os.arch: 'x86_64', os.version: '10.11.4', java.version: '1.8.0_65'
Driver info: io.appium.java_client.ios.IOSDriver
Capabilities [{unicodekeyboard=true, app=/Users/automation/Downloads/IndiaSulekha6.3.2.ipa, networkConnectionEnabled=false, bundleId=com.appid.sulekhauserapp, databaseEnabled=false, deviceName=iPhone 5, fullReset=true, platform=MAC, showIOSLog=true, desired={unicodekeyboard=true, app=/Users/automation/Downloads/IndiaSulekha6.3.2.ipa, showIOSLog=true, platformVersion=9.3.2, automationName=Appium, bundleId=com.appid.sulekhauserapp, platformName=iOS, udid=2dde13a2961f5f1c6f5a0f737daf13bcb43457ef, deviceName=iPhone 5, fullReset=true}, platformVersion=9.3.2, webStorageEnabled=false, locationContextEnabled=false, automationName=Appium, browserName=, takesScreenshot=true, javascriptEnabled=true, platformName=iOS, udid=2dde13a2961f5f1c6f5a0f737daf13bcb43457ef}]
Session ID: 6d9c18ad-db24-41f9-939b-55aec85b4558
*** Element info: {Using=xpath, value=//UIAStaticText[@name='Terms & Conditions']}
	at org.openqa.selenium.remote.ErrorHandler.createThrowable(ErrorHandler.java:206)
	at org.openqa.selenium.remote.ErrorHandler.throwIfResponseFailed(ErrorHandler.java:158)
	at org.openqa.selenium.remote.RemoteWebDriver.execute(RemoteWebDriver.java:678)
	at io.appium.java_client.DefaultGenericMobileDriver.execute(DefaultGenericMobileDriver.java:43)
	at io.appium.java_client.AppiumDriver.execute(AppiumDriver.java:1)
	at io.appium.java_client.ios.IOSDriver.execute(IOSDriver.java:1)
	at org.openqa.selenium.remote.RemoteWebDriver.findElement(RemoteWebDriver.java:363)
	at org.openqa.selenium.remote.RemoteWebDriver.findElementByXPath(RemoteWebDriver.java:500)
	at io.appium.java_client.DefaultGenericMobileDriver.findElementByXPath(DefaultGenericMobileDriver.java:129)
	at io.appium.java_client.AppiumDriver.findElementByXPath(AppiumDriver.java:1)
	at io.appium.java_client.ios.IOSDriver.findElementByXPath(IOSDriver.java:1)
	at org.openqa.selenium.By$ByXPath.findElement(By.java:361)
	at org.openqa.selenium.remote.RemoteWebDriver.findElement(RemoteWebDriver.java:355)
	at io.appium.java_client.DefaultGenericMobileDriver.findElement(DefaultGenericMobileDriver.java:51)
	at io.appium.java_client.AppiumDriver.findElement(AppiumDriver.java:1)
	at io.appium.java_client.ios.IOSDriver.findElement(IOSDriver.java:1)
	at org.openqa.selenium.support.pagefactory.DefaultElementLocator.findElement(DefaultElementLocator.java:69)
	at org.openqa.selenium.support.pagefactory.internal.LocatingElementHandler.invoke(LocatingElementHandler.java:38)
	at com.sun.proxy.$Proxy8.isDisplayed(Unknown Source)
	at com.test.scripts.LoginToSulekha.testTandCApplyLnk(LoginToSulekha.java:1175)
... Removed 28 stack frames]]>
    </failure>
  </testcase> <!-- testTandCApplyLnk -->
  <testcase name="testSkipLnk" time="59.966" classname="com.test.scripts.LoginToSulekha"/>
</testsuite> <!-- LoginToSulekha -->
