<html>
<head>
<title>TestNG:  LoginToSulekha</title>
<link href="../testng.css" rel="stylesheet" type="text/css" />
<link href="../my-testng.css" rel="stylesheet" type="text/css" />

<style type="text/css">
.log { display: none;} 
.stack-trace { display: none;} 
</style>
<script type="text/javascript">
<!--
function flip(e) {
  current = e.style.display;
  if (current == 'block') {
    e.style.display = 'none';
    return 0;
  }
  else {
    e.style.display = 'block';
    return 1;
  }
}

function toggleBox(szDivId, elem, msg1, msg2)
{
  var res = -1;  if (document.getElementById) {
    res = flip(document.getElementById(szDivId));
  }
  else if (document.all) {
    // this is the way old msie versions work
    res = flip(document.all[szDivId]);
  }
  if(elem) {
    if(res == 0) elem.innerHTML = msg1; else elem.innerHTML = msg2;
  }

}

function toggleAllBoxes() {
  if (document.getElementsByTagName) {
    d = document.getElementsByTagName('div');
    for (i = 0; i < d.length; i++) {
      if (d[i].className == 'log') {
        flip(d[i]);
      }
    }
  }
}

// -->
</script>

</head>
<body>
<h2 align='center'>LoginToSulekha</h2><table border='1' align="center">
<tr>
<td>Tests passed/Failed/Skipped:</td><td>30/3/0</td>
</tr><tr>
<td>Started on:</td><td>Tue Jun 21 10:58:08 IST 2016</td>
</tr>
<tr><td>Total time:</td><td>4537 seconds (4537640 ms)</td>
</tr><tr>
<td>Included groups:</td><td></td>
</tr><tr>
<td>Excluded groups:</td><td></td>
</tr>
</table><p/>
<small><i>(Hover the method name to see the test class name)</i></small><p/>
<table width='100%' border='1' class='invocation-failed'>
<tr><td colspan='4' align='center'><b>FAILED TESTS</b></td></tr>
<tr><td><b>Test method</b></td>
<td width="30%"><b>Exception</b></td>
<td width="10%"><b>Time (seconds)</b></td>
<td><b>Instance</b></td>
</tr>
<tr>
<td title='com.test.scripts.LoginToSulekha.test6DigitVerificationCode()'><b>test6DigitVerificationCode</b><br>Test class: com.test.scripts.LoginToSulekha<br>Test method: Check entering less than 6-digit verification code<br/>
<a href="#Output-1129433283" onClick='toggleBox("Output-1129433283", this, "Show output", "Hide output");'>Show output</a>

<a href="#Output-1129433283" onClick="toggleAllBoxes();">Show all outputs</a>
<div class='log' id="Output-1129433283">
STEP319<br/>
STEP320<br/>
STEP321<br/>
STEP322<br/>
STEP323<br/>
STEP324<br/>
STEP325<br/>
STEP326<br/>
STEP327<br/>
</div>
</td>
<td><div><pre>org.openqa.selenium.NoSuchElementException: An element could not be located on the page using the given search parameters. (WARNING: The server did not provide any stacktrace information)
Command duration or timeout: 20.40 seconds
For documentation on this error, please visit: http://seleniumhq.org/exceptions/no_such_element.html
Build info: version: &apos;2.53.0&apos;, revision: &apos;35ae25b1534ae328c771e0856c93e187490ca824&apos;, time: &apos;2016-03-15 10:43:46&apos;
System info: host: &apos;Prasannas-MacBook-Pro.local&apos;, ip: &apos;10.10.4.140&apos;, os.name: &apos;Mac OS X&apos;, os.arch: &apos;x86_64&apos;, os.version: &apos;10.11.4&apos;, java.version: &apos;1.8.0_65&apos;
Driver info: io.appium.java_client.ios.IOSDriver
Capabilities [{unicodekeyboard=true, app=/Users/automation/Downloads/IndiaSulekha6.3.2.ipa, networkConnectionEnabled=false, bundleId=com.appid.sulekhauserapp, databaseEnabled=false, deviceName=iPhone 5, fullReset=true, platform=MAC, showIOSLog=true, desired={unicodekeyboard=true, app=/Users/automation/Downloads/IndiaSulekha6.3.2.ipa, showIOSLog=true, platformVersion=9.3.2, automationName=Appium, bundleId=com.appid.sulekhauserapp, platformName=iOS, udid=2dde13a2961f5f1c6f5a0f737daf13bcb43457ef, deviceName=iPhone 5, fullReset=true}, platformVersion=9.3.2, webStorageEnabled=false, locationContextEnabled=false, automationName=Appium, browserName=, takesScreenshot=true, javascriptEnabled=true, platformName=iOS, udid=2dde13a2961f5f1c6f5a0f737daf13bcb43457ef}]
Session ID: 5ef6346c-5092-4a4d-85bd-8a641884c74a
*** Element info: {Using=xpath, value=//UIAStaticText[@name=&apos;Enter 6-digit verification code&apos;]}
	at org.openqa.selenium.remote.ErrorHandler.createThrowable(ErrorHandler.java:206)
	at org.openqa.selenium.remote.ErrorHandler.throwIfResponseFailed(ErrorHandler.java:158)
	at org.openqa.selenium.remote.RemoteWebDriver.execute(RemoteWebDriver.java:678)
	at io.appium.java_client.DefaultGenericMobileDriver.execute(DefaultGenericMobileDriver.java:43)
	at io.appium.java_client.AppiumDriver.execute(AppiumDriver.java:1)
	at io.appium.java_client.ios.IOSDriver.execute(IOSDriver.java:1)
	at org.openqa.selenium.remote.RemoteWebDriver.findElement(RemoteWebDriver.java:363)
	at org.openqa.selenium.remote.RemoteWebDriver.findElementByXPath(RemoteWebDriver.java:500)
	at io.appium.java_client.DefaultGenericMobileDriver.findElementByXPath(DefaultGenericMobileDriver.java:129)
	at io.appium.java_client.AppiumDriver.findElementByXPath(AppiumDriver.java:1)
	at io.appium.java_client.ios.IOSDriver.findElementByXPath(IOSDriver.java:1)
	at org.openqa.selenium.By$ByXPath.findElement(By.java:361)
	at org.openqa.selenium.remote.RemoteWebDriver.findElement(RemoteWebDriver.java:355)
	at io.appium.java_client.DefaultGenericMobileDriver.findElement(DefaultGenericMobileDriver.java:51)
	at io.appium.java_client.AppiumDriver.findElement(AppiumDriver.java:1)
	at io.appium.java_client.ios.IOSDriver.findElement(IOSDriver.java:1)
	at org.openqa.selenium.support.pagefactory.DefaultElementLocator.findElement(DefaultElementLocator.java:69)
	at org.openqa.selenium.support.pagefactory.internal.LocatingElementHandler.invoke(LocatingElementHandler.java:38)
	at com.sun.proxy.$Proxy8.isDisplayed(Unknown Source)
	at com.test.scripts.LoginToSulekha.test6DigitVerificationCode(LoginToSulekha.java:1081)
... Removed 28 stack frames</pre></div><a href='#' onClick='toggleBox("stack-trace1129433283", this, "Click to show all stack frames", "Click to hide stack frames")'>Click to show all stack frames</a>
<div class='stack-trace' id='stack-trace1129433283'><pre>org.openqa.selenium.NoSuchElementException: An element could not be located on the page using the given search parameters. (WARNING: The server did not provide any stacktrace information)
Command duration or timeout: 20.40 seconds
For documentation on this error, please visit: http://seleniumhq.org/exceptions/no_such_element.html
Build info: version: &apos;2.53.0&apos;, revision: &apos;35ae25b1534ae328c771e0856c93e187490ca824&apos;, time: &apos;2016-03-15 10:43:46&apos;
System info: host: &apos;Prasannas-MacBook-Pro.local&apos;, ip: &apos;10.10.4.140&apos;, os.name: &apos;Mac OS X&apos;, os.arch: &apos;x86_64&apos;, os.version: &apos;10.11.4&apos;, java.version: &apos;1.8.0_65&apos;
Driver info: io.appium.java_client.ios.IOSDriver
Capabilities [{unicodekeyboard=true, app=/Users/automation/Downloads/IndiaSulekha6.3.2.ipa, networkConnectionEnabled=false, bundleId=com.appid.sulekhauserapp, databaseEnabled=false, deviceName=iPhone 5, fullReset=true, platform=MAC, showIOSLog=true, desired={unicodekeyboard=true, app=/Users/automation/Downloads/IndiaSulekha6.3.2.ipa, showIOSLog=true, platformVersion=9.3.2, automationName=Appium, bundleId=com.appid.sulekhauserapp, platformName=iOS, udid=2dde13a2961f5f1c6f5a0f737daf13bcb43457ef, deviceName=iPhone 5, fullReset=true}, platformVersion=9.3.2, webStorageEnabled=false, locationContextEnabled=false, automationName=Appium, browserName=, takesScreenshot=true, javascriptEnabled=true, platformName=iOS, udid=2dde13a2961f5f1c6f5a0f737daf13bcb43457ef}]
Session ID: 5ef6346c-5092-4a4d-85bd-8a641884c74a
*** Element info: {Using=xpath, value=//UIAStaticText[@name=&apos;Enter 6-digit verification code&apos;]}
	at sun.reflect.NativeConstructorAccessorImpl.newInstance0(Native Method)
	at sun.reflect.NativeConstructorAccessorImpl.newInstance(NativeConstructorAccessorImpl.java:62)
	at sun.reflect.DelegatingConstructorAccessorImpl.newInstance(DelegatingConstructorAccessorImpl.java:45)
	at java.lang.reflect.Constructor.newInstance(Constructor.java:422)
	at org.openqa.selenium.remote.ErrorHandler.createThrowable(ErrorHandler.java:206)
	at org.openqa.selenium.remote.ErrorHandler.throwIfResponseFailed(ErrorHandler.java:158)
	at org.openqa.selenium.remote.RemoteWebDriver.execute(RemoteWebDriver.java:678)
	at io.appium.java_client.DefaultGenericMobileDriver.execute(DefaultGenericMobileDriver.java:43)
	at io.appium.java_client.AppiumDriver.execute(AppiumDriver.java:1)
	at io.appium.java_client.ios.IOSDriver.execute(IOSDriver.java:1)
	at org.openqa.selenium.remote.RemoteWebDriver.findElement(RemoteWebDriver.java:363)
	at org.openqa.selenium.remote.RemoteWebDriver.findElementByXPath(RemoteWebDriver.java:500)
	at io.appium.java_client.DefaultGenericMobileDriver.findElementByXPath(DefaultGenericMobileDriver.java:129)
	at io.appium.java_client.AppiumDriver.findElementByXPath(AppiumDriver.java:1)
	at io.appium.java_client.ios.IOSDriver.findElementByXPath(IOSDriver.java:1)
	at org.openqa.selenium.By$ByXPath.findElement(By.java:361)
	at org.openqa.selenium.remote.RemoteWebDriver.findElement(RemoteWebDriver.java:355)
	at io.appium.java_client.DefaultGenericMobileDriver.findElement(DefaultGenericMobileDriver.java:51)
	at io.appium.java_client.AppiumDriver.findElement(AppiumDriver.java:1)
	at io.appium.java_client.ios.IOSDriver.findElement(IOSDriver.java:1)
	at org.openqa.selenium.support.pagefactory.DefaultElementLocator.findElement(DefaultElementLocator.java:69)
	at org.openqa.selenium.support.pagefactory.internal.LocatingElementHandler.invoke(LocatingElementHandler.java:38)
	at com.sun.proxy.$Proxy8.isDisplayed(Unknown Source)
	at com.test.scripts.LoginToSulekha.test6DigitVerificationCode(LoginToSulekha.java:1081)
	at sun.reflect.NativeMethodAccessorImpl.invoke0(Native Method)
	at sun.reflect.NativeMethodAccessorImpl.invoke(NativeMethodAccessorImpl.java:62)
	at sun.reflect.DelegatingMethodAccessorImpl.invoke(DelegatingMethodAccessorImpl.java:43)
	at java.lang.reflect.Method.invoke(Method.java:497)
	at org.testng.internal.MethodInvocationHelper.invokeMethod(MethodInvocationHelper.java:85)
	at org.testng.internal.Invoker.invokeMethod(Invoker.java:659)
	at org.testng.internal.Invoker.invokeTestMethod(Invoker.java:845)
	at org.testng.internal.Invoker.invokeTestMethods(Invoker.java:1153)
	at org.testng.internal.TestMethodWorker.invokeTestMethods(TestMethodWorker.java:125)
	at org.testng.internal.TestMethodWorker.run(TestMethodWorker.java:108)
	at org.testng.TestRunner.privateRun(TestRunner.java:771)
	at org.testng.TestRunner.run(TestRunner.java:621)
	at org.testng.SuiteRunner.runTest(SuiteRunner.java:357)
	at org.testng.SuiteRunner.runSequentially(SuiteRunner.java:352)
	at org.testng.SuiteRunner.privateRun(SuiteRunner.java:310)
	at org.testng.SuiteRunner.run(SuiteRunner.java:259)
	at org.testng.SuiteRunnerWorker.runSuite(SuiteRunnerWorker.java:52)
	at org.testng.SuiteRunnerWorker.run(SuiteRunnerWorker.java:86)
	at org.testng.TestNG.runSuitesSequentially(TestNG.java:1199)
	at org.testng.TestNG.runSuitesLocally(TestNG.java:1124)
	at org.testng.TestNG.run(TestNG.java:1032)
	at org.testng.remote.AbstractRemoteTestNG.run(AbstractRemoteTestNG.java:126)
	at org.testng.remote.RemoteTestNG.initAndRun(RemoteTestNG.java:137)
	at org.testng.remote.RemoteTestNG.main(RemoteTestNG.java:58)
</pre></div></td>
<td>142</td>
<td>com.test.scripts.LoginToSulekha@4d41cee</td></tr>
<tr>
<td title='com.test.scripts.LoginToSulekha.testTandCApplyLnk()'><b>testTandCApplyLnk</b><br>Test class: com.test.scripts.LoginToSulekha<br>Test method: Tap over T&C apply link and verify.-- Bug T&C link is disabled.<br/>
<a href="#Output-893640573" onClick='toggleBox("Output-893640573", this, "Show output", "Hide output");'>Show output</a>

<a href="#Output-893640573" onClick="toggleAllBoxes();">Show all outputs</a>
<div class='log' id="Output-893640573">
STEP339<br/>
STEP340<br/>
STEP341<br/>
STEP342<br/>
STEP343<br/>
STEP344<br/>
</div>
</td>
<td><div><pre>org.openqa.selenium.NoSuchElementException: An element could not be located on the page using the given search parameters. (WARNING: The server did not provide any stacktrace information)
Command duration or timeout: 20.04 seconds
For documentation on this error, please visit: http://seleniumhq.org/exceptions/no_such_element.html
Build info: version: &apos;2.53.0&apos;, revision: &apos;35ae25b1534ae328c771e0856c93e187490ca824&apos;, time: &apos;2016-03-15 10:43:46&apos;
System info: host: &apos;Prasannas-MacBook-Pro.local&apos;, ip: &apos;10.10.4.140&apos;, os.name: &apos;Mac OS X&apos;, os.arch: &apos;x86_64&apos;, os.version: &apos;10.11.4&apos;, java.version: &apos;1.8.0_65&apos;
Driver info: io.appium.java_client.ios.IOSDriver
Capabilities [{unicodekeyboard=true, app=/Users/automation/Downloads/IndiaSulekha6.3.2.ipa, networkConnectionEnabled=false, bundleId=com.appid.sulekhauserapp, databaseEnabled=false, deviceName=iPhone 5, fullReset=true, platform=MAC, showIOSLog=true, desired={unicodekeyboard=true, app=/Users/automation/Downloads/IndiaSulekha6.3.2.ipa, showIOSLog=true, platformVersion=9.3.2, automationName=Appium, bundleId=com.appid.sulekhauserapp, platformName=iOS, udid=2dde13a2961f5f1c6f5a0f737daf13bcb43457ef, deviceName=iPhone 5, fullReset=true}, platformVersion=9.3.2, webStorageEnabled=false, locationContextEnabled=false, automationName=Appium, browserName=, takesScreenshot=true, javascriptEnabled=true, platformName=iOS, udid=2dde13a2961f5f1c6f5a0f737daf13bcb43457ef}]
Session ID: 6d9c18ad-db24-41f9-939b-55aec85b4558
*** Element info: {Using=xpath, value=//UIAStaticText[@name=&apos;Terms &amp; Conditions&apos;]}
	at org.openqa.selenium.remote.ErrorHandler.createThrowable(ErrorHandler.java:206)
	at org.openqa.selenium.remote.ErrorHandler.throwIfResponseFailed(ErrorHandler.java:158)
	at org.openqa.selenium.remote.RemoteWebDriver.execute(RemoteWebDriver.java:678)
	at io.appium.java_client.DefaultGenericMobileDriver.execute(DefaultGenericMobileDriver.java:43)
	at io.appium.java_client.AppiumDriver.execute(AppiumDriver.java:1)
	at io.appium.java_client.ios.IOSDriver.execute(IOSDriver.java:1)
	at org.openqa.selenium.remote.RemoteWebDriver.findElement(RemoteWebDriver.java:363)
	at org.openqa.selenium.remote.RemoteWebDriver.findElementByXPath(RemoteWebDriver.java:500)
	at io.appium.java_client.DefaultGenericMobileDriver.findElementByXPath(DefaultGenericMobileDriver.java:129)
	at io.appium.java_client.AppiumDriver.findElementByXPath(AppiumDriver.java:1)
	at io.appium.java_client.ios.IOSDriver.findElementByXPath(IOSDriver.java:1)
	at org.openqa.selenium.By$ByXPath.findElement(By.java:361)
	at org.openqa.selenium.remote.RemoteWebDriver.findElement(RemoteWebDriver.java:355)
	at io.appium.java_client.DefaultGenericMobileDriver.findElement(DefaultGenericMobileDriver.java:51)
	at io.appium.java_client.AppiumDriver.findElement(AppiumDriver.java:1)
	at io.appium.java_client.ios.IOSDriver.findElement(IOSDriver.java:1)
	at org.openqa.selenium.support.pagefactory.DefaultElementLocator.findElement(DefaultElementLocator.java:69)
	at org.openqa.selenium.support.pagefactory.internal.LocatingElementHandler.invoke(LocatingElementHandler.java:38)
	at com.sun.proxy.$Proxy8.isDisplayed(Unknown Source)
	at com.test.scripts.LoginToSulekha.testTandCApplyLnk(LoginToSulekha.java:1175)
... Removed 28 stack frames</pre></div><a href='#' onClick='toggleBox("stack-trace893640573", this, "Click to show all stack frames", "Click to hide stack frames")'>Click to show all stack frames</a>
<div class='stack-trace' id='stack-trace893640573'><pre>org.openqa.selenium.NoSuchElementException: An element could not be located on the page using the given search parameters. (WARNING: The server did not provide any stacktrace information)
Command duration or timeout: 20.04 seconds
For documentation on this error, please visit: http://seleniumhq.org/exceptions/no_such_element.html
Build info: version: &apos;2.53.0&apos;, revision: &apos;35ae25b1534ae328c771e0856c93e187490ca824&apos;, time: &apos;2016-03-15 10:43:46&apos;
System info: host: &apos;Prasannas-MacBook-Pro.local&apos;, ip: &apos;10.10.4.140&apos;, os.name: &apos;Mac OS X&apos;, os.arch: &apos;x86_64&apos;, os.version: &apos;10.11.4&apos;, java.version: &apos;1.8.0_65&apos;
Driver info: io.appium.java_client.ios.IOSDriver
Capabilities [{unicodekeyboard=true, app=/Users/automation/Downloads/IndiaSulekha6.3.2.ipa, networkConnectionEnabled=false, bundleId=com.appid.sulekhauserapp, databaseEnabled=false, deviceName=iPhone 5, fullReset=true, platform=MAC, showIOSLog=true, desired={unicodekeyboard=true, app=/Users/automation/Downloads/IndiaSulekha6.3.2.ipa, showIOSLog=true, platformVersion=9.3.2, automationName=Appium, bundleId=com.appid.sulekhauserapp, platformName=iOS, udid=2dde13a2961f5f1c6f5a0f737daf13bcb43457ef, deviceName=iPhone 5, fullReset=true}, platformVersion=9.3.2, webStorageEnabled=false, locationContextEnabled=false, automationName=Appium, browserName=, takesScreenshot=true, javascriptEnabled=true, platformName=iOS, udid=2dde13a2961f5f1c6f5a0f737daf13bcb43457ef}]
Session ID: 6d9c18ad-db24-41f9-939b-55aec85b4558
*** Element info: {Using=xpath, value=//UIAStaticText[@name=&apos;Terms &amp; Conditions&apos;]}
	at sun.reflect.NativeConstructorAccessorImpl.newInstance0(Native Method)
	at sun.reflect.NativeConstructorAccessorImpl.newInstance(NativeConstructorAccessorImpl.java:62)
	at sun.reflect.DelegatingConstructorAccessorImpl.newInstance(DelegatingConstructorAccessorImpl.java:45)
	at java.lang.reflect.Constructor.newInstance(Constructor.java:422)
	at org.openqa.selenium.remote.ErrorHandler.createThrowable(ErrorHandler.java:206)
	at org.openqa.selenium.remote.ErrorHandler.throwIfResponseFailed(ErrorHandler.java:158)
	at org.openqa.selenium.remote.RemoteWebDriver.execute(RemoteWebDriver.java:678)
	at io.appium.java_client.DefaultGenericMobileDriver.execute(DefaultGenericMobileDriver.java:43)
	at io.appium.java_client.AppiumDriver.execute(AppiumDriver.java:1)
	at io.appium.java_client.ios.IOSDriver.execute(IOSDriver.java:1)
	at org.openqa.selenium.remote.RemoteWebDriver.findElement(RemoteWebDriver.java:363)
	at org.openqa.selenium.remote.RemoteWebDriver.findElementByXPath(RemoteWebDriver.java:500)
	at io.appium.java_client.DefaultGenericMobileDriver.findElementByXPath(DefaultGenericMobileDriver.java:129)
	at io.appium.java_client.AppiumDriver.findElementByXPath(AppiumDriver.java:1)
	at io.appium.java_client.ios.IOSDriver.findElementByXPath(IOSDriver.java:1)
	at org.openqa.selenium.By$ByXPath.findElement(By.java:361)
	at org.openqa.selenium.remote.RemoteWebDriver.findElement(RemoteWebDriver.java:355)
	at io.appium.java_client.DefaultGenericMobileDriver.findElement(DefaultGenericMobileDriver.java:51)
	at io.appium.java_client.AppiumDriver.findElement(AppiumDriver.java:1)
	at io.appium.java_client.ios.IOSDriver.findElement(IOSDriver.java:1)
	at org.openqa.selenium.support.pagefactory.DefaultElementLocator.findElement(DefaultElementLocator.java:69)
	at org.openqa.selenium.support.pagefactory.internal.LocatingElementHandler.invoke(LocatingElementHandler.java:38)
	at com.sun.proxy.$Proxy8.isDisplayed(Unknown Source)
	at com.test.scripts.LoginToSulekha.testTandCApplyLnk(LoginToSulekha.java:1175)
	at sun.reflect.NativeMethodAccessorImpl.invoke0(Native Method)
	at sun.reflect.NativeMethodAccessorImpl.invoke(NativeMethodAccessorImpl.java:62)
	at sun.reflect.DelegatingMethodAccessorImpl.invoke(DelegatingMethodAccessorImpl.java:43)
	at java.lang.reflect.Method.invoke(Method.java:497)
	at org.testng.internal.MethodInvocationHelper.invokeMethod(MethodInvocationHelper.java:85)
	at org.testng.internal.Invoker.invokeMethod(Invoker.java:659)
	at org.testng.internal.Invoker.invokeTestMethod(Invoker.java:845)
	at org.testng.internal.Invoker.invokeTestMethods(Invoker.java:1153)
	at org.testng.internal.TestMethodWorker.invokeTestMethods(TestMethodWorker.java:125)
	at org.testng.internal.TestMethodWorker.run(TestMethodWorker.java:108)
	at org.testng.TestRunner.privateRun(TestRunner.java:771)
	at org.testng.TestRunner.run(TestRunner.java:621)
	at org.testng.SuiteRunner.runTest(SuiteRunner.java:357)
	at org.testng.SuiteRunner.runSequentially(SuiteRunner.java:352)
	at org.testng.SuiteRunner.privateRun(SuiteRunner.java:310)
	at org.testng.SuiteRunner.run(SuiteRunner.java:259)
	at org.testng.SuiteRunnerWorker.runSuite(SuiteRunnerWorker.java:52)
	at org.testng.SuiteRunnerWorker.run(SuiteRunnerWorker.java:86)
	at org.testng.TestNG.runSuitesSequentially(TestNG.java:1199)
	at org.testng.TestNG.runSuitesLocally(TestNG.java:1124)
	at org.testng.TestNG.run(TestNG.java:1032)
	at org.testng.remote.AbstractRemoteTestNG.run(AbstractRemoteTestNG.java:126)
	at org.testng.remote.RemoteTestNG.initAndRun(RemoteTestNG.java:137)
	at org.testng.remote.RemoteTestNG.main(RemoteTestNG.java:58)
</pre></div></td>
<td>77</td>
<td>com.test.scripts.LoginToSulekha@4d41cee</td></tr>
<tr>
<td title='com.test.scripts.LoginToSulekha.testWOEnteringEmail()'><b>testWOEnteringEmail</b><br>Test class: com.test.scripts.LoginToSulekha<br>Test method: Tap over Create button without entering Email ID<br/>
<a href="#Output-1060703587" onClick='toggleBox("Output-1060703587", this, "Show output", "Hide output");'>Show output</a>

<a href="#Output-1060703587" onClick="toggleAllBoxes();">Show all outputs</a>
<div class='log' id="Output-1060703587">
STEP285<br/>
STEP286<br/>
STEP287<br/>
STEP288<br/>
STEP289<br/>
STEP290<br/>
</div>
</td>
<td><div><pre>org.openqa.selenium.NoSuchElementException: An element could not be located on the page using the given search parameters. (WARNING: The server did not provide any stacktrace information)
Command duration or timeout: 21.86 seconds
For documentation on this error, please visit: http://seleniumhq.org/exceptions/no_such_element.html
Build info: version: &apos;2.53.0&apos;, revision: &apos;35ae25b1534ae328c771e0856c93e187490ca824&apos;, time: &apos;2016-03-15 10:43:46&apos;
System info: host: &apos;Prasannas-MacBook-Pro.local&apos;, ip: &apos;10.10.4.140&apos;, os.name: &apos;Mac OS X&apos;, os.arch: &apos;x86_64&apos;, os.version: &apos;10.11.4&apos;, java.version: &apos;1.8.0_65&apos;
Driver info: io.appium.java_client.ios.IOSDriver
Capabilities [{unicodekeyboard=true, app=/Users/automation/Downloads/IndiaSulekha6.3.2.ipa, networkConnectionEnabled=false, bundleId=com.appid.sulekhauserapp, databaseEnabled=false, deviceName=iPhone 5, fullReset=true, platform=MAC, showIOSLog=true, desired={unicodekeyboard=true, app=/Users/automation/Downloads/IndiaSulekha6.3.2.ipa, showIOSLog=true, platformVersion=9.3.2, automationName=Appium, bundleId=com.appid.sulekhauserapp, platformName=iOS, udid=2dde13a2961f5f1c6f5a0f737daf13bcb43457ef, deviceName=iPhone 5, fullReset=true}, platformVersion=9.3.2, webStorageEnabled=false, locationContextEnabled=false, automationName=Appium, browserName=, takesScreenshot=true, javascriptEnabled=true, platformName=iOS, udid=2dde13a2961f5f1c6f5a0f737daf13bcb43457ef}]
Session ID: 0a40f490-20c6-43be-aa1b-5d16c921aff1
*** Element info: {Using=id, value=Create account}
	at org.openqa.selenium.remote.ErrorHandler.createThrowable(ErrorHandler.java:206)
	at org.openqa.selenium.remote.ErrorHandler.throwIfResponseFailed(ErrorHandler.java:158)
	at org.openqa.selenium.remote.RemoteWebDriver.execute(RemoteWebDriver.java:678)
	at io.appium.java_client.DefaultGenericMobileDriver.execute(DefaultGenericMobileDriver.java:43)
	at io.appium.java_client.AppiumDriver.execute(AppiumDriver.java:1)
	at io.appium.java_client.ios.IOSDriver.execute(IOSDriver.java:1)
	at org.openqa.selenium.remote.RemoteWebDriver.findElement(RemoteWebDriver.java:363)
	at org.openqa.selenium.remote.RemoteWebDriver.findElementById(RemoteWebDriver.java:413)
	at io.appium.java_client.DefaultGenericMobileDriver.findElementById(DefaultGenericMobileDriver.java:59)
	at io.appium.java_client.AppiumDriver.findElementById(AppiumDriver.java:1)
	at io.appium.java_client.ios.IOSDriver.findElementById(IOSDriver.java:1)
	at org.openqa.selenium.By$ById.findElement(By.java:218)
	at org.openqa.selenium.remote.RemoteWebDriver.findElement(RemoteWebDriver.java:355)
	at io.appium.java_client.DefaultGenericMobileDriver.findElement(DefaultGenericMobileDriver.java:51)
	at io.appium.java_client.AppiumDriver.findElement(AppiumDriver.java:1)
	at io.appium.java_client.ios.IOSDriver.findElement(IOSDriver.java:1)
	at org.openqa.selenium.support.pagefactory.DefaultElementLocator.findElement(DefaultElementLocator.java:69)
	at org.openqa.selenium.support.pagefactory.internal.LocatingElementHandler.invoke(LocatingElementHandler.java:38)
	at com.sun.proxy.$Proxy8.isDisplayed(Unknown Source)
	at com.test.scripts.LoginToSulekha.testWOEnteringEmail(LoginToSulekha.java:902)
... Removed 28 stack frames</pre></div><a href='#' onClick='toggleBox("stack-trace1060703587", this, "Click to show all stack frames", "Click to hide stack frames")'>Click to show all stack frames</a>
<div class='stack-trace' id='stack-trace1060703587'><pre>org.openqa.selenium.NoSuchElementException: An element could not be located on the page using the given search parameters. (WARNING: The server did not provide any stacktrace information)
Command duration or timeout: 21.86 seconds
For documentation on this error, please visit: http://seleniumhq.org/exceptions/no_such_element.html
Build info: version: &apos;2.53.0&apos;, revision: &apos;35ae25b1534ae328c771e0856c93e187490ca824&apos;, time: &apos;2016-03-15 10:43:46&apos;
System info: host: &apos;Prasannas-MacBook-Pro.local&apos;, ip: &apos;10.10.4.140&apos;, os.name: &apos;Mac OS X&apos;, os.arch: &apos;x86_64&apos;, os.version: &apos;10.11.4&apos;, java.version: &apos;1.8.0_65&apos;
Driver info: io.appium.java_client.ios.IOSDriver
Capabilities [{unicodekeyboard=true, app=/Users/automation/Downloads/IndiaSulekha6.3.2.ipa, networkConnectionEnabled=false, bundleId=com.appid.sulekhauserapp, databaseEnabled=false, deviceName=iPhone 5, fullReset=true, platform=MAC, showIOSLog=true, desired={unicodekeyboard=true, app=/Users/automation/Downloads/IndiaSulekha6.3.2.ipa, showIOSLog=true, platformVersion=9.3.2, automationName=Appium, bundleId=com.appid.sulekhauserapp, platformName=iOS, udid=2dde13a2961f5f1c6f5a0f737daf13bcb43457ef, deviceName=iPhone 5, fullReset=true}, platformVersion=9.3.2, webStorageEnabled=false, locationContextEnabled=false, automationName=Appium, browserName=, takesScreenshot=true, javascriptEnabled=true, platformName=iOS, udid=2dde13a2961f5f1c6f5a0f737daf13bcb43457ef}]
Session ID: 0a40f490-20c6-43be-aa1b-5d16c921aff1
*** Element info: {Using=id, value=Create account}
	at sun.reflect.NativeConstructorAccessorImpl.newInstance0(Native Method)
	at sun.reflect.NativeConstructorAccessorImpl.newInstance(NativeConstructorAccessorImpl.java:62)
	at sun.reflect.DelegatingConstructorAccessorImpl.newInstance(DelegatingConstructorAccessorImpl.java:45)
	at java.lang.reflect.Constructor.newInstance(Constructor.java:422)
	at org.openqa.selenium.remote.ErrorHandler.createThrowable(ErrorHandler.java:206)
	at org.openqa.selenium.remote.ErrorHandler.throwIfResponseFailed(ErrorHandler.java:158)
	at org.openqa.selenium.remote.RemoteWebDriver.execute(RemoteWebDriver.java:678)
	at io.appium.java_client.DefaultGenericMobileDriver.execute(DefaultGenericMobileDriver.java:43)
	at io.appium.java_client.AppiumDriver.execute(AppiumDriver.java:1)
	at io.appium.java_client.ios.IOSDriver.execute(IOSDriver.java:1)
	at org.openqa.selenium.remote.RemoteWebDriver.findElement(RemoteWebDriver.java:363)
	at org.openqa.selenium.remote.RemoteWebDriver.findElementById(RemoteWebDriver.java:413)
	at io.appium.java_client.DefaultGenericMobileDriver.findElementById(DefaultGenericMobileDriver.java:59)
	at io.appium.java_client.AppiumDriver.findElementById(AppiumDriver.java:1)
	at io.appium.java_client.ios.IOSDriver.findElementById(IOSDriver.java:1)
	at org.openqa.selenium.By$ById.findElement(By.java:218)
	at org.openqa.selenium.remote.RemoteWebDriver.findElement(RemoteWebDriver.java:355)
	at io.appium.java_client.DefaultGenericMobileDriver.findElement(DefaultGenericMobileDriver.java:51)
	at io.appium.java_client.AppiumDriver.findElement(AppiumDriver.java:1)
	at io.appium.java_client.ios.IOSDriver.findElement(IOSDriver.java:1)
	at org.openqa.selenium.support.pagefactory.DefaultElementLocator.findElement(DefaultElementLocator.java:69)
	at org.openqa.selenium.support.pagefactory.internal.LocatingElementHandler.invoke(LocatingElementHandler.java:38)
	at com.sun.proxy.$Proxy8.isDisplayed(Unknown Source)
	at com.test.scripts.LoginToSulekha.testWOEnteringEmail(LoginToSulekha.java:902)
	at sun.reflect.NativeMethodAccessorImpl.invoke0(Native Method)
	at sun.reflect.NativeMethodAccessorImpl.invoke(NativeMethodAccessorImpl.java:62)
	at sun.reflect.DelegatingMethodAccessorImpl.invoke(DelegatingMethodAccessorImpl.java:43)
	at java.lang.reflect.Method.invoke(Method.java:497)
	at org.testng.internal.MethodInvocationHelper.invokeMethod(MethodInvocationHelper.java:85)
	at org.testng.internal.Invoker.invokeMethod(Invoker.java:659)
	at org.testng.internal.Invoker.invokeTestMethod(Invoker.java:845)
	at org.testng.internal.Invoker.invokeTestMethods(Invoker.java:1153)
	at org.testng.internal.TestMethodWorker.invokeTestMethods(TestMethodWorker.java:125)
	at org.testng.internal.TestMethodWorker.run(TestMethodWorker.java:108)
	at org.testng.TestRunner.privateRun(TestRunner.java:771)
	at org.testng.TestRunner.run(TestRunner.java:621)
	at org.testng.SuiteRunner.runTest(SuiteRunner.java:357)
	at org.testng.SuiteRunner.runSequentially(SuiteRunner.java:352)
	at org.testng.SuiteRunner.privateRun(SuiteRunner.java:310)
	at org.testng.SuiteRunner.run(SuiteRunner.java:259)
	at org.testng.SuiteRunnerWorker.runSuite(SuiteRunnerWorker.java:52)
	at org.testng.SuiteRunnerWorker.run(SuiteRunnerWorker.java:86)
	at org.testng.TestNG.runSuitesSequentially(TestNG.java:1199)
	at org.testng.TestNG.runSuitesLocally(TestNG.java:1124)
	at org.testng.TestNG.run(TestNG.java:1032)
	at org.testng.remote.AbstractRemoteTestNG.run(AbstractRemoteTestNG.java:126)
	at org.testng.remote.RemoteTestNG.initAndRun(RemoteTestNG.java:137)
	at org.testng.remote.RemoteTestNG.main(RemoteTestNG.java:58)
</pre></div></td>
<td>92</td>
<td>com.test.scripts.LoginToSulekha@4d41cee</td></tr>
</table><p>
<table width='100%' border='1' class='invocation-passed'>
<tr><td colspan='4' align='center'><b>PASSED TESTS</b></td></tr>
<tr><td><b>Test method</b></td>
<td width="30%"><b>Exception</b></td>
<td width="10%"><b>Time (seconds)</b></td>
<td><b>Instance</b></td>
</tr>
<tr>
<td title='com.test.scripts.LoginToSulekha.testForgtPwd()'><b>testForgtPwd</b><br>Test class: com.test.scripts.LoginToSulekha<br>Test method: To tap over 'forgot password' link in Login page.<br/>
<a href="#Output-553759818" onClick='toggleBox("Output-553759818", this, "Show output", "Hide output");'>Show output</a>

<a href="#Output-553759818" onClick="toggleAllBoxes();">Show all outputs</a>
<div class='log' id="Output-553759818">
STEP218<br/>
STEP219<br/>
STEP220<br/>
STEP221<br/>
STEP222<br/>
STEP223<br/>
</div>
</td>
<td></td>
<td>57</td>
<td>com.test.scripts.LoginToSulekha@4d41cee</td></tr>
<tr>
<td title='com.test.scripts.LoginToSulekha.testGoogleLogin()'><b>testGoogleLogin</b><br>Test class: com.test.scripts.LoginToSulekha<br>Test method: To login through google+<br/>
<a href="#Output-896138248" onClick='toggleBox("Output-896138248", this, "Show output", "Hide output");'>Show output</a>

<a href="#Output-896138248" onClick="toggleAllBoxes();">Show all outputs</a>
<div class='log' id="Output-896138248">
STEP238<br/>
STEP239<br/>
STEP240<br/>
STEP241<br/>
STEP242<br/>
STEP243<br/>
STEP244<br/>
</div>
</td>
<td></td>
<td>156</td>
<td>com.test.scripts.LoginToSulekha@4d41cee</td></tr>
<tr>
<td title='com.test.scripts.LoginToSulekha.testHidePwdLnk()'><b>testHidePwdLnk</b><br>Test class: com.test.scripts.LoginToSulekha<br>Test method: To tap over 'Hide' link of password field in login page<br/>
<a href="#Output-2121995675" onClick='toggleBox("Output-2121995675", this, "Show output", "Hide output");'>Show output</a>

<a href="#Output-2121995675" onClick="toggleAllBoxes();">Show all outputs</a>
<div class='log' id="Output-2121995675">
STEP188<br/>
STEP189<br/>
STEP190<br/>
STEP191<br/>
STEP192<br/>
STEP193<br/>
</div>
</td>
<td></td>
<td>69</td>
<td>com.test.scripts.LoginToSulekha@4d41cee</td></tr>
<tr>
<td title='com.test.scripts.LoginToSulekha.testInvalidEnteringEmail()'><b>testInvalidEnteringEmail</b><br>Test class: com.test.scripts.LoginToSulekha<br>Test method: Enter invalid Email ID and tap over Create button.<br/>
<a href="#Output-633079302" onClick='toggleBox("Output-633079302", this, "Show output", "Hide output");'>Show output</a>

<a href="#Output-633079302" onClick="toggleAllBoxes();">Show all outputs</a>
<div class='log' id="Output-633079302">
STEP291<br/>
STEP292<br/>
STEP293<br/>
STEP294<br/>
STEP295<br/>
STEP296<br/>
STEP297<br/>
STEP298<br/>
STEP299<br/>
</div>
</td>
<td></td>
<td>115</td>
<td>com.test.scripts.LoginToSulekha@4d41cee</td></tr>
<tr>
<td title='com.test.scripts.LoginToSulekha.testInvalidMobileNumber()'><b>testInvalidMobileNumber</b><br>Test class: com.test.scripts.LoginToSulekha<br>Test method: Enter invalid Mobile number and tap over Create button.<br/>
<a href="#Output-782228073" onClick='toggleBox("Output-782228073", this, "Show output", "Hide output");'>Show output</a>

<a href="#Output-782228073" onClick="toggleAllBoxes();">Show all outputs</a>
<div class='log' id="Output-782228073">
STEP276<br/>
STEP277<br/>
STEP278<br/>
STEP279<br/>
STEP280<br/>
STEP281<br/>
STEP282<br/>
STEP283<br/>
STEP284<br/>
</div>
</td>
<td></td>
<td>102</td>
<td>com.test.scripts.LoginToSulekha@4d41cee</td></tr>
<tr>
<td title='com.test.scripts.LoginToSulekha.testInvalidOtp()'><b>testInvalidOtp</b><br>Test class: com.test.scripts.LoginToSulekha<br>Test method: Check entering invalid OTP<br/>
<a href="#Output-1271041075" onClick='toggleBox("Output-1271041075", this, "Show output", "Hide output");'>Show output</a>

<a href="#Output-1271041075" onClick="toggleAllBoxes();">Show all outputs</a>
<div class='log' id="Output-1271041075">
STEP308<br/>
STEP309<br/>
STEP310<br/>
STEP311<br/>
STEP312<br/>
STEP313<br/>
STEP314<br/>
STEP315<br/>
STEP316<br/>
STEP317<br/>
STEP318<br/>
</div>
</td>
<td></td>
<td>122</td>
<td>com.test.scripts.LoginToSulekha@4d41cee</td></tr>
<tr>
<td title='com.test.scripts.LoginToSulekha.testLoginInvalideEmail()'><b>testLoginInvalideEmail</b><br>Test class: com.test.scripts.LoginToSulekha<br>Test method: To tap over 'login' button by entering invalid emailid<br/>
<a href="#Output-1687354037" onClick='toggleBox("Output-1687354037", this, "Show output", "Hide output");'>Show output</a>

<a href="#Output-1687354037" onClick="toggleAllBoxes();">Show all outputs</a>
<div class='log' id="Output-1687354037">
STEP129<br/>
STEP130<br/>
STEP131<br/>
STEP132<br/>
STEP133<br/>
STEP134<br/>
</div>
</td>
<td></td>
<td>68</td>
<td>com.test.scripts.LoginToSulekha@4d41cee</td></tr>
<tr>
<td title='com.test.scripts.LoginToSulekha.testLoginInvalideMobNum()'><b>testLoginInvalideMobNum</b><br>Test class: com.test.scripts.LoginToSulekha<br>Test method: To tap over 'login' button by entering invalid mobileno.<br/>
<a href="#Output-69062746" onClick='toggleBox("Output-69062746", this, "Show output", "Hide output");'>Show output</a>

<a href="#Output-69062746" onClick="toggleAllBoxes();">Show all outputs</a>
<div class='log' id="Output-69062746">
STEP123<br/>
STEP124<br/>
STEP125<br/>
STEP126<br/>
STEP127<br/>
STEP128<br/>
</div>
</td>
<td></td>
<td>69</td>
<td>com.test.scripts.LoginToSulekha@4d41cee</td></tr>
<tr>
<td title='com.test.scripts.LoginToSulekha.testLoginUnRegEmail()'><b>testLoginUnRegEmail</b><br>Test class: com.test.scripts.LoginToSulekha<br>Test method: To tap over 'login' button by entering unregistered email id<br/>
<a href="#Output-822087264" onClick='toggleBox("Output-822087264", this, "Show output", "Hide output");'>Show output</a>

<a href="#Output-822087264" onClick="toggleAllBoxes();">Show all outputs</a>
<div class='log' id="Output-822087264">
STEP135<br/>
STEP136<br/>
STEP137<br/>
STEP138<br/>
STEP139<br/>
STEP140<br/>
</div>
</td>
<td></td>
<td>68</td>
<td>com.test.scripts.LoginToSulekha@4d41cee</td></tr>
<tr>
<td title='com.test.scripts.LoginToSulekha.testLoginUnRegMob()'><b>testLoginUnRegMob</b><br>Test class: com.test.scripts.LoginToSulekha<br>Test method: To tap over 'login' button by entering unregistered mobile number<br/>
<a href="#Output-769132147" onClick='toggleBox("Output-769132147", this, "Show output", "Hide output");'>Show output</a>

<a href="#Output-769132147" onClick="toggleAllBoxes();">Show all outputs</a>
<div class='log' id="Output-769132147">
STEP141<br/>
STEP142<br/>
STEP143<br/>
STEP144<br/>
STEP145<br/>
STEP146<br/>
</div>
</td>
<td></td>
<td>65</td>
<td>com.test.scripts.LoginToSulekha@4d41cee</td></tr>
<tr>
<td title='com.test.scripts.LoginToSulekha.testLoginWOEmailIDMobileNum()'><b>testLoginWOEmailIDMobileNum</b><br>Test class: com.test.scripts.LoginToSulekha<br>Test method: Tap over LOGIN button without entering any values in Email ID/Mobile number field and verify.<br/>
<a href="#Output-873175411" onClick='toggleBox("Output-873175411", this, "Show output", "Hide output");'>Show output</a>

<a href="#Output-873175411" onClick="toggleAllBoxes();">Show all outputs</a>
<div class='log' id="Output-873175411">
STEP117<br/>
STEP118<br/>
STEP119<br/>
STEP120<br/>
STEP121<br/>
STEP122<br/>
</div>
</td>
<td></td>
<td>61</td>
<td>com.test.scripts.LoginToSulekha@4d41cee</td></tr>
<tr>
<td title='com.test.scripts.LoginToSulekha.testLoginWithEmailWithoutPwd()'><b>testLoginWithEmailWithoutPwd</b><br>Test class: com.test.scripts.LoginToSulekha<br>Test method: To tap over 'login' button by entering registered emailid and no password<br/>
<a href="#Output-1711185459" onClick='toggleBox("Output-1711185459", this, "Show output", "Hide output");'>Show output</a>

<a href="#Output-1711185459" onClick="toggleAllBoxes();">Show all outputs</a>
<div class='log' id="Output-1711185459">
STEP176<br/>
STEP177<br/>
STEP178<br/>
STEP179<br/>
STEP180<br/>
</div>
</td>
<td></td>
<td>69</td>
<td>com.test.scripts.LoginToSulekha@4d41cee</td></tr>
<tr>
<td title='com.test.scripts.LoginToSulekha.testLoginWithMobileWithoutPwd()'><b>testLoginWithMobileWithoutPwd</b><br>Test class: com.test.scripts.LoginToSulekha<br>Test method: To tap over 'login' button by entering registered mobileno and no password<br/>
<a href="#Output-793293778" onClick='toggleBox("Output-793293778", this, "Show output", "Hide output");'>Show output</a>

<a href="#Output-793293778" onClick="toggleAllBoxes();">Show all outputs</a>
<div class='log' id="Output-793293778">
STEP171<br/>
STEP172<br/>
STEP173<br/>
STEP174<br/>
STEP175<br/>
</div>
</td>
<td></td>
<td>67</td>
<td>com.test.scripts.LoginToSulekha@4d41cee</td></tr>
<tr>
<td title='com.test.scripts.LoginToSulekha.testPwdViaEmail()'><b>testPwdViaEmail</b><br>Test class: com.test.scripts.LoginToSulekha<br>Test method: To enter a valid Email ID in Via email in Forgot password? Page and tap on Send button<br/>
<a href="#Output-1806880779" onClick='toggleBox("Output-1806880779", this, "Show output", "Hide output");'>Show output</a>

<a href="#Output-1806880779" onClick="toggleAllBoxes();">Show all outputs</a>
<div class='log' id="Output-1806880779">
STEP231<br/>
STEP232<br/>
STEP233<br/>
STEP234<br/>
STEP235<br/>
STEP236<br/>
STEP237<br/>
</div>
</td>
<td></td>
<td>85</td>
<td>com.test.scripts.LoginToSulekha@4d41cee</td></tr>
<tr>
<td title='com.test.scripts.LoginToSulekha.testPwdViaSms()'><b>testPwdViaSms</b><br>Test class: com.test.scripts.LoginToSulekha<br>Test method: To enter a valid mobile number in Via SMS in Forgot password? Page and tap on Send button<br/>
<a href="#Output-1431710377" onClick='toggleBox("Output-1431710377", this, "Show output", "Hide output");'>Show output</a>

<a href="#Output-1431710377" onClick="toggleAllBoxes();">Show all outputs</a>
<div class='log' id="Output-1431710377">
STEP224<br/>
STEP225<br/>
STEP226<br/>
STEP227<br/>
STEP228<br/>
STEP229<br/>
STEP230<br/>
</div>
</td>
<td></td>
<td>81</td>
<td>com.test.scripts.LoginToSulekha@4d41cee</td></tr>
<tr>
<td title='com.test.scripts.LoginToSulekha.testShowPwdLnk()'><b>testShowPwdLnk</b><br>Test class: com.test.scripts.LoginToSulekha<br>Test method: To tap over 'Show' link of password field in login page<br/>
<a href="#Output-1112456099" onClick='toggleBox("Output-1112456099", this, "Show output", "Hide output");'>Show output</a>

<a href="#Output-1112456099" onClick="toggleAllBoxes();">Show all outputs</a>
<div class='log' id="Output-1112456099">
STEP181<br/>
STEP182<br/>
STEP183<br/>
STEP184<br/>
STEP185<br/>
STEP186<br/>
STEP187<br/>
</div>
</td>
<td></td>
<td>65</td>
<td>com.test.scripts.LoginToSulekha@4d41cee</td></tr>
<tr>
<td title='com.test.scripts.LoginToSulekha.testSkipLnk()'><b>testSkipLnk</b><br>Test class: com.test.scripts.LoginToSulekha<br>Test method: Tap over SKIP link and verify.<br/>
<a href="#Output-511354923" onClick='toggleBox("Output-511354923", this, "Show output", "Hide output");'>Show output</a>

<a href="#Output-511354923" onClick="toggleAllBoxes();">Show all outputs</a>
<div class='log' id="Output-511354923">
STEP345<br/>
STEP346<br/>
STEP347<br/>
STEP348<br/>
STEP349<br/>
STEP350<br/>
</div>
</td>
<td></td>
<td>59</td>
<td>com.test.scripts.LoginToSulekha@4d41cee</td></tr>
<tr>
<td title='com.test.scripts.LoginToSulekha.testUnRegEmailJoinSulekha()'><b>testUnRegEmailJoinSulekha</b><br>Test class: com.test.scripts.LoginToSulekha<br>Test method: Tap over Join Sulekha button displayed on the alert for unregistered emailID.<br/>
<a href="#Output-361380654" onClick='toggleBox("Output-361380654", this, "Show output", "Hide output");'>Show output</a>

<a href="#Output-361380654" onClick="toggleAllBoxes();">Show all outputs</a>
<div class='log' id="Output-361380654">
STEP153<br/>
STEP154<br/>
STEP155<br/>
STEP156<br/>
STEP157<br/>
STEP158<br/>
</div>
</td>
<td></td>
<td>74</td>
<td>com.test.scripts.LoginToSulekha@4d41cee</td></tr>
<tr>
<td title='com.test.scripts.LoginToSulekha.testUnRegGoogleLogin()'><b>testUnRegGoogleLogin</b><br>Test class: com.test.scripts.LoginToSulekha<br>Test method: Check the Create Account page for unregistered user when logged in through Facebook or G+<br/>
<a href="#Output-234740890" onClick='toggleBox("Output-234740890", this, "Show output", "Hide output");'>Show output</a>

<a href="#Output-234740890" onClick="toggleAllBoxes();">Show all outputs</a>
<div class='log' id="Output-234740890">
STEP245<br/>
STEP246<br/>
STEP247<br/>
STEP248<br/>
STEP249<br/>
STEP250<br/>
STEP251<br/>
STEP252<br/>
STEP253<br/>
STEP254<br/>
STEP255<br/>
STEP256<br/>
</div>
</td>
<td></td>
<td>107</td>
<td>com.test.scripts.LoginToSulekha@4d41cee</td></tr>
<tr>
<td title='com.test.scripts.LoginToSulekha.testUnRegMobJoinSulekha()'><b>testUnRegMobJoinSulekha</b><br>Test class: com.test.scripts.LoginToSulekha<br>Test method: Tap over Join Sulekha button displayed on the alert for unregistered mobile number.<br/>
<a href="#Output-1357700757" onClick='toggleBox("Output-1357700757", this, "Show output", "Hide output");'>Show output</a>

<a href="#Output-1357700757" onClick="toggleAllBoxes();">Show all outputs</a>
<div class='log' id="Output-1357700757">
STEP147<br/>
STEP148<br/>
STEP149<br/>
STEP150<br/>
STEP151<br/>
STEP152<br/>
</div>
</td>
<td></td>
<td>70</td>
<td>com.test.scripts.LoginToSulekha@4d41cee</td></tr>
<tr>
<td title='com.test.scripts.LoginToSulekha.testUnRegMobileCancel()'><b>testUnRegMobileCancel</b><br>Test class: com.test.scripts.LoginToSulekha<br>Test method: Tap over Cancel button displayed on the alert for unregistered mobile number.<br/>
<a href="#Output-1252540239" onClick='toggleBox("Output-1252540239", this, "Show output", "Hide output");'>Show output</a>

<a href="#Output-1252540239" onClick="toggleAllBoxes();">Show all outputs</a>
<div class='log' id="Output-1252540239">
STEP159<br/>
STEP160<br/>
STEP161<br/>
STEP162<br/>
STEP163<br/>
STEP164<br/>
</div>
</td>
<td></td>
<td>69</td>
<td>com.test.scripts.LoginToSulekha@4d41cee</td></tr>
<tr>
<td title='com.test.scripts.LoginToSulekha.testUnregisteredEmailPopupCancelBtn()'><b>testUnregisteredEmailPopupCancelBtn</b><br>Test class: com.test.scripts.LoginToSulekha<br>Test method: Tap over Cancel button displayed on the alert for unregistered EmailID.<br/>
<a href="#Output-1863655430" onClick='toggleBox("Output-1863655430", this, "Show output", "Hide output");'>Show output</a>

<a href="#Output-1863655430" onClick="toggleAllBoxes();">Show all outputs</a>
<div class='log' id="Output-1863655430">
STEP165<br/>
STEP166<br/>
STEP167<br/>
STEP168<br/>
STEP169<br/>
STEP170<br/>
</div>
</td>
<td></td>
<td>74</td>
<td>com.test.scripts.LoginToSulekha@4d41cee</td></tr>
<tr>
<td title='com.test.scripts.LoginToSulekha.testValidEmailInvalidPwd()'><b>testValidEmailInvalidPwd</b><br>Test class: com.test.scripts.LoginToSulekha<br>Test method: To Tap over LOGIN and enter valid Email ID and invalid Password and verify.<br/>
<a href="#Output-1088417975" onClick='toggleBox("Output-1088417975", this, "Show output", "Hide output");'>Show output</a>

<a href="#Output-1088417975" onClick="toggleAllBoxes();">Show all outputs</a>
<div class='log' id="Output-1088417975">
STEP194<br/>
STEP195<br/>
STEP196<br/>
STEP197<br/>
STEP198<br/>
STEP199<br/>
</div>
</td>
<td></td>
<td>79</td>
<td>com.test.scripts.LoginToSulekha@4d41cee</td></tr>
<tr>
<td title='com.test.scripts.LoginToSulekha.testValidLoginViaEmailID()'><b>testValidLoginViaEmailID</b><br>Test class: com.test.scripts.LoginToSulekha<br>Test method: To Tap over LOGIN and enter valid Email ID and valid Password and verify.<br/>
<a href="#Output-204805934" onClick='toggleBox("Output-204805934", this, "Show output", "Hide output");'>Show output</a>

<a href="#Output-204805934" onClick="toggleAllBoxes();">Show all outputs</a>
<div class='log' id="Output-204805934">
STEP206<br/>
STEP207<br/>
STEP208<br/>
STEP209<br/>
STEP210<br/>
STEP211<br/>
</div>
</td>
<td></td>
<td>76</td>
<td>com.test.scripts.LoginToSulekha@4d41cee</td></tr>
<tr>
<td title='com.test.scripts.LoginToSulekha.testValidLoginViaValidMobileNum()'><b>testValidLoginViaValidMobileNum</b><br>Test class: com.test.scripts.LoginToSulekha<br>Test method: To Tap over LOGIN and enter valid Mobile number and valid Password and verify.<br/>
<a href="#Output-67730604" onClick='toggleBox("Output-67730604", this, "Show output", "Hide output");'>Show output</a>

<a href="#Output-67730604" onClick="toggleAllBoxes();">Show all outputs</a>
<div class='log' id="Output-67730604">
STEP212<br/>
STEP213<br/>
STEP214<br/>
STEP215<br/>
STEP216<br/>
STEP217<br/>
</div>
</td>
<td></td>
<td>80</td>
<td>com.test.scripts.LoginToSulekha@4d41cee</td></tr>
<tr>
<td title='com.test.scripts.LoginToSulekha.testValidMobAndName()'><b>testValidMobAndName</b><br>Test class: com.test.scripts.LoginToSulekha<br>Test method: Enter a valid mobile number and email id in create account page and tap on Create button<br/>
<a href="#Output-962287291" onClick='toggleBox("Output-962287291", this, "Show output", "Hide output");'>Show output</a>

<a href="#Output-962287291" onClick="toggleAllBoxes();">Show all outputs</a>
<div class='log' id="Output-962287291">
STEP257<br/>
STEP258<br/>
STEP259<br/>
STEP260<br/>
STEP261<br/>
STEP262<br/>
STEP263<br/>
STEP264<br/>
STEP265<br/>
STEP266<br/>
</div>
</td>
<td></td>
<td>119</td>
<td>com.test.scripts.LoginToSulekha@4d41cee</td></tr>
<tr>
<td title='com.test.scripts.LoginToSulekha.testValidMobileInvalidPwd()'><b>testValidMobileInvalidPwd</b><br>Test class: com.test.scripts.LoginToSulekha<br>Test method: To Tap over LOGIN and enter valid Mobile number and invalid Password and verify.<br/>
<a href="#Output-146874094" onClick='toggleBox("Output-146874094", this, "Show output", "Hide output");'>Show output</a>

<a href="#Output-146874094" onClick="toggleAllBoxes();">Show all outputs</a>
<div class='log' id="Output-146874094">
STEP200<br/>
STEP201<br/>
STEP202<br/>
STEP203<br/>
STEP204<br/>
STEP205<br/>
</div>
</td>
<td></td>
<td>79</td>
<td>com.test.scripts.LoginToSulekha@4d41cee</td></tr>
<tr>
<td title='com.test.scripts.LoginToSulekha.testValidOtp()'><b>testValidOtp</b><br>Test class: com.test.scripts.LoginToSulekha<br>Test method: Enter valid OTP<br/>
<a href="#Output-833240229" onClick='toggleBox("Output-833240229", this, "Show output", "Hide output");'>Show output</a>

<a href="#Output-833240229" onClick="toggleAllBoxes();">Show all outputs</a>
<div class='log' id="Output-833240229">
STEP328<br/>
STEP329<br/>
STEP330<br/>
STEP331<br/>
STEP332<br/>
STEP333<br/>
STEP334<br/>
STEP335<br/>
STEP336<br/>
STEP337<br/>
STEP338<br/>
</div>
</td>
<td></td>
<td>230</td>
<td>com.test.scripts.LoginToSulekha@4d41cee</td></tr>
<tr>
<td title='com.test.scripts.LoginToSulekha.testWithoutEnteringMobileNumber()'><b>testWithoutEnteringMobileNumber</b><br>Test class: com.test.scripts.LoginToSulekha<br>Test method: Tap over Create button without entering Mobile number<br/>
<a href="#Output-2016828666" onClick='toggleBox("Output-2016828666", this, "Show output", "Hide output");'>Show output</a>

<a href="#Output-2016828666" onClick="toggleAllBoxes();">Show all outputs</a>
<div class='log' id="Output-2016828666">
STEP267<br/>
STEP268<br/>
STEP269<br/>
STEP270<br/>
STEP271<br/>
STEP272<br/>
STEP273<br/>
STEP274<br/>
STEP275<br/>
</div>
</td>
<td></td>
<td>92</td>
<td>com.test.scripts.LoginToSulekha@4d41cee</td></tr>
<tr>
<td title='com.test.scripts.LoginToSulekha.testWithoutName()'><b>testWithoutName</b><br>Test class: com.test.scripts.LoginToSulekha<br>Test method: Tap over Create button without entering Name.<br/>
<a href="#Output-2081000371" onClick='toggleBox("Output-2081000371", this, "Show output", "Hide output");'>Show output</a>

<a href="#Output-2081000371" onClick="toggleAllBoxes();">Show all outputs</a>
<div class='log' id="Output-2081000371">
STEP300<br/>
STEP301<br/>
STEP302<br/>
STEP303<br/>
STEP304<br/>
STEP305<br/>
STEP306<br/>
STEP307<br/>
</div>
</td>
<td></td>
<td>81</td>
<td>com.test.scripts.LoginToSulekha@4d41cee</td></tr>
</table><p>
</body>
</html>