<html>
<head>
<title>TestNG:  MDLD</title>
<link href="../testng.css" rel="stylesheet" type="text/css" />
<link href="../my-testng.css" rel="stylesheet" type="text/css" />

<style type="text/css">
.log { display: none;} 
.stack-trace { display: none;} 
</style>
<script type="text/javascript">
<!--
function flip(e) {
  current = e.style.display;
  if (current == 'block') {
    e.style.display = 'none';
    return 0;
  }
  else {
    e.style.display = 'block';
    return 1;
  }
}

function toggleBox(szDivId, elem, msg1, msg2)
{
  var res = -1;  if (document.getElementById) {
    res = flip(document.getElementById(szDivId));
  }
  else if (document.all) {
    // this is the way old msie versions work
    res = flip(document.all[szDivId]);
  }
  if(elem) {
    if(res == 0) elem.innerHTML = msg1; else elem.innerHTML = msg2;
  }

}

function toggleAllBoxes() {
  if (document.getElementsByTagName) {
    d = document.getElementsByTagName('div');
    for (i = 0; i < d.length; i++) {
      if (d[i].className == 'log') {
        flip(d[i]);
      }
    }
  }
}

// -->
</script>

</head>
<body>
<h2 align='center'>MDLD</h2><table border='1' align="center">
<tr>
<td>Tests passed/Failed/Skipped:</td><td>10/3/0</td>
</tr><tr>
<td>Started on:</td><td>Fri Jun 17 16:54:39 IST 2016</td>
</tr>
<tr><td>Total time:</td><td>2566 seconds (2566598 ms)</td>
</tr><tr>
<td>Included groups:</td><td></td>
</tr><tr>
<td>Excluded groups:</td><td></td>
</tr>
</table><p/>
<small><i>(Hover the method name to see the test class name)</i></small><p/>
<table width='100%' border='1' class='invocation-failed'>
<tr><td colspan='4' align='center'><b>FAILED TESTS</b></td></tr>
<tr><td><b>Test method</b></td>
<td width="30%"><b>Exception</b></td>
<td width="10%"><b>Time (seconds)</b></td>
<td><b>Instance</b></td>
</tr>
<tr>
<td title='com.test.scripts.MDLD.testNextWOChoosing()'><b>testNextWOChoosing</b><br>Test class: com.test.scripts.MDLD<br>Test method: Tap on the NEXT button without choosing any options<br/>
<a href="#Output-1340848245" onClick='toggleBox("Output-1340848245", this, "Show output", "Hide output");'>Show output</a>

<a href="#Output-1340848245" onClick="toggleAllBoxes();">Show all outputs</a>
<div class='log' id="Output-1340848245">
STEP622<br/>
STEP623<br/>
STEP624<br/>
STEP625<br/>
STEP626<br/>
STEP627<br/>
STEP628<br/>
STEP629<br/>
</div>
</td>
<td><div><pre>java.lang.AssertionError: Show question with  select options page is not displayed expected [true] but found [false]
	at com.test.scripts.MDLD.testNextWOChoosing(MDLD.java:150)
... Removed 27 stack frames</pre></div><a href='#' onClick='toggleBox("stack-trace1340848245", this, "Click to show all stack frames", "Click to hide stack frames")'>Click to show all stack frames</a>
<div class='stack-trace' id='stack-trace1340848245'><pre>java.lang.AssertionError: Show question with  select options page is not displayed expected [true] but found [false]
	at org.testng.Assert.fail(Assert.java:94)
	at org.testng.Assert.failNotEquals(Assert.java:496)
	at org.testng.Assert.assertTrue(Assert.java:42)
	at com.test.scripts.MDLD.testNextWOChoosing(MDLD.java:150)
	at sun.reflect.NativeMethodAccessorImpl.invoke0(Native Method)
	at sun.reflect.NativeMethodAccessorImpl.invoke(NativeMethodAccessorImpl.java:62)
	at sun.reflect.DelegatingMethodAccessorImpl.invoke(DelegatingMethodAccessorImpl.java:43)
	at java.lang.reflect.Method.invoke(Method.java:497)
	at org.testng.internal.MethodInvocationHelper.invokeMethod(MethodInvocationHelper.java:85)
	at org.testng.internal.Invoker.invokeMethod(Invoker.java:659)
	at org.testng.internal.Invoker.invokeTestMethod(Invoker.java:845)
	at org.testng.internal.Invoker.invokeTestMethods(Invoker.java:1153)
	at org.testng.internal.TestMethodWorker.invokeTestMethods(TestMethodWorker.java:125)
	at org.testng.internal.TestMethodWorker.run(TestMethodWorker.java:108)
	at org.testng.TestRunner.privateRun(TestRunner.java:771)
	at org.testng.TestRunner.run(TestRunner.java:621)
	at org.testng.SuiteRunner.runTest(SuiteRunner.java:357)
	at org.testng.SuiteRunner.runSequentially(SuiteRunner.java:352)
	at org.testng.SuiteRunner.privateRun(SuiteRunner.java:310)
	at org.testng.SuiteRunner.run(SuiteRunner.java:259)
	at org.testng.SuiteRunnerWorker.runSuite(SuiteRunnerWorker.java:52)
	at org.testng.SuiteRunnerWorker.run(SuiteRunnerWorker.java:86)
	at org.testng.TestNG.runSuitesSequentially(TestNG.java:1199)
	at org.testng.TestNG.runSuitesLocally(TestNG.java:1124)
	at org.testng.TestNG.run(TestNG.java:1032)
	at org.testng.remote.AbstractRemoteTestNG.run(AbstractRemoteTestNG.java:126)
	at org.testng.remote.RemoteTestNG.initAndRun(RemoteTestNG.java:137)
	at org.testng.remote.RemoteTestNG.main(RemoteTestNG.java:58)
</pre></div></td>
<td>127</td>
<td>com.test.scripts.MDLD@627551fb</td></tr>
<tr>
<td title='com.test.scripts.MDLD.testOthersChoosingQuestion()'><b>testOthersChoosingQuestion</b><br>Test class: com.test.scripts.MDLD<br>Test method: Submit a need with 'Others' as an Option choosen for a question.<br/>
<a href="#Output-1636322481" onClick='toggleBox("Output-1636322481", this, "Show output", "Hide output");'>Show output</a>

<a href="#Output-1636322481" onClick="toggleAllBoxes();">Show all outputs</a>
<div class='log' id="Output-1636322481">
STEP715<br/>
STEP716<br/>
STEP717<br/>
STEP718<br/>
STEP719<br/>
STEP720<br/>
</div>
</td>
<td><div><pre>org.openqa.selenium.NoSuchElementException: An element could not be located on the page using the given search parameters. (WARNING: The server did not provide any stacktrace information)
Command duration or timeout: 21.52 seconds
For documentation on this error, please visit: http://seleniumhq.org/exceptions/no_such_element.html
Build info: version: &apos;2.53.0&apos;, revision: &apos;35ae25b1534ae328c771e0856c93e187490ca824&apos;, time: &apos;2016-03-15 10:43:46&apos;
System info: host: &apos;Prasannas-MacBook-Pro.local&apos;, ip: &apos;10.10.4.140&apos;, os.name: &apos;Mac OS X&apos;, os.arch: &apos;x86_64&apos;, os.version: &apos;10.11.4&apos;, java.version: &apos;1.8.0_65&apos;
Driver info: io.appium.java_client.ios.IOSDriver
Capabilities [{unicodekeyboard=true, app=/Users/automation/Downloads/IndiaSulekha6.3.2.ipa, networkConnectionEnabled=false, bundleId=com.appid.sulekhauserapp, databaseEnabled=false, deviceName=iPhone 5, fullReset=true, platform=MAC, showIOSLog=true, desired={unicodekeyboard=true, app=/Users/automation/Downloads/IndiaSulekha6.3.2.ipa, showIOSLog=true, platformVersion=9.3.2, automationName=Appium, bundleId=com.appid.sulekhauserapp, platformName=iOS, udid=2dde13a2961f5f1c6f5a0f737daf13bcb43457ef, deviceName=iPhone 5, fullReset=true}, platformVersion=9.3.2, webStorageEnabled=false, locationContextEnabled=false, automationName=Appium, browserName=, takesScreenshot=true, javascriptEnabled=true, platformName=iOS, udid=2dde13a2961f5f1c6f5a0f737daf13bcb43457ef}]
Session ID: 06716f34-ab83-4860-b8fa-2c19f2c449ad
*** Element info: {Using=xpath, value=//UIAStaticText[@name=&apos;Popular Categories&apos;]}
	at org.openqa.selenium.remote.ErrorHandler.createThrowable(ErrorHandler.java:206)
	at org.openqa.selenium.remote.ErrorHandler.throwIfResponseFailed(ErrorHandler.java:158)
	at org.openqa.selenium.remote.RemoteWebDriver.execute(RemoteWebDriver.java:678)
	at io.appium.java_client.DefaultGenericMobileDriver.execute(DefaultGenericMobileDriver.java:43)
	at io.appium.java_client.AppiumDriver.execute(AppiumDriver.java:1)
	at io.appium.java_client.ios.IOSDriver.execute(IOSDriver.java:1)
	at org.openqa.selenium.remote.RemoteWebDriver.findElement(RemoteWebDriver.java:363)
	at org.openqa.selenium.remote.RemoteWebDriver.findElementByXPath(RemoteWebDriver.java:500)
	at io.appium.java_client.DefaultGenericMobileDriver.findElementByXPath(DefaultGenericMobileDriver.java:129)
	at io.appium.java_client.AppiumDriver.findElementByXPath(AppiumDriver.java:1)
	at io.appium.java_client.ios.IOSDriver.findElementByXPath(IOSDriver.java:1)
	at org.openqa.selenium.By$ByXPath.findElement(By.java:361)
	at org.openqa.selenium.remote.RemoteWebDriver.findElement(RemoteWebDriver.java:355)
	at io.appium.java_client.DefaultGenericMobileDriver.findElement(DefaultGenericMobileDriver.java:51)
	at io.appium.java_client.AppiumDriver.findElement(AppiumDriver.java:1)
	at io.appium.java_client.ios.IOSDriver.findElement(IOSDriver.java:1)
	at org.openqa.selenium.support.pagefactory.DefaultElementLocator.findElement(DefaultElementLocator.java:69)
	at org.openqa.selenium.support.pagefactory.internal.LocatingElementHandler.invoke(LocatingElementHandler.java:38)
	at com.sun.proxy.$Proxy8.isDisplayed(Unknown Source)
	at com.test.po.LoginPO.login(LoginPO.java:406)
	at com.test.scripts.MDLD.testOthersChoosingQuestion(MDLD.java:445)
... Removed 28 stack frames</pre></div><a href='#' onClick='toggleBox("stack-trace1636322481", this, "Click to show all stack frames", "Click to hide stack frames")'>Click to show all stack frames</a>
<div class='stack-trace' id='stack-trace1636322481'><pre>org.openqa.selenium.NoSuchElementException: An element could not be located on the page using the given search parameters. (WARNING: The server did not provide any stacktrace information)
Command duration or timeout: 21.52 seconds
For documentation on this error, please visit: http://seleniumhq.org/exceptions/no_such_element.html
Build info: version: &apos;2.53.0&apos;, revision: &apos;35ae25b1534ae328c771e0856c93e187490ca824&apos;, time: &apos;2016-03-15 10:43:46&apos;
System info: host: &apos;Prasannas-MacBook-Pro.local&apos;, ip: &apos;10.10.4.140&apos;, os.name: &apos;Mac OS X&apos;, os.arch: &apos;x86_64&apos;, os.version: &apos;10.11.4&apos;, java.version: &apos;1.8.0_65&apos;
Driver info: io.appium.java_client.ios.IOSDriver
Capabilities [{unicodekeyboard=true, app=/Users/automation/Downloads/IndiaSulekha6.3.2.ipa, networkConnectionEnabled=false, bundleId=com.appid.sulekhauserapp, databaseEnabled=false, deviceName=iPhone 5, fullReset=true, platform=MAC, showIOSLog=true, desired={unicodekeyboard=true, app=/Users/automation/Downloads/IndiaSulekha6.3.2.ipa, showIOSLog=true, platformVersion=9.3.2, automationName=Appium, bundleId=com.appid.sulekhauserapp, platformName=iOS, udid=2dde13a2961f5f1c6f5a0f737daf13bcb43457ef, deviceName=iPhone 5, fullReset=true}, platformVersion=9.3.2, webStorageEnabled=false, locationContextEnabled=false, automationName=Appium, browserName=, takesScreenshot=true, javascriptEnabled=true, platformName=iOS, udid=2dde13a2961f5f1c6f5a0f737daf13bcb43457ef}]
Session ID: 06716f34-ab83-4860-b8fa-2c19f2c449ad
*** Element info: {Using=xpath, value=//UIAStaticText[@name=&apos;Popular Categories&apos;]}
	at sun.reflect.NativeConstructorAccessorImpl.newInstance0(Native Method)
	at sun.reflect.NativeConstructorAccessorImpl.newInstance(NativeConstructorAccessorImpl.java:62)
	at sun.reflect.DelegatingConstructorAccessorImpl.newInstance(DelegatingConstructorAccessorImpl.java:45)
	at java.lang.reflect.Constructor.newInstance(Constructor.java:422)
	at org.openqa.selenium.remote.ErrorHandler.createThrowable(ErrorHandler.java:206)
	at org.openqa.selenium.remote.ErrorHandler.throwIfResponseFailed(ErrorHandler.java:158)
	at org.openqa.selenium.remote.RemoteWebDriver.execute(RemoteWebDriver.java:678)
	at io.appium.java_client.DefaultGenericMobileDriver.execute(DefaultGenericMobileDriver.java:43)
	at io.appium.java_client.AppiumDriver.execute(AppiumDriver.java:1)
	at io.appium.java_client.ios.IOSDriver.execute(IOSDriver.java:1)
	at org.openqa.selenium.remote.RemoteWebDriver.findElement(RemoteWebDriver.java:363)
	at org.openqa.selenium.remote.RemoteWebDriver.findElementByXPath(RemoteWebDriver.java:500)
	at io.appium.java_client.DefaultGenericMobileDriver.findElementByXPath(DefaultGenericMobileDriver.java:129)
	at io.appium.java_client.AppiumDriver.findElementByXPath(AppiumDriver.java:1)
	at io.appium.java_client.ios.IOSDriver.findElementByXPath(IOSDriver.java:1)
	at org.openqa.selenium.By$ByXPath.findElement(By.java:361)
	at org.openqa.selenium.remote.RemoteWebDriver.findElement(RemoteWebDriver.java:355)
	at io.appium.java_client.DefaultGenericMobileDriver.findElement(DefaultGenericMobileDriver.java:51)
	at io.appium.java_client.AppiumDriver.findElement(AppiumDriver.java:1)
	at io.appium.java_client.ios.IOSDriver.findElement(IOSDriver.java:1)
	at org.openqa.selenium.support.pagefactory.DefaultElementLocator.findElement(DefaultElementLocator.java:69)
	at org.openqa.selenium.support.pagefactory.internal.LocatingElementHandler.invoke(LocatingElementHandler.java:38)
	at com.sun.proxy.$Proxy8.isDisplayed(Unknown Source)
	at com.test.po.LoginPO.login(LoginPO.java:406)
	at com.test.scripts.MDLD.testOthersChoosingQuestion(MDLD.java:445)
	at sun.reflect.NativeMethodAccessorImpl.invoke0(Native Method)
	at sun.reflect.NativeMethodAccessorImpl.invoke(NativeMethodAccessorImpl.java:62)
	at sun.reflect.DelegatingMethodAccessorImpl.invoke(DelegatingMethodAccessorImpl.java:43)
	at java.lang.reflect.Method.invoke(Method.java:497)
	at org.testng.internal.MethodInvocationHelper.invokeMethod(MethodInvocationHelper.java:85)
	at org.testng.internal.Invoker.invokeMethod(Invoker.java:659)
	at org.testng.internal.Invoker.invokeTestMethod(Invoker.java:845)
	at org.testng.internal.Invoker.invokeTestMethods(Invoker.java:1153)
	at org.testng.internal.TestMethodWorker.invokeTestMethods(TestMethodWorker.java:125)
	at org.testng.internal.TestMethodWorker.run(TestMethodWorker.java:108)
	at org.testng.TestRunner.privateRun(TestRunner.java:771)
	at org.testng.TestRunner.run(TestRunner.java:621)
	at org.testng.SuiteRunner.runTest(SuiteRunner.java:357)
	at org.testng.SuiteRunner.runSequentially(SuiteRunner.java:352)
	at org.testng.SuiteRunner.privateRun(SuiteRunner.java:310)
	at org.testng.SuiteRunner.run(SuiteRunner.java:259)
	at org.testng.SuiteRunnerWorker.runSuite(SuiteRunnerWorker.java:52)
	at org.testng.SuiteRunnerWorker.run(SuiteRunnerWorker.java:86)
	at org.testng.TestNG.runSuitesSequentially(TestNG.java:1199)
	at org.testng.TestNG.runSuitesLocally(TestNG.java:1124)
	at org.testng.TestNG.run(TestNG.java:1032)
	at org.testng.remote.AbstractRemoteTestNG.run(AbstractRemoteTestNG.java:126)
	at org.testng.remote.RemoteTestNG.initAndRun(RemoteTestNG.java:137)
	at org.testng.remote.RemoteTestNG.main(RemoteTestNG.java:58)
</pre></div></td>
<td>86</td>
<td>com.test.scripts.MDLD@627551fb</td></tr>
<tr>
<td title='com.test.scripts.MDLD.testOthersOption()'><b>testOthersOption</b><br>Test class: com.test.scripts.MDLD<br>Test method: Select 'Others' as an Option in the question list<br/>
<a href="#Output-1552400354" onClick='toggleBox("Output-1552400354", this, "Show output", "Hide output");'>Show output</a>

<a href="#Output-1552400354" onClick="toggleAllBoxes();">Show all outputs</a>
<div class='log' id="Output-1552400354">
STEP708<br/>
STEP709<br/>
STEP710<br/>
STEP711<br/>
STEP712<br/>
STEP713<br/>
STEP714<br/>
</div>
</td>
<td><div><pre>org.openqa.selenium.remote.SessionNotFoundException: Session ID is null. Using WebDriver after calling quit()?
Build info: version: &apos;2.53.0&apos;, revision: &apos;35ae25b1534ae328c771e0856c93e187490ca824&apos;, time: &apos;2016-03-15 10:43:46&apos;
System info: host: &apos;Prasannas-MacBook-Pro.local&apos;, ip: &apos;10.10.4.140&apos;, os.name: &apos;Mac OS X&apos;, os.arch: &apos;x86_64&apos;, os.version: &apos;10.11.4&apos;, java.version: &apos;1.8.0_65&apos;
Driver info: driver.version: IOSDriver
	at org.openqa.selenium.remote.HttpCommandExecutor.execute(HttpCommandExecutor.java:134)
	at io.appium.java_client.remote.AppiumCommandExecutor.execute(AppiumCommandExecutor.java:64)
	at org.openqa.selenium.remote.RemoteWebDriver.execute(RemoteWebDriver.java:644)
	at io.appium.java_client.DefaultGenericMobileDriver.execute(DefaultGenericMobileDriver.java:43)
	at io.appium.java_client.AppiumDriver.execute(AppiumDriver.java:1)
	at io.appium.java_client.ios.IOSDriver.execute(IOSDriver.java:1)
	at org.openqa.selenium.remote.RemoteWebDriver.findElement(RemoteWebDriver.java:363)
	at org.openqa.selenium.remote.RemoteWebDriver.findElementByXPath(RemoteWebDriver.java:500)
	at io.appium.java_client.DefaultGenericMobileDriver.findElementByXPath(DefaultGenericMobileDriver.java:129)
	at io.appium.java_client.AppiumDriver.findElementByXPath(AppiumDriver.java:1)
	at io.appium.java_client.ios.IOSDriver.findElementByXPath(IOSDriver.java:1)
	at org.openqa.selenium.By$ByXPath.findElement(By.java:361)
	at org.openqa.selenium.remote.RemoteWebDriver.findElement(RemoteWebDriver.java:355)
	at io.appium.java_client.DefaultGenericMobileDriver.findElement(DefaultGenericMobileDriver.java:51)
	at io.appium.java_client.AppiumDriver.findElement(AppiumDriver.java:1)
	at io.appium.java_client.ios.IOSDriver.findElement(IOSDriver.java:1)
	at org.openqa.selenium.support.pagefactory.DefaultElementLocator.findElement(DefaultElementLocator.java:69)
	at org.openqa.selenium.support.pagefactory.internal.LocatingElementHandler.invoke(LocatingElementHandler.java:38)
	at com.sun.proxy.$Proxy8.clear(Unknown Source)
	at com.test.po.MDLDPO.search(MDLDPO.java:242)
	at com.test.scripts.MDLD.testOthersOption(MDLD.java:408)
... Removed 24 stack frames</pre></div><a href='#' onClick='toggleBox("stack-trace1552400354", this, "Click to show all stack frames", "Click to hide stack frames")'>Click to show all stack frames</a>
<div class='stack-trace' id='stack-trace1552400354'><pre>org.openqa.selenium.remote.SessionNotFoundException: Session ID is null. Using WebDriver after calling quit()?
Build info: version: &apos;2.53.0&apos;, revision: &apos;35ae25b1534ae328c771e0856c93e187490ca824&apos;, time: &apos;2016-03-15 10:43:46&apos;
System info: host: &apos;Prasannas-MacBook-Pro.local&apos;, ip: &apos;10.10.4.140&apos;, os.name: &apos;Mac OS X&apos;, os.arch: &apos;x86_64&apos;, os.version: &apos;10.11.4&apos;, java.version: &apos;1.8.0_65&apos;
Driver info: driver.version: IOSDriver
	at org.openqa.selenium.remote.HttpCommandExecutor.execute(HttpCommandExecutor.java:134)
	at io.appium.java_client.remote.AppiumCommandExecutor.execute(AppiumCommandExecutor.java:64)
	at org.openqa.selenium.remote.RemoteWebDriver.execute(RemoteWebDriver.java:644)
	at io.appium.java_client.DefaultGenericMobileDriver.execute(DefaultGenericMobileDriver.java:43)
	at io.appium.java_client.AppiumDriver.execute(AppiumDriver.java:1)
	at io.appium.java_client.ios.IOSDriver.execute(IOSDriver.java:1)
	at org.openqa.selenium.remote.RemoteWebDriver.findElement(RemoteWebDriver.java:363)
	at org.openqa.selenium.remote.RemoteWebDriver.findElementByXPath(RemoteWebDriver.java:500)
	at io.appium.java_client.DefaultGenericMobileDriver.findElementByXPath(DefaultGenericMobileDriver.java:129)
	at io.appium.java_client.AppiumDriver.findElementByXPath(AppiumDriver.java:1)
	at io.appium.java_client.ios.IOSDriver.findElementByXPath(IOSDriver.java:1)
	at org.openqa.selenium.By$ByXPath.findElement(By.java:361)
	at org.openqa.selenium.remote.RemoteWebDriver.findElement(RemoteWebDriver.java:355)
	at io.appium.java_client.DefaultGenericMobileDriver.findElement(DefaultGenericMobileDriver.java:51)
	at io.appium.java_client.AppiumDriver.findElement(AppiumDriver.java:1)
	at io.appium.java_client.ios.IOSDriver.findElement(IOSDriver.java:1)
	at org.openqa.selenium.support.pagefactory.DefaultElementLocator.findElement(DefaultElementLocator.java:69)
	at org.openqa.selenium.support.pagefactory.internal.LocatingElementHandler.invoke(LocatingElementHandler.java:38)
	at com.sun.proxy.$Proxy8.clear(Unknown Source)
	at com.test.po.MDLDPO.search(MDLDPO.java:242)
	at com.test.scripts.MDLD.testOthersOption(MDLD.java:408)
	at sun.reflect.NativeMethodAccessorImpl.invoke0(Native Method)
	at sun.reflect.NativeMethodAccessorImpl.invoke(NativeMethodAccessorImpl.java:62)
	at sun.reflect.DelegatingMethodAccessorImpl.invoke(DelegatingMethodAccessorImpl.java:43)
	at java.lang.reflect.Method.invoke(Method.java:497)
	at org.testng.internal.MethodInvocationHelper.invokeMethod(MethodInvocationHelper.java:85)
	at org.testng.internal.Invoker.invokeMethod(Invoker.java:659)
	at org.testng.internal.Invoker.invokeTestMethod(Invoker.java:845)
	at org.testng.internal.Invoker.invokeTestMethods(Invoker.java:1153)
	at org.testng.internal.TestMethodWorker.invokeTestMethods(TestMethodWorker.java:125)
	at org.testng.internal.TestMethodWorker.run(TestMethodWorker.java:108)
	at org.testng.TestRunner.privateRun(TestRunner.java:771)
	at org.testng.TestRunner.run(TestRunner.java:621)
	at org.testng.SuiteRunner.runTest(SuiteRunner.java:357)
	at org.testng.SuiteRunner.runSequentially(SuiteRunner.java:352)
	at org.testng.SuiteRunner.privateRun(SuiteRunner.java:310)
	at org.testng.SuiteRunner.run(SuiteRunner.java:259)
	at org.testng.SuiteRunnerWorker.runSuite(SuiteRunnerWorker.java:52)
	at org.testng.SuiteRunnerWorker.run(SuiteRunnerWorker.java:86)
	at org.testng.TestNG.runSuitesSequentially(TestNG.java:1199)
	at org.testng.TestNG.runSuitesLocally(TestNG.java:1124)
	at org.testng.TestNG.run(TestNG.java:1032)
	at org.testng.remote.AbstractRemoteTestNG.run(AbstractRemoteTestNG.java:126)
	at org.testng.remote.RemoteTestNG.initAndRun(RemoteTestNG.java:137)
	at org.testng.remote.RemoteTestNG.main(RemoteTestNG.java:58)
</pre></div></td>
<td>68</td>
<td>com.test.scripts.MDLD@627551fb</td></tr>
</table><p>
<table width='100%' border='1' class='invocation-passed'>
<tr><td colspan='4' align='center'><b>PASSED TESTS</b></td></tr>
<tr><td><b>Test method</b></td>
<td width="30%"><b>Exception</b></td>
<td width="10%"><b>Time (seconds)</b></td>
<td><b>Instance</b></td>
</tr>
<tr>
<td title='com.test.scripts.MDLD.testCheckShowQuestion()'><b>testCheckShowQuestion</b><br>Test class: com.test.scripts.MDLD<br>Test method: Check if user is shown question with select options<br/>
<a href="#Output-544966217" onClick='toggleBox("Output-544966217", this, "Show output", "Hide output");'>Show output</a>

<a href="#Output-544966217" onClick="toggleAllBoxes();">Show all outputs</a>
<div class='log' id="Output-544966217">
STEP612<br/>
STEP613<br/>
STEP614<br/>
STEP615<br/>
STEP616<br/>
STEP617<br/>
STEP618<br/>
STEP619<br/>
STEP620<br/>
STEP621<br/>
</div>
</td>
<td></td>
<td>134</td>
<td>com.test.scripts.MDLD@627551fb</td></tr>
<tr>
<td title='com.test.scripts.MDLD.testChooseLocality()'><b>testChooseLocality</b><br>Test class: com.test.scripts.MDLD<br>Test method: Check if Choose locality question is displayed for B2U and U2B categories.<br/>
<a href="#Output-192456457" onClick='toggleBox("Output-192456457", this, "Show output", "Hide output");'>Show output</a>

<a href="#Output-192456457" onClick="toggleAllBoxes();">Show all outputs</a>
<div class='log' id="Output-192456457">
STEP630<br/>
STEP631<br/>
STEP632<br/>
STEP633<br/>
STEP634<br/>
STEP635<br/>
STEP636<br/>
STEP637<br/>
STEP638<br/>
STEP639<br/>
STEP640<br/>
STEP641<br/>
</div>
</td>
<td></td>
<td>143</td>
<td>com.test.scripts.MDLD@627551fb</td></tr>
<tr>
<td title='com.test.scripts.MDLD.testEdiIcon()'><b>testEdiIcon</b><br>Test class: com.test.scripts.MDLD<br>Test method: Tap over EDIT icon for the attribute group questionnaire in Confirm and submit page.<br/>
<a href="#Output-1400973979" onClick='toggleBox("Output-1400973979", this, "Show output", "Hide output");'>Show output</a>

<a href="#Output-1400973979" onClick="toggleAllBoxes();">Show all outputs</a>
<div class='log' id="Output-1400973979">
STEP655<br/>
STEP656<br/>
STEP657<br/>
STEP658<br/>
STEP659<br/>
STEP660<br/>
STEP661<br/>
STEP662<br/>
STEP663<br/>
STEP664<br/>
STEP665<br/>
STEP666<br/>
STEP667<br/>
STEP668<br/>
</div>
</td>
<td></td>
<td>176</td>
<td>com.test.scripts.MDLD@627551fb</td></tr>
<tr>
<td title='com.test.scripts.MDLD.testMDLDNeed()'><b>testMDLDNeed</b><br>Test class: com.test.scripts.MDLD<br>Test method: Search for a MDLD need with type(Ex: Business intelligence & analytics training), and post a need.<br/>
<a href="#Output-1828508781" onClick='toggleBox("Output-1828508781", this, "Show output", "Hide output");'>Show output</a>

<a href="#Output-1828508781" onClick="toggleAllBoxes();">Show all outputs</a>
<div class='log' id="Output-1828508781">
STEP599<br/>
STEP600<br/>
STEP601<br/>
STEP602<br/>
STEP603<br/>
STEP604<br/>
STEP605<br/>
STEP606<br/>
STEP607<br/>
STEP608<br/>
STEP609<br/>
STEP610<br/>
STEP611<br/>
</div>
</td>
<td></td>
<td>199</td>
<td>com.test.scripts.MDLD@627551fb</td></tr>
<tr>
<td title='com.test.scripts.MDLD.testNeedResponsePage()'><b>testNeedResponsePage</b><br>Test class: com.test.scripts.MDLD<br>Test method: Tap over SUBMIT button in Confirm and submit page.<br/>
<a href="#Output-1215951090" onClick='toggleBox("Output-1215951090", this, "Show output", "Hide output");'>Show output</a>

<a href="#Output-1215951090" onClick="toggleAllBoxes();">Show all outputs</a>
<div class='log' id="Output-1215951090">
STEP695<br/>
STEP696<br/>
STEP697<br/>
STEP698<br/>
STEP699<br/>
STEP700<br/>
STEP701<br/>
STEP702<br/>
STEP703<br/>
STEP704<br/>
STEP705<br/>
STEP706<br/>
STEP707<br/>
</div>
</td>
<td></td>
<td>195</td>
<td>com.test.scripts.MDLD@627551fb</td></tr>
<tr>
<td title='com.test.scripts.MDLD.testNextAfterUpdating()'><b>testNextAfterUpdating</b><br>Test class: com.test.scripts.MDLD<br>Test method: Tap over NEXT button after updating.<br/>
<a href="#Output-1086849943" onClick='toggleBox("Output-1086849943", this, "Show output", "Hide output");'>Show output</a>

<a href="#Output-1086849943" onClick="toggleAllBoxes();">Show all outputs</a>
<div class='log' id="Output-1086849943">
STEP669<br/>
STEP670<br/>
STEP671<br/>
STEP672<br/>
STEP673<br/>
STEP674<br/>
STEP675<br/>
STEP676<br/>
STEP677<br/>
STEP678<br/>
STEP679<br/>
STEP680<br/>
STEP681<br/>
</div>
</td>
<td></td>
<td>177</td>
<td>com.test.scripts.MDLD@627551fb</td></tr>
<tr>
<td title='com.test.scripts.MDLD.testNextContactInfo()'><b>testNextContactInfo</b><br>Test class: com.test.scripts.MDLD<br>Test method: Tap on NEXT in Contact information page.<br/>
<a href="#Output-864326906" onClick='toggleBox("Output-864326906", this, "Show output", "Hide output");'>Show output</a>

<a href="#Output-864326906" onClick="toggleAllBoxes();">Show all outputs</a>
<div class='log' id="Output-864326906">
STEP642<br/>
STEP643<br/>
STEP644<br/>
STEP645<br/>
STEP646<br/>
STEP647<br/>
STEP648<br/>
STEP649<br/>
STEP650<br/>
STEP651<br/>
STEP652<br/>
STEP653<br/>
STEP654<br/>
</div>
</td>
<td></td>
<td>168</td>
<td>com.test.scripts.MDLD@627551fb</td></tr>
<tr>
<td title='com.test.scripts.MDLD.testNextWOChangeValue()'><b>testNextWOChangeValue</b><br>Test class: com.test.scripts.MDLD<br>Test method: Tap over NEXT button without changing any values.<br/>
<a href="#Output-265824587" onClick='toggleBox("Output-265824587", this, "Show output", "Hide output");'>Show output</a>

<a href="#Output-265824587" onClick="toggleAllBoxes();">Show all outputs</a>
<div class='log' id="Output-265824587">
STEP682<br/>
STEP683<br/>
STEP684<br/>
STEP685<br/>
STEP686<br/>
STEP687<br/>
STEP688<br/>
STEP689<br/>
STEP690<br/>
STEP691<br/>
STEP692<br/>
STEP693<br/>
STEP694<br/>
</div>
</td>
<td></td>
<td>177</td>
<td>com.test.scripts.MDLD@627551fb</td></tr>
<tr>
<td title='com.test.scripts.MDLD.testTellUsMoreWOValue()'><b>testTellUsMoreWOValue</b><br>Test class: com.test.scripts.MDLD<br>Test method: Fill the LCF and POST a need for any SDLD need(Camera Dealears)<br/>
<a href="#Output-1437988306" onClick='toggleBox("Output-1437988306", this, "Show output", "Hide output");'>Show output</a>

<a href="#Output-1437988306" onClick="toggleAllBoxes();">Show all outputs</a>
<div class='log' id="Output-1437988306">
STEP721<br/>
STEP722<br/>
STEP723<br/>
STEP724<br/>
STEP725<br/>
STEP726<br/>
STEP727<br/>
STEP728<br/>
STEP729<br/>
</div>
</td>
<td></td>
<td>109</td>
<td>com.test.scripts.MDLD@627551fb</td></tr>
<tr>
<td title='com.test.scripts.MDLD.testTellusMoreWithValue()'><b>testTellusMoreWithValue</b><br>Test class: com.test.scripts.MDLD<br>Test method: Fill the LCF and POST a need for any SDLD need(Camera Dealears)<br/>
<a href="#Output-1100109058" onClick='toggleBox("Output-1100109058", this, "Show output", "Hide output");'>Show output</a>

<a href="#Output-1100109058" onClick="toggleAllBoxes();">Show all outputs</a>
<div class='log' id="Output-1100109058">
STEP730<br/>
STEP731<br/>
STEP732<br/>
STEP733<br/>
STEP734<br/>
STEP735<br/>
STEP736<br/>
STEP737<br/>
</div>
</td>
<td></td>
<td>103</td>
<td>com.test.scripts.MDLD@627551fb</td></tr>
</table><p>
</body>
</html>