<html>
<head>
<title>TestNG:  MyNeedsDashboardTest</title>
<link href="../testng.css" rel="stylesheet" type="text/css" />
<link href="../my-testng.css" rel="stylesheet" type="text/css" />

<style type="text/css">
.log { display: none;} 
.stack-trace { display: none;} 
</style>
<script type="text/javascript">
<!--
function flip(e) {
  current = e.style.display;
  if (current == 'block') {
    e.style.display = 'none';
    return 0;
  }
  else {
    e.style.display = 'block';
    return 1;
  }
}

function toggleBox(szDivId, elem, msg1, msg2)
{
  var res = -1;  if (document.getElementById) {
    res = flip(document.getElementById(szDivId));
  }
  else if (document.all) {
    // this is the way old msie versions work
    res = flip(document.all[szDivId]);
  }
  if(elem) {
    if(res == 0) elem.innerHTML = msg1; else elem.innerHTML = msg2;
  }

}

function toggleAllBoxes() {
  if (document.getElementsByTagName) {
    d = document.getElementsByTagName('div');
    for (i = 0; i < d.length; i++) {
      if (d[i].className == 'log') {
        flip(d[i]);
      }
    }
  }
}

// -->
</script>

</head>
<body>
<h2 align='center'>MyNeedsDashboardTest</h2><table border='1' align="center">
<tr>
<td>Tests passed/Failed/Skipped:</td><td>16/5/0</td>
</tr><tr>
<td>Started on:</td><td>Wed Jun 15 09:59:01 IST 2016</td>
</tr>
<tr><td>Total time:</td><td>4368 seconds (4368117 ms)</td>
</tr><tr>
<td>Included groups:</td><td></td>
</tr><tr>
<td>Excluded groups:</td><td></td>
</tr>
</table><p/>
<small><i>(Hover the method name to see the test class name)</i></small><p/>
<table width='100%' border='1' class='invocation-failed'>
<tr><td colspan='4' align='center'><b>FAILED TESTS</b></td></tr>
<tr><td><b>Test method</b></td>
<td width="30%"><b>Exception</b></td>
<td width="10%"><b>Time (seconds)</b></td>
<td><b>Instance</b></td>
</tr>
<tr>
<td title='com.test.scripts.MyNeedsDashboardTest.testCancelPopup()'><b>testCancelPopup</b><br>Test class: com.test.scripts.MyNeedsDashboardTest<br/>
<a href="#Output-1358857082" onClick='toggleBox("Output-1358857082", this, "Show output", "Hide output");'>Show output</a>

<a href="#Output-1358857082" onClick="toggleAllBoxes();">Show all outputs</a>
<div class='log' id="Output-1358857082">
STEP201<br/>
STEP202<br/>
STEP203<br/>
STEP204<br/>
STEP205<br/>
STEP206<br/>
</div>
</td>
<td><div><pre>org.openqa.selenium.NoSuchElementException: An element could not be located on the page using the given search parameters. (WARNING: The server did not provide any stacktrace information)
Command duration or timeout: 20.25 seconds
For documentation on this error, please visit: http://seleniumhq.org/exceptions/no_such_element.html
Build info: version: &apos;2.53.0&apos;, revision: &apos;35ae25b1534ae328c771e0856c93e187490ca824&apos;, time: &apos;2016-03-15 10:43:46&apos;
System info: host: &apos;Prasannas-MacBook-Pro.local&apos;, ip: &apos;10.10.4.140&apos;, os.name: &apos;Mac OS X&apos;, os.arch: &apos;x86_64&apos;, os.version: &apos;10.11.4&apos;, java.version: &apos;1.8.0_65&apos;
Driver info: io.appium.java_client.ios.IOSDriver
Capabilities [{unicodekeyboard=true, app=/Users/automation/Downloads/IndiaSulekha6.3.2.ipa, networkConnectionEnabled=false, orientation=, bundleId=com.appid.sulekhauserapp, databaseEnabled=false, deviceName=iPhone 4s, fullReset=true, platform=MAC, showIOSLog=true, desired={unicodekeyboard=true, app=/Users/automation/Downloads/IndiaSulekha6.3.2.ipa, showIOSLog=true, orientation=, platformVersion=9.3.1, automationName=Appium, bundleId=com.appid.sulekhauserapp, platformName=iOS, udid=bc7dfd69e9a704d0f8536bcd88204c345ced5f77, deviceName=iPhone 4s, fullReset=true}, platformVersion=9.3.1, webStorageEnabled=false, locationContextEnabled=false, automationName=Appium, browserName=, takesScreenshot=true, javascriptEnabled=true, platformName=iOS, udid=bc7dfd69e9a704d0f8536bcd88204c345ced5f77}]
Session ID: 998bf001-17ee-4868-979f-f2bb70db5d0b
*** Element info: {Using=xpath, value=//UIAStaticText[@name=&apos;Popular Categories&apos;]}
	at org.openqa.selenium.remote.ErrorHandler.createThrowable(ErrorHandler.java:206)
	at org.openqa.selenium.remote.ErrorHandler.throwIfResponseFailed(ErrorHandler.java:158)
	at org.openqa.selenium.remote.RemoteWebDriver.execute(RemoteWebDriver.java:678)
	at io.appium.java_client.DefaultGenericMobileDriver.execute(DefaultGenericMobileDriver.java:43)
	at io.appium.java_client.AppiumDriver.execute(AppiumDriver.java:1)
	at io.appium.java_client.ios.IOSDriver.execute(IOSDriver.java:1)
	at org.openqa.selenium.remote.RemoteWebDriver.findElement(RemoteWebDriver.java:363)
	at org.openqa.selenium.remote.RemoteWebDriver.findElementByXPath(RemoteWebDriver.java:500)
	at io.appium.java_client.DefaultGenericMobileDriver.findElementByXPath(DefaultGenericMobileDriver.java:129)
	at io.appium.java_client.AppiumDriver.findElementByXPath(AppiumDriver.java:1)
	at io.appium.java_client.ios.IOSDriver.findElementByXPath(IOSDriver.java:1)
	at org.openqa.selenium.By$ByXPath.findElement(By.java:361)
	at org.openqa.selenium.remote.RemoteWebDriver.findElement(RemoteWebDriver.java:355)
	at io.appium.java_client.DefaultGenericMobileDriver.findElement(DefaultGenericMobileDriver.java:51)
	at io.appium.java_client.AppiumDriver.findElement(AppiumDriver.java:1)
	at io.appium.java_client.ios.IOSDriver.findElement(IOSDriver.java:1)
	at org.openqa.selenium.support.pagefactory.DefaultElementLocator.findElement(DefaultElementLocator.java:69)
	at org.openqa.selenium.support.pagefactory.internal.LocatingElementHandler.invoke(LocatingElementHandler.java:38)
	at com.sun.proxy.$Proxy9.isDisplayed(Unknown Source)
	at com.test.po.LoginPO.login(LoginPO.java:406)
	at com.test.scripts.MyNeedsDashboardTest.testCancelPopup(MyNeedsDashboardTest.java:761)
... Removed 28 stack frames</pre></div><a href='#' onClick='toggleBox("stack-trace1358857082", this, "Click to show all stack frames", "Click to hide stack frames")'>Click to show all stack frames</a>
<div class='stack-trace' id='stack-trace1358857082'><pre>org.openqa.selenium.NoSuchElementException: An element could not be located on the page using the given search parameters. (WARNING: The server did not provide any stacktrace information)
Command duration or timeout: 20.25 seconds
For documentation on this error, please visit: http://seleniumhq.org/exceptions/no_such_element.html
Build info: version: &apos;2.53.0&apos;, revision: &apos;35ae25b1534ae328c771e0856c93e187490ca824&apos;, time: &apos;2016-03-15 10:43:46&apos;
System info: host: &apos;Prasannas-MacBook-Pro.local&apos;, ip: &apos;10.10.4.140&apos;, os.name: &apos;Mac OS X&apos;, os.arch: &apos;x86_64&apos;, os.version: &apos;10.11.4&apos;, java.version: &apos;1.8.0_65&apos;
Driver info: io.appium.java_client.ios.IOSDriver
Capabilities [{unicodekeyboard=true, app=/Users/automation/Downloads/IndiaSulekha6.3.2.ipa, networkConnectionEnabled=false, orientation=, bundleId=com.appid.sulekhauserapp, databaseEnabled=false, deviceName=iPhone 4s, fullReset=true, platform=MAC, showIOSLog=true, desired={unicodekeyboard=true, app=/Users/automation/Downloads/IndiaSulekha6.3.2.ipa, showIOSLog=true, orientation=, platformVersion=9.3.1, automationName=Appium, bundleId=com.appid.sulekhauserapp, platformName=iOS, udid=bc7dfd69e9a704d0f8536bcd88204c345ced5f77, deviceName=iPhone 4s, fullReset=true}, platformVersion=9.3.1, webStorageEnabled=false, locationContextEnabled=false, automationName=Appium, browserName=, takesScreenshot=true, javascriptEnabled=true, platformName=iOS, udid=bc7dfd69e9a704d0f8536bcd88204c345ced5f77}]
Session ID: 998bf001-17ee-4868-979f-f2bb70db5d0b
*** Element info: {Using=xpath, value=//UIAStaticText[@name=&apos;Popular Categories&apos;]}
	at sun.reflect.NativeConstructorAccessorImpl.newInstance0(Native Method)
	at sun.reflect.NativeConstructorAccessorImpl.newInstance(NativeConstructorAccessorImpl.java:62)
	at sun.reflect.DelegatingConstructorAccessorImpl.newInstance(DelegatingConstructorAccessorImpl.java:45)
	at java.lang.reflect.Constructor.newInstance(Constructor.java:422)
	at org.openqa.selenium.remote.ErrorHandler.createThrowable(ErrorHandler.java:206)
	at org.openqa.selenium.remote.ErrorHandler.throwIfResponseFailed(ErrorHandler.java:158)
	at org.openqa.selenium.remote.RemoteWebDriver.execute(RemoteWebDriver.java:678)
	at io.appium.java_client.DefaultGenericMobileDriver.execute(DefaultGenericMobileDriver.java:43)
	at io.appium.java_client.AppiumDriver.execute(AppiumDriver.java:1)
	at io.appium.java_client.ios.IOSDriver.execute(IOSDriver.java:1)
	at org.openqa.selenium.remote.RemoteWebDriver.findElement(RemoteWebDriver.java:363)
	at org.openqa.selenium.remote.RemoteWebDriver.findElementByXPath(RemoteWebDriver.java:500)
	at io.appium.java_client.DefaultGenericMobileDriver.findElementByXPath(DefaultGenericMobileDriver.java:129)
	at io.appium.java_client.AppiumDriver.findElementByXPath(AppiumDriver.java:1)
	at io.appium.java_client.ios.IOSDriver.findElementByXPath(IOSDriver.java:1)
	at org.openqa.selenium.By$ByXPath.findElement(By.java:361)
	at org.openqa.selenium.remote.RemoteWebDriver.findElement(RemoteWebDriver.java:355)
	at io.appium.java_client.DefaultGenericMobileDriver.findElement(DefaultGenericMobileDriver.java:51)
	at io.appium.java_client.AppiumDriver.findElement(AppiumDriver.java:1)
	at io.appium.java_client.ios.IOSDriver.findElement(IOSDriver.java:1)
	at org.openqa.selenium.support.pagefactory.DefaultElementLocator.findElement(DefaultElementLocator.java:69)
	at org.openqa.selenium.support.pagefactory.internal.LocatingElementHandler.invoke(LocatingElementHandler.java:38)
	at com.sun.proxy.$Proxy9.isDisplayed(Unknown Source)
	at com.test.po.LoginPO.login(LoginPO.java:406)
	at com.test.scripts.MyNeedsDashboardTest.testCancelPopup(MyNeedsDashboardTest.java:761)
	at sun.reflect.NativeMethodAccessorImpl.invoke0(Native Method)
	at sun.reflect.NativeMethodAccessorImpl.invoke(NativeMethodAccessorImpl.java:62)
	at sun.reflect.DelegatingMethodAccessorImpl.invoke(DelegatingMethodAccessorImpl.java:43)
	at java.lang.reflect.Method.invoke(Method.java:497)
	at org.testng.internal.MethodInvocationHelper.invokeMethod(MethodInvocationHelper.java:85)
	at org.testng.internal.Invoker.invokeMethod(Invoker.java:659)
	at org.testng.internal.Invoker.invokeTestMethod(Invoker.java:845)
	at org.testng.internal.Invoker.invokeTestMethods(Invoker.java:1153)
	at org.testng.internal.TestMethodWorker.invokeTestMethods(TestMethodWorker.java:125)
	at org.testng.internal.TestMethodWorker.run(TestMethodWorker.java:108)
	at org.testng.TestRunner.privateRun(TestRunner.java:771)
	at org.testng.TestRunner.run(TestRunner.java:621)
	at org.testng.SuiteRunner.runTest(SuiteRunner.java:357)
	at org.testng.SuiteRunner.runSequentially(SuiteRunner.java:352)
	at org.testng.SuiteRunner.privateRun(SuiteRunner.java:310)
	at org.testng.SuiteRunner.run(SuiteRunner.java:259)
	at org.testng.SuiteRunnerWorker.runSuite(SuiteRunnerWorker.java:52)
	at org.testng.SuiteRunnerWorker.run(SuiteRunnerWorker.java:86)
	at org.testng.TestNG.runSuitesSequentially(TestNG.java:1199)
	at org.testng.TestNG.runSuitesLocally(TestNG.java:1124)
	at org.testng.TestNG.run(TestNG.java:1032)
	at org.testng.remote.AbstractRemoteTestNG.run(AbstractRemoteTestNG.java:126)
	at org.testng.remote.RemoteTestNG.initAndRun(RemoteTestNG.java:137)
	at org.testng.remote.RemoteTestNG.main(RemoteTestNG.java:58)
</pre></div></td>
<td>79</td>
<td>com.test.scripts.MyNeedsDashboardTest@96def03</td></tr>
<tr>
<td title='com.test.scripts.MyNeedsDashboardTest.testComments()'><b>testComments</b><br>Test class: com.test.scripts.MyNeedsDashboardTest<br/>
<a href="#Output-105966264" onClick='toggleBox("Output-105966264", this, "Show output", "Hide output");'>Show output</a>

<a href="#Output-105966264" onClick="toggleAllBoxes();">Show all outputs</a>
<div class='log' id="Output-105966264">
STEP192<br/>
STEP193<br/>
STEP194<br/>
STEP195<br/>
STEP196<br/>
STEP197<br/>
STEP198<br/>
STEP199<br/>
STEP200<br/>
</div>
</td>
<td><div><pre>org.openqa.selenium.NoSuchElementException: An element could not be located on the page using the given search parameters. (WARNING: The server did not provide any stacktrace information)
Command duration or timeout: 20.03 seconds
For documentation on this error, please visit: http://seleniumhq.org/exceptions/no_such_element.html
Build info: version: &apos;2.53.0&apos;, revision: &apos;35ae25b1534ae328c771e0856c93e187490ca824&apos;, time: &apos;2016-03-15 10:43:46&apos;
System info: host: &apos;Prasannas-MacBook-Pro.local&apos;, ip: &apos;10.10.4.140&apos;, os.name: &apos;Mac OS X&apos;, os.arch: &apos;x86_64&apos;, os.version: &apos;10.11.4&apos;, java.version: &apos;1.8.0_65&apos;
Driver info: io.appium.java_client.ios.IOSDriver
Capabilities [{unicodekeyboard=true, app=/Users/automation/Downloads/IndiaSulekha6.3.2.ipa, networkConnectionEnabled=false, orientation=, bundleId=com.appid.sulekhauserapp, databaseEnabled=false, deviceName=iPhone 4s, fullReset=true, platform=MAC, showIOSLog=true, desired={unicodekeyboard=true, app=/Users/automation/Downloads/IndiaSulekha6.3.2.ipa, showIOSLog=true, orientation=, platformVersion=9.3.1, automationName=Appium, bundleId=com.appid.sulekhauserapp, platformName=iOS, udid=bc7dfd69e9a704d0f8536bcd88204c345ced5f77, deviceName=iPhone 4s, fullReset=true}, platformVersion=9.3.1, webStorageEnabled=false, locationContextEnabled=false, automationName=Appium, browserName=, takesScreenshot=true, javascriptEnabled=true, platformName=iOS, udid=bc7dfd69e9a704d0f8536bcd88204c345ced5f77}]
Session ID: 43e379be-4a98-4aff-b819-a548fa0bc9bd
*** Element info: {Using=xpath, value=//UIAApplication[1]/UIAWindow[1]/UIAScrollView[1]/UIAScrollView[1]/UIAButton[1]}
	at org.openqa.selenium.remote.ErrorHandler.createThrowable(ErrorHandler.java:206)
	at org.openqa.selenium.remote.ErrorHandler.throwIfResponseFailed(ErrorHandler.java:158)
	at org.openqa.selenium.remote.RemoteWebDriver.execute(RemoteWebDriver.java:678)
	at io.appium.java_client.DefaultGenericMobileDriver.execute(DefaultGenericMobileDriver.java:43)
	at io.appium.java_client.AppiumDriver.execute(AppiumDriver.java:1)
	at io.appium.java_client.ios.IOSDriver.execute(IOSDriver.java:1)
	at org.openqa.selenium.remote.RemoteWebDriver.findElement(RemoteWebDriver.java:363)
	at org.openqa.selenium.remote.RemoteWebDriver.findElementByXPath(RemoteWebDriver.java:500)
	at io.appium.java_client.DefaultGenericMobileDriver.findElementByXPath(DefaultGenericMobileDriver.java:129)
	at io.appium.java_client.AppiumDriver.findElementByXPath(AppiumDriver.java:1)
	at io.appium.java_client.ios.IOSDriver.findElementByXPath(IOSDriver.java:1)
	at org.openqa.selenium.By$ByXPath.findElement(By.java:361)
	at org.openqa.selenium.remote.RemoteWebDriver.findElement(RemoteWebDriver.java:355)
	at io.appium.java_client.DefaultGenericMobileDriver.findElement(DefaultGenericMobileDriver.java:51)
	at io.appium.java_client.AppiumDriver.findElement(AppiumDriver.java:1)
	at io.appium.java_client.ios.IOSDriver.findElement(IOSDriver.java:1)
	at org.openqa.selenium.support.pagefactory.DefaultElementLocator.findElement(DefaultElementLocator.java:69)
	at org.openqa.selenium.support.pagefactory.internal.LocatingElementHandler.invoke(LocatingElementHandler.java:38)
	at com.sun.proxy.$Proxy9.click(Unknown Source)
	at com.test.po.MyNeedsDashboardPO.searchNeeds(MyNeedsDashboardPO.java:318)
	at com.test.scripts.MyNeedsDashboardTest.testComments(MyNeedsDashboardTest.java:717)
... Removed 28 stack frames</pre></div><a href='#' onClick='toggleBox("stack-trace105966264", this, "Click to show all stack frames", "Click to hide stack frames")'>Click to show all stack frames</a>
<div class='stack-trace' id='stack-trace105966264'><pre>org.openqa.selenium.NoSuchElementException: An element could not be located on the page using the given search parameters. (WARNING: The server did not provide any stacktrace information)
Command duration or timeout: 20.03 seconds
For documentation on this error, please visit: http://seleniumhq.org/exceptions/no_such_element.html
Build info: version: &apos;2.53.0&apos;, revision: &apos;35ae25b1534ae328c771e0856c93e187490ca824&apos;, time: &apos;2016-03-15 10:43:46&apos;
System info: host: &apos;Prasannas-MacBook-Pro.local&apos;, ip: &apos;10.10.4.140&apos;, os.name: &apos;Mac OS X&apos;, os.arch: &apos;x86_64&apos;, os.version: &apos;10.11.4&apos;, java.version: &apos;1.8.0_65&apos;
Driver info: io.appium.java_client.ios.IOSDriver
Capabilities [{unicodekeyboard=true, app=/Users/automation/Downloads/IndiaSulekha6.3.2.ipa, networkConnectionEnabled=false, orientation=, bundleId=com.appid.sulekhauserapp, databaseEnabled=false, deviceName=iPhone 4s, fullReset=true, platform=MAC, showIOSLog=true, desired={unicodekeyboard=true, app=/Users/automation/Downloads/IndiaSulekha6.3.2.ipa, showIOSLog=true, orientation=, platformVersion=9.3.1, automationName=Appium, bundleId=com.appid.sulekhauserapp, platformName=iOS, udid=bc7dfd69e9a704d0f8536bcd88204c345ced5f77, deviceName=iPhone 4s, fullReset=true}, platformVersion=9.3.1, webStorageEnabled=false, locationContextEnabled=false, automationName=Appium, browserName=, takesScreenshot=true, javascriptEnabled=true, platformName=iOS, udid=bc7dfd69e9a704d0f8536bcd88204c345ced5f77}]
Session ID: 43e379be-4a98-4aff-b819-a548fa0bc9bd
*** Element info: {Using=xpath, value=//UIAApplication[1]/UIAWindow[1]/UIAScrollView[1]/UIAScrollView[1]/UIAButton[1]}
	at sun.reflect.NativeConstructorAccessorImpl.newInstance0(Native Method)
	at sun.reflect.NativeConstructorAccessorImpl.newInstance(NativeConstructorAccessorImpl.java:62)
	at sun.reflect.DelegatingConstructorAccessorImpl.newInstance(DelegatingConstructorAccessorImpl.java:45)
	at java.lang.reflect.Constructor.newInstance(Constructor.java:422)
	at org.openqa.selenium.remote.ErrorHandler.createThrowable(ErrorHandler.java:206)
	at org.openqa.selenium.remote.ErrorHandler.throwIfResponseFailed(ErrorHandler.java:158)
	at org.openqa.selenium.remote.RemoteWebDriver.execute(RemoteWebDriver.java:678)
	at io.appium.java_client.DefaultGenericMobileDriver.execute(DefaultGenericMobileDriver.java:43)
	at io.appium.java_client.AppiumDriver.execute(AppiumDriver.java:1)
	at io.appium.java_client.ios.IOSDriver.execute(IOSDriver.java:1)
	at org.openqa.selenium.remote.RemoteWebDriver.findElement(RemoteWebDriver.java:363)
	at org.openqa.selenium.remote.RemoteWebDriver.findElementByXPath(RemoteWebDriver.java:500)
	at io.appium.java_client.DefaultGenericMobileDriver.findElementByXPath(DefaultGenericMobileDriver.java:129)
	at io.appium.java_client.AppiumDriver.findElementByXPath(AppiumDriver.java:1)
	at io.appium.java_client.ios.IOSDriver.findElementByXPath(IOSDriver.java:1)
	at org.openqa.selenium.By$ByXPath.findElement(By.java:361)
	at org.openqa.selenium.remote.RemoteWebDriver.findElement(RemoteWebDriver.java:355)
	at io.appium.java_client.DefaultGenericMobileDriver.findElement(DefaultGenericMobileDriver.java:51)
	at io.appium.java_client.AppiumDriver.findElement(AppiumDriver.java:1)
	at io.appium.java_client.ios.IOSDriver.findElement(IOSDriver.java:1)
	at org.openqa.selenium.support.pagefactory.DefaultElementLocator.findElement(DefaultElementLocator.java:69)
	at org.openqa.selenium.support.pagefactory.internal.LocatingElementHandler.invoke(LocatingElementHandler.java:38)
	at com.sun.proxy.$Proxy9.click(Unknown Source)
	at com.test.po.MyNeedsDashboardPO.searchNeeds(MyNeedsDashboardPO.java:318)
	at com.test.scripts.MyNeedsDashboardTest.testComments(MyNeedsDashboardTest.java:717)
	at sun.reflect.NativeMethodAccessorImpl.invoke0(Native Method)
	at sun.reflect.NativeMethodAccessorImpl.invoke(NativeMethodAccessorImpl.java:62)
	at sun.reflect.DelegatingMethodAccessorImpl.invoke(DelegatingMethodAccessorImpl.java:43)
	at java.lang.reflect.Method.invoke(Method.java:497)
	at org.testng.internal.MethodInvocationHelper.invokeMethod(MethodInvocationHelper.java:85)
	at org.testng.internal.Invoker.invokeMethod(Invoker.java:659)
	at org.testng.internal.Invoker.invokeTestMethod(Invoker.java:845)
	at org.testng.internal.Invoker.invokeTestMethods(Invoker.java:1153)
	at org.testng.internal.TestMethodWorker.invokeTestMethods(TestMethodWorker.java:125)
	at org.testng.internal.TestMethodWorker.run(TestMethodWorker.java:108)
	at org.testng.TestRunner.privateRun(TestRunner.java:771)
	at org.testng.TestRunner.run(TestRunner.java:621)
	at org.testng.SuiteRunner.runTest(SuiteRunner.java:357)
	at org.testng.SuiteRunner.runSequentially(SuiteRunner.java:352)
	at org.testng.SuiteRunner.privateRun(SuiteRunner.java:310)
	at org.testng.SuiteRunner.run(SuiteRunner.java:259)
	at org.testng.SuiteRunnerWorker.runSuite(SuiteRunnerWorker.java:52)
	at org.testng.SuiteRunnerWorker.run(SuiteRunnerWorker.java:86)
	at org.testng.TestNG.runSuitesSequentially(TestNG.java:1199)
	at org.testng.TestNG.runSuitesLocally(TestNG.java:1124)
	at org.testng.TestNG.run(TestNG.java:1032)
	at org.testng.remote.AbstractRemoteTestNG.run(AbstractRemoteTestNG.java:126)
	at org.testng.remote.RemoteTestNG.initAndRun(RemoteTestNG.java:137)
	at org.testng.remote.RemoteTestNG.main(RemoteTestNG.java:58)
</pre></div></td>
<td>196</td>
<td>com.test.scripts.MyNeedsDashboardTest@96def03</td></tr>
<tr>
<td title='com.test.scripts.MyNeedsDashboardTest.testReviewRate()'><b>testReviewRate</b><br>Test class: com.test.scripts.MyNeedsDashboardTest<br/>
<a href="#Output-1531182070" onClick='toggleBox("Output-1531182070", this, "Show output", "Hide output");'>Show output</a>

<a href="#Output-1531182070" onClick="toggleAllBoxes();">Show all outputs</a>
<div class='log' id="Output-1531182070">
STEP125<br/>
STEP126<br/>
STEP127<br/>
STEP128<br/>
STEP129<br/>
STEP130<br/>
STEP131<br/>
STEP132<br/>
STEP133<br/>
STEP134<br/>
STEP135<br/>
STEP136<br/>
STEP137<br/>
</div>
</td>
<td><div><pre>java.lang.AssertionError: Write a review button is not displayed expected [true] but found [false]
	at com.test.scripts.MyNeedsDashboardTest.testReviewRate(MyNeedsDashboardTest.java:530)
... Removed 27 stack frames</pre></div><a href='#' onClick='toggleBox("stack-trace1531182070", this, "Click to show all stack frames", "Click to hide stack frames")'>Click to show all stack frames</a>
<div class='stack-trace' id='stack-trace1531182070'><pre>java.lang.AssertionError: Write a review button is not displayed expected [true] but found [false]
	at org.testng.Assert.fail(Assert.java:94)
	at org.testng.Assert.failNotEquals(Assert.java:496)
	at org.testng.Assert.assertTrue(Assert.java:42)
	at com.test.scripts.MyNeedsDashboardTest.testReviewRate(MyNeedsDashboardTest.java:530)
	at sun.reflect.NativeMethodAccessorImpl.invoke0(Native Method)
	at sun.reflect.NativeMethodAccessorImpl.invoke(NativeMethodAccessorImpl.java:62)
	at sun.reflect.DelegatingMethodAccessorImpl.invoke(DelegatingMethodAccessorImpl.java:43)
	at java.lang.reflect.Method.invoke(Method.java:497)
	at org.testng.internal.MethodInvocationHelper.invokeMethod(MethodInvocationHelper.java:85)
	at org.testng.internal.Invoker.invokeMethod(Invoker.java:659)
	at org.testng.internal.Invoker.invokeTestMethod(Invoker.java:845)
	at org.testng.internal.Invoker.invokeTestMethods(Invoker.java:1153)
	at org.testng.internal.TestMethodWorker.invokeTestMethods(TestMethodWorker.java:125)
	at org.testng.internal.TestMethodWorker.run(TestMethodWorker.java:108)
	at org.testng.TestRunner.privateRun(TestRunner.java:771)
	at org.testng.TestRunner.run(TestRunner.java:621)
	at org.testng.SuiteRunner.runTest(SuiteRunner.java:357)
	at org.testng.SuiteRunner.runSequentially(SuiteRunner.java:352)
	at org.testng.SuiteRunner.privateRun(SuiteRunner.java:310)
	at org.testng.SuiteRunner.run(SuiteRunner.java:259)
	at org.testng.SuiteRunnerWorker.runSuite(SuiteRunnerWorker.java:52)
	at org.testng.SuiteRunnerWorker.run(SuiteRunnerWorker.java:86)
	at org.testng.TestNG.runSuitesSequentially(TestNG.java:1199)
	at org.testng.TestNG.runSuitesLocally(TestNG.java:1124)
	at org.testng.TestNG.run(TestNG.java:1032)
	at org.testng.remote.AbstractRemoteTestNG.run(AbstractRemoteTestNG.java:126)
	at org.testng.remote.RemoteTestNG.initAndRun(RemoteTestNG.java:137)
	at org.testng.remote.RemoteTestNG.main(RemoteTestNG.java:58)
</pre></div></td>
<td>237</td>
<td>com.test.scripts.MyNeedsDashboardTest@96def03</td></tr>
<tr>
<td title='com.test.scripts.MyNeedsDashboardTest.testShortList()'><b>testShortList</b><br>Test class: com.test.scripts.MyNeedsDashboardTest<br/>
<a href="#Output-464649704" onClick='toggleBox("Output-464649704", this, "Show output", "Hide output");'>Show output</a>

<a href="#Output-464649704" onClick="toggleAllBoxes();">Show all outputs</a>
<div class='log' id="Output-464649704">
STEP213<br/>
STEP214<br/>
STEP215<br/>
STEP216<br/>
STEP217<br/>
STEP218<br/>
</div>
</td>
<td><div><pre>org.openqa.selenium.remote.UnreachableBrowserException: Error communicating with the remote browser. It may have died.
Build info: version: &apos;2.53.0&apos;, revision: &apos;35ae25b1534ae328c771e0856c93e187490ca824&apos;, time: &apos;2016-03-15 10:43:46&apos;
System info: host: &apos;Prasannas-MacBook-Pro.local&apos;, ip: &apos;10.10.4.140&apos;, os.name: &apos;Mac OS X&apos;, os.arch: &apos;x86_64&apos;, os.version: &apos;10.11.4&apos;, java.version: &apos;1.8.0_65&apos;
Driver info: driver.version: IOSDriver
Capabilities [{unicodekeyboard=true, app=/Users/automation/Downloads/IndiaSulekha6.3.2.ipa, networkConnectionEnabled=false, orientation=, bundleId=com.appid.sulekhauserapp, databaseEnabled=false, deviceName=iPhone 4s, fullReset=true, platform=MAC, showIOSLog=true, desired={unicodekeyboard=true, app=/Users/automation/Downloads/IndiaSulekha6.3.2.ipa, showIOSLog=true, orientation=, platformVersion=9.3.1, automationName=Appium, bundleId=com.appid.sulekhauserapp, platformName=iOS, udid=bc7dfd69e9a704d0f8536bcd88204c345ced5f77, deviceName=iPhone 4s, fullReset=true}, platformVersion=9.3.1, webStorageEnabled=false, locationContextEnabled=false, automationName=Appium, browserName=, takesScreenshot=true, javascriptEnabled=true, platformName=iOS, udid=bc7dfd69e9a704d0f8536bcd88204c345ced5f77}]
Session ID: 87173637-9b9a-41d5-920b-27edd534f802
	at org.openqa.selenium.remote.RemoteWebDriver.execute(RemoteWebDriver.java:665)
	at io.appium.java_client.DefaultGenericMobileDriver.execute(DefaultGenericMobileDriver.java:43)
	at io.appium.java_client.AppiumDriver.execute(AppiumDriver.java:1)
	at io.appium.java_client.ios.IOSDriver.execute(IOSDriver.java:1)
	at org.openqa.selenium.remote.RemoteWebDriver.findElement(RemoteWebDriver.java:363)
	at org.openqa.selenium.remote.RemoteWebDriver.findElementByXPath(RemoteWebDriver.java:500)
	at io.appium.java_client.DefaultGenericMobileDriver.findElementByXPath(DefaultGenericMobileDriver.java:129)
	at io.appium.java_client.AppiumDriver.findElementByXPath(AppiumDriver.java:1)
	at io.appium.java_client.ios.IOSDriver.findElementByXPath(IOSDriver.java:1)
	at org.openqa.selenium.By$ByXPath.findElement(By.java:361)
	at org.openqa.selenium.remote.RemoteWebDriver.findElement(RemoteWebDriver.java:355)
	at io.appium.java_client.DefaultGenericMobileDriver.findElement(DefaultGenericMobileDriver.java:51)
	at io.appium.java_client.AppiumDriver.findElement(AppiumDriver.java:1)
	at io.appium.java_client.ios.IOSDriver.findElement(IOSDriver.java:1)
	at org.openqa.selenium.support.pagefactory.DefaultElementLocator.findElement(DefaultElementLocator.java:69)
	at org.openqa.selenium.support.pagefactory.internal.LocatingElementHandler.invoke(LocatingElementHandler.java:38)
	at com.sun.proxy.$Proxy9.isDisplayed(Unknown Source)
	at com.test.po.LoginPO.login(LoginPO.java:406)
	at com.test.scripts.MyNeedsDashboardTest.testShortList(MyNeedsDashboardTest.java:837)
Caused by: org.openqa.selenium.WebDriverException: org.apache.http.conn.HttpHostConnectException: Connect to 0.0.0.0:4723 [/0.0.0.0] failed: Connection refused
Build info: version: &apos;2.53.0&apos;, revision: &apos;35ae25b1534ae328c771e0856c93e187490ca824&apos;, time: &apos;2016-03-15 10:43:46&apos;
System info: host: &apos;Prasannas-MacBook-Pro.local&apos;, ip: &apos;10.10.4.140&apos;, os.name: &apos;Mac OS X&apos;, os.arch: &apos;x86_64&apos;, os.version: &apos;10.11.4&apos;, java.version: &apos;1.8.0_65&apos;
Driver info: driver.version: IOSDriver
	at io.appium.java_client.remote.AppiumCommandExecutor.execute(AppiumCommandExecutor.java:76)
	at org.openqa.selenium.remote.RemoteWebDriver.execute(RemoteWebDriver.java:644)
	... 42 more
Caused by: org.apache.http.conn.HttpHostConnectException: Connect to 0.0.0.0:4723 [/0.0.0.0] failed: Connection refused
	at org.apache.http.impl.conn.DefaultHttpClientConnectionOperator.connect(DefaultHttpClientConnectionOperator.java:158)
	at org.apache.http.impl.conn.PoolingHttpClientConnectionManager.connect(PoolingHttpClientConnectionManager.java:353)
	at org.apache.http.impl.execchain.MainClientExec.establishRoute(MainClientExec.java:380)
	at org.apache.http.impl.execchain.MainClientExec.execute(MainClientExec.java:236)
	at org.apache.http.impl.execchain.ProtocolExec.execute(ProtocolExec.java:184)
	at org.apache.http.impl.execchain.RetryExec.execute(RetryExec.java:88)
	at org.apache.http.impl.execchain.RedirectExec.execute(RedirectExec.java:110)
	at org.apache.http.impl.client.InternalHttpClient.doExecute(InternalHttpClient.java:184)
	at org.apache.http.impl.client.CloseableHttpClient.execute(CloseableHttpClient.java:71)
	at org.apache.http.impl.client.CloseableHttpClient.execute(CloseableHttpClient.java:55)
	at org.openqa.selenium.remote.internal.ApacheHttpClient.fallBackExecute(ApacheHttpClient.java:162)
	at org.openqa.selenium.remote.internal.ApacheHttpClient.execute(ApacheHttpClient.java:90)
	at org.openqa.selenium.remote.HttpCommandExecutor.execute(HttpCommandExecutor.java:142)
	at io.appium.java_client.remote.AppiumCommandExecutor.execute(AppiumCommandExecutor.java:64)
	... 43 more
Caused by: java.net.ConnectException: Connection refused
	at java.net.PlainSocketImpl.socketConnect(Native Method)
	at java.net.AbstractPlainSocketImpl.doConnect(AbstractPlainSocketImpl.java:350)
	at java.net.AbstractPlainSocketImpl.connectToAddress(AbstractPlainSocketImpl.java:204)
	at java.net.AbstractPlainSocketImpl.connect(AbstractPlainSocketImpl.java:188)
	at java.net.SocksSocketImpl.connect(SocksSocketImpl.java:392)
	at java.net.Socket.connect(Socket.java:589)
	at org.apache.http.conn.socket.PlainConnectionSocketFactory.connectSocket(PlainConnectionSocketFactory.java:74)
	at org.apache.http.impl.conn.DefaultHttpClientConnectionOperator.connect(DefaultHttpClientConnectionOperator.java:141)
	... 56 more
... Removed 24 stack frames</pre></div><a href='#' onClick='toggleBox("stack-trace464649704", this, "Click to show all stack frames", "Click to hide stack frames")'>Click to show all stack frames</a>
<div class='stack-trace' id='stack-trace464649704'><pre>org.openqa.selenium.remote.UnreachableBrowserException: Error communicating with the remote browser. It may have died.
Build info: version: &apos;2.53.0&apos;, revision: &apos;35ae25b1534ae328c771e0856c93e187490ca824&apos;, time: &apos;2016-03-15 10:43:46&apos;
System info: host: &apos;Prasannas-MacBook-Pro.local&apos;, ip: &apos;10.10.4.140&apos;, os.name: &apos;Mac OS X&apos;, os.arch: &apos;x86_64&apos;, os.version: &apos;10.11.4&apos;, java.version: &apos;1.8.0_65&apos;
Driver info: driver.version: IOSDriver
Capabilities [{unicodekeyboard=true, app=/Users/automation/Downloads/IndiaSulekha6.3.2.ipa, networkConnectionEnabled=false, orientation=, bundleId=com.appid.sulekhauserapp, databaseEnabled=false, deviceName=iPhone 4s, fullReset=true, platform=MAC, showIOSLog=true, desired={unicodekeyboard=true, app=/Users/automation/Downloads/IndiaSulekha6.3.2.ipa, showIOSLog=true, orientation=, platformVersion=9.3.1, automationName=Appium, bundleId=com.appid.sulekhauserapp, platformName=iOS, udid=bc7dfd69e9a704d0f8536bcd88204c345ced5f77, deviceName=iPhone 4s, fullReset=true}, platformVersion=9.3.1, webStorageEnabled=false, locationContextEnabled=false, automationName=Appium, browserName=, takesScreenshot=true, javascriptEnabled=true, platformName=iOS, udid=bc7dfd69e9a704d0f8536bcd88204c345ced5f77}]
Session ID: 87173637-9b9a-41d5-920b-27edd534f802
	at org.openqa.selenium.remote.RemoteWebDriver.execute(RemoteWebDriver.java:665)
	at io.appium.java_client.DefaultGenericMobileDriver.execute(DefaultGenericMobileDriver.java:43)
	at io.appium.java_client.AppiumDriver.execute(AppiumDriver.java:1)
	at io.appium.java_client.ios.IOSDriver.execute(IOSDriver.java:1)
	at org.openqa.selenium.remote.RemoteWebDriver.findElement(RemoteWebDriver.java:363)
	at org.openqa.selenium.remote.RemoteWebDriver.findElementByXPath(RemoteWebDriver.java:500)
	at io.appium.java_client.DefaultGenericMobileDriver.findElementByXPath(DefaultGenericMobileDriver.java:129)
	at io.appium.java_client.AppiumDriver.findElementByXPath(AppiumDriver.java:1)
	at io.appium.java_client.ios.IOSDriver.findElementByXPath(IOSDriver.java:1)
	at org.openqa.selenium.By$ByXPath.findElement(By.java:361)
	at org.openqa.selenium.remote.RemoteWebDriver.findElement(RemoteWebDriver.java:355)
	at io.appium.java_client.DefaultGenericMobileDriver.findElement(DefaultGenericMobileDriver.java:51)
	at io.appium.java_client.AppiumDriver.findElement(AppiumDriver.java:1)
	at io.appium.java_client.ios.IOSDriver.findElement(IOSDriver.java:1)
	at org.openqa.selenium.support.pagefactory.DefaultElementLocator.findElement(DefaultElementLocator.java:69)
	at org.openqa.selenium.support.pagefactory.internal.LocatingElementHandler.invoke(LocatingElementHandler.java:38)
	at com.sun.proxy.$Proxy9.isDisplayed(Unknown Source)
	at com.test.po.LoginPO.login(LoginPO.java:406)
	at com.test.scripts.MyNeedsDashboardTest.testShortList(MyNeedsDashboardTest.java:837)
	at sun.reflect.NativeMethodAccessorImpl.invoke0(Native Method)
	at sun.reflect.NativeMethodAccessorImpl.invoke(NativeMethodAccessorImpl.java:62)
	at sun.reflect.DelegatingMethodAccessorImpl.invoke(DelegatingMethodAccessorImpl.java:43)
	at java.lang.reflect.Method.invoke(Method.java:497)
	at org.testng.internal.MethodInvocationHelper.invokeMethod(MethodInvocationHelper.java:85)
	at org.testng.internal.Invoker.invokeMethod(Invoker.java:659)
	at org.testng.internal.Invoker.invokeTestMethod(Invoker.java:845)
	at org.testng.internal.Invoker.invokeTestMethods(Invoker.java:1153)
	at org.testng.internal.TestMethodWorker.invokeTestMethods(TestMethodWorker.java:125)
	at org.testng.internal.TestMethodWorker.run(TestMethodWorker.java:108)
	at org.testng.TestRunner.privateRun(TestRunner.java:771)
	at org.testng.TestRunner.run(TestRunner.java:621)
	at org.testng.SuiteRunner.runTest(SuiteRunner.java:357)
	at org.testng.SuiteRunner.runSequentially(SuiteRunner.java:352)
	at org.testng.SuiteRunner.privateRun(SuiteRunner.java:310)
	at org.testng.SuiteRunner.run(SuiteRunner.java:259)
	at org.testng.SuiteRunnerWorker.runSuite(SuiteRunnerWorker.java:52)
	at org.testng.SuiteRunnerWorker.run(SuiteRunnerWorker.java:86)
	at org.testng.TestNG.runSuitesSequentially(TestNG.java:1199)
	at org.testng.TestNG.runSuitesLocally(TestNG.java:1124)
	at org.testng.TestNG.run(TestNG.java:1032)
	at org.testng.remote.AbstractRemoteTestNG.run(AbstractRemoteTestNG.java:126)
	at org.testng.remote.RemoteTestNG.initAndRun(RemoteTestNG.java:137)
	at org.testng.remote.RemoteTestNG.main(RemoteTestNG.java:58)
Caused by: org.openqa.selenium.WebDriverException: org.apache.http.conn.HttpHostConnectException: Connect to 0.0.0.0:4723 [/0.0.0.0] failed: Connection refused
Build info: version: &apos;2.53.0&apos;, revision: &apos;35ae25b1534ae328c771e0856c93e187490ca824&apos;, time: &apos;2016-03-15 10:43:46&apos;
System info: host: &apos;Prasannas-MacBook-Pro.local&apos;, ip: &apos;10.10.4.140&apos;, os.name: &apos;Mac OS X&apos;, os.arch: &apos;x86_64&apos;, os.version: &apos;10.11.4&apos;, java.version: &apos;1.8.0_65&apos;
Driver info: driver.version: IOSDriver
	at io.appium.java_client.remote.AppiumCommandExecutor.execute(AppiumCommandExecutor.java:76)
	at org.openqa.selenium.remote.RemoteWebDriver.execute(RemoteWebDriver.java:644)
	... 42 more
Caused by: org.apache.http.conn.HttpHostConnectException: Connect to 0.0.0.0:4723 [/0.0.0.0] failed: Connection refused
	at org.apache.http.impl.conn.DefaultHttpClientConnectionOperator.connect(DefaultHttpClientConnectionOperator.java:158)
	at org.apache.http.impl.conn.PoolingHttpClientConnectionManager.connect(PoolingHttpClientConnectionManager.java:353)
	at org.apache.http.impl.execchain.MainClientExec.establishRoute(MainClientExec.java:380)
	at org.apache.http.impl.execchain.MainClientExec.execute(MainClientExec.java:236)
	at org.apache.http.impl.execchain.ProtocolExec.execute(ProtocolExec.java:184)
	at org.apache.http.impl.execchain.RetryExec.execute(RetryExec.java:88)
	at org.apache.http.impl.execchain.RedirectExec.execute(RedirectExec.java:110)
	at org.apache.http.impl.client.InternalHttpClient.doExecute(InternalHttpClient.java:184)
	at org.apache.http.impl.client.CloseableHttpClient.execute(CloseableHttpClient.java:71)
	at org.apache.http.impl.client.CloseableHttpClient.execute(CloseableHttpClient.java:55)
	at org.openqa.selenium.remote.internal.ApacheHttpClient.fallBackExecute(ApacheHttpClient.java:162)
	at org.openqa.selenium.remote.internal.ApacheHttpClient.execute(ApacheHttpClient.java:90)
	at org.openqa.selenium.remote.HttpCommandExecutor.execute(HttpCommandExecutor.java:142)
	at io.appium.java_client.remote.AppiumCommandExecutor.execute(AppiumCommandExecutor.java:64)
	... 43 more
Caused by: java.net.ConnectException: Connection refused
	at java.net.PlainSocketImpl.socketConnect(Native Method)
	at java.net.AbstractPlainSocketImpl.doConnect(AbstractPlainSocketImpl.java:350)
	at java.net.AbstractPlainSocketImpl.connectToAddress(AbstractPlainSocketImpl.java:204)
	at java.net.AbstractPlainSocketImpl.connect(AbstractPlainSocketImpl.java:188)
	at java.net.SocksSocketImpl.connect(SocksSocketImpl.java:392)
	at java.net.Socket.connect(Socket.java:589)
	at org.apache.http.conn.socket.PlainConnectionSocketFactory.connectSocket(PlainConnectionSocketFactory.java:74)
	at org.apache.http.impl.conn.DefaultHttpClientConnectionOperator.connect(DefaultHttpClientConnectionOperator.java:141)
	... 56 more
</pre></div></td>
<td>72</td>
<td>com.test.scripts.MyNeedsDashboardTest@96def03</td></tr>
<tr>
<td title='com.test.scripts.MyNeedsDashboardTest.testShortList()'><b>testShortList</b><br>Test class: com.test.scripts.MyNeedsDashboardTest</td>
<td><div><pre>org.openqa.selenium.remote.UnreachableBrowserException: Error communicating with the remote browser. It may have died.
Build info: version: &apos;2.53.0&apos;, revision: &apos;35ae25b1534ae328c771e0856c93e187490ca824&apos;, time: &apos;2016-03-15 10:43:46&apos;
System info: host: &apos;Prasannas-MacBook-Pro.local&apos;, ip: &apos;10.10.4.140&apos;, os.name: &apos;Mac OS X&apos;, os.arch: &apos;x86_64&apos;, os.version: &apos;10.11.4&apos;, java.version: &apos;1.8.0_65&apos;
Driver info: driver.version: RemoteWebDriver
Capabilities [{unicodekeyboard=true, app=/Users/automation/Downloads/IndiaSulekha6.3.2.ipa, networkConnectionEnabled=false, orientation=, bundleId=com.appid.sulekhauserapp, databaseEnabled=false, deviceName=iPhone 4s, fullReset=true, platform=MAC, showIOSLog=true, desired={unicodekeyboard=true, app=/Users/automation/Downloads/IndiaSulekha6.3.2.ipa, showIOSLog=true, orientation=, platformVersion=9.3.1, automationName=Appium, bundleId=com.appid.sulekhauserapp, platformName=iOS, udid=bc7dfd69e9a704d0f8536bcd88204c345ced5f77, deviceName=iPhone 4s, fullReset=true}, platformVersion=9.3.1, webStorageEnabled=false, locationContextEnabled=false, automationName=Appium, browserName=, takesScreenshot=true, javascriptEnabled=true, platformName=iOS, udid=bc7dfd69e9a704d0f8536bcd88204c345ced5f77}]
Session ID: 87173637-9b9a-41d5-920b-27edd534f802
	at org.openqa.selenium.remote.RemoteWebDriver.execute(RemoteWebDriver.java:665)
	at io.appium.java_client.DefaultGenericMobileDriver.execute(DefaultGenericMobileDriver.java:43)
	at io.appium.java_client.AppiumDriver.execute(AppiumDriver.java:216)
	at org.openqa.selenium.remote.RemoteWebDriver.getScreenshotAs(RemoteWebDriver.java:335)
	at com.test.baselib.TestngListener.onTestFailure(TestngListener.java:122)
Caused by: org.openqa.selenium.WebDriverException: org.apache.http.conn.HttpHostConnectException: Connect to 0.0.0.0:4723 [/0.0.0.0] failed: Connection refused
Build info: version: &apos;2.53.0&apos;, revision: &apos;35ae25b1534ae328c771e0856c93e187490ca824&apos;, time: &apos;2016-03-15 10:43:46&apos;
System info: host: &apos;Prasannas-MacBook-Pro.local&apos;, ip: &apos;10.10.4.140&apos;, os.name: &apos;Mac OS X&apos;, os.arch: &apos;x86_64&apos;, os.version: &apos;10.11.4&apos;, java.version: &apos;1.8.0_65&apos;
Driver info: driver.version: RemoteWebDriver
	at io.appium.java_client.remote.AppiumCommandExecutor.execute(AppiumCommandExecutor.java:76)
	at org.openqa.selenium.remote.RemoteWebDriver.execute(RemoteWebDriver.java:644)
	... 25 more
Caused by: org.apache.http.conn.HttpHostConnectException: Connect to 0.0.0.0:4723 [/0.0.0.0] failed: Connection refused
	at org.apache.http.impl.conn.DefaultHttpClientConnectionOperator.connect(DefaultHttpClientConnectionOperator.java:158)
	at org.apache.http.impl.conn.PoolingHttpClientConnectionManager.connect(PoolingHttpClientConnectionManager.java:353)
	at org.apache.http.impl.execchain.MainClientExec.establishRoute(MainClientExec.java:380)
	at org.apache.http.impl.execchain.MainClientExec.execute(MainClientExec.java:236)
	at org.apache.http.impl.execchain.ProtocolExec.execute(ProtocolExec.java:184)
	at org.apache.http.impl.execchain.RetryExec.execute(RetryExec.java:88)
	at org.apache.http.impl.execchain.RedirectExec.execute(RedirectExec.java:110)
	at org.apache.http.impl.client.InternalHttpClient.doExecute(InternalHttpClient.java:184)
	at org.apache.http.impl.client.CloseableHttpClient.execute(CloseableHttpClient.java:71)
	at org.apache.http.impl.client.CloseableHttpClient.execute(CloseableHttpClient.java:55)
	at org.openqa.selenium.remote.internal.ApacheHttpClient.fallBackExecute(ApacheHttpClient.java:144)
	at org.openqa.selenium.remote.internal.ApacheHttpClient.execute(ApacheHttpClient.java:90)
	at org.openqa.selenium.remote.HttpCommandExecutor.execute(HttpCommandExecutor.java:142)
	at io.appium.java_client.remote.AppiumCommandExecutor.execute(AppiumCommandExecutor.java:64)
	... 26 more
Caused by: java.net.ConnectException: Connection refused
	at java.net.PlainSocketImpl.socketConnect(Native Method)
	at java.net.AbstractPlainSocketImpl.doConnect(AbstractPlainSocketImpl.java:350)
	at java.net.AbstractPlainSocketImpl.connectToAddress(AbstractPlainSocketImpl.java:204)
	at java.net.AbstractPlainSocketImpl.connect(AbstractPlainSocketImpl.java:188)
	at java.net.SocksSocketImpl.connect(SocksSocketImpl.java:392)
	at java.net.Socket.connect(Socket.java:589)
	at org.apache.http.conn.socket.PlainConnectionSocketFactory.connectSocket(PlainConnectionSocketFactory.java:74)
	at org.apache.http.impl.conn.DefaultHttpClientConnectionOperator.connect(DefaultHttpClientConnectionOperator.java:141)
	... 39 more
... Removed 21 stack frames</pre></div><a href='#' onClick='toggleBox("stack-trace951988316", this, "Click to show all stack frames", "Click to hide stack frames")'>Click to show all stack frames</a>
<div class='stack-trace' id='stack-trace951988316'><pre>org.openqa.selenium.remote.UnreachableBrowserException: Error communicating with the remote browser. It may have died.
Build info: version: &apos;2.53.0&apos;, revision: &apos;35ae25b1534ae328c771e0856c93e187490ca824&apos;, time: &apos;2016-03-15 10:43:46&apos;
System info: host: &apos;Prasannas-MacBook-Pro.local&apos;, ip: &apos;10.10.4.140&apos;, os.name: &apos;Mac OS X&apos;, os.arch: &apos;x86_64&apos;, os.version: &apos;10.11.4&apos;, java.version: &apos;1.8.0_65&apos;
Driver info: driver.version: RemoteWebDriver
Capabilities [{unicodekeyboard=true, app=/Users/automation/Downloads/IndiaSulekha6.3.2.ipa, networkConnectionEnabled=false, orientation=, bundleId=com.appid.sulekhauserapp, databaseEnabled=false, deviceName=iPhone 4s, fullReset=true, platform=MAC, showIOSLog=true, desired={unicodekeyboard=true, app=/Users/automation/Downloads/IndiaSulekha6.3.2.ipa, showIOSLog=true, orientation=, platformVersion=9.3.1, automationName=Appium, bundleId=com.appid.sulekhauserapp, platformName=iOS, udid=bc7dfd69e9a704d0f8536bcd88204c345ced5f77, deviceName=iPhone 4s, fullReset=true}, platformVersion=9.3.1, webStorageEnabled=false, locationContextEnabled=false, automationName=Appium, browserName=, takesScreenshot=true, javascriptEnabled=true, platformName=iOS, udid=bc7dfd69e9a704d0f8536bcd88204c345ced5f77}]
Session ID: 87173637-9b9a-41d5-920b-27edd534f802
	at org.openqa.selenium.remote.RemoteWebDriver.execute(RemoteWebDriver.java:665)
	at io.appium.java_client.DefaultGenericMobileDriver.execute(DefaultGenericMobileDriver.java:43)
	at io.appium.java_client.AppiumDriver.execute(AppiumDriver.java:216)
	at org.openqa.selenium.remote.RemoteWebDriver.getScreenshotAs(RemoteWebDriver.java:335)
	at com.test.baselib.TestngListener.onTestFailure(TestngListener.java:122)
	at org.testng.internal.Invoker.runTestListeners(Invoker.java:1797)
	at org.testng.internal.Invoker.runTestListeners(Invoker.java:1781)
	at org.testng.internal.Invoker.invokeMethod(Invoker.java:721)
	at org.testng.internal.Invoker.invokeTestMethod(Invoker.java:845)
	at org.testng.internal.Invoker.invokeTestMethods(Invoker.java:1153)
	at org.testng.internal.TestMethodWorker.invokeTestMethods(TestMethodWorker.java:125)
	at org.testng.internal.TestMethodWorker.run(TestMethodWorker.java:108)
	at org.testng.TestRunner.privateRun(TestRunner.java:771)
	at org.testng.TestRunner.run(TestRunner.java:621)
	at org.testng.SuiteRunner.runTest(SuiteRunner.java:357)
	at org.testng.SuiteRunner.runSequentially(SuiteRunner.java:352)
	at org.testng.SuiteRunner.privateRun(SuiteRunner.java:310)
	at org.testng.SuiteRunner.run(SuiteRunner.java:259)
	at org.testng.SuiteRunnerWorker.runSuite(SuiteRunnerWorker.java:52)
	at org.testng.SuiteRunnerWorker.run(SuiteRunnerWorker.java:86)
	at org.testng.TestNG.runSuitesSequentially(TestNG.java:1199)
	at org.testng.TestNG.runSuitesLocally(TestNG.java:1124)
	at org.testng.TestNG.run(TestNG.java:1032)
	at org.testng.remote.AbstractRemoteTestNG.run(AbstractRemoteTestNG.java:126)
	at org.testng.remote.RemoteTestNG.initAndRun(RemoteTestNG.java:137)
	at org.testng.remote.RemoteTestNG.main(RemoteTestNG.java:58)
Caused by: org.openqa.selenium.WebDriverException: org.apache.http.conn.HttpHostConnectException: Connect to 0.0.0.0:4723 [/0.0.0.0] failed: Connection refused
Build info: version: &apos;2.53.0&apos;, revision: &apos;35ae25b1534ae328c771e0856c93e187490ca824&apos;, time: &apos;2016-03-15 10:43:46&apos;
System info: host: &apos;Prasannas-MacBook-Pro.local&apos;, ip: &apos;10.10.4.140&apos;, os.name: &apos;Mac OS X&apos;, os.arch: &apos;x86_64&apos;, os.version: &apos;10.11.4&apos;, java.version: &apos;1.8.0_65&apos;
Driver info: driver.version: RemoteWebDriver
	at io.appium.java_client.remote.AppiumCommandExecutor.execute(AppiumCommandExecutor.java:76)
	at org.openqa.selenium.remote.RemoteWebDriver.execute(RemoteWebDriver.java:644)
	... 25 more
Caused by: org.apache.http.conn.HttpHostConnectException: Connect to 0.0.0.0:4723 [/0.0.0.0] failed: Connection refused
	at org.apache.http.impl.conn.DefaultHttpClientConnectionOperator.connect(DefaultHttpClientConnectionOperator.java:158)
	at org.apache.http.impl.conn.PoolingHttpClientConnectionManager.connect(PoolingHttpClientConnectionManager.java:353)
	at org.apache.http.impl.execchain.MainClientExec.establishRoute(MainClientExec.java:380)
	at org.apache.http.impl.execchain.MainClientExec.execute(MainClientExec.java:236)
	at org.apache.http.impl.execchain.ProtocolExec.execute(ProtocolExec.java:184)
	at org.apache.http.impl.execchain.RetryExec.execute(RetryExec.java:88)
	at org.apache.http.impl.execchain.RedirectExec.execute(RedirectExec.java:110)
	at org.apache.http.impl.client.InternalHttpClient.doExecute(InternalHttpClient.java:184)
	at org.apache.http.impl.client.CloseableHttpClient.execute(CloseableHttpClient.java:71)
	at org.apache.http.impl.client.CloseableHttpClient.execute(CloseableHttpClient.java:55)
	at org.openqa.selenium.remote.internal.ApacheHttpClient.fallBackExecute(ApacheHttpClient.java:144)
	at org.openqa.selenium.remote.internal.ApacheHttpClient.execute(ApacheHttpClient.java:90)
	at org.openqa.selenium.remote.HttpCommandExecutor.execute(HttpCommandExecutor.java:142)
	at io.appium.java_client.remote.AppiumCommandExecutor.execute(AppiumCommandExecutor.java:64)
	... 26 more
Caused by: java.net.ConnectException: Connection refused
	at java.net.PlainSocketImpl.socketConnect(Native Method)
	at java.net.AbstractPlainSocketImpl.doConnect(AbstractPlainSocketImpl.java:350)
	at java.net.AbstractPlainSocketImpl.connectToAddress(AbstractPlainSocketImpl.java:204)
	at java.net.AbstractPlainSocketImpl.connect(AbstractPlainSocketImpl.java:188)
	at java.net.SocksSocketImpl.connect(SocksSocketImpl.java:392)
	at java.net.Socket.connect(Socket.java:589)
	at org.apache.http.conn.socket.PlainConnectionSocketFactory.connectSocket(PlainConnectionSocketFactory.java:74)
	at org.apache.http.impl.conn.DefaultHttpClientConnectionOperator.connect(DefaultHttpClientConnectionOperator.java:141)
	... 39 more
</pre></div></td>
<td>123</td>
<td>com.test.scripts.MyNeedsDashboardTest@96def03</td></tr>
<tr>
<td title='com.test.scripts.MyNeedsDashboardTest.testVerifyCancelled()'><b>testVerifyCancelled</b><br>Test class: com.test.scripts.MyNeedsDashboardTest<br/>
<a href="#Output-1113895488" onClick='toggleBox("Output-1113895488", this, "Show output", "Hide output");'>Show output</a>

<a href="#Output-1113895488" onClick="toggleAllBoxes();">Show all outputs</a>
<div class='log' id="Output-1113895488">
STEP207<br/>
STEP208<br/>
STEP209<br/>
STEP210<br/>
STEP211<br/>
STEP212<br/>
</div>
</td>
<td><div><pre>org.openqa.selenium.NoSuchElementException: An element could not be located on the page using the given search parameters. (WARNING: The server did not provide any stacktrace information)
Command duration or timeout: 20.20 seconds
For documentation on this error, please visit: http://seleniumhq.org/exceptions/no_such_element.html
Build info: version: &apos;2.53.0&apos;, revision: &apos;35ae25b1534ae328c771e0856c93e187490ca824&apos;, time: &apos;2016-03-15 10:43:46&apos;
System info: host: &apos;Prasannas-MacBook-Pro.local&apos;, ip: &apos;10.10.4.140&apos;, os.name: &apos;Mac OS X&apos;, os.arch: &apos;x86_64&apos;, os.version: &apos;10.11.4&apos;, java.version: &apos;1.8.0_65&apos;
Driver info: io.appium.java_client.ios.IOSDriver
Capabilities [{unicodekeyboard=true, app=/Users/automation/Downloads/IndiaSulekha6.3.2.ipa, networkConnectionEnabled=false, orientation=, bundleId=com.appid.sulekhauserapp, databaseEnabled=false, deviceName=iPhone 4s, fullReset=true, platform=MAC, showIOSLog=true, desired={unicodekeyboard=true, app=/Users/automation/Downloads/IndiaSulekha6.3.2.ipa, showIOSLog=true, orientation=, platformVersion=9.3.1, automationName=Appium, bundleId=com.appid.sulekhauserapp, platformName=iOS, udid=bc7dfd69e9a704d0f8536bcd88204c345ced5f77, deviceName=iPhone 4s, fullReset=true}, platformVersion=9.3.1, webStorageEnabled=false, locationContextEnabled=false, automationName=Appium, browserName=, takesScreenshot=true, javascriptEnabled=true, platformName=iOS, udid=bc7dfd69e9a704d0f8536bcd88204c345ced5f77}]
Session ID: 5bef68fa-e0ae-4380-8924-4c61b4eb4404
*** Element info: {Using=xpath, value=//UIAStaticText[@name=&apos;Popular Categories&apos;]}
	at org.openqa.selenium.remote.ErrorHandler.createThrowable(ErrorHandler.java:206)
	at org.openqa.selenium.remote.ErrorHandler.throwIfResponseFailed(ErrorHandler.java:158)
	at org.openqa.selenium.remote.RemoteWebDriver.execute(RemoteWebDriver.java:678)
	at io.appium.java_client.DefaultGenericMobileDriver.execute(DefaultGenericMobileDriver.java:43)
	at io.appium.java_client.AppiumDriver.execute(AppiumDriver.java:1)
	at io.appium.java_client.ios.IOSDriver.execute(IOSDriver.java:1)
	at org.openqa.selenium.remote.RemoteWebDriver.findElement(RemoteWebDriver.java:363)
	at org.openqa.selenium.remote.RemoteWebDriver.findElementByXPath(RemoteWebDriver.java:500)
	at io.appium.java_client.DefaultGenericMobileDriver.findElementByXPath(DefaultGenericMobileDriver.java:129)
	at io.appium.java_client.AppiumDriver.findElementByXPath(AppiumDriver.java:1)
	at io.appium.java_client.ios.IOSDriver.findElementByXPath(IOSDriver.java:1)
	at org.openqa.selenium.By$ByXPath.findElement(By.java:361)
	at org.openqa.selenium.remote.RemoteWebDriver.findElement(RemoteWebDriver.java:355)
	at io.appium.java_client.DefaultGenericMobileDriver.findElement(DefaultGenericMobileDriver.java:51)
	at io.appium.java_client.AppiumDriver.findElement(AppiumDriver.java:1)
	at io.appium.java_client.ios.IOSDriver.findElement(IOSDriver.java:1)
	at org.openqa.selenium.support.pagefactory.DefaultElementLocator.findElement(DefaultElementLocator.java:69)
	at org.openqa.selenium.support.pagefactory.internal.LocatingElementHandler.invoke(LocatingElementHandler.java:38)
	at com.sun.proxy.$Proxy9.isDisplayed(Unknown Source)
	at com.test.po.LoginPO.login(LoginPO.java:406)
	at com.test.scripts.MyNeedsDashboardTest.testVerifyCancelled(MyNeedsDashboardTest.java:798)
... Removed 28 stack frames</pre></div><a href='#' onClick='toggleBox("stack-trace1113895488", this, "Click to show all stack frames", "Click to hide stack frames")'>Click to show all stack frames</a>
<div class='stack-trace' id='stack-trace1113895488'><pre>org.openqa.selenium.NoSuchElementException: An element could not be located on the page using the given search parameters. (WARNING: The server did not provide any stacktrace information)
Command duration or timeout: 20.20 seconds
For documentation on this error, please visit: http://seleniumhq.org/exceptions/no_such_element.html
Build info: version: &apos;2.53.0&apos;, revision: &apos;35ae25b1534ae328c771e0856c93e187490ca824&apos;, time: &apos;2016-03-15 10:43:46&apos;
System info: host: &apos;Prasannas-MacBook-Pro.local&apos;, ip: &apos;10.10.4.140&apos;, os.name: &apos;Mac OS X&apos;, os.arch: &apos;x86_64&apos;, os.version: &apos;10.11.4&apos;, java.version: &apos;1.8.0_65&apos;
Driver info: io.appium.java_client.ios.IOSDriver
Capabilities [{unicodekeyboard=true, app=/Users/automation/Downloads/IndiaSulekha6.3.2.ipa, networkConnectionEnabled=false, orientation=, bundleId=com.appid.sulekhauserapp, databaseEnabled=false, deviceName=iPhone 4s, fullReset=true, platform=MAC, showIOSLog=true, desired={unicodekeyboard=true, app=/Users/automation/Downloads/IndiaSulekha6.3.2.ipa, showIOSLog=true, orientation=, platformVersion=9.3.1, automationName=Appium, bundleId=com.appid.sulekhauserapp, platformName=iOS, udid=bc7dfd69e9a704d0f8536bcd88204c345ced5f77, deviceName=iPhone 4s, fullReset=true}, platformVersion=9.3.1, webStorageEnabled=false, locationContextEnabled=false, automationName=Appium, browserName=, takesScreenshot=true, javascriptEnabled=true, platformName=iOS, udid=bc7dfd69e9a704d0f8536bcd88204c345ced5f77}]
Session ID: 5bef68fa-e0ae-4380-8924-4c61b4eb4404
*** Element info: {Using=xpath, value=//UIAStaticText[@name=&apos;Popular Categories&apos;]}
	at sun.reflect.NativeConstructorAccessorImpl.newInstance0(Native Method)
	at sun.reflect.NativeConstructorAccessorImpl.newInstance(NativeConstructorAccessorImpl.java:62)
	at sun.reflect.DelegatingConstructorAccessorImpl.newInstance(DelegatingConstructorAccessorImpl.java:45)
	at java.lang.reflect.Constructor.newInstance(Constructor.java:422)
	at org.openqa.selenium.remote.ErrorHandler.createThrowable(ErrorHandler.java:206)
	at org.openqa.selenium.remote.ErrorHandler.throwIfResponseFailed(ErrorHandler.java:158)
	at org.openqa.selenium.remote.RemoteWebDriver.execute(RemoteWebDriver.java:678)
	at io.appium.java_client.DefaultGenericMobileDriver.execute(DefaultGenericMobileDriver.java:43)
	at io.appium.java_client.AppiumDriver.execute(AppiumDriver.java:1)
	at io.appium.java_client.ios.IOSDriver.execute(IOSDriver.java:1)
	at org.openqa.selenium.remote.RemoteWebDriver.findElement(RemoteWebDriver.java:363)
	at org.openqa.selenium.remote.RemoteWebDriver.findElementByXPath(RemoteWebDriver.java:500)
	at io.appium.java_client.DefaultGenericMobileDriver.findElementByXPath(DefaultGenericMobileDriver.java:129)
	at io.appium.java_client.AppiumDriver.findElementByXPath(AppiumDriver.java:1)
	at io.appium.java_client.ios.IOSDriver.findElementByXPath(IOSDriver.java:1)
	at org.openqa.selenium.By$ByXPath.findElement(By.java:361)
	at org.openqa.selenium.remote.RemoteWebDriver.findElement(RemoteWebDriver.java:355)
	at io.appium.java_client.DefaultGenericMobileDriver.findElement(DefaultGenericMobileDriver.java:51)
	at io.appium.java_client.AppiumDriver.findElement(AppiumDriver.java:1)
	at io.appium.java_client.ios.IOSDriver.findElement(IOSDriver.java:1)
	at org.openqa.selenium.support.pagefactory.DefaultElementLocator.findElement(DefaultElementLocator.java:69)
	at org.openqa.selenium.support.pagefactory.internal.LocatingElementHandler.invoke(LocatingElementHandler.java:38)
	at com.sun.proxy.$Proxy9.isDisplayed(Unknown Source)
	at com.test.po.LoginPO.login(LoginPO.java:406)
	at com.test.scripts.MyNeedsDashboardTest.testVerifyCancelled(MyNeedsDashboardTest.java:798)
	at sun.reflect.NativeMethodAccessorImpl.invoke0(Native Method)
	at sun.reflect.NativeMethodAccessorImpl.invoke(NativeMethodAccessorImpl.java:62)
	at sun.reflect.DelegatingMethodAccessorImpl.invoke(DelegatingMethodAccessorImpl.java:43)
	at java.lang.reflect.Method.invoke(Method.java:497)
	at org.testng.internal.MethodInvocationHelper.invokeMethod(MethodInvocationHelper.java:85)
	at org.testng.internal.Invoker.invokeMethod(Invoker.java:659)
	at org.testng.internal.Invoker.invokeTestMethod(Invoker.java:845)
	at org.testng.internal.Invoker.invokeTestMethods(Invoker.java:1153)
	at org.testng.internal.TestMethodWorker.invokeTestMethods(TestMethodWorker.java:125)
	at org.testng.internal.TestMethodWorker.run(TestMethodWorker.java:108)
	at org.testng.TestRunner.privateRun(TestRunner.java:771)
	at org.testng.TestRunner.run(TestRunner.java:621)
	at org.testng.SuiteRunner.runTest(SuiteRunner.java:357)
	at org.testng.SuiteRunner.runSequentially(SuiteRunner.java:352)
	at org.testng.SuiteRunner.privateRun(SuiteRunner.java:310)
	at org.testng.SuiteRunner.run(SuiteRunner.java:259)
	at org.testng.SuiteRunnerWorker.runSuite(SuiteRunnerWorker.java:52)
	at org.testng.SuiteRunnerWorker.run(SuiteRunnerWorker.java:86)
	at org.testng.TestNG.runSuitesSequentially(TestNG.java:1199)
	at org.testng.TestNG.runSuitesLocally(TestNG.java:1124)
	at org.testng.TestNG.run(TestNG.java:1032)
	at org.testng.remote.AbstractRemoteTestNG.run(AbstractRemoteTestNG.java:126)
	at org.testng.remote.RemoteTestNG.initAndRun(RemoteTestNG.java:137)
	at org.testng.remote.RemoteTestNG.main(RemoteTestNG.java:58)
</pre></div></td>
<td>79</td>
<td>com.test.scripts.MyNeedsDashboardTest@96def03</td></tr>
<tr>
<td title='com.test.scripts.MyNeedsDashboardTest.testWriteReviewLink()'><b>testWriteReviewLink</b><br>Test class: com.test.scripts.MyNeedsDashboardTest<br/>
<a href="#Output-523211332" onClick='toggleBox("Output-523211332", this, "Show output", "Hide output");'>Show output</a>

<a href="#Output-523211332" onClick="toggleAllBoxes();">Show all outputs</a>
<div class='log' id="Output-523211332">
STEP115<br/>
STEP116<br/>
STEP117<br/>
STEP118<br/>
STEP119<br/>
STEP120<br/>
STEP121<br/>
STEP122<br/>
STEP123<br/>
STEP124<br/>
</div>
</td>
<td><div><pre>org.openqa.selenium.NoSuchElementException: An element could not be located on the page using the given search parameters. (WARNING: The server did not provide any stacktrace information)
Command duration or timeout: 22.40 seconds
For documentation on this error, please visit: http://seleniumhq.org/exceptions/no_such_element.html
Build info: version: &apos;2.53.0&apos;, revision: &apos;35ae25b1534ae328c771e0856c93e187490ca824&apos;, time: &apos;2016-03-15 10:43:46&apos;
System info: host: &apos;Prasannas-MacBook-Pro.local&apos;, ip: &apos;10.10.4.140&apos;, os.name: &apos;Mac OS X&apos;, os.arch: &apos;x86_64&apos;, os.version: &apos;10.11.4&apos;, java.version: &apos;1.8.0_65&apos;
Driver info: io.appium.java_client.ios.IOSDriver
Capabilities [{unicodekeyboard=true, app=/Users/automation/Downloads/IndiaSulekha6.3.2.ipa, networkConnectionEnabled=false, orientation=, bundleId=com.appid.sulekhauserapp, databaseEnabled=false, deviceName=iPhone 4s, fullReset=true, platform=MAC, showIOSLog=true, desired={unicodekeyboard=true, app=/Users/automation/Downloads/IndiaSulekha6.3.2.ipa, showIOSLog=true, orientation=, platformVersion=9.3.1, automationName=Appium, bundleId=com.appid.sulekhauserapp, platformName=iOS, udid=bc7dfd69e9a704d0f8536bcd88204c345ced5f77, deviceName=iPhone 4s, fullReset=true}, platformVersion=9.3.1, webStorageEnabled=false, locationContextEnabled=false, automationName=Appium, browserName=, takesScreenshot=true, javascriptEnabled=true, platformName=iOS, udid=bc7dfd69e9a704d0f8536bcd88204c345ced5f77}]
Session ID: 59a1f8c9-accc-4205-bcf7-dd247b8fc4c7
*** Element info: {Using=xpath, value=//UIAButton[@name=&apos;RESPONSES&apos;]}
	at org.openqa.selenium.remote.ErrorHandler.createThrowable(ErrorHandler.java:206)
	at org.openqa.selenium.remote.ErrorHandler.throwIfResponseFailed(ErrorHandler.java:158)
	at org.openqa.selenium.remote.RemoteWebDriver.execute(RemoteWebDriver.java:678)
	at io.appium.java_client.DefaultGenericMobileDriver.execute(DefaultGenericMobileDriver.java:43)
	at io.appium.java_client.AppiumDriver.execute(AppiumDriver.java:1)
	at io.appium.java_client.ios.IOSDriver.execute(IOSDriver.java:1)
	at org.openqa.selenium.remote.RemoteWebDriver.findElement(RemoteWebDriver.java:363)
	at org.openqa.selenium.remote.RemoteWebDriver.findElementByXPath(RemoteWebDriver.java:500)
	at io.appium.java_client.DefaultGenericMobileDriver.findElementByXPath(DefaultGenericMobileDriver.java:129)
	at io.appium.java_client.AppiumDriver.findElementByXPath(AppiumDriver.java:1)
	at io.appium.java_client.ios.IOSDriver.findElementByXPath(IOSDriver.java:1)
	at org.openqa.selenium.By$ByXPath.findElement(By.java:361)
	at org.openqa.selenium.remote.RemoteWebDriver.findElement(RemoteWebDriver.java:355)
	at io.appium.java_client.DefaultGenericMobileDriver.findElement(DefaultGenericMobileDriver.java:51)
	at io.appium.java_client.AppiumDriver.findElement(AppiumDriver.java:1)
	at io.appium.java_client.ios.IOSDriver.findElement(IOSDriver.java:1)
	at org.openqa.selenium.support.pagefactory.DefaultElementLocator.findElement(DefaultElementLocator.java:69)
	at org.openqa.selenium.support.pagefactory.internal.LocatingElementHandler.invoke(LocatingElementHandler.java:38)
	at com.sun.proxy.$Proxy9.isDisplayed(Unknown Source)
	at com.test.po.MyNeedsDashboardPO.searchNeeds(MyNeedsDashboardPO.java:328)
	at com.test.scripts.MyNeedsDashboardTest.testWriteReviewLink(MyNeedsDashboardTest.java:481)
... Removed 28 stack frames</pre></div><a href='#' onClick='toggleBox("stack-trace523211332", this, "Click to show all stack frames", "Click to hide stack frames")'>Click to show all stack frames</a>
<div class='stack-trace' id='stack-trace523211332'><pre>org.openqa.selenium.NoSuchElementException: An element could not be located on the page using the given search parameters. (WARNING: The server did not provide any stacktrace information)
Command duration or timeout: 22.40 seconds
For documentation on this error, please visit: http://seleniumhq.org/exceptions/no_such_element.html
Build info: version: &apos;2.53.0&apos;, revision: &apos;35ae25b1534ae328c771e0856c93e187490ca824&apos;, time: &apos;2016-03-15 10:43:46&apos;
System info: host: &apos;Prasannas-MacBook-Pro.local&apos;, ip: &apos;10.10.4.140&apos;, os.name: &apos;Mac OS X&apos;, os.arch: &apos;x86_64&apos;, os.version: &apos;10.11.4&apos;, java.version: &apos;1.8.0_65&apos;
Driver info: io.appium.java_client.ios.IOSDriver
Capabilities [{unicodekeyboard=true, app=/Users/automation/Downloads/IndiaSulekha6.3.2.ipa, networkConnectionEnabled=false, orientation=, bundleId=com.appid.sulekhauserapp, databaseEnabled=false, deviceName=iPhone 4s, fullReset=true, platform=MAC, showIOSLog=true, desired={unicodekeyboard=true, app=/Users/automation/Downloads/IndiaSulekha6.3.2.ipa, showIOSLog=true, orientation=, platformVersion=9.3.1, automationName=Appium, bundleId=com.appid.sulekhauserapp, platformName=iOS, udid=bc7dfd69e9a704d0f8536bcd88204c345ced5f77, deviceName=iPhone 4s, fullReset=true}, platformVersion=9.3.1, webStorageEnabled=false, locationContextEnabled=false, automationName=Appium, browserName=, takesScreenshot=true, javascriptEnabled=true, platformName=iOS, udid=bc7dfd69e9a704d0f8536bcd88204c345ced5f77}]
Session ID: 59a1f8c9-accc-4205-bcf7-dd247b8fc4c7
*** Element info: {Using=xpath, value=//UIAButton[@name=&apos;RESPONSES&apos;]}
	at sun.reflect.NativeConstructorAccessorImpl.newInstance0(Native Method)
	at sun.reflect.NativeConstructorAccessorImpl.newInstance(NativeConstructorAccessorImpl.java:62)
	at sun.reflect.DelegatingConstructorAccessorImpl.newInstance(DelegatingConstructorAccessorImpl.java:45)
	at java.lang.reflect.Constructor.newInstance(Constructor.java:422)
	at org.openqa.selenium.remote.ErrorHandler.createThrowable(ErrorHandler.java:206)
	at org.openqa.selenium.remote.ErrorHandler.throwIfResponseFailed(ErrorHandler.java:158)
	at org.openqa.selenium.remote.RemoteWebDriver.execute(RemoteWebDriver.java:678)
	at io.appium.java_client.DefaultGenericMobileDriver.execute(DefaultGenericMobileDriver.java:43)
	at io.appium.java_client.AppiumDriver.execute(AppiumDriver.java:1)
	at io.appium.java_client.ios.IOSDriver.execute(IOSDriver.java:1)
	at org.openqa.selenium.remote.RemoteWebDriver.findElement(RemoteWebDriver.java:363)
	at org.openqa.selenium.remote.RemoteWebDriver.findElementByXPath(RemoteWebDriver.java:500)
	at io.appium.java_client.DefaultGenericMobileDriver.findElementByXPath(DefaultGenericMobileDriver.java:129)
	at io.appium.java_client.AppiumDriver.findElementByXPath(AppiumDriver.java:1)
	at io.appium.java_client.ios.IOSDriver.findElementByXPath(IOSDriver.java:1)
	at org.openqa.selenium.By$ByXPath.findElement(By.java:361)
	at org.openqa.selenium.remote.RemoteWebDriver.findElement(RemoteWebDriver.java:355)
	at io.appium.java_client.DefaultGenericMobileDriver.findElement(DefaultGenericMobileDriver.java:51)
	at io.appium.java_client.AppiumDriver.findElement(AppiumDriver.java:1)
	at io.appium.java_client.ios.IOSDriver.findElement(IOSDriver.java:1)
	at org.openqa.selenium.support.pagefactory.DefaultElementLocator.findElement(DefaultElementLocator.java:69)
	at org.openqa.selenium.support.pagefactory.internal.LocatingElementHandler.invoke(LocatingElementHandler.java:38)
	at com.sun.proxy.$Proxy9.isDisplayed(Unknown Source)
	at com.test.po.MyNeedsDashboardPO.searchNeeds(MyNeedsDashboardPO.java:328)
	at com.test.scripts.MyNeedsDashboardTest.testWriteReviewLink(MyNeedsDashboardTest.java:481)
	at sun.reflect.NativeMethodAccessorImpl.invoke0(Native Method)
	at sun.reflect.NativeMethodAccessorImpl.invoke(NativeMethodAccessorImpl.java:62)
	at sun.reflect.DelegatingMethodAccessorImpl.invoke(DelegatingMethodAccessorImpl.java:43)
	at java.lang.reflect.Method.invoke(Method.java:497)
	at org.testng.internal.MethodInvocationHelper.invokeMethod(MethodInvocationHelper.java:85)
	at org.testng.internal.Invoker.invokeMethod(Invoker.java:659)
	at org.testng.internal.Invoker.invokeTestMethod(Invoker.java:845)
	at org.testng.internal.Invoker.invokeTestMethods(Invoker.java:1153)
	at org.testng.internal.TestMethodWorker.invokeTestMethods(TestMethodWorker.java:125)
	at org.testng.internal.TestMethodWorker.run(TestMethodWorker.java:108)
	at org.testng.TestRunner.privateRun(TestRunner.java:771)
	at org.testng.TestRunner.run(TestRunner.java:621)
	at org.testng.SuiteRunner.runTest(SuiteRunner.java:357)
	at org.testng.SuiteRunner.runSequentially(SuiteRunner.java:352)
	at org.testng.SuiteRunner.privateRun(SuiteRunner.java:310)
	at org.testng.SuiteRunner.run(SuiteRunner.java:259)
	at org.testng.SuiteRunnerWorker.runSuite(SuiteRunnerWorker.java:52)
	at org.testng.SuiteRunnerWorker.run(SuiteRunnerWorker.java:86)
	at org.testng.TestNG.runSuitesSequentially(TestNG.java:1199)
	at org.testng.TestNG.runSuitesLocally(TestNG.java:1124)
	at org.testng.TestNG.run(TestNG.java:1032)
	at org.testng.remote.AbstractRemoteTestNG.run(AbstractRemoteTestNG.java:126)
	at org.testng.remote.RemoteTestNG.initAndRun(RemoteTestNG.java:137)
	at org.testng.remote.RemoteTestNG.main(RemoteTestNG.java:58)
</pre></div></td>
<td>208</td>
<td>com.test.scripts.MyNeedsDashboardTest@96def03</td></tr>
</table><p>
<table width='100%' border='1' class='invocation-passed'>
<tr><td colspan='4' align='center'><b>PASSED TESTS</b></td></tr>
<tr><td><b>Test method</b></td>
<td width="30%"><b>Exception</b></td>
<td width="10%"><b>Time (seconds)</b></td>
<td><b>Instance</b></td>
</tr>
<tr>
<td title='com.test.scripts.MyNeedsDashboardTest.testAutomaticRefesh()'><b>testAutomaticRefesh</b><br>Test class: com.test.scripts.MyNeedsDashboardTest<br/>
<a href="#Output-1770070706" onClick='toggleBox("Output-1770070706", this, "Show output", "Hide output");'>Show output</a>

<a href="#Output-1770070706" onClick="toggleAllBoxes();">Show all outputs</a>
<div class='log' id="Output-1770070706">
STEP23<br/>
STEP24<br/>
STEP25<br/>
STEP26<br/>
STEP27<br/>
STEP28<br/>
STEP29<br/>
STEP30<br/>
</div>
</td>
<td></td>
<td>78</td>
<td>com.test.scripts.MyNeedsDashboardTest@96def03</td></tr>
<tr>
<td title='com.test.scripts.MyNeedsDashboardTest.testCallIcon()'><b>testCallIcon</b><br>Test class: com.test.scripts.MyNeedsDashboardTest<br/>
<a href="#Output-57624756" onClick='toggleBox("Output-57624756", this, "Show output", "Hide output");'>Show output</a>

<a href="#Output-57624756" onClick="toggleAllBoxes();">Show all outputs</a>
<div class='log' id="Output-57624756">
STEP58<br/>
STEP59<br/>
STEP60<br/>
STEP61<br/>
STEP62<br/>
STEP63<br/>
STEP64<br/>
STEP65<br/>
STEP66<br/>
</div>
</td>
<td></td>
<td>98</td>
<td>com.test.scripts.MyNeedsDashboardTest@96def03</td></tr>
<tr>
<td title='com.test.scripts.MyNeedsDashboardTest.testCheckResponsesPage()'><b>testCheckResponsesPage</b><br>Test class: com.test.scripts.MyNeedsDashboardTest<br/>
<a href="#Output-1585571244" onClick='toggleBox("Output-1585571244", this, "Show output", "Hide output");'>Show output</a>

<a href="#Output-1585571244" onClick="toggleAllBoxes();">Show all outputs</a>
<div class='log' id="Output-1585571244">
STEP45<br/>
STEP46<br/>
STEP47<br/>
STEP48<br/>
STEP49<br/>
STEP50<br/>
STEP51<br/>
STEP52<br/>
STEP53<br/>
STEP54<br/>
STEP55<br/>
STEP56<br/>
STEP57<br/>
</div>
</td>
<td></td>
<td>109</td>
<td>com.test.scripts.MyNeedsDashboardTest@96def03</td></tr>
<tr>
<td title='com.test.scripts.MyNeedsDashboardTest.testCheckStatus()'><b>testCheckStatus</b><br>Test class: com.test.scripts.MyNeedsDashboardTest<br/>
<a href="#Output-1985938863" onClick='toggleBox("Output-1985938863", this, "Show output", "Hide output");'>Show output</a>

<a href="#Output-1985938863" onClick="toggleAllBoxes();">Show all outputs</a>
<div class='log' id="Output-1985938863">
STEP1<br/>
STEP2<br/>
STEP3<br/>
STEP4<br/>
STEP5<br/>
STEP6<br/>
STEP7<br/>
STEP8<br/>
STEP9<br/>
STEP10<br/>
</div>
</td>
<td></td>
<td>167</td>
<td>com.test.scripts.MyNeedsDashboardTest@96def03</td></tr>
<tr>
<td title='com.test.scripts.MyNeedsDashboardTest.testDateOfPostedNeed()'><b>testDateOfPostedNeed</b><br>Test class: com.test.scripts.MyNeedsDashboardTest<br/>
<a href="#Output-396918327" onClick='toggleBox("Output-396918327", this, "Show output", "Hide output");'>Show output</a>

<a href="#Output-396918327" onClick="toggleAllBoxes();">Show all outputs</a>
<div class='log' id="Output-396918327">
STEP31<br/>
STEP32<br/>
STEP33<br/>
STEP34<br/>
STEP35<br/>
STEP36<br/>
STEP37<br/>
</div>
</td>
<td></td>
<td>75</td>
<td>com.test.scripts.MyNeedsDashboardTest@96def03</td></tr>
<tr>
<td title='com.test.scripts.MyNeedsDashboardTest.testDintReceivedCall()'><b>testDintReceivedCall</b><br>Test class: com.test.scripts.MyNeedsDashboardTest<br/>
<a href="#Output-911501858" onClick='toggleBox("Output-911501858", this, "Show output", "Hide output");'>Show output</a>

<a href="#Output-911501858" onClick="toggleAllBoxes();">Show all outputs</a>
<div class='log' id="Output-911501858">
STEP152<br/>
STEP153<br/>
STEP154<br/>
STEP155<br/>
STEP156<br/>
STEP157<br/>
STEP158<br/>
STEP159<br/>
STEP160<br/>
STEP161<br/>
STEP162<br/>
STEP163<br/>
STEP164<br/>
</div>
</td>
<td></td>
<td>209</td>
<td>com.test.scripts.MyNeedsDashboardTest@96def03</td></tr>
<tr>
<td title='com.test.scripts.MyNeedsDashboardTest.testDismissPopup()'><b>testDismissPopup</b><br>Test class: com.test.scripts.MyNeedsDashboardTest<br/>
<a href="#Output-606775513" onClick='toggleBox("Output-606775513", this, "Show output", "Hide output");'>Show output</a>

<a href="#Output-606775513" onClick="toggleAllBoxes();">Show all outputs</a>
<div class='log' id="Output-606775513">
STEP165<br/>
STEP166<br/>
STEP167<br/>
STEP168<br/>
STEP169<br/>
STEP170<br/>
STEP171<br/>
STEP172<br/>
STEP173<br/>
STEP174<br/>
STEP175<br/>
STEP176<br/>
STEP177<br/>
STEP178<br/>
</div>
</td>
<td></td>
<td>218</td>
<td>com.test.scripts.MyNeedsDashboardTest@96def03</td></tr>
<tr>
<td title='com.test.scripts.MyNeedsDashboardTest.testNeedDashboard()'><b>testNeedDashboard</b><br>Test class: com.test.scripts.MyNeedsDashboardTest<br/>
<a href="#Output-1563053805" onClick='toggleBox("Output-1563053805", this, "Show output", "Hide output");'>Show output</a>

<a href="#Output-1563053805" onClick="toggleAllBoxes();">Show all outputs</a>
<div class='log' id="Output-1563053805">
STEP38<br/>
STEP39<br/>
STEP40<br/>
STEP41<br/>
STEP42<br/>
STEP43<br/>
STEP44<br/>
</div>
</td>
<td></td>
<td>81</td>
<td>com.test.scripts.MyNeedsDashboardTest@96def03</td></tr>
<tr>
<td title='com.test.scripts.MyNeedsDashboardTest.testNotFinalized()'><b>testNotFinalized</b><br>Test class: com.test.scripts.MyNeedsDashboardTest<br/>
<a href="#Output-2054757222" onClick='toggleBox("Output-2054757222", this, "Show output", "Hide output");'>Show output</a>

<a href="#Output-2054757222" onClick="toggleAllBoxes();">Show all outputs</a>
<div class='log' id="Output-2054757222">
STEP138<br/>
STEP139<br/>
STEP140<br/>
STEP141<br/>
STEP142<br/>
STEP143<br/>
STEP144<br/>
STEP145<br/>
STEP146<br/>
STEP147<br/>
STEP148<br/>
STEP149<br/>
STEP150<br/>
STEP151<br/>
</div>
</td>
<td></td>
<td>195</td>
<td>com.test.scripts.MyNeedsDashboardTest@96def03</td></tr>
<tr>
<td title='com.test.scripts.MyNeedsDashboardTest.testNotificationTriggered()'><b>testNotificationTriggered</b><br>Test class: com.test.scripts.MyNeedsDashboardTest<br/>
<a href="#Output-1089930529" onClick='toggleBox("Output-1089930529", this, "Show output", "Hide output");'>Show output</a>

<a href="#Output-1089930529" onClick="toggleAllBoxes();">Show all outputs</a>
<div class='log' id="Output-1089930529">
STEP11<br/>
STEP12<br/>
STEP13<br/>
STEP14<br/>
STEP15<br/>
STEP16<br/>
STEP17<br/>
STEP18<br/>
STEP19<br/>
STEP20<br/>
STEP21<br/>
STEP22<br/>
</div>
</td>
<td></td>
<td>196</td>
<td>com.test.scripts.MyNeedsDashboardTest@96def03</td></tr>
<tr>
<td title='com.test.scripts.MyNeedsDashboardTest.testReview()'><b>testReview</b><br>Test class: com.test.scripts.MyNeedsDashboardTest<br/>
<a href="#Output-882471736" onClick='toggleBox("Output-882471736", this, "Show output", "Hide output");'>Show output</a>

<a href="#Output-882471736" onClick="toggleAllBoxes();">Show all outputs</a>
<div class='log' id="Output-882471736">
STEP84<br/>
STEP85<br/>
STEP86<br/>
STEP87<br/>
STEP88<br/>
STEP89<br/>
STEP90<br/>
STEP91<br/>
STEP92<br/>
</div>
</td>
<td></td>
<td>94</td>
<td>com.test.scripts.MyNeedsDashboardTest@96def03</td></tr>
<tr>
<td title='com.test.scripts.MyNeedsDashboardTest.testReviewNoAlertPopup()'><b>testReviewNoAlertPopup</b><br>Test class: com.test.scripts.MyNeedsDashboardTest<br/>
<a href="#Output-1340848245" onClick='toggleBox("Output-1340848245", this, "Show output", "Hide output");'>Show output</a>

<a href="#Output-1340848245" onClick="toggleAllBoxes();">Show all outputs</a>
<div class='log' id="Output-1340848245">
STEP93<br/>
STEP94<br/>
STEP95<br/>
STEP96<br/>
STEP97<br/>
STEP98<br/>
STEP99<br/>
STEP100<br/>
STEP101<br/>
STEP102<br/>
</div>
</td>
<td></td>
<td>103</td>
<td>com.test.scripts.MyNeedsDashboardTest@96def03</td></tr>
<tr>
<td title='com.test.scripts.MyNeedsDashboardTest.testReviewYesAlertPopup()'><b>testReviewYesAlertPopup</b><br>Test class: com.test.scripts.MyNeedsDashboardTest<br/>
<a href="#Output-1173340685" onClick='toggleBox("Output-1173340685", this, "Show output", "Hide output");'>Show output</a>

<a href="#Output-1173340685" onClick="toggleAllBoxes();">Show all outputs</a>
<div class='log' id="Output-1173340685">
STEP103<br/>
STEP104<br/>
STEP105<br/>
STEP106<br/>
STEP107<br/>
STEP108<br/>
STEP109<br/>
STEP110<br/>
STEP111<br/>
STEP112<br/>
STEP113<br/>
STEP114<br/>
</div>
</td>
<td></td>
<td>188</td>
<td>com.test.scripts.MyNeedsDashboardTest@96def03</td></tr>
<tr>
<td title='com.test.scripts.MyNeedsDashboardTest.testScore()'><b>testScore</b><br>Test class: com.test.scripts.MyNeedsDashboardTest<br/>
<a href="#Output-1979080261" onClick='toggleBox("Output-1979080261", this, "Show output", "Hide output");'>Show output</a>

<a href="#Output-1979080261" onClick="toggleAllBoxes();">Show all outputs</a>
<div class='log' id="Output-1979080261">
STEP67<br/>
STEP68<br/>
STEP69<br/>
STEP70<br/>
STEP71<br/>
STEP72<br/>
STEP73<br/>
STEP74<br/>
</div>
</td>
<td></td>
<td>84</td>
<td>com.test.scripts.MyNeedsDashboardTest@96def03</td></tr>
<tr>
<td title='com.test.scripts.MyNeedsDashboardTest.testSelectNotHappyQuote()'><b>testSelectNotHappyQuote</b><br>Test class: com.test.scripts.MyNeedsDashboardTest<br/>
<a href="#Output-1456061400" onClick='toggleBox("Output-1456061400", this, "Show output", "Hide output");'>Show output</a>

<a href="#Output-1456061400" onClick="toggleAllBoxes();">Show all outputs</a>
<div class='log' id="Output-1456061400">
STEP179<br/>
STEP180<br/>
STEP181<br/>
STEP182<br/>
STEP183<br/>
STEP184<br/>
STEP185<br/>
STEP186<br/>
STEP187<br/>
STEP188<br/>
STEP189<br/>
STEP190<br/>
STEP191<br/>
</div>
</td>
<td></td>
<td>202</td>
<td>com.test.scripts.MyNeedsDashboardTest@96def03</td></tr>
<tr>
<td title='com.test.scripts.MyNeedsDashboardTest.testSummaryTab()'><b>testSummaryTab</b><br>Test class: com.test.scripts.MyNeedsDashboardTest<br/>
<a href="#Output-1732663543" onClick='toggleBox("Output-1732663543", this, "Show output", "Hide output");'>Show output</a>

<a href="#Output-1732663543" onClick="toggleAllBoxes();">Show all outputs</a>
<div class='log' id="Output-1732663543">
STEP75<br/>
STEP76<br/>
STEP77<br/>
STEP78<br/>
STEP79<br/>
STEP80<br/>
STEP81<br/>
STEP82<br/>
STEP83<br/>
</div>
</td>
<td></td>
<td>93</td>
<td>com.test.scripts.MyNeedsDashboardTest@96def03</td></tr>
</table><p>
</body>
</html>