<?xml version="1.0" encoding="UTF-8"?>
<!-- Generated by org.testng.reporters.JUnitXMLReporter -->
<testsuite hostname="Prasannas-MacBook-Pro.local" name="MyNeedsDashboard" tests="22" failures="4" timestamp="17 Jun 2016 09:54:55 GMT" time="4724.664" errors="0">
  <testcase name="testCheckStatus" time="172.697" classname="com.test.scripts.MyNeedsDashboard"/>
  <testcase name="testNotificationTriggered" time="135.086" classname="com.test.scripts.MyNeedsDashboard">
    <failure type="org.openqa.selenium.NoSuchElementException" message="An element could not be located on the page using the given search parameters. (WARNING: The server did not provide any stacktrace information)
Command duration or timeout: 21.40 seconds
For documentation on this error, please visit: http://seleniumhq.org/exceptions/no_such_element.html
Build info: version: &amp;apos;2.53.0&amp;apos;, revision: &amp;apos;35ae25b1534ae328c771e0856c93e187490ca824&amp;apos;, time: &amp;apos;2016-03-15 10:43:46&amp;apos;
System info: host: &amp;apos;Prasannas-MacBook-Pro.local&amp;apos;, ip: &amp;apos;10.10.4.140&amp;apos;, os.name: &amp;apos;Mac OS X&amp;apos;, os.arch: &amp;apos;x86_64&amp;apos;, os.version: &amp;apos;10.11.4&amp;apos;, java.version: &amp;apos;1.8.0_65&amp;apos;
Driver info: io.appium.java_client.ios.IOSDriver
Capabilities [{unicodekeyboard=true, app=/Users/automation/Downloads/IndiaSulekha6.3.2.ipa, networkConnectionEnabled=false, bundleId=com.appid.sulekhauserapp, databaseEnabled=false, deviceName=iPhone 5, fullReset=true, platform=MAC, showIOSLog=true, desired={unicodekeyboard=true, app=/Users/automation/Downloads/IndiaSulekha6.3.2.ipa, showIOSLog=true, platformVersion=9.3.2, automationName=Appium, bundleId=com.appid.sulekhauserapp, platformName=iOS, udid=2dde13a2961f5f1c6f5a0f737daf13bcb43457ef, deviceName=iPhone 5, fullReset=true}, platformVersion=9.3.2, webStorageEnabled=false, locationContextEnabled=false, automationName=Appium, browserName=, takesScreenshot=true, javascriptEnabled=true, platformName=iOS, udid=2dde13a2961f5f1c6f5a0f737daf13bcb43457ef}]
Session ID: fc9fcaf8-14fa-4a4e-9a88-8bf8565084cf
*** Element info: {Using=xpath, value=//*[@name=&amp;apos;Fill the form and get free quotes&amp;apos;]}">
      <![CDATA[org.openqa.selenium.NoSuchElementException: An element could not be located on the page using the given search parameters. (WARNING: The server did not provide any stacktrace information)
Command duration or timeout: 21.40 seconds
For documentation on this error, please visit: http://seleniumhq.org/exceptions/no_such_element.html
Build info: version: '2.53.0', revision: '35ae25b1534ae328c771e0856c93e187490ca824', time: '2016-03-15 10:43:46'
System info: host: 'Prasannas-MacBook-Pro.local', ip: '10.10.4.140', os.name: 'Mac OS X', os.arch: 'x86_64', os.version: '10.11.4', java.version: '1.8.0_65'
Driver info: io.appium.java_client.ios.IOSDriver
Capabilities [{unicodekeyboard=true, app=/Users/automation/Downloads/IndiaSulekha6.3.2.ipa, networkConnectionEnabled=false, bundleId=com.appid.sulekhauserapp, databaseEnabled=false, deviceName=iPhone 5, fullReset=true, platform=MAC, showIOSLog=true, desired={unicodekeyboard=true, app=/Users/automation/Downloads/IndiaSulekha6.3.2.ipa, showIOSLog=true, platformVersion=9.3.2, automationName=Appium, bundleId=com.appid.sulekhauserapp, platformName=iOS, udid=2dde13a2961f5f1c6f5a0f737daf13bcb43457ef, deviceName=iPhone 5, fullReset=true}, platformVersion=9.3.2, webStorageEnabled=false, locationContextEnabled=false, automationName=Appium, browserName=, takesScreenshot=true, javascriptEnabled=true, platformName=iOS, udid=2dde13a2961f5f1c6f5a0f737daf13bcb43457ef}]
Session ID: fc9fcaf8-14fa-4a4e-9a88-8bf8565084cf
*** Element info: {Using=xpath, value=//*[@name='Fill the form and get free quotes']}
	at org.openqa.selenium.remote.ErrorHandler.createThrowable(ErrorHandler.java:206)
	at org.openqa.selenium.remote.ErrorHandler.throwIfResponseFailed(ErrorHandler.java:158)
	at org.openqa.selenium.remote.RemoteWebDriver.execute(RemoteWebDriver.java:678)
	at io.appium.java_client.DefaultGenericMobileDriver.execute(DefaultGenericMobileDriver.java:43)
	at io.appium.java_client.AppiumDriver.execute(AppiumDriver.java:1)
	at io.appium.java_client.ios.IOSDriver.execute(IOSDriver.java:1)
	at org.openqa.selenium.remote.RemoteWebDriver.findElement(RemoteWebDriver.java:363)
	at org.openqa.selenium.remote.RemoteWebDriver.findElementByXPath(RemoteWebDriver.java:500)
	at io.appium.java_client.DefaultGenericMobileDriver.findElementByXPath(DefaultGenericMobileDriver.java:129)
	at io.appium.java_client.AppiumDriver.findElementByXPath(AppiumDriver.java:1)
	at io.appium.java_client.ios.IOSDriver.findElementByXPath(IOSDriver.java:1)
	at org.openqa.selenium.By$ByXPath.findElement(By.java:361)
	at org.openqa.selenium.remote.RemoteWebDriver.findElement(RemoteWebDriver.java:355)
	at io.appium.java_client.DefaultGenericMobileDriver.findElement(DefaultGenericMobileDriver.java:51)
	at io.appium.java_client.AppiumDriver.findElement(AppiumDriver.java:1)
	at io.appium.java_client.ios.IOSDriver.findElement(IOSDriver.java:1)
	at org.openqa.selenium.support.pagefactory.DefaultElementLocator.findElement(DefaultElementLocator.java:69)
	at org.openqa.selenium.support.pagefactory.internal.LocatingElementHandler.invoke(LocatingElementHandler.java:38)
	at com.sun.proxy.$Proxy8.isDisplayed(Unknown Source)
	at com.test.po.MyNeedsDashboardPO.searchNeeds(MyNeedsDashboardPO.java:341)
	at com.test.scripts.MyNeedsDashboard.testNotificationTriggered(MyNeedsDashboard.java:107)
... Removed 28 stack frames]]>
    </failure>
  </testcase> <!-- testNotificationTriggered -->
  <testcase name="testAutomaticRefesh" time="77.575" classname="com.test.scripts.MyNeedsDashboard"/>
  <testcase name="testDateOfPostedNeed" time="75.073" classname="com.test.scripts.MyNeedsDashboard"/>
  <testcase name="testNeedDashboard" time="80.364" classname="com.test.scripts.MyNeedsDashboard"/>
  <testcase name="testCheckResponsesPage" time="191.786" classname="com.test.scripts.MyNeedsDashboard">
    <failure type="org.openqa.selenium.WebDriverException" message="An unknown server-side error occurred while processing the command. Original error: elementId 32 could not be tapped (WARNING: The server did not provide any stacktrace information)
Command duration or timeout: 1.50 seconds
Build info: version: &amp;apos;2.53.0&amp;apos;, revision: &amp;apos;35ae25b1534ae328c771e0856c93e187490ca824&amp;apos;, time: &amp;apos;2016-03-15 10:43:46&amp;apos;
System info: host: &amp;apos;Prasannas-MacBook-Pro.local&amp;apos;, ip: &amp;apos;10.10.4.140&amp;apos;, os.name: &amp;apos;Mac OS X&amp;apos;, os.arch: &amp;apos;x86_64&amp;apos;, os.version: &amp;apos;10.11.4&amp;apos;, java.version: &amp;apos;1.8.0_65&amp;apos;
Driver info: io.appium.java_client.ios.IOSDriver
Capabilities [{unicodekeyboard=true, app=/Users/automation/Downloads/IndiaSulekha6.3.2.ipa, networkConnectionEnabled=false, bundleId=com.appid.sulekhauserapp, databaseEnabled=false, deviceName=iPhone 5, fullReset=true, platform=MAC, showIOSLog=true, desired={unicodekeyboard=true, app=/Users/automation/Downloads/IndiaSulekha6.3.2.ipa, showIOSLog=true, platformVersion=9.3.2, automationName=Appium, bundleId=com.appid.sulekhauserapp, platformName=iOS, udid=2dde13a2961f5f1c6f5a0f737daf13bcb43457ef, deviceName=iPhone 5, fullReset=true}, platformVersion=9.3.2, webStorageEnabled=false, locationContextEnabled=false, automationName=Appium, browserName=, takesScreenshot=true, javascriptEnabled=true, platformName=iOS, udid=2dde13a2961f5f1c6f5a0f737daf13bcb43457ef}]
Session ID: 99731179-9a11-4038-826b-e16a774802eb">
      <![CDATA[org.openqa.selenium.WebDriverException: An unknown server-side error occurred while processing the command. Original error: elementId 32 could not be tapped (WARNING: The server did not provide any stacktrace information)
Command duration or timeout: 1.50 seconds
Build info: version: '2.53.0', revision: '35ae25b1534ae328c771e0856c93e187490ca824', time: '2016-03-15 10:43:46'
System info: host: 'Prasannas-MacBook-Pro.local', ip: '10.10.4.140', os.name: 'Mac OS X', os.arch: 'x86_64', os.version: '10.11.4', java.version: '1.8.0_65'
Driver info: io.appium.java_client.ios.IOSDriver
Capabilities [{unicodekeyboard=true, app=/Users/automation/Downloads/IndiaSulekha6.3.2.ipa, networkConnectionEnabled=false, bundleId=com.appid.sulekhauserapp, databaseEnabled=false, deviceName=iPhone 5, fullReset=true, platform=MAC, showIOSLog=true, desired={unicodekeyboard=true, app=/Users/automation/Downloads/IndiaSulekha6.3.2.ipa, showIOSLog=true, platformVersion=9.3.2, automationName=Appium, bundleId=com.appid.sulekhauserapp, platformName=iOS, udid=2dde13a2961f5f1c6f5a0f737daf13bcb43457ef, deviceName=iPhone 5, fullReset=true}, platformVersion=9.3.2, webStorageEnabled=false, locationContextEnabled=false, automationName=Appium, browserName=, takesScreenshot=true, javascriptEnabled=true, platformName=iOS, udid=2dde13a2961f5f1c6f5a0f737daf13bcb43457ef}]
Session ID: 99731179-9a11-4038-826b-e16a774802eb
	at org.openqa.selenium.remote.ErrorHandler.createThrowable(ErrorHandler.java:206)
	at org.openqa.selenium.remote.ErrorHandler.throwIfResponseFailed(ErrorHandler.java:158)
	at org.openqa.selenium.remote.RemoteWebDriver.execute(RemoteWebDriver.java:678)
	at io.appium.java_client.DefaultGenericMobileDriver.execute(DefaultGenericMobileDriver.java:43)
	at io.appium.java_client.AppiumDriver.execute(AppiumDriver.java:1)
	at io.appium.java_client.ios.IOSDriver.execute(IOSDriver.java:1)
	at org.openqa.selenium.remote.RemoteWebElement.execute(RemoteWebElement.java:327)
	at io.appium.java_client.DefaultGenericMobileElement.execute(DefaultGenericMobileElement.java:37)
	at io.appium.java_client.MobileElement.execute(MobileElement.java:1)
	at io.appium.java_client.ios.IOSElement.execute(IOSElement.java:1)
	at org.openqa.selenium.remote.RemoteWebElement.click(RemoteWebElement.java:85)
	at org.openqa.selenium.support.pagefactory.internal.LocatingElementHandler.invoke(LocatingElementHandler.java:51)
	at com.sun.proxy.$Proxy8.click(Unknown Source)
	at com.test.scripts.MyNeedsDashboard.testCheckResponsesPage(MyNeedsDashboard.java:241)
... Removed 31 stack frames]]>
    </failure>
  </testcase> <!-- testCheckResponsesPage -->
  <testcase name="testCallIcon" time="101.72" classname="com.test.scripts.MyNeedsDashboard"/>
  <testcase name="testScore" time="88.599" classname="com.test.scripts.MyNeedsDashboard"/>
  <testcase name="testSummaryTab" time="95.531" classname="com.test.scripts.MyNeedsDashboard"/>
  <testcase name="testReview" time="152.908" classname="com.test.scripts.MyNeedsDashboard">
    <failure type="org.openqa.selenium.NoSuchElementException" message="An element could not be located on the page using the given search parameters. (WARNING: The server did not provide any stacktrace information)
Command duration or timeout: 20.41 seconds
For documentation on this error, please visit: http://seleniumhq.org/exceptions/no_such_element.html
Build info: version: &amp;apos;2.53.0&amp;apos;, revision: &amp;apos;35ae25b1534ae328c771e0856c93e187490ca824&amp;apos;, time: &amp;apos;2016-03-15 10:43:46&amp;apos;
System info: host: &amp;apos;Prasannas-MacBook-Pro.local&amp;apos;, ip: &amp;apos;10.10.4.140&amp;apos;, os.name: &amp;apos;Mac OS X&amp;apos;, os.arch: &amp;apos;x86_64&amp;apos;, os.version: &amp;apos;10.11.4&amp;apos;, java.version: &amp;apos;1.8.0_65&amp;apos;
Driver info: io.appium.java_client.ios.IOSDriver
Capabilities [{unicodekeyboard=true, app=/Users/automation/Downloads/IndiaSulekha6.3.2.ipa, networkConnectionEnabled=false, bundleId=com.appid.sulekhauserapp, databaseEnabled=false, deviceName=iPhone 5, fullReset=true, platform=MAC, showIOSLog=true, desired={unicodekeyboard=true, app=/Users/automation/Downloads/IndiaSulekha6.3.2.ipa, showIOSLog=true, platformVersion=9.3.2, automationName=Appium, bundleId=com.appid.sulekhauserapp, platformName=iOS, udid=2dde13a2961f5f1c6f5a0f737daf13bcb43457ef, deviceName=iPhone 5, fullReset=true}, platformVersion=9.3.2, webStorageEnabled=false, locationContextEnabled=false, automationName=Appium, browserName=, takesScreenshot=true, javascriptEnabled=true, platformName=iOS, udid=2dde13a2961f5f1c6f5a0f737daf13bcb43457ef}]
Session ID: 31141154-ceb0-4fd2-aff8-cc5ff3d76bad
*** Element info: {Using=xpath, value=//UIAApplication[1]/UIAWindow[1]/UIAScrollView[1]/UIAScrollView[1]/UIAButton[1]}">
      <![CDATA[org.openqa.selenium.NoSuchElementException: An element could not be located on the page using the given search parameters. (WARNING: The server did not provide any stacktrace information)
Command duration or timeout: 20.41 seconds
For documentation on this error, please visit: http://seleniumhq.org/exceptions/no_such_element.html
Build info: version: '2.53.0', revision: '35ae25b1534ae328c771e0856c93e187490ca824', time: '2016-03-15 10:43:46'
System info: host: 'Prasannas-MacBook-Pro.local', ip: '10.10.4.140', os.name: 'Mac OS X', os.arch: 'x86_64', os.version: '10.11.4', java.version: '1.8.0_65'
Driver info: io.appium.java_client.ios.IOSDriver
Capabilities [{unicodekeyboard=true, app=/Users/automation/Downloads/IndiaSulekha6.3.2.ipa, networkConnectionEnabled=false, bundleId=com.appid.sulekhauserapp, databaseEnabled=false, deviceName=iPhone 5, fullReset=true, platform=MAC, showIOSLog=true, desired={unicodekeyboard=true, app=/Users/automation/Downloads/IndiaSulekha6.3.2.ipa, showIOSLog=true, platformVersion=9.3.2, automationName=Appium, bundleId=com.appid.sulekhauserapp, platformName=iOS, udid=2dde13a2961f5f1c6f5a0f737daf13bcb43457ef, deviceName=iPhone 5, fullReset=true}, platformVersion=9.3.2, webStorageEnabled=false, locationContextEnabled=false, automationName=Appium, browserName=, takesScreenshot=true, javascriptEnabled=true, platformName=iOS, udid=2dde13a2961f5f1c6f5a0f737daf13bcb43457ef}]
Session ID: 31141154-ceb0-4fd2-aff8-cc5ff3d76bad
*** Element info: {Using=xpath, value=//UIAApplication[1]/UIAWindow[1]/UIAScrollView[1]/UIAScrollView[1]/UIAButton[1]}
	at org.openqa.selenium.remote.ErrorHandler.createThrowable(ErrorHandler.java:206)
	at org.openqa.selenium.remote.ErrorHandler.throwIfResponseFailed(ErrorHandler.java:158)
	at org.openqa.selenium.remote.RemoteWebDriver.execute(RemoteWebDriver.java:678)
	at io.appium.java_client.DefaultGenericMobileDriver.execute(DefaultGenericMobileDriver.java:43)
	at io.appium.java_client.AppiumDriver.execute(AppiumDriver.java:1)
	at io.appium.java_client.ios.IOSDriver.execute(IOSDriver.java:1)
	at org.openqa.selenium.remote.RemoteWebDriver.findElement(RemoteWebDriver.java:363)
	at org.openqa.selenium.remote.RemoteWebDriver.findElementByXPath(RemoteWebDriver.java:500)
	at io.appium.java_client.DefaultGenericMobileDriver.findElementByXPath(DefaultGenericMobileDriver.java:129)
	at io.appium.java_client.AppiumDriver.findElementByXPath(AppiumDriver.java:1)
	at io.appium.java_client.ios.IOSDriver.findElementByXPath(IOSDriver.java:1)
	at org.openqa.selenium.By$ByXPath.findElement(By.java:361)
	at org.openqa.selenium.remote.RemoteWebDriver.findElement(RemoteWebDriver.java:355)
	at io.appium.java_client.DefaultGenericMobileDriver.findElement(DefaultGenericMobileDriver.java:51)
	at io.appium.java_client.AppiumDriver.findElement(AppiumDriver.java:1)
	at io.appium.java_client.ios.IOSDriver.findElement(IOSDriver.java:1)
	at org.openqa.selenium.support.pagefactory.DefaultElementLocator.findElement(DefaultElementLocator.java:69)
	at org.openqa.selenium.support.pagefactory.internal.LocatingElementHandler.invoke(LocatingElementHandler.java:38)
	at com.sun.proxy.$Proxy8.click(Unknown Source)
	at com.test.po.MyNeedsDashboardPO.searchNeeds(MyNeedsDashboardPO.java:344)
	at com.test.scripts.MyNeedsDashboard.testReview(MyNeedsDashboard.java:377)
... Removed 28 stack frames]]>
    </failure>
  </testcase> <!-- testReview -->
  <testcase name="testReviewNoAlertPopup" time="170.539" classname="com.test.scripts.MyNeedsDashboard"/>
  <testcase name="testReviewYesAlertPopup" time="195.467" classname="com.test.scripts.MyNeedsDashboard"/>
  <testcase name="testWriteReviewLink" time="188.764" classname="com.test.scripts.MyNeedsDashboard"/>
  <testcase name="testReviewRate" time="206.129" classname="com.test.scripts.MyNeedsDashboard"/>
  <testcase name="testNotFinalized" time="199.781" classname="com.test.scripts.MyNeedsDashboard"/>
  <testcase name="testDintReceivedCall" time="182.923" classname="com.test.scripts.MyNeedsDashboard"/>
  <testcase name="testDismissPopup" time="193.076" classname="com.test.scripts.MyNeedsDashboard"/>
  <testcase name="testSelectNotHappyQuote" time="186.043" classname="com.test.scripts.MyNeedsDashboard"/>
  <testcase name="testComments" time="192.843" classname="com.test.scripts.MyNeedsDashboard">
    <failure type="org.openqa.selenium.NoSuchElementException" message="An element could not be located on the page using the given search parameters. (WARNING: The server did not provide any stacktrace information)
Command duration or timeout: 21.53 seconds
For documentation on this error, please visit: http://seleniumhq.org/exceptions/no_such_element.html
Build info: version: &amp;apos;2.53.0&amp;apos;, revision: &amp;apos;35ae25b1534ae328c771e0856c93e187490ca824&amp;apos;, time: &amp;apos;2016-03-15 10:43:46&amp;apos;
System info: host: &amp;apos;Prasannas-MacBook-Pro.local&amp;apos;, ip: &amp;apos;10.10.4.140&amp;apos;, os.name: &amp;apos;Mac OS X&amp;apos;, os.arch: &amp;apos;x86_64&amp;apos;, os.version: &amp;apos;10.11.4&amp;apos;, java.version: &amp;apos;1.8.0_65&amp;apos;
Driver info: io.appium.java_client.ios.IOSDriver
Capabilities [{unicodekeyboard=true, app=/Users/automation/Downloads/IndiaSulekha6.3.2.ipa, networkConnectionEnabled=false, bundleId=com.appid.sulekhauserapp, databaseEnabled=false, deviceName=iPhone 5, fullReset=true, platform=MAC, showIOSLog=true, desired={unicodekeyboard=true, app=/Users/automation/Downloads/IndiaSulekha6.3.2.ipa, showIOSLog=true, platformVersion=9.3.2, automationName=Appium, bundleId=com.appid.sulekhauserapp, platformName=iOS, udid=2dde13a2961f5f1c6f5a0f737daf13bcb43457ef, deviceName=iPhone 5, fullReset=true}, platformVersion=9.3.2, webStorageEnabled=false, locationContextEnabled=false, automationName=Appium, browserName=, takesScreenshot=true, javascriptEnabled=true, platformName=iOS, udid=2dde13a2961f5f1c6f5a0f737daf13bcb43457ef}]
Session ID: 256277a7-eadc-41cd-a010-84a9f6f3417d
*** Element info: {Using=xpath, value=//UIAButton[@name=&amp;apos;RESPONSES&amp;apos;]}">
      <![CDATA[org.openqa.selenium.NoSuchElementException: An element could not be located on the page using the given search parameters. (WARNING: The server did not provide any stacktrace information)
Command duration or timeout: 21.53 seconds
For documentation on this error, please visit: http://seleniumhq.org/exceptions/no_such_element.html
Build info: version: '2.53.0', revision: '35ae25b1534ae328c771e0856c93e187490ca824', time: '2016-03-15 10:43:46'
System info: host: 'Prasannas-MacBook-Pro.local', ip: '10.10.4.140', os.name: 'Mac OS X', os.arch: 'x86_64', os.version: '10.11.4', java.version: '1.8.0_65'
Driver info: io.appium.java_client.ios.IOSDriver
Capabilities [{unicodekeyboard=true, app=/Users/automation/Downloads/IndiaSulekha6.3.2.ipa, networkConnectionEnabled=false, bundleId=com.appid.sulekhauserapp, databaseEnabled=false, deviceName=iPhone 5, fullReset=true, platform=MAC, showIOSLog=true, desired={unicodekeyboard=true, app=/Users/automation/Downloads/IndiaSulekha6.3.2.ipa, showIOSLog=true, platformVersion=9.3.2, automationName=Appium, bundleId=com.appid.sulekhauserapp, platformName=iOS, udid=2dde13a2961f5f1c6f5a0f737daf13bcb43457ef, deviceName=iPhone 5, fullReset=true}, platformVersion=9.3.2, webStorageEnabled=false, locationContextEnabled=false, automationName=Appium, browserName=, takesScreenshot=true, javascriptEnabled=true, platformName=iOS, udid=2dde13a2961f5f1c6f5a0f737daf13bcb43457ef}]
Session ID: 256277a7-eadc-41cd-a010-84a9f6f3417d
*** Element info: {Using=xpath, value=//UIAButton[@name='RESPONSES']}
	at org.openqa.selenium.remote.ErrorHandler.createThrowable(ErrorHandler.java:206)
	at org.openqa.selenium.remote.ErrorHandler.throwIfResponseFailed(ErrorHandler.java:158)
	at org.openqa.selenium.remote.RemoteWebDriver.execute(RemoteWebDriver.java:678)
	at io.appium.java_client.DefaultGenericMobileDriver.execute(DefaultGenericMobileDriver.java:43)
	at io.appium.java_client.AppiumDriver.execute(AppiumDriver.java:1)
	at io.appium.java_client.ios.IOSDriver.execute(IOSDriver.java:1)
	at org.openqa.selenium.remote.RemoteWebDriver.findElement(RemoteWebDriver.java:363)
	at org.openqa.selenium.remote.RemoteWebDriver.findElementByXPath(RemoteWebDriver.java:500)
	at io.appium.java_client.DefaultGenericMobileDriver.findElementByXPath(DefaultGenericMobileDriver.java:129)
	at io.appium.java_client.AppiumDriver.findElementByXPath(AppiumDriver.java:1)
	at io.appium.java_client.ios.IOSDriver.findElementByXPath(IOSDriver.java:1)
	at org.openqa.selenium.By$ByXPath.findElement(By.java:361)
	at org.openqa.selenium.remote.RemoteWebDriver.findElement(RemoteWebDriver.java:355)
	at io.appium.java_client.DefaultGenericMobileDriver.findElement(DefaultGenericMobileDriver.java:51)
	at io.appium.java_client.AppiumDriver.findElement(AppiumDriver.java:1)
	at io.appium.java_client.ios.IOSDriver.findElement(IOSDriver.java:1)
	at org.openqa.selenium.support.pagefactory.DefaultElementLocator.findElement(DefaultElementLocator.java:69)
	at org.openqa.selenium.support.pagefactory.internal.LocatingElementHandler.invoke(LocatingElementHandler.java:38)
	at com.sun.proxy.$Proxy8.isDisplayed(Unknown Source)
	at com.test.po.MyNeedsDashboardPO.searchNeeds(MyNeedsDashboardPO.java:354)
	at com.test.scripts.MyNeedsDashboard.testComments(MyNeedsDashboard.java:721)
... Removed 28 stack frames]]>
    </failure>
  </testcase> <!-- testComments -->
  <testcase name="testCancelPopup" time="214.083" classname="com.test.scripts.MyNeedsDashboard"/>
  <testcase name="testVerifyCancelled" time="186.696" classname="com.test.scripts.MyNeedsDashboard"/>
  <testcase name="testShortList" time="211.461" classname="com.test.scripts.MyNeedsDashboard"/>
</testsuite> <!-- MyNeedsDashboard -->
