<html>
<head>
<title>TestNG:  SDLDWithoutTypeTest</title>
<link href="../testng.css" rel="stylesheet" type="text/css" />
<link href="../my-testng.css" rel="stylesheet" type="text/css" />

<style type="text/css">
.log { display: none;} 
.stack-trace { display: none;} 
</style>
<script type="text/javascript">
<!--
function flip(e) {
  current = e.style.display;
  if (current == 'block') {
    e.style.display = 'none';
    return 0;
  }
  else {
    e.style.display = 'block';
    return 1;
  }
}

function toggleBox(szDivId, elem, msg1, msg2)
{
  var res = -1;  if (document.getElementById) {
    res = flip(document.getElementById(szDivId));
  }
  else if (document.all) {
    // this is the way old msie versions work
    res = flip(document.all[szDivId]);
  }
  if(elem) {
    if(res == 0) elem.innerHTML = msg1; else elem.innerHTML = msg2;
  }

}

function toggleAllBoxes() {
  if (document.getElementsByTagName) {
    d = document.getElementsByTagName('div');
    for (i = 0; i < d.length; i++) {
      if (d[i].className == 'log') {
        flip(d[i]);
      }
    }
  }
}

// -->
</script>

</head>
<body>
<h2 align='center'>SDLDWithoutTypeTest</h2><table border='1' align="center">
<tr>
<td>Tests passed/Failed/Skipped:</td><td>0/0/9</td>
</tr><tr>
<td>Started on:</td><td>Thu Jun 16 14:51:32 IST 2016</td>
</tr>
<tr><td>Total time:</td><td>0 seconds (65 ms)</td>
</tr><tr>
<td>Included groups:</td><td></td>
</tr><tr>
<td>Excluded groups:</td><td></td>
</tr>
</table><p/>
<small><i>(Hover the method name to see the test class name)</i></small><p/>
<table width='100%' border='1' class='invocation-failed'>
<tr><td colspan='4' align='center'><b>FAILED CONFIGURATIONS</b></td></tr>
<tr><td><b>Test method</b></td>
<td width="30%"><b>Exception</b></td>
<td width="10%"><b>Time (seconds)</b></td>
<td><b>Instance</b></td>
</tr>
<tr>
<td title='com.test.scripts.SDLDWithoutTypeTest.setUp()'><b>setUp</b><br>Test class: com.test.scripts.SDLDWithoutTypeTest</td>
<td><div><pre>org.openqa.selenium.remote.UnreachableBrowserException: Could not start a new session. Possible causes are invalid address of the remote server or browser start-up failure.
Build info: version: &apos;2.53.0&apos;, revision: &apos;35ae25b1534ae328c771e0856c93e187490ca824&apos;, time: &apos;2016-03-15 10:43:46&apos;
System info: host: &apos;Prasannas-MacBook-Pro.local&apos;, ip: &apos;10.10.4.140&apos;, os.name: &apos;Mac OS X&apos;, os.arch: &apos;x86_64&apos;, os.version: &apos;10.11.4&apos;, java.version: &apos;1.8.0_65&apos;
Driver info: driver.version: IOSDriver
	at org.openqa.selenium.remote.RemoteWebDriver.execute(RemoteWebDriver.java:665)
	at io.appium.java_client.DefaultGenericMobileDriver.execute(DefaultGenericMobileDriver.java:43)
	at io.appium.java_client.AppiumDriver.execute(AppiumDriver.java:1)
	at io.appium.java_client.ios.IOSDriver.execute(IOSDriver.java:1)
	at org.openqa.selenium.remote.RemoteWebDriver.startSession(RemoteWebDriver.java:249)
	at org.openqa.selenium.remote.RemoteWebDriver.&lt;init&gt;(RemoteWebDriver.java:131)
	at org.openqa.selenium.remote.RemoteWebDriver.&lt;init&gt;(RemoteWebDriver.java:144)
	at io.appium.java_client.DefaultGenericMobileDriver.&lt;init&gt;(DefaultGenericMobileDriver.java:39)
	at io.appium.java_client.AppiumDriver.&lt;init&gt;(AppiumDriver.java:69)
	at io.appium.java_client.AppiumDriver.&lt;init&gt;(AppiumDriver.java:78)
	at io.appium.java_client.ios.IOSDriver.&lt;init&gt;(IOSDriver.java:55)
	at com.test.baselib.BaseLib.setUp(BaseLib.java:54)
Caused by: org.openqa.selenium.WebDriverException: org.apache.http.conn.HttpHostConnectException: Connect to 0.0.0.0:4723 [/0.0.0.0] failed: Connection refused
Build info: version: &apos;2.53.0&apos;, revision: &apos;35ae25b1534ae328c771e0856c93e187490ca824&apos;, time: &apos;2016-03-15 10:43:46&apos;
System info: host: &apos;Prasannas-MacBook-Pro.local&apos;, ip: &apos;10.10.4.140&apos;, os.name: &apos;Mac OS X&apos;, os.arch: &apos;x86_64&apos;, os.version: &apos;10.11.4&apos;, java.version: &apos;1.8.0_65&apos;
Driver info: driver.version: IOSDriver
	at io.appium.java_client.remote.AppiumCommandExecutor.execute(AppiumCommandExecutor.java:76)
	at org.openqa.selenium.remote.RemoteWebDriver.execute(RemoteWebDriver.java:644)
	... 37 more
Caused by: org.apache.http.conn.HttpHostConnectException: Connect to 0.0.0.0:4723 [/0.0.0.0] failed: Connection refused
	at org.apache.http.impl.conn.DefaultHttpClientConnectionOperator.connect(DefaultHttpClientConnectionOperator.java:158)
	at org.apache.http.impl.conn.PoolingHttpClientConnectionManager.connect(PoolingHttpClientConnectionManager.java:353)
	at org.apache.http.impl.execchain.MainClientExec.establishRoute(MainClientExec.java:380)
	at org.apache.http.impl.execchain.MainClientExec.execute(MainClientExec.java:236)
	at org.apache.http.impl.execchain.ProtocolExec.execute(ProtocolExec.java:184)
	at org.apache.http.impl.execchain.RetryExec.execute(RetryExec.java:88)
	at org.apache.http.impl.execchain.RedirectExec.execute(RedirectExec.java:110)
	at org.apache.http.impl.client.InternalHttpClient.doExecute(InternalHttpClient.java:184)
	at org.apache.http.impl.client.CloseableHttpClient.execute(CloseableHttpClient.java:71)
	at org.apache.http.impl.client.CloseableHttpClient.execute(CloseableHttpClient.java:55)
	at org.openqa.selenium.remote.internal.ApacheHttpClient.fallBackExecute(ApacheHttpClient.java:144)
	at org.openqa.selenium.remote.internal.ApacheHttpClient.execute(ApacheHttpClient.java:90)
	at org.openqa.selenium.remote.HttpCommandExecutor.execute(HttpCommandExecutor.java:142)
	at io.appium.java_client.remote.AppiumCommandExecutor.execute(AppiumCommandExecutor.java:64)
	... 38 more
Caused by: java.net.ConnectException: Connection refused
	at java.net.PlainSocketImpl.socketConnect(Native Method)
	at java.net.AbstractPlainSocketImpl.doConnect(AbstractPlainSocketImpl.java:350)
	at java.net.AbstractPlainSocketImpl.connectToAddress(AbstractPlainSocketImpl.java:204)
	at java.net.AbstractPlainSocketImpl.connect(AbstractPlainSocketImpl.java:188)
	at java.net.SocksSocketImpl.connect(SocksSocketImpl.java:392)
	at java.net.Socket.connect(Socket.java:589)
	at org.apache.http.conn.socket.PlainConnectionSocketFactory.connectSocket(PlainConnectionSocketFactory.java:74)
	at org.apache.http.impl.conn.DefaultHttpClientConnectionOperator.connect(DefaultHttpClientConnectionOperator.java:141)
	... 51 more
... Removed 26 stack frames</pre></div><a href='#' onClick='toggleBox("stack-trace790021811", this, "Click to show all stack frames", "Click to hide stack frames")'>Click to show all stack frames</a>
<div class='stack-trace' id='stack-trace790021811'><pre>org.openqa.selenium.remote.UnreachableBrowserException: Could not start a new session. Possible causes are invalid address of the remote server or browser start-up failure.
Build info: version: &apos;2.53.0&apos;, revision: &apos;35ae25b1534ae328c771e0856c93e187490ca824&apos;, time: &apos;2016-03-15 10:43:46&apos;
System info: host: &apos;Prasannas-MacBook-Pro.local&apos;, ip: &apos;10.10.4.140&apos;, os.name: &apos;Mac OS X&apos;, os.arch: &apos;x86_64&apos;, os.version: &apos;10.11.4&apos;, java.version: &apos;1.8.0_65&apos;
Driver info: driver.version: IOSDriver
	at org.openqa.selenium.remote.RemoteWebDriver.execute(RemoteWebDriver.java:665)
	at io.appium.java_client.DefaultGenericMobileDriver.execute(DefaultGenericMobileDriver.java:43)
	at io.appium.java_client.AppiumDriver.execute(AppiumDriver.java:1)
	at io.appium.java_client.ios.IOSDriver.execute(IOSDriver.java:1)
	at org.openqa.selenium.remote.RemoteWebDriver.startSession(RemoteWebDriver.java:249)
	at org.openqa.selenium.remote.RemoteWebDriver.&lt;init&gt;(RemoteWebDriver.java:131)
	at org.openqa.selenium.remote.RemoteWebDriver.&lt;init&gt;(RemoteWebDriver.java:144)
	at io.appium.java_client.DefaultGenericMobileDriver.&lt;init&gt;(DefaultGenericMobileDriver.java:39)
	at io.appium.java_client.AppiumDriver.&lt;init&gt;(AppiumDriver.java:69)
	at io.appium.java_client.AppiumDriver.&lt;init&gt;(AppiumDriver.java:78)
	at io.appium.java_client.ios.IOSDriver.&lt;init&gt;(IOSDriver.java:55)
	at com.test.baselib.BaseLib.setUp(BaseLib.java:54)
	at sun.reflect.NativeMethodAccessorImpl.invoke0(Native Method)
	at sun.reflect.NativeMethodAccessorImpl.invoke(NativeMethodAccessorImpl.java:62)
	at sun.reflect.DelegatingMethodAccessorImpl.invoke(DelegatingMethodAccessorImpl.java:43)
	at java.lang.reflect.Method.invoke(Method.java:497)
	at org.testng.internal.MethodInvocationHelper.invokeMethod(MethodInvocationHelper.java:85)
	at org.testng.internal.Invoker.invokeConfigurationMethod(Invoker.java:517)
	at org.testng.internal.Invoker.invokeConfigurations(Invoker.java:213)
	at org.testng.internal.Invoker.invokeMethod(Invoker.java:601)
	at org.testng.internal.Invoker.invokeTestMethod(Invoker.java:845)
	at org.testng.internal.Invoker.invokeTestMethods(Invoker.java:1153)
	at org.testng.internal.TestMethodWorker.invokeTestMethods(TestMethodWorker.java:125)
	at org.testng.internal.TestMethodWorker.run(TestMethodWorker.java:108)
	at org.testng.TestRunner.privateRun(TestRunner.java:771)
	at org.testng.TestRunner.run(TestRunner.java:621)
	at org.testng.SuiteRunner.runTest(SuiteRunner.java:357)
	at org.testng.SuiteRunner.runSequentially(SuiteRunner.java:352)
	at org.testng.SuiteRunner.privateRun(SuiteRunner.java:310)
	at org.testng.SuiteRunner.run(SuiteRunner.java:259)
	at org.testng.SuiteRunnerWorker.runSuite(SuiteRunnerWorker.java:52)
	at org.testng.SuiteRunnerWorker.run(SuiteRunnerWorker.java:86)
	at org.testng.TestNG.runSuitesSequentially(TestNG.java:1199)
	at org.testng.TestNG.runSuitesLocally(TestNG.java:1124)
	at org.testng.TestNG.run(TestNG.java:1032)
	at org.testng.remote.AbstractRemoteTestNG.run(AbstractRemoteTestNG.java:126)
	at org.testng.remote.RemoteTestNG.initAndRun(RemoteTestNG.java:137)
	at org.testng.remote.RemoteTestNG.main(RemoteTestNG.java:58)
Caused by: org.openqa.selenium.WebDriverException: org.apache.http.conn.HttpHostConnectException: Connect to 0.0.0.0:4723 [/0.0.0.0] failed: Connection refused
Build info: version: &apos;2.53.0&apos;, revision: &apos;35ae25b1534ae328c771e0856c93e187490ca824&apos;, time: &apos;2016-03-15 10:43:46&apos;
System info: host: &apos;Prasannas-MacBook-Pro.local&apos;, ip: &apos;10.10.4.140&apos;, os.name: &apos;Mac OS X&apos;, os.arch: &apos;x86_64&apos;, os.version: &apos;10.11.4&apos;, java.version: &apos;1.8.0_65&apos;
Driver info: driver.version: IOSDriver
	at io.appium.java_client.remote.AppiumCommandExecutor.execute(AppiumCommandExecutor.java:76)
	at org.openqa.selenium.remote.RemoteWebDriver.execute(RemoteWebDriver.java:644)
	... 37 more
Caused by: org.apache.http.conn.HttpHostConnectException: Connect to 0.0.0.0:4723 [/0.0.0.0] failed: Connection refused
	at org.apache.http.impl.conn.DefaultHttpClientConnectionOperator.connect(DefaultHttpClientConnectionOperator.java:158)
	at org.apache.http.impl.conn.PoolingHttpClientConnectionManager.connect(PoolingHttpClientConnectionManager.java:353)
	at org.apache.http.impl.execchain.MainClientExec.establishRoute(MainClientExec.java:380)
	at org.apache.http.impl.execchain.MainClientExec.execute(MainClientExec.java:236)
	at org.apache.http.impl.execchain.ProtocolExec.execute(ProtocolExec.java:184)
	at org.apache.http.impl.execchain.RetryExec.execute(RetryExec.java:88)
	at org.apache.http.impl.execchain.RedirectExec.execute(RedirectExec.java:110)
	at org.apache.http.impl.client.InternalHttpClient.doExecute(InternalHttpClient.java:184)
	at org.apache.http.impl.client.CloseableHttpClient.execute(CloseableHttpClient.java:71)
	at org.apache.http.impl.client.CloseableHttpClient.execute(CloseableHttpClient.java:55)
	at org.openqa.selenium.remote.internal.ApacheHttpClient.fallBackExecute(ApacheHttpClient.java:144)
	at org.openqa.selenium.remote.internal.ApacheHttpClient.execute(ApacheHttpClient.java:90)
	at org.openqa.selenium.remote.HttpCommandExecutor.execute(HttpCommandExecutor.java:142)
	at io.appium.java_client.remote.AppiumCommandExecutor.execute(AppiumCommandExecutor.java:64)
	... 38 more
Caused by: java.net.ConnectException: Connection refused
	at java.net.PlainSocketImpl.socketConnect(Native Method)
	at java.net.AbstractPlainSocketImpl.doConnect(AbstractPlainSocketImpl.java:350)
	at java.net.AbstractPlainSocketImpl.connectToAddress(AbstractPlainSocketImpl.java:204)
	at java.net.AbstractPlainSocketImpl.connect(AbstractPlainSocketImpl.java:188)
	at java.net.SocksSocketImpl.connect(SocksSocketImpl.java:392)
	at java.net.Socket.connect(Socket.java:589)
	at org.apache.http.conn.socket.PlainConnectionSocketFactory.connectSocket(PlainConnectionSocketFactory.java:74)
	at org.apache.http.impl.conn.DefaultHttpClientConnectionOperator.connect(DefaultHttpClientConnectionOperator.java:141)
	... 51 more
</pre></div></td>
<td>0</td>
<td>com.test.scripts.SDLDWithoutTypeTest@3c22fc4c</td></tr>
</table><p>
<table width='100%' border='1' class='invocation-skipped'>
<tr><td colspan='4' align='center'><b>SKIPPED CONFIGURATIONS</b></td></tr>
<tr><td><b>Test method</b></td>
<td width="30%"><b>Exception</b></td>
<td width="10%"><b>Time (seconds)</b></td>
<td><b>Instance</b></td>
</tr>
<tr>
<td title='com.test.scripts.SDLDWithoutTypeTest.setUp()'><b>setUp</b><br>Test class: com.test.scripts.SDLDWithoutTypeTest</td>
<td></td>
<td>0</td>
<td>com.test.scripts.SDLDWithoutTypeTest@3c22fc4c</td></tr>
<tr>
<td title='com.test.scripts.SDLDWithoutTypeTest.setUp()'><b>setUp</b><br>Test class: com.test.scripts.SDLDWithoutTypeTest</td>
<td></td>
<td>0</td>
<td>com.test.scripts.SDLDWithoutTypeTest@3c22fc4c</td></tr>
<tr>
<td title='com.test.scripts.SDLDWithoutTypeTest.setUp()'><b>setUp</b><br>Test class: com.test.scripts.SDLDWithoutTypeTest</td>
<td></td>
<td>0</td>
<td>com.test.scripts.SDLDWithoutTypeTest@3c22fc4c</td></tr>
<tr>
<td title='com.test.scripts.SDLDWithoutTypeTest.setUp()'><b>setUp</b><br>Test class: com.test.scripts.SDLDWithoutTypeTest</td>
<td></td>
<td>0</td>
<td>com.test.scripts.SDLDWithoutTypeTest@3c22fc4c</td></tr>
<tr>
<td title='com.test.scripts.SDLDWithoutTypeTest.setUp()'><b>setUp</b><br>Test class: com.test.scripts.SDLDWithoutTypeTest</td>
<td></td>
<td>0</td>
<td>com.test.scripts.SDLDWithoutTypeTest@3c22fc4c</td></tr>
<tr>
<td title='com.test.scripts.SDLDWithoutTypeTest.setUp()'><b>setUp</b><br>Test class: com.test.scripts.SDLDWithoutTypeTest</td>
<td></td>
<td>0</td>
<td>com.test.scripts.SDLDWithoutTypeTest@3c22fc4c</td></tr>
<tr>
<td title='com.test.scripts.SDLDWithoutTypeTest.setUp()'><b>setUp</b><br>Test class: com.test.scripts.SDLDWithoutTypeTest</td>
<td></td>
<td>0</td>
<td>com.test.scripts.SDLDWithoutTypeTest@3c22fc4c</td></tr>
<tr>
<td title='com.test.scripts.SDLDWithoutTypeTest.setUp()'><b>setUp</b><br>Test class: com.test.scripts.SDLDWithoutTypeTest</td>
<td></td>
<td>0</td>
<td>com.test.scripts.SDLDWithoutTypeTest@3c22fc4c</td></tr>
<tr>
<td title='com.test.scripts.SDLDWithoutTypeTest.tearDown()'><b>tearDown</b><br>Test class: com.test.scripts.SDLDWithoutTypeTest</td>
<td></td>
<td>0</td>
<td>com.test.scripts.SDLDWithoutTypeTest@3c22fc4c</td></tr>
<tr>
<td title='com.test.scripts.SDLDWithoutTypeTest.tearDown()'><b>tearDown</b><br>Test class: com.test.scripts.SDLDWithoutTypeTest</td>
<td></td>
<td>0</td>
<td>com.test.scripts.SDLDWithoutTypeTest@3c22fc4c</td></tr>
<tr>
<td title='com.test.scripts.SDLDWithoutTypeTest.tearDown()'><b>tearDown</b><br>Test class: com.test.scripts.SDLDWithoutTypeTest</td>
<td></td>
<td>0</td>
<td>com.test.scripts.SDLDWithoutTypeTest@3c22fc4c</td></tr>
<tr>
<td title='com.test.scripts.SDLDWithoutTypeTest.tearDown()'><b>tearDown</b><br>Test class: com.test.scripts.SDLDWithoutTypeTest</td>
<td></td>
<td>0</td>
<td>com.test.scripts.SDLDWithoutTypeTest@3c22fc4c</td></tr>
<tr>
<td title='com.test.scripts.SDLDWithoutTypeTest.tearDown()'><b>tearDown</b><br>Test class: com.test.scripts.SDLDWithoutTypeTest</td>
<td></td>
<td>0</td>
<td>com.test.scripts.SDLDWithoutTypeTest@3c22fc4c</td></tr>
<tr>
<td title='com.test.scripts.SDLDWithoutTypeTest.tearDown()'><b>tearDown</b><br>Test class: com.test.scripts.SDLDWithoutTypeTest</td>
<td></td>
<td>0</td>
<td>com.test.scripts.SDLDWithoutTypeTest@3c22fc4c</td></tr>
<tr>
<td title='com.test.scripts.SDLDWithoutTypeTest.tearDown()'><b>tearDown</b><br>Test class: com.test.scripts.SDLDWithoutTypeTest</td>
<td></td>
<td>0</td>
<td>com.test.scripts.SDLDWithoutTypeTest@3c22fc4c</td></tr>
<tr>
<td title='com.test.scripts.SDLDWithoutTypeTest.tearDown()'><b>tearDown</b><br>Test class: com.test.scripts.SDLDWithoutTypeTest</td>
<td></td>
<td>0</td>
<td>com.test.scripts.SDLDWithoutTypeTest@3c22fc4c</td></tr>
<tr>
<td title='com.test.scripts.SDLDWithoutTypeTest.tearDown()'><b>tearDown</b><br>Test class: com.test.scripts.SDLDWithoutTypeTest</td>
<td></td>
<td>0</td>
<td>com.test.scripts.SDLDWithoutTypeTest@3c22fc4c</td></tr>
</table><p>
<table width='100%' border='1' class='invocation-skipped'>
<tr><td colspan='4' align='center'><b>SKIPPED TESTS</b></td></tr>
<tr><td><b>Test method</b></td>
<td width="30%"><b>Exception</b></td>
<td width="10%"><b>Time (seconds)</b></td>
<td><b>Instance</b></td>
</tr>
<tr>
<td title='com.test.scripts.SDLDWithoutTypeTest.testConfirmAndSubmitScreen()'><b>testConfirmAndSubmitScreen</b><br>Test class: com.test.scripts.SDLDWithoutTypeTest</td>
<td></td>
<td>0</td>
<td>com.test.scripts.SDLDWithoutTypeTest@3c22fc4c</td></tr>
<tr>
<td title='com.test.scripts.SDLDWithoutTypeTest.testEditIcnforAdditionalInfo()'><b>testEditIcnforAdditionalInfo</b><br>Test class: com.test.scripts.SDLDWithoutTypeTest</td>
<td></td>
<td>0</td>
<td>com.test.scripts.SDLDWithoutTypeTest@3c22fc4c</td></tr>
<tr>
<td title='com.test.scripts.SDLDWithoutTypeTest.testNeedLabelNeedName()'><b>testNeedLabelNeedName</b><br>Test class: com.test.scripts.SDLDWithoutTypeTest</td>
<td></td>
<td>0</td>
<td>com.test.scripts.SDLDWithoutTypeTest@3c22fc4c</td></tr>
<tr>
<td title='com.test.scripts.SDLDWithoutTypeTest.testNextWithEmptyTellusMoreFld()'><b>testNextWithEmptyTellusMoreFld</b><br>Test class: com.test.scripts.SDLDWithoutTypeTest</td>
<td></td>
<td>0</td>
<td>com.test.scripts.SDLDWithoutTypeTest@3c22fc4c</td></tr>
<tr>
<td title='com.test.scripts.SDLDWithoutTypeTest.testSubmitWithAdditionalInfoAttribute()'><b>testSubmitWithAdditionalInfoAttribute</b><br>Test class: com.test.scripts.SDLDWithoutTypeTest</td>
<td></td>
<td>0</td>
<td>com.test.scripts.SDLDWithoutTypeTest@3c22fc4c</td></tr>
<tr>
<td title='com.test.scripts.SDLDWithoutTypeTest.testSubmitWithNeedNameAttribute()'><b>testSubmitWithNeedNameAttribute</b><br>Test class: com.test.scripts.SDLDWithoutTypeTest</td>
<td></td>
<td>0</td>
<td>com.test.scripts.SDLDWithoutTypeTest@3c22fc4c</td></tr>
<tr>
<td title='com.test.scripts.SDLDWithoutTypeTest.testTellUsMoreLabel()'><b>testTellUsMoreLabel</b><br>Test class: com.test.scripts.SDLDWithoutTypeTest</td>
<td></td>
<td>0</td>
<td>com.test.scripts.SDLDWithoutTypeTest@3c22fc4c</td></tr>
<tr>
<td title='com.test.scripts.SDLDWithoutTypeTest.testTellusMoreFldWithValue()'><b>testTellusMoreFldWithValue</b><br>Test class: com.test.scripts.SDLDWithoutTypeTest</td>
<td></td>
<td>0</td>
<td>com.test.scripts.SDLDWithoutTypeTest@3c22fc4c</td></tr>
<tr>
<td title='com.test.scripts.SDLDWithoutTypeTest.testUpdateInfo()'><b>testUpdateInfo</b><br>Test class: com.test.scripts.SDLDWithoutTypeTest</td>
<td></td>
<td>0</td>
<td>com.test.scripts.SDLDWithoutTypeTest@3c22fc4c</td></tr>
</table><p>
</body>
</html>