<?xml version="1.0" encoding="UTF-8"?>
<!-- Generated by org.testng.reporters.JUnitReportReporter -->
<testsuite hostname="Prasannas-MacBook-Pro.local" name="com.test.scripts.NeedPosting" tests="9" failures="0" timestamp="17 Jun 2016 12:30:19 GMT" time="1369.945" errors="4">
  <testcase name="testSearchBox" time="167.591" classname="com.test.scripts.NeedPosting"/>
  <testcase name="testNextWOValue" time="74.807" classname="com.test.scripts.NeedPosting">
    <error type="org.openqa.selenium.NoSuchElementException" message="An element could not be located on the page using the given search parameters. (WARNING: The server did not provide any stacktrace information)
Command duration or timeout: 4.01 seconds
For documentation on this error, please visit: http://seleniumhq.org/exceptions/no_such_element.html
Build info: version: &#039;2.53.0&#039;, revision: &#039;35ae25b1534ae328c771e0856c93e187490ca824&#039;, time: &#039;2016-03-15 10:43:46&#039;
System info: host: &#039;Prasannas-MacBook-Pro.local&#039;, ip: &#039;10.10.4.140&#039;, os.name: &#039;Mac OS X&#039;, os.arch: &#039;x86_64&#039;, os.version: &#039;10.11.4&#039;, java.version: &#039;1.8.0_65&#039;
Driver info: io.appium.java_client.ios.IOSDriver
Capabilities [{unicodekeyboard=true, app=/Users/automation/Downloads/IndiaSulekha6.3.2.ipa, networkConnectionEnabled=false, bundleId=com.appid.sulekhauserapp, databaseEnabled=false, deviceName=iPhone 5, fullReset=true, platform=MAC, showIOSLog=true, desired={unicodekeyboard=true, app=/Users/automation/Downloads/IndiaSulekha6.3.2.ipa, showIOSLog=true, platformVersion=9.3.2, automationName=Appium, bundleId=com.appid.sulekhauserapp, platformName=iOS, udid=2dde13a2961f5f1c6f5a0f737daf13bcb43457ef, deviceName=iPhone 5, fullReset=true}, platformVersion=9.3.2, webStorageEnabled=false, locationContextEnabled=false, automationName=Appium, browserName=, takesScreenshot=true, javascriptEnabled=true, platformName=iOS, udid=2dde13a2961f5f1c6f5a0f737daf13bcb43457ef}]
Session ID: f44de469-2237-400d-9da9-fb795e5238ff
*** Element info: {Using=xpath, value=//UIAButton[@name=&#039;OK&#039;]}">
      <![CDATA[org.openqa.selenium.NoSuchElementException: An element could not be located on the page using the given search parameters. (WARNING: The server did not provide any stacktrace information)
Command duration or timeout: 4.01 seconds
For documentation on this error, please visit: http://seleniumhq.org/exceptions/no_such_element.html
Build info: version: '2.53.0', revision: '35ae25b1534ae328c771e0856c93e187490ca824', time: '2016-03-15 10:43:46'
System info: host: 'Prasannas-MacBook-Pro.local', ip: '10.10.4.140', os.name: 'Mac OS X', os.arch: 'x86_64', os.version: '10.11.4', java.version: '1.8.0_65'
Driver info: io.appium.java_client.ios.IOSDriver
Capabilities [{unicodekeyboard=true, app=/Users/automation/Downloads/IndiaSulekha6.3.2.ipa, networkConnectionEnabled=false, bundleId=com.appid.sulekhauserapp, databaseEnabled=false, deviceName=iPhone 5, fullReset=true, platform=MAC, showIOSLog=true, desired={unicodekeyboard=true, app=/Users/automation/Downloads/IndiaSulekha6.3.2.ipa, showIOSLog=true, platformVersion=9.3.2, automationName=Appium, bundleId=com.appid.sulekhauserapp, platformName=iOS, udid=2dde13a2961f5f1c6f5a0f737daf13bcb43457ef, deviceName=iPhone 5, fullReset=true}, platformVersion=9.3.2, webStorageEnabled=false, locationContextEnabled=false, automationName=Appium, browserName=, takesScreenshot=true, javascriptEnabled=true, platformName=iOS, udid=2dde13a2961f5f1c6f5a0f737daf13bcb43457ef}]
Session ID: f44de469-2237-400d-9da9-fb795e5238ff
*** Element info: {Using=xpath, value=//UIAButton[@name='OK']}
	at sun.reflect.GeneratedConstructorAccessor59.newInstance(Unknown Source)
	at sun.reflect.DelegatingConstructorAccessorImpl.newInstance(DelegatingConstructorAccessorImpl.java:45)
	at java.lang.reflect.Constructor.newInstance(Constructor.java:422)
	at org.openqa.selenium.remote.ErrorHandler.createThrowable(ErrorHandler.java:206)
	at org.openqa.selenium.remote.ErrorHandler.throwIfResponseFailed(ErrorHandler.java:158)
	at org.openqa.selenium.remote.RemoteWebDriver.execute(RemoteWebDriver.java:678)
	at io.appium.java_client.DefaultGenericMobileDriver.execute(DefaultGenericMobileDriver.java:43)
	at io.appium.java_client.AppiumDriver.execute(AppiumDriver.java:1)
	at io.appium.java_client.ios.IOSDriver.execute(IOSDriver.java:1)
	at org.openqa.selenium.remote.RemoteWebDriver.findElement(RemoteWebDriver.java:363)
	at org.openqa.selenium.remote.RemoteWebDriver.findElementByXPath(RemoteWebDriver.java:500)
	at io.appium.java_client.DefaultGenericMobileDriver.findElementByXPath(DefaultGenericMobileDriver.java:129)
	at io.appium.java_client.AppiumDriver.findElementByXPath(AppiumDriver.java:1)
	at io.appium.java_client.ios.IOSDriver.findElementByXPath(IOSDriver.java:1)
	at org.openqa.selenium.By$ByXPath.findElement(By.java:361)
	at org.openqa.selenium.remote.RemoteWebDriver.findElement(RemoteWebDriver.java:355)
	at io.appium.java_client.DefaultGenericMobileDriver.findElement(DefaultGenericMobileDriver.java:51)
	at io.appium.java_client.AppiumDriver.findElement(AppiumDriver.java:1)
	at io.appium.java_client.ios.IOSDriver.findElement(IOSDriver.java:1)
	at org.openqa.selenium.support.pagefactory.DefaultElementLocator.findElement(DefaultElementLocator.java:69)
	at org.openqa.selenium.support.pagefactory.internal.LocatingElementHandler.invoke(LocatingElementHandler.java:38)
	at com.sun.proxy.$Proxy8.isDisplayed(Unknown Source)
	at com.test.po.WelcomePO.toHandleAlertPopup(WelcomePO.java:274)
	at com.test.scripts.NeedPosting.testNextWOValue(NeedPosting.java:340)
	at sun.reflect.NativeMethodAccessorImpl.invoke0(Native Method)
	at sun.reflect.NativeMethodAccessorImpl.invoke(NativeMethodAccessorImpl.java:62)
	at sun.reflect.DelegatingMethodAccessorImpl.invoke(DelegatingMethodAccessorImpl.java:43)
	at java.lang.reflect.Method.invoke(Method.java:497)
	at org.testng.internal.MethodInvocationHelper.invokeMethod(MethodInvocationHelper.java:85)
	at org.testng.internal.Invoker.invokeMethod(Invoker.java:659)
	at org.testng.internal.Invoker.invokeTestMethod(Invoker.java:845)
	at org.testng.internal.Invoker.invokeTestMethods(Invoker.java:1153)
	at org.testng.internal.TestMethodWorker.invokeTestMethods(TestMethodWorker.java:125)
	at org.testng.internal.TestMethodWorker.run(TestMethodWorker.java:108)
	at org.testng.TestRunner.privateRun(TestRunner.java:771)
	at org.testng.TestRunner.run(TestRunner.java:621)
	at org.testng.SuiteRunner.runTest(SuiteRunner.java:357)
	at org.testng.SuiteRunner.runSequentially(SuiteRunner.java:352)
	at org.testng.SuiteRunner.privateRun(SuiteRunner.java:310)
	at org.testng.SuiteRunner.run(SuiteRunner.java:259)
	at org.testng.SuiteRunnerWorker.runSuite(SuiteRunnerWorker.java:52)
	at org.testng.SuiteRunnerWorker.run(SuiteRunnerWorker.java:86)
	at org.testng.TestNG.runSuitesSequentially(TestNG.java:1199)
	at org.testng.TestNG.runSuitesLocally(TestNG.java:1124)
	at org.testng.TestNG.run(TestNG.java:1032)
	at org.testng.remote.AbstractRemoteTestNG.run(AbstractRemoteTestNG.java:126)
	at org.testng.remote.RemoteTestNG.initAndRun(RemoteTestNG.java:137)
	at org.testng.remote.RemoteTestNG.main(RemoteTestNG.java:58)
]]>
    </error>
  </testcase> <!-- testNextWOValue -->
  <testcase name="testNextWOChoosing" time="192.232" classname="com.test.scripts.NeedPosting"/>
  <testcase name="testBusinessLstWOOption" time="170.929" classname="com.test.scripts.NeedPosting"/>
  <testcase name="testPopularCategory" time="140.352" classname="com.test.scripts.NeedPosting"/>
  <testcase name="testBrowseBussinesslink" time="172.484" classname="com.test.scripts.NeedPosting"/>
  <testcase name="testNeedFormLstWOOption" time="168.001" classname="com.test.scripts.NeedPosting">
    <error type="org.openqa.selenium.NoSuchElementException" message="An element could not be located on the page using the given search parameters. (WARNING: The server did not provide any stacktrace information)
Command duration or timeout: 20.13 seconds
For documentation on this error, please visit: http://seleniumhq.org/exceptions/no_such_element.html
Build info: version: &#039;2.53.0&#039;, revision: &#039;35ae25b1534ae328c771e0856c93e187490ca824&#039;, time: &#039;2016-03-15 10:43:46&#039;
System info: host: &#039;Prasannas-MacBook-Pro.local&#039;, ip: &#039;10.10.4.140&#039;, os.name: &#039;Mac OS X&#039;, os.arch: &#039;x86_64&#039;, os.version: &#039;10.11.4&#039;, java.version: &#039;1.8.0_65&#039;
Driver info: io.appium.java_client.ios.IOSDriver
Capabilities [{unicodekeyboard=true, app=/Users/automation/Downloads/IndiaSulekha6.3.2.ipa, networkConnectionEnabled=false, bundleId=com.appid.sulekhauserapp, databaseEnabled=false, deviceName=iPhone 5, fullReset=true, platform=MAC, showIOSLog=true, desired={unicodekeyboard=true, app=/Users/automation/Downloads/IndiaSulekha6.3.2.ipa, showIOSLog=true, platformVersion=9.3.2, automationName=Appium, bundleId=com.appid.sulekhauserapp, platformName=iOS, udid=2dde13a2961f5f1c6f5a0f737daf13bcb43457ef, deviceName=iPhone 5, fullReset=true}, platformVersion=9.3.2, webStorageEnabled=false, locationContextEnabled=false, automationName=Appium, browserName=, takesScreenshot=true, javascriptEnabled=true, platformName=iOS, udid=2dde13a2961f5f1c6f5a0f737daf13bcb43457ef}]
Session ID: 974f93e0-a730-4204-a2d7-cef3679860d7
*** Element info: {Using=id, value=Please select one option}">
      <![CDATA[org.openqa.selenium.NoSuchElementException: An element could not be located on the page using the given search parameters. (WARNING: The server did not provide any stacktrace information)
Command duration or timeout: 20.13 seconds
For documentation on this error, please visit: http://seleniumhq.org/exceptions/no_such_element.html
Build info: version: '2.53.0', revision: '35ae25b1534ae328c771e0856c93e187490ca824', time: '2016-03-15 10:43:46'
System info: host: 'Prasannas-MacBook-Pro.local', ip: '10.10.4.140', os.name: 'Mac OS X', os.arch: 'x86_64', os.version: '10.11.4', java.version: '1.8.0_65'
Driver info: io.appium.java_client.ios.IOSDriver
Capabilities [{unicodekeyboard=true, app=/Users/automation/Downloads/IndiaSulekha6.3.2.ipa, networkConnectionEnabled=false, bundleId=com.appid.sulekhauserapp, databaseEnabled=false, deviceName=iPhone 5, fullReset=true, platform=MAC, showIOSLog=true, desired={unicodekeyboard=true, app=/Users/automation/Downloads/IndiaSulekha6.3.2.ipa, showIOSLog=true, platformVersion=9.3.2, automationName=Appium, bundleId=com.appid.sulekhauserapp, platformName=iOS, udid=2dde13a2961f5f1c6f5a0f737daf13bcb43457ef, deviceName=iPhone 5, fullReset=true}, platformVersion=9.3.2, webStorageEnabled=false, locationContextEnabled=false, automationName=Appium, browserName=, takesScreenshot=true, javascriptEnabled=true, platformName=iOS, udid=2dde13a2961f5f1c6f5a0f737daf13bcb43457ef}]
Session ID: 974f93e0-a730-4204-a2d7-cef3679860d7
*** Element info: {Using=id, value=Please select one option}
	at sun.reflect.GeneratedConstructorAccessor59.newInstance(Unknown Source)
	at sun.reflect.DelegatingConstructorAccessorImpl.newInstance(DelegatingConstructorAccessorImpl.java:45)
	at java.lang.reflect.Constructor.newInstance(Constructor.java:422)
	at org.openqa.selenium.remote.ErrorHandler.createThrowable(ErrorHandler.java:206)
	at org.openqa.selenium.remote.ErrorHandler.throwIfResponseFailed(ErrorHandler.java:158)
	at org.openqa.selenium.remote.RemoteWebDriver.execute(RemoteWebDriver.java:678)
	at io.appium.java_client.DefaultGenericMobileDriver.execute(DefaultGenericMobileDriver.java:43)
	at io.appium.java_client.AppiumDriver.execute(AppiumDriver.java:1)
	at io.appium.java_client.ios.IOSDriver.execute(IOSDriver.java:1)
	at org.openqa.selenium.remote.RemoteWebDriver.findElement(RemoteWebDriver.java:363)
	at org.openqa.selenium.remote.RemoteWebDriver.findElementById(RemoteWebDriver.java:413)
	at io.appium.java_client.DefaultGenericMobileDriver.findElementById(DefaultGenericMobileDriver.java:59)
	at io.appium.java_client.AppiumDriver.findElementById(AppiumDriver.java:1)
	at io.appium.java_client.ios.IOSDriver.findElementById(IOSDriver.java:1)
	at org.openqa.selenium.By$ById.findElement(By.java:218)
	at org.openqa.selenium.remote.RemoteWebDriver.findElement(RemoteWebDriver.java:355)
	at io.appium.java_client.DefaultGenericMobileDriver.findElement(DefaultGenericMobileDriver.java:51)
	at io.appium.java_client.AppiumDriver.findElement(AppiumDriver.java:1)
	at io.appium.java_client.ios.IOSDriver.findElement(IOSDriver.java:1)
	at org.openqa.selenium.support.pagefactory.DefaultElementLocator.findElement(DefaultElementLocator.java:69)
	at org.openqa.selenium.support.pagefactory.internal.LocatingElementHandler.invoke(LocatingElementHandler.java:38)
	at com.sun.proxy.$Proxy8.isDisplayed(Unknown Source)
	at com.test.scripts.NeedPosting.testNeedFormLstWOOption(NeedPosting.java:165)
	at sun.reflect.NativeMethodAccessorImpl.invoke0(Native Method)
	at sun.reflect.NativeMethodAccessorImpl.invoke(NativeMethodAccessorImpl.java:62)
	at sun.reflect.DelegatingMethodAccessorImpl.invoke(DelegatingMethodAccessorImpl.java:43)
	at java.lang.reflect.Method.invoke(Method.java:497)
	at org.testng.internal.MethodInvocationHelper.invokeMethod(MethodInvocationHelper.java:85)
	at org.testng.internal.Invoker.invokeMethod(Invoker.java:659)
	at org.testng.internal.Invoker.invokeTestMethod(Invoker.java:845)
	at org.testng.internal.Invoker.invokeTestMethods(Invoker.java:1153)
	at org.testng.internal.TestMethodWorker.invokeTestMethods(TestMethodWorker.java:125)
	at org.testng.internal.TestMethodWorker.run(TestMethodWorker.java:108)
	at org.testng.TestRunner.privateRun(TestRunner.java:771)
	at org.testng.TestRunner.run(TestRunner.java:621)
	at org.testng.SuiteRunner.runTest(SuiteRunner.java:357)
	at org.testng.SuiteRunner.runSequentially(SuiteRunner.java:352)
	at org.testng.SuiteRunner.privateRun(SuiteRunner.java:310)
	at org.testng.SuiteRunner.run(SuiteRunner.java:259)
	at org.testng.SuiteRunnerWorker.runSuite(SuiteRunnerWorker.java:52)
	at org.testng.SuiteRunnerWorker.run(SuiteRunnerWorker.java:86)
	at org.testng.TestNG.runSuitesSequentially(TestNG.java:1199)
	at org.testng.TestNG.runSuitesLocally(TestNG.java:1124)
	at org.testng.TestNG.run(TestNG.java:1032)
	at org.testng.remote.AbstractRemoteTestNG.run(AbstractRemoteTestNG.java:126)
	at org.testng.remote.RemoteTestNG.initAndRun(RemoteTestNG.java:137)
	at org.testng.remote.RemoteTestNG.main(RemoteTestNG.java:58)
]]>
    </error>
  </testcase> <!-- testNeedFormLstWOOption -->
  <testcase name="testNeedFormList" time="170.015" classname="com.test.scripts.NeedPosting">
    <error type="org.openqa.selenium.NoSuchElementException" message="An element could not be located on the page using the given search parameters. (WARNING: The server did not provide any stacktrace information)
Command duration or timeout: 22.00 seconds
For documentation on this error, please visit: http://seleniumhq.org/exceptions/no_such_element.html
Build info: version: &#039;2.53.0&#039;, revision: &#039;35ae25b1534ae328c771e0856c93e187490ca824&#039;, time: &#039;2016-03-15 10:43:46&#039;
System info: host: &#039;Prasannas-MacBook-Pro.local&#039;, ip: &#039;10.10.4.140&#039;, os.name: &#039;Mac OS X&#039;, os.arch: &#039;x86_64&#039;, os.version: &#039;10.11.4&#039;, java.version: &#039;1.8.0_65&#039;
Driver info: io.appium.java_client.ios.IOSDriver
Capabilities [{unicodekeyboard=true, app=/Users/automation/Downloads/IndiaSulekha6.3.2.ipa, networkConnectionEnabled=false, bundleId=com.appid.sulekhauserapp, databaseEnabled=false, deviceName=iPhone 5, fullReset=true, platform=MAC, showIOSLog=true, desired={unicodekeyboard=true, app=/Users/automation/Downloads/IndiaSulekha6.3.2.ipa, showIOSLog=true, platformVersion=9.3.2, automationName=Appium, bundleId=com.appid.sulekhauserapp, platformName=iOS, udid=2dde13a2961f5f1c6f5a0f737daf13bcb43457ef, deviceName=iPhone 5, fullReset=true}, platformVersion=9.3.2, webStorageEnabled=false, locationContextEnabled=false, automationName=Appium, browserName=, takesScreenshot=true, javascriptEnabled=true, platformName=iOS, udid=2dde13a2961f5f1c6f5a0f737daf13bcb43457ef}]
Session ID: 8c1025ed-b2bc-45b5-93b3-59b4e1f5e165
*** Element info: {Using=xpath, value=//*[@name=&#039;Fill the form and get free quotes&#039;]}">
      <![CDATA[org.openqa.selenium.NoSuchElementException: An element could not be located on the page using the given search parameters. (WARNING: The server did not provide any stacktrace information)
Command duration or timeout: 22.00 seconds
For documentation on this error, please visit: http://seleniumhq.org/exceptions/no_such_element.html
Build info: version: '2.53.0', revision: '35ae25b1534ae328c771e0856c93e187490ca824', time: '2016-03-15 10:43:46'
System info: host: 'Prasannas-MacBook-Pro.local', ip: '10.10.4.140', os.name: 'Mac OS X', os.arch: 'x86_64', os.version: '10.11.4', java.version: '1.8.0_65'
Driver info: io.appium.java_client.ios.IOSDriver
Capabilities [{unicodekeyboard=true, app=/Users/automation/Downloads/IndiaSulekha6.3.2.ipa, networkConnectionEnabled=false, bundleId=com.appid.sulekhauserapp, databaseEnabled=false, deviceName=iPhone 5, fullReset=true, platform=MAC, showIOSLog=true, desired={unicodekeyboard=true, app=/Users/automation/Downloads/IndiaSulekha6.3.2.ipa, showIOSLog=true, platformVersion=9.3.2, automationName=Appium, bundleId=com.appid.sulekhauserapp, platformName=iOS, udid=2dde13a2961f5f1c6f5a0f737daf13bcb43457ef, deviceName=iPhone 5, fullReset=true}, platformVersion=9.3.2, webStorageEnabled=false, locationContextEnabled=false, automationName=Appium, browserName=, takesScreenshot=true, javascriptEnabled=true, platformName=iOS, udid=2dde13a2961f5f1c6f5a0f737daf13bcb43457ef}]
Session ID: 8c1025ed-b2bc-45b5-93b3-59b4e1f5e165
*** Element info: {Using=xpath, value=//*[@name='Fill the form and get free quotes']}
	at sun.reflect.GeneratedConstructorAccessor59.newInstance(Unknown Source)
	at sun.reflect.DelegatingConstructorAccessorImpl.newInstance(DelegatingConstructorAccessorImpl.java:45)
	at java.lang.reflect.Constructor.newInstance(Constructor.java:422)
	at org.openqa.selenium.remote.ErrorHandler.createThrowable(ErrorHandler.java:206)
	at org.openqa.selenium.remote.ErrorHandler.throwIfResponseFailed(ErrorHandler.java:158)
	at org.openqa.selenium.remote.RemoteWebDriver.execute(RemoteWebDriver.java:678)
	at io.appium.java_client.DefaultGenericMobileDriver.execute(DefaultGenericMobileDriver.java:43)
	at io.appium.java_client.AppiumDriver.execute(AppiumDriver.java:1)
	at io.appium.java_client.ios.IOSDriver.execute(IOSDriver.java:1)
	at org.openqa.selenium.remote.RemoteWebDriver.findElement(RemoteWebDriver.java:363)
	at org.openqa.selenium.remote.RemoteWebDriver.findElementByXPath(RemoteWebDriver.java:500)
	at io.appium.java_client.DefaultGenericMobileDriver.findElementByXPath(DefaultGenericMobileDriver.java:129)
	at io.appium.java_client.AppiumDriver.findElementByXPath(AppiumDriver.java:1)
	at io.appium.java_client.ios.IOSDriver.findElementByXPath(IOSDriver.java:1)
	at org.openqa.selenium.By$ByXPath.findElement(By.java:361)
	at org.openqa.selenium.remote.RemoteWebDriver.findElement(RemoteWebDriver.java:355)
	at io.appium.java_client.DefaultGenericMobileDriver.findElement(DefaultGenericMobileDriver.java:51)
	at io.appium.java_client.AppiumDriver.findElement(AppiumDriver.java:1)
	at io.appium.java_client.ios.IOSDriver.findElement(IOSDriver.java:1)
	at org.openqa.selenium.support.pagefactory.DefaultElementLocator.findElement(DefaultElementLocator.java:69)
	at org.openqa.selenium.support.pagefactory.internal.LocatingElementHandler.invoke(LocatingElementHandler.java:38)
	at com.sun.proxy.$Proxy8.isDisplayed(Unknown Source)
	at com.test.scripts.NeedPosting.testNeedFormList(NeedPosting.java:124)
	at sun.reflect.NativeMethodAccessorImpl.invoke0(Native Method)
	at sun.reflect.NativeMethodAccessorImpl.invoke(NativeMethodAccessorImpl.java:62)
	at sun.reflect.DelegatingMethodAccessorImpl.invoke(DelegatingMethodAccessorImpl.java:43)
	at java.lang.reflect.Method.invoke(Method.java:497)
	at org.testng.internal.MethodInvocationHelper.invokeMethod(MethodInvocationHelper.java:85)
	at org.testng.internal.Invoker.invokeMethod(Invoker.java:659)
	at org.testng.internal.Invoker.invokeTestMethod(Invoker.java:845)
	at org.testng.internal.Invoker.invokeTestMethods(Invoker.java:1153)
	at org.testng.internal.TestMethodWorker.invokeTestMethods(TestMethodWorker.java:125)
	at org.testng.internal.TestMethodWorker.run(TestMethodWorker.java:108)
	at org.testng.TestRunner.privateRun(TestRunner.java:771)
	at org.testng.TestRunner.run(TestRunner.java:621)
	at org.testng.SuiteRunner.runTest(SuiteRunner.java:357)
	at org.testng.SuiteRunner.runSequentially(SuiteRunner.java:352)
	at org.testng.SuiteRunner.privateRun(SuiteRunner.java:310)
	at org.testng.SuiteRunner.run(SuiteRunner.java:259)
	at org.testng.SuiteRunnerWorker.runSuite(SuiteRunnerWorker.java:52)
	at org.testng.SuiteRunnerWorker.run(SuiteRunnerWorker.java:86)
	at org.testng.TestNG.runSuitesSequentially(TestNG.java:1199)
	at org.testng.TestNG.runSuitesLocally(TestNG.java:1124)
	at org.testng.TestNG.run(TestNG.java:1032)
	at org.testng.remote.AbstractRemoteTestNG.run(AbstractRemoteTestNG.java:126)
	at org.testng.remote.RemoteTestNG.initAndRun(RemoteTestNG.java:137)
	at org.testng.remote.RemoteTestNG.main(RemoteTestNG.java:58)
]]>
    </error>
  </testcase> <!-- testNeedFormList -->
  <testcase name="testOthersOption" time="113.534" classname="com.test.scripts.NeedPosting">
    <error type="org.openqa.selenium.NoSuchElementException" message="An element could not be located on the page using the given search parameters. (WARNING: The server did not provide any stacktrace information)
Command duration or timeout: 21.43 seconds
For documentation on this error, please visit: http://seleniumhq.org/exceptions/no_such_element.html
Build info: version: &#039;2.53.0&#039;, revision: &#039;35ae25b1534ae328c771e0856c93e187490ca824&#039;, time: &#039;2016-03-15 10:43:46&#039;
System info: host: &#039;Prasannas-MacBook-Pro.local&#039;, ip: &#039;10.10.4.140&#039;, os.name: &#039;Mac OS X&#039;, os.arch: &#039;x86_64&#039;, os.version: &#039;10.11.4&#039;, java.version: &#039;1.8.0_65&#039;
Driver info: io.appium.java_client.ios.IOSDriver
Capabilities [{unicodekeyboard=true, app=/Users/automation/Downloads/IndiaSulekha6.3.2.ipa, networkConnectionEnabled=false, bundleId=com.appid.sulekhauserapp, databaseEnabled=false, deviceName=iPhone 5, fullReset=true, platform=MAC, showIOSLog=true, desired={unicodekeyboard=true, app=/Users/automation/Downloads/IndiaSulekha6.3.2.ipa, showIOSLog=true, platformVersion=9.3.2, automationName=Appium, bundleId=com.appid.sulekhauserapp, platformName=iOS, udid=2dde13a2961f5f1c6f5a0f737daf13bcb43457ef, deviceName=iPhone 5, fullReset=true}, platformVersion=9.3.2, webStorageEnabled=false, locationContextEnabled=false, automationName=Appium, browserName=, takesScreenshot=true, javascriptEnabled=true, platformName=iOS, udid=2dde13a2961f5f1c6f5a0f737daf13bcb43457ef}]
Session ID: 8044c5ae-eb5d-4b33-9f89-db13e154909f
*** Element info: {Using=xpath, value=//UIAButton[@name=&#039;JOIN NOW&#039;]}">
      <![CDATA[org.openqa.selenium.NoSuchElementException: An element could not be located on the page using the given search parameters. (WARNING: The server did not provide any stacktrace information)
Command duration or timeout: 21.43 seconds
For documentation on this error, please visit: http://seleniumhq.org/exceptions/no_such_element.html
Build info: version: '2.53.0', revision: '35ae25b1534ae328c771e0856c93e187490ca824', time: '2016-03-15 10:43:46'
System info: host: 'Prasannas-MacBook-Pro.local', ip: '10.10.4.140', os.name: 'Mac OS X', os.arch: 'x86_64', os.version: '10.11.4', java.version: '1.8.0_65'
Driver info: io.appium.java_client.ios.IOSDriver
Capabilities [{unicodekeyboard=true, app=/Users/automation/Downloads/IndiaSulekha6.3.2.ipa, networkConnectionEnabled=false, bundleId=com.appid.sulekhauserapp, databaseEnabled=false, deviceName=iPhone 5, fullReset=true, platform=MAC, showIOSLog=true, desired={unicodekeyboard=true, app=/Users/automation/Downloads/IndiaSulekha6.3.2.ipa, showIOSLog=true, platformVersion=9.3.2, automationName=Appium, bundleId=com.appid.sulekhauserapp, platformName=iOS, udid=2dde13a2961f5f1c6f5a0f737daf13bcb43457ef, deviceName=iPhone 5, fullReset=true}, platformVersion=9.3.2, webStorageEnabled=false, locationContextEnabled=false, automationName=Appium, browserName=, takesScreenshot=true, javascriptEnabled=true, platformName=iOS, udid=2dde13a2961f5f1c6f5a0f737daf13bcb43457ef}]
Session ID: 8044c5ae-eb5d-4b33-9f89-db13e154909f
*** Element info: {Using=xpath, value=//UIAButton[@name='JOIN NOW']}
	at sun.reflect.GeneratedConstructorAccessor59.newInstance(Unknown Source)
	at sun.reflect.DelegatingConstructorAccessorImpl.newInstance(DelegatingConstructorAccessorImpl.java:45)
	at java.lang.reflect.Constructor.newInstance(Constructor.java:422)
	at org.openqa.selenium.remote.ErrorHandler.createThrowable(ErrorHandler.java:206)
	at org.openqa.selenium.remote.ErrorHandler.throwIfResponseFailed(ErrorHandler.java:158)
	at org.openqa.selenium.remote.RemoteWebDriver.execute(RemoteWebDriver.java:678)
	at io.appium.java_client.DefaultGenericMobileDriver.execute(DefaultGenericMobileDriver.java:43)
	at io.appium.java_client.AppiumDriver.execute(AppiumDriver.java:1)
	at io.appium.java_client.ios.IOSDriver.execute(IOSDriver.java:1)
	at org.openqa.selenium.remote.RemoteWebDriver.findElement(RemoteWebDriver.java:363)
	at org.openqa.selenium.remote.RemoteWebDriver.findElementByXPath(RemoteWebDriver.java:500)
	at io.appium.java_client.DefaultGenericMobileDriver.findElementByXPath(DefaultGenericMobileDriver.java:129)
	at io.appium.java_client.AppiumDriver.findElementByXPath(AppiumDriver.java:1)
	at io.appium.java_client.ios.IOSDriver.findElementByXPath(IOSDriver.java:1)
	at org.openqa.selenium.By$ByXPath.findElement(By.java:361)
	at org.openqa.selenium.remote.RemoteWebDriver.findElement(RemoteWebDriver.java:355)
	at io.appium.java_client.DefaultGenericMobileDriver.findElement(DefaultGenericMobileDriver.java:51)
	at io.appium.java_client.AppiumDriver.findElement(AppiumDriver.java:1)
	at io.appium.java_client.ios.IOSDriver.findElement(IOSDriver.java:1)
	at org.openqa.selenium.support.pagefactory.DefaultElementLocator.findElement(DefaultElementLocator.java:69)
	at org.openqa.selenium.support.pagefactory.internal.LocatingElementHandler.invoke(LocatingElementHandler.java:38)
	at com.sun.proxy.$Proxy8.isDisplayed(Unknown Source)
	at com.test.po.LoginPO.navigateToLogin(LoginPO.java:388)
	at com.test.scripts.NeedPosting.testOthersOption(NeedPosting.java:299)
	at sun.reflect.NativeMethodAccessorImpl.invoke0(Native Method)
	at sun.reflect.NativeMethodAccessorImpl.invoke(NativeMethodAccessorImpl.java:62)
	at sun.reflect.DelegatingMethodAccessorImpl.invoke(DelegatingMethodAccessorImpl.java:43)
	at java.lang.reflect.Method.invoke(Method.java:497)
	at org.testng.internal.MethodInvocationHelper.invokeMethod(MethodInvocationHelper.java:85)
	at org.testng.internal.Invoker.invokeMethod(Invoker.java:659)
	at org.testng.internal.Invoker.invokeTestMethod(Invoker.java:845)
	at org.testng.internal.Invoker.invokeTestMethods(Invoker.java:1153)
	at org.testng.internal.TestMethodWorker.invokeTestMethods(TestMethodWorker.java:125)
	at org.testng.internal.TestMethodWorker.run(TestMethodWorker.java:108)
	at org.testng.TestRunner.privateRun(TestRunner.java:771)
	at org.testng.TestRunner.run(TestRunner.java:621)
	at org.testng.SuiteRunner.runTest(SuiteRunner.java:357)
	at org.testng.SuiteRunner.runSequentially(SuiteRunner.java:352)
	at org.testng.SuiteRunner.privateRun(SuiteRunner.java:310)
	at org.testng.SuiteRunner.run(SuiteRunner.java:259)
	at org.testng.SuiteRunnerWorker.runSuite(SuiteRunnerWorker.java:52)
	at org.testng.SuiteRunnerWorker.run(SuiteRunnerWorker.java:86)
	at org.testng.TestNG.runSuitesSequentially(TestNG.java:1199)
	at org.testng.TestNG.runSuitesLocally(TestNG.java:1124)
	at org.testng.TestNG.run(TestNG.java:1032)
	at org.testng.remote.AbstractRemoteTestNG.run(AbstractRemoteTestNG.java:126)
	at org.testng.remote.RemoteTestNG.initAndRun(RemoteTestNG.java:137)
	at org.testng.remote.RemoteTestNG.main(RemoteTestNG.java:58)
]]>
    </error>
  </testcase> <!-- testOthersOption -->
</testsuite> <!-- com.test.scripts.NeedPosting -->
